<?xml version="1.0" encoding="UTF-8"?>
<testsuite xmlns:xsi="http://www.w3.org/2001/XMLSchema-instance" xsi:noNamespaceSchemaLocation="https://maven.apache.org/surefire/maven-surefire-plugin/xsd/surefire-test-report-3.0.xsd" version="3.0" name="com.example.salessrv.SalessrvApplicationTests" time="6.581" tests="1" errors="0" skipped="0" failures="0">
  <properties>
    <property name="java.specification.version" value="17"/>
    <property name="sun.jnu.encoding" value="UTF-8"/>
    <property name="java.class.path" value="/home/romero-developments/Documentos/Ingeniería en desarrollo de software/DESARROLLO FULLSTACK I/Semana 9/salessrv/target/test-classes:/home/romero-developments/Documentos/Ingeniería en desarrollo de software/DESARROLLO FULLSTACK I/Semana 9/salessrv/target/classes:/home/romero-developments/.m2/repository/org/springframework/boot/spring-boot-starter-web/3.2.5/spring-boot-starter-web-3.2.5.jar:/home/romero-developments/.m2/repository/org/springframework/boot/spring-boot-starter/3.2.5/spring-boot-starter-3.2.5.jar:/home/romero-developments/.m2/repository/org/springframework/boot/spring-boot-starter-logging/3.2.5/spring-boot-starter-logging-3.2.5.jar:/home/romero-developments/.m2/repository/ch/qos/logback/logback-classic/1.4.14/logback-classic-1.4.14.jar:/home/romero-developments/.m2/repository/ch/qos/logback/logback-core/1.4.14/logback-core-1.4.14.jar:/home/romero-developments/.m2/repository/org/apache/logging/log4j/log4j-to-slf4j/2.21.1/log4j-to-slf4j-2.21.1.jar:/home/romero-developments/.m2/repository/org/apache/logging/log4j/log4j-api/2.21.1/log4j-api-2.21.1.jar:/home/romero-developments/.m2/repository/org/slf4j/jul-to-slf4j/2.0.13/jul-to-slf4j-2.0.13.jar:/home/romero-developments/.m2/repository/jakarta/annotation/jakarta.annotation-api/2.1.1/jakarta.annotation-api-2.1.1.jar:/home/romero-developments/.m2/repository/org/yaml/snakeyaml/2.2/snakeyaml-2.2.jar:/home/romero-developments/.m2/repository/org/springframework/boot/spring-boot-starter-json/3.2.5/spring-boot-starter-json-3.2.5.jar:/home/romero-developments/.m2/repository/com/fasterxml/jackson/core/jackson-databind/2.15.4/jackson-databind-2.15.4.jar:/home/romero-developments/.m2/repository/com/fasterxml/jackson/core/jackson-annotations/2.15.4/jackson-annotations-2.15.4.jar:/home/romero-developments/.m2/repository/com/fasterxml/jackson/core/jackson-core/2.15.4/jackson-core-2.15.4.jar:/home/romero-developments/.m2/repository/com/fasterxml/jackson/datatype/jackson-datatype-jdk8/2.15.4/jackson-datatype-jdk8-2.15.4.jar:/home/romero-developments/.m2/repository/com/fasterxml/jackson/datatype/jackson-datatype-jsr310/2.15.4/jackson-datatype-jsr310-2.15.4.jar:/home/romero-developments/.m2/repository/com/fasterxml/jackson/module/jackson-module-parameter-names/2.15.4/jackson-module-parameter-names-2.15.4.jar:/home/romero-developments/.m2/repository/org/springframework/boot/spring-boot-starter-tomcat/3.2.5/spring-boot-starter-tomcat-3.2.5.jar:/home/romero-developments/.m2/repository/org/apache/tomcat/embed/tomcat-embed-core/10.1.20/tomcat-embed-core-10.1.20.jar:/home/romero-developments/.m2/repository/org/apache/tomcat/embed/tomcat-embed-el/10.1.20/tomcat-embed-el-10.1.20.jar:/home/romero-developments/.m2/repository/org/apache/tomcat/embed/tomcat-embed-websocket/10.1.20/tomcat-embed-websocket-10.1.20.jar:/home/romero-developments/.m2/repository/org/springframework/spring-web/6.1.6/spring-web-6.1.6.jar:/home/romero-developments/.m2/repository/org/springframework/spring-beans/6.1.6/spring-beans-6.1.6.jar:/home/romero-developments/.m2/repository/io/micrometer/micrometer-observation/1.12.5/micrometer-observation-1.12.5.jar:/home/romero-developments/.m2/repository/io/micrometer/micrometer-commons/1.12.5/micrometer-commons-1.12.5.jar:/home/romero-developments/.m2/repository/org/springframework/spring-webmvc/6.1.6/spring-webmvc-6.1.6.jar:/home/romero-developments/.m2/repository/org/springframework/spring-aop/6.1.6/spring-aop-6.1.6.jar:/home/romero-developments/.m2/repository/org/springframework/spring-context/6.1.6/spring-context-6.1.6.jar:/home/romero-developments/.m2/repository/org/springframework/spring-expression/6.1.6/spring-expression-6.1.6.jar:/home/romero-developments/.m2/repository/org/springframework/boot/spring-boot-devtools/3.2.5/spring-boot-devtools-3.2.5.jar:/home/romero-developments/.m2/repository/org/springframework/boot/spring-boot/3.2.5/spring-boot-3.2.5.jar:/home/romero-developments/.m2/repository/org/springframework/boot/spring-boot-autoconfigure/3.2.5/spring-boot-autoconfigure-3.2.5.jar:/home/romero-developments/.m2/repository/com/oracle/database/jdbc/ojdbc11/21.9.0.0/ojdbc11-21.9.0.0.jar:/home/romero-developments/.m2/repository/com/oracle/database/security/oraclepki/21.5.0.0/oraclepki-21.5.0.0.jar:/home/romero-developments/.m2/repository/com/oracle/database/security/osdt_cert/21.5.0.0/osdt_cert-21.5.0.0.jar:/home/romero-developments/.m2/repository/com/oracle/database/security/osdt_core/21.5.0.0/osdt_core-21.5.0.0.jar:/home/romero-developments/.m2/repository/org/projectlombok/lombok/1.18.32/lombok-1.18.32.jar:/home/romero-developments/.m2/repository/org/springframework/boot/spring-boot-starter-test/3.2.5/spring-boot-starter-test-3.2.5.jar:/home/romero-developments/.m2/repository/org/springframework/boot/spring-boot-test/3.2.5/spring-boot-test-3.2.5.jar:/home/romero-developments/.m2/repository/org/springframework/boot/spring-boot-test-autoconfigure/3.2.5/spring-boot-test-autoconfigure-3.2.5.jar:/home/romero-developments/.m2/repository/com/jayway/jsonpath/json-path/2.9.0/json-path-2.9.0.jar:/home/romero-developments/.m2/repository/org/slf4j/slf4j-api/2.0.13/slf4j-api-2.0.13.jar:/home/romero-developments/.m2/repository/jakarta/xml/bind/jakarta.xml.bind-api/4.0.2/jakarta.xml.bind-api-4.0.2.jar:/home/romero-developments/.m2/repository/jakarta/activation/jakarta.activation-api/2.1.3/jakarta.activation-api-2.1.3.jar:/home/romero-developments/.m2/repository/net/minidev/json-smart/2.5.1/json-smart-2.5.1.jar:/home/romero-developments/.m2/repository/net/minidev/accessors-smart/2.5.1/accessors-smart-2.5.1.jar:/home/romero-developments/.m2/repository/org/ow2/asm/asm/9.6/asm-9.6.jar:/home/romero-developments/.m2/repository/org/assertj/assertj-core/3.24.2/assertj-core-3.24.2.jar:/home/romero-developments/.m2/repository/net/bytebuddy/byte-buddy/1.14.13/byte-buddy-1.14.13.jar:/home/romero-developments/.m2/repository/org/awaitility/awaitility/4.2.1/awaitility-4.2.1.jar:/home/romero-developments/.m2/repository/org/hamcrest/hamcrest/2.2/hamcrest-2.2.jar:/home/romero-developments/.m2/repository/org/junit/jupiter/junit-jupiter/5.10.2/junit-jupiter-5.10.2.jar:/home/romero-developments/.m2/repository/org/junit/jupiter/junit-jupiter-api/5.10.2/junit-jupiter-api-5.10.2.jar:/home/romero-developments/.m2/repository/org/opentest4j/opentest4j/1.3.0/opentest4j-1.3.0.jar:/home/romero-developments/.m2/repository/org/junit/platform/junit-platform-commons/1.10.2/junit-platform-commons-1.10.2.jar:/home/romero-developments/.m2/repository/org/apiguardian/apiguardian-api/1.1.2/apiguardian-api-1.1.2.jar:/home/romero-developments/.m2/repository/org/junit/jupiter/junit-jupiter-params/5.10.2/junit-jupiter-params-5.10.2.jar:/home/romero-developments/.m2/repository/org/junit/jupiter/junit-jupiter-engine/5.10.2/junit-jupiter-engine-5.10.2.jar:/home/romero-developments/.m2/repository/org/junit/platform/junit-platform-engine/1.10.2/junit-platform-engine-1.10.2.jar:/home/romero-developments/.m2/repository/org/mockito/mockito-core/5.7.0/mockito-core-5.7.0.jar:/home/romero-developments/.m2/repository/net/bytebuddy/byte-buddy-agent/1.14.13/byte-buddy-agent-1.14.13.jar:/home/romero-developments/.m2/repository/org/objenesis/objenesis/3.3/objenesis-3.3.jar:/home/romero-developments/.m2/repository/org/mockito/mockito-junit-jupiter/5.7.0/mockito-junit-jupiter-5.7.0.jar:/home/romero-developments/.m2/repository/org/skyscreamer/jsonassert/1.5.1/jsonassert-1.5.1.jar:/home/romero-developments/.m2/repository/com/vaadin/external/google/android-json/0.0.20131108.vaadin1/android-json-0.0.20131108.vaadin1.jar:/home/romero-developments/.m2/repository/org/springframework/spring-core/6.1.6/spring-core-6.1.6.jar:/home/romero-developments/.m2/repository/org/springframework/spring-jcl/6.1.6/spring-jcl-6.1.6.jar:/home/romero-developments/.m2/repository/org/springframework/spring-test/6.1.6/spring-test-6.1.6.jar:/home/romero-developments/.m2/repository/org/xmlunit/xmlunit-core/2.9.1/xmlunit-core-2.9.1.jar:/home/romero-developments/.m2/repository/org/springframework/boot/spring-boot-starter-data-jpa/3.2.5/spring-boot-starter-data-jpa-3.2.5.jar:/home/romero-developments/.m2/repository/org/springframework/boot/spring-boot-starter-aop/3.2.5/spring-boot-starter-aop-3.2.5.jar:/home/romero-developments/.m2/repository/org/aspectj/aspectjweaver/1.9.22/aspectjweaver-1.9.22.jar:/home/romero-developments/.m2/repository/org/springframework/boot/spring-boot-starter-jdbc/3.2.5/spring-boot-starter-jdbc-3.2.5.jar:/home/romero-developments/.m2/repository/com/zaxxer/HikariCP/5.0.1/HikariCP-5.0.1.jar:/home/romero-developments/.m2/repository/org/springframework/spring-jdbc/6.1.6/spring-jdbc-6.1.6.jar:/home/romero-developments/.m2/repository/org/hibernate/orm/hibernate-core/6.4.4.Final/hibernate-core-6.4.4.Final.jar:/home/romero-developments/.m2/repository/jakarta/persistence/jakarta.persistence-api/3.1.0/jakarta.persistence-api-3.1.0.jar:/home/romero-developments/.m2/repository/jakarta/transaction/jakarta.transaction-api/2.0.1/jakarta.transaction-api-2.0.1.jar:/home/romero-developments/.m2/repository/org/jboss/logging/jboss-logging/3.5.3.Final/jboss-logging-3.5.3.Final.jar:/home/romero-developments/.m2/repository/org/hibernate/common/hibernate-commons-annotations/6.0.6.Final/hibernate-commons-annotations-6.0.6.Final.jar:/home/romero-developments/.m2/repository/io/smallrye/jandex/3.1.2/jandex-3.1.2.jar:/home/romero-developments/.m2/repository/com/fasterxml/classmate/1.6.0/classmate-1.6.0.jar:/home/romero-developments/.m2/repository/org/glassfish/jaxb/jaxb-runtime/4.0.5/jaxb-runtime-4.0.5.jar:/home/romero-developments/.m2/repository/org/glassfish/jaxb/jaxb-core/4.0.5/jaxb-core-4.0.5.jar:/home/romero-developments/.m2/repository/org/eclipse/angus/angus-activation/2.0.2/angus-activation-2.0.2.jar:/home/romero-developments/.m2/repository/org/glassfish/jaxb/txw2/4.0.5/txw2-4.0.5.jar:/home/romero-developments/.m2/repository/com/sun/istack/istack-commons-runtime/4.1.2/istack-commons-runtime-4.1.2.jar:/home/romero-developments/.m2/repository/jakarta/inject/jakarta.inject-api/2.0.1/jakarta.inject-api-2.0.1.jar:/home/romero-developments/.m2/repository/org/antlr/antlr4-runtime/4.13.0/antlr4-runtime-4.13.0.jar:/home/romero-developments/.m2/repository/org/springframework/data/spring-data-jpa/3.2.5/spring-data-jpa-3.2.5.jar:/home/romero-developments/.m2/repository/org/springframework/data/spring-data-commons/3.2.5/spring-data-commons-3.2.5.jar:/home/romero-developments/.m2/repository/org/springframework/spring-orm/6.1.6/spring-orm-6.1.6.jar:/home/romero-developments/.m2/repository/org/springframework/spring-tx/6.1.6/spring-tx-6.1.6.jar:/home/romero-developments/.m2/repository/org/springframework/spring-aspects/6.1.6/spring-aspects-6.1.6.jar:/home/romero-developments/.m2/repository/org/springframework/boot/spring-boot-starter-data-jdbc/3.2.5/spring-boot-starter-data-jdbc-3.2.5.jar:/home/romero-developments/.m2/repository/org/springframework/data/spring-data-jdbc/3.2.5/spring-data-jdbc-3.2.5.jar:/home/romero-developments/.m2/repository/org/springframework/data/spring-data-relational/3.2.5/spring-data-relational-3.2.5.jar:/home/romero-developments/.m2/repository/com/github/jsqlparser/jsqlparser/4.6/jsqlparser-4.6.jar:/home/romero-developments/.m2/repository/org/springframework/boot/spring-boot-starter-hateoas/3.2.5/spring-boot-starter-hateoas-3.2.5.jar:/home/romero-developments/.m2/repository/org/springframework/hateoas/spring-hateoas/2.2.2/spring-hateoas-2.2.2.jar:/home/romero-developments/.m2/repository/org/springframework/plugin/spring-plugin-core/3.0.0/spring-plugin-core-3.0.0.jar:"/>
    <property name="java.vm.vendor" value="Oracle Corporation"/>
    <property name="sun.arch.data.model" value="64"/>
    <property name="java.vendor.url" value="https://java.oracle.com/"/>
    <property name="user.timezone" value="America/Santiago"/>
    <property name="org.jboss.logging.provider" value="slf4j"/>
    <property name="os.name" value="Linux"/>
    <property name="java.vm.specification.version" value="17"/>
    <property name="sun.java.launcher" value="SUN_STANDARD"/>
    <property name="user.country" value="CL"/>
    <property name="sun.boot.library.path" value="/usr/lib/jvm/jdk-17-oracle-x64/lib"/>
    <property name="sun.java.command" value="/home/romero-developments/Documentos/Ingeniería en desarrollo de software/DESARROLLO FULLSTACK I/Semana 9/salessrv/target/surefire/surefirebooter-20240501225048303_3.jar /home/romero-developments/Documentos/Ingeniería en desarrollo de software/DESARROLLO FULLSTACK I/Semana 9/salessrv/target/surefire 2024-05-01T22-50-48_129-jvmRun1 surefire-20240501225048303_1tmp surefire_0-20240501225048303_2tmp"/>
    <property name="jdk.debug" value="release"/>
    <property name="surefire.test.class.path" value="/home/romero-developments/Documentos/Ingeniería en desarrollo de software/DESARROLLO FULLSTACK I/Semana 9/salessrv/target/test-classes:/home/romero-developments/Documentos/Ingeniería en desarrollo de software/DESARROLLO FULLSTACK I/Semana 9/salessrv/target/classes:/home/romero-developments/.m2/repository/org/springframework/boot/spring-boot-starter-web/3.2.5/spring-boot-starter-web-3.2.5.jar:/home/romero-developments/.m2/repository/org/springframework/boot/spring-boot-starter/3.2.5/spring-boot-starter-3.2.5.jar:/home/romero-developments/.m2/repository/org/springframework/boot/spring-boot-starter-logging/3.2.5/spring-boot-starter-logging-3.2.5.jar:/home/romero-developments/.m2/repository/ch/qos/logback/logback-classic/1.4.14/logback-classic-1.4.14.jar:/home/romero-developments/.m2/repository/ch/qos/logback/logback-core/1.4.14/logback-core-1.4.14.jar:/home/romero-developments/.m2/repository/org/apache/logging/log4j/log4j-to-slf4j/2.21.1/log4j-to-slf4j-2.21.1.jar:/home/romero-developments/.m2/repository/org/apache/logging/log4j/log4j-api/2.21.1/log4j-api-2.21.1.jar:/home/romero-developments/.m2/repository/org/slf4j/jul-to-slf4j/2.0.13/jul-to-slf4j-2.0.13.jar:/home/romero-developments/.m2/repository/jakarta/annotation/jakarta.annotation-api/2.1.1/jakarta.annotation-api-2.1.1.jar:/home/romero-developments/.m2/repository/org/yaml/snakeyaml/2.2/snakeyaml-2.2.jar:/home/romero-developments/.m2/repository/org/springframework/boot/spring-boot-starter-json/3.2.5/spring-boot-starter-json-3.2.5.jar:/home/romero-developments/.m2/repository/com/fasterxml/jackson/core/jackson-databind/2.15.4/jackson-databind-2.15.4.jar:/home/romero-developments/.m2/repository/com/fasterxml/jackson/core/jackson-annotations/2.15.4/jackson-annotations-2.15.4.jar:/home/romero-developments/.m2/repository/com/fasterxml/jackson/core/jackson-core/2.15.4/jackson-core-2.15.4.jar:/home/romero-developments/.m2/repository/com/fasterxml/jackson/datatype/jackson-datatype-jdk8/2.15.4/jackson-datatype-jdk8-2.15.4.jar:/home/romero-developments/.m2/repository/com/fasterxml/jackson/datatype/jackson-datatype-jsr310/2.15.4/jackson-datatype-jsr310-2.15.4.jar:/home/romero-developments/.m2/repository/com/fasterxml/jackson/module/jackson-module-parameter-names/2.15.4/jackson-module-parameter-names-2.15.4.jar:/home/romero-developments/.m2/repository/org/springframework/boot/spring-boot-starter-tomcat/3.2.5/spring-boot-starter-tomcat-3.2.5.jar:/home/romero-developments/.m2/repository/org/apache/tomcat/embed/tomcat-embed-core/10.1.20/tomcat-embed-core-10.1.20.jar:/home/romero-developments/.m2/repository/org/apache/tomcat/embed/tomcat-embed-el/10.1.20/tomcat-embed-el-10.1.20.jar:/home/romero-developments/.m2/repository/org/apache/tomcat/embed/tomcat-embed-websocket/10.1.20/tomcat-embed-websocket-10.1.20.jar:/home/romero-developments/.m2/repository/org/springframework/spring-web/6.1.6/spring-web-6.1.6.jar:/home/romero-developments/.m2/repository/org/springframework/spring-beans/6.1.6/spring-beans-6.1.6.jar:/home/romero-developments/.m2/repository/io/micrometer/micrometer-observation/1.12.5/micrometer-observation-1.12.5.jar:/home/romero-developments/.m2/repository/io/micrometer/micrometer-commons/1.12.5/micrometer-commons-1.12.5.jar:/home/romero-developments/.m2/repository/org/springframework/spring-webmvc/6.1.6/spring-webmvc-6.1.6.jar:/home/romero-developments/.m2/repository/org/springframework/spring-aop/6.1.6/spring-aop-6.1.6.jar:/home/romero-developments/.m2/repository/org/springframework/spring-context/6.1.6/spring-context-6.1.6.jar:/home/romero-developments/.m2/repository/org/springframework/spring-expression/6.1.6/spring-expression-6.1.6.jar:/home/romero-developments/.m2/repository/org/springframework/boot/spring-boot-devtools/3.2.5/spring-boot-devtools-3.2.5.jar:/home/romero-developments/.m2/repository/org/springframework/boot/spring-boot/3.2.5/spring-boot-3.2.5.jar:/home/romero-developments/.m2/repository/org/springframework/boot/spring-boot-autoconfigure/3.2.5/spring-boot-autoconfigure-3.2.5.jar:/home/romero-developments/.m2/repository/com/oracle/database/jdbc/ojdbc11/21.9.0.0/ojdbc11-21.9.0.0.jar:/home/romero-developments/.m2/repository/com/oracle/database/security/oraclepki/21.5.0.0/oraclepki-21.5.0.0.jar:/home/romero-developments/.m2/repository/com/oracle/database/security/osdt_cert/21.5.0.0/osdt_cert-21.5.0.0.jar:/home/romero-developments/.m2/repository/com/oracle/database/security/osdt_core/21.5.0.0/osdt_core-21.5.0.0.jar:/home/romero-developments/.m2/repository/org/projectlombok/lombok/1.18.32/lombok-1.18.32.jar:/home/romero-developments/.m2/repository/org/springframework/boot/spring-boot-starter-test/3.2.5/spring-boot-starter-test-3.2.5.jar:/home/romero-developments/.m2/repository/org/springframework/boot/spring-boot-test/3.2.5/spring-boot-test-3.2.5.jar:/home/romero-developments/.m2/repository/org/springframework/boot/spring-boot-test-autoconfigure/3.2.5/spring-boot-test-autoconfigure-3.2.5.jar:/home/romero-developments/.m2/repository/com/jayway/jsonpath/json-path/2.9.0/json-path-2.9.0.jar:/home/romero-developments/.m2/repository/org/slf4j/slf4j-api/2.0.13/slf4j-api-2.0.13.jar:/home/romero-developments/.m2/repository/jakarta/xml/bind/jakarta.xml.bind-api/4.0.2/jakarta.xml.bind-api-4.0.2.jar:/home/romero-developments/.m2/repository/jakarta/activation/jakarta.activation-api/2.1.3/jakarta.activation-api-2.1.3.jar:/home/romero-developments/.m2/repository/net/minidev/json-smart/2.5.1/json-smart-2.5.1.jar:/home/romero-developments/.m2/repository/net/minidev/accessors-smart/2.5.1/accessors-smart-2.5.1.jar:/home/romero-developments/.m2/repository/org/ow2/asm/asm/9.6/asm-9.6.jar:/home/romero-developments/.m2/repository/org/assertj/assertj-core/3.24.2/assertj-core-3.24.2.jar:/home/romero-developments/.m2/repository/net/bytebuddy/byte-buddy/1.14.13/byte-buddy-1.14.13.jar:/home/romero-developments/.m2/repository/org/awaitility/awaitility/4.2.1/awaitility-4.2.1.jar:/home/romero-developments/.m2/repository/org/hamcrest/hamcrest/2.2/hamcrest-2.2.jar:/home/romero-developments/.m2/repository/org/junit/jupiter/junit-jupiter/5.10.2/junit-jupiter-5.10.2.jar:/home/romero-developments/.m2/repository/org/junit/jupiter/junit-jupiter-api/5.10.2/junit-jupiter-api-5.10.2.jar:/home/romero-developments/.m2/repository/org/opentest4j/opentest4j/1.3.0/opentest4j-1.3.0.jar:/home/romero-developments/.m2/repository/org/junit/platform/junit-platform-commons/1.10.2/junit-platform-commons-1.10.2.jar:/home/romero-developments/.m2/repository/org/apiguardian/apiguardian-api/1.1.2/apiguardian-api-1.1.2.jar:/home/romero-developments/.m2/repository/org/junit/jupiter/junit-jupiter-params/5.10.2/junit-jupiter-params-5.10.2.jar:/home/romero-developments/.m2/repository/org/junit/jupiter/junit-jupiter-engine/5.10.2/junit-jupiter-engine-5.10.2.jar:/home/romero-developments/.m2/repository/org/junit/platform/junit-platform-engine/1.10.2/junit-platform-engine-1.10.2.jar:/home/romero-developments/.m2/repository/org/mockito/mockito-core/5.7.0/mockito-core-5.7.0.jar:/home/romero-developments/.m2/repository/net/bytebuddy/byte-buddy-agent/1.14.13/byte-buddy-agent-1.14.13.jar:/home/romero-developments/.m2/repository/org/objenesis/objenesis/3.3/objenesis-3.3.jar:/home/romero-developments/.m2/repository/org/mockito/mockito-junit-jupiter/5.7.0/mockito-junit-jupiter-5.7.0.jar:/home/romero-developments/.m2/repository/org/skyscreamer/jsonassert/1.5.1/jsonassert-1.5.1.jar:/home/romero-developments/.m2/repository/com/vaadin/external/google/android-json/0.0.20131108.vaadin1/android-json-0.0.20131108.vaadin1.jar:/home/romero-developments/.m2/repository/org/springframework/spring-core/6.1.6/spring-core-6.1.6.jar:/home/romero-developments/.m2/repository/org/springframework/spring-jcl/6.1.6/spring-jcl-6.1.6.jar:/home/romero-developments/.m2/repository/org/springframework/spring-test/6.1.6/spring-test-6.1.6.jar:/home/romero-developments/.m2/repository/org/xmlunit/xmlunit-core/2.9.1/xmlunit-core-2.9.1.jar:/home/romero-developments/.m2/repository/org/springframework/boot/spring-boot-starter-data-jpa/3.2.5/spring-boot-starter-data-jpa-3.2.5.jar:/home/romero-developments/.m2/repository/org/springframework/boot/spring-boot-starter-aop/3.2.5/spring-boot-starter-aop-3.2.5.jar:/home/romero-developments/.m2/repository/org/aspectj/aspectjweaver/1.9.22/aspectjweaver-1.9.22.jar:/home/romero-developments/.m2/repository/org/springframework/boot/spring-boot-starter-jdbc/3.2.5/spring-boot-starter-jdbc-3.2.5.jar:/home/romero-developments/.m2/repository/com/zaxxer/HikariCP/5.0.1/HikariCP-5.0.1.jar:/home/romero-developments/.m2/repository/org/springframework/spring-jdbc/6.1.6/spring-jdbc-6.1.6.jar:/home/romero-developments/.m2/repository/org/hibernate/orm/hibernate-core/6.4.4.Final/hibernate-core-6.4.4.Final.jar:/home/romero-developments/.m2/repository/jakarta/persistence/jakarta.persistence-api/3.1.0/jakarta.persistence-api-3.1.0.jar:/home/romero-developments/.m2/repository/jakarta/transaction/jakarta.transaction-api/2.0.1/jakarta.transaction-api-2.0.1.jar:/home/romero-developments/.m2/repository/org/jboss/logging/jboss-logging/3.5.3.Final/jboss-logging-3.5.3.Final.jar:/home/romero-developments/.m2/repository/org/hibernate/common/hibernate-commons-annotations/6.0.6.Final/hibernate-commons-annotations-6.0.6.Final.jar:/home/romero-developments/.m2/repository/io/smallrye/jandex/3.1.2/jandex-3.1.2.jar:/home/romero-developments/.m2/repository/com/fasterxml/classmate/1.6.0/classmate-1.6.0.jar:/home/romero-developments/.m2/repository/org/glassfish/jaxb/jaxb-runtime/4.0.5/jaxb-runtime-4.0.5.jar:/home/romero-developments/.m2/repository/org/glassfish/jaxb/jaxb-core/4.0.5/jaxb-core-4.0.5.jar:/home/romero-developments/.m2/repository/org/eclipse/angus/angus-activation/2.0.2/angus-activation-2.0.2.jar:/home/romero-developments/.m2/repository/org/glassfish/jaxb/txw2/4.0.5/txw2-4.0.5.jar:/home/romero-developments/.m2/repository/com/sun/istack/istack-commons-runtime/4.1.2/istack-commons-runtime-4.1.2.jar:/home/romero-developments/.m2/repository/jakarta/inject/jakarta.inject-api/2.0.1/jakarta.inject-api-2.0.1.jar:/home/romero-developments/.m2/repository/org/antlr/antlr4-runtime/4.13.0/antlr4-runtime-4.13.0.jar:/home/romero-developments/.m2/repository/org/springframework/data/spring-data-jpa/3.2.5/spring-data-jpa-3.2.5.jar:/home/romero-developments/.m2/repository/org/springframework/data/spring-data-commons/3.2.5/spring-data-commons-3.2.5.jar:/home/romero-developments/.m2/repository/org/springframework/spring-orm/6.1.6/spring-orm-6.1.6.jar:/home/romero-developments/.m2/repository/org/springframework/spring-tx/6.1.6/spring-tx-6.1.6.jar:/home/romero-developments/.m2/repository/org/springframework/spring-aspects/6.1.6/spring-aspects-6.1.6.jar:/home/romero-developments/.m2/repository/org/springframework/boot/spring-boot-starter-data-jdbc/3.2.5/spring-boot-starter-data-jdbc-3.2.5.jar:/home/romero-developments/.m2/repository/org/springframework/data/spring-data-jdbc/3.2.5/spring-data-jdbc-3.2.5.jar:/home/romero-developments/.m2/repository/org/springframework/data/spring-data-relational/3.2.5/spring-data-relational-3.2.5.jar:/home/romero-developments/.m2/repository/com/github/jsqlparser/jsqlparser/4.6/jsqlparser-4.6.jar:/home/romero-developments/.m2/repository/org/springframework/boot/spring-boot-starter-hateoas/3.2.5/spring-boot-starter-hateoas-3.2.5.jar:/home/romero-developments/.m2/repository/org/springframework/hateoas/spring-hateoas/2.2.2/spring-hateoas-2.2.2.jar:/home/romero-developments/.m2/repository/org/springframework/plugin/spring-plugin-core/3.0.0/spring-plugin-core-3.0.0.jar:"/>
    <property name="sun.cpu.endian" value="little"/>
    <property name="user.home" value="/home/romero-developments"/>
    <property name="user.language" value="es"/>
    <property name="java.specification.vendor" value="Oracle Corporation"/>
    <property name="java.version.date" value="2024-01-16"/>
    <property name="java.home" value="/usr/lib/jvm/jdk-17-oracle-x64"/>
    <property name="file.separator" value="/"/>
    <property name="basedir" value="/home/romero-developments/Documentos/Ingeniería en desarrollo de software/DESARROLLO FULLSTACK I/Semana 9/salessrv"/>
    <property name="java.vm.compressedOopsMode" value="32-bit"/>
    <property name="line.separator" value="&#10;"/>
    <property name="java.vm.specification.vendor" value="Oracle Corporation"/>
    <property name="java.specification.name" value="Java Platform API Specification"/>
    <property name="FILE_LOG_CHARSET" value="UTF-8"/>
    <property name="java.awt.headless" value="true"/>
    <property name="surefire.real.class.path" value="/home/romero-developments/Documentos/Ingeniería en desarrollo de software/DESARROLLO FULLSTACK I/Semana 9/salessrv/target/surefire/surefirebooter-20240501225048303_3.jar"/>
    <property name="sun.management.compiler" value="HotSpot 64-Bit Tiered Compilers"/>
    <property name="java.runtime.version" value="17.0.10+11-LTS-240"/>
    <property name="user.name" value="romero-developments"/>
    <property name="path.separator" value=":"/>
    <property name="os.version" value="6.5.0-28-generic"/>
    <property name="java.runtime.name" value="Java(TM) SE Runtime Environment"/>
    <property name="file.encoding" value="UTF-8"/>
    <property name="java.vm.name" value="Java HotSpot(TM) 64-Bit Server VM"/>
    <property name="localRepository" value="/home/romero-developments/.m2/repository"/>
    <property name="java.vendor.url.bug" value="https://bugreport.java.com/bugreport/"/>
    <property name="java.io.tmpdir" value="/tmp"/>
    <property name="com.zaxxer.hikari.pool_number" value="2"/>
    <property name="java.version" value="17.0.10"/>
    <property name="user.dir" value="/home/romero-developments/Documentos/Ingeniería en desarrollo de software/DESARROLLO FULLSTACK I/Semana 9/salessrv"/>
    <property name="os.arch" value="amd64"/>
    <property name="java.vm.specification.name" value="Java Virtual Machine Specification"/>
    <property name="PID" value="181167"/>
    <property name="CONSOLE_LOG_CHARSET" value="UTF-8"/>
    <property name="native.encoding" value="UTF-8"/>
    <property name="java.library.path" value="/usr/java/packages/lib:/usr/lib64:/lib64:/lib:/usr/lib"/>
    <property name="java.vm.info" value="mixed mode, sharing"/>
    <property name="java.vendor" value="Oracle Corporation"/>
    <property name="java.vm.version" value="17.0.10+11-LTS-240"/>
    <property name="sun.io.unicode.encoding" value="UnicodeLittle"/>
    <property name="java.class.version" value="61.0"/>
    <property name="LOGGED_APPLICATION_NAME" value="[salessrv] "/>
  </properties>
  <testcase name="contextLoads" classname="com.example.salessrv.SalessrvApplicationTests" time="0.016">
    <system-out><![CDATA[2024-05-01T22:51:04.462-04:00 DEBUG 181167 --- [salessrv] [           main] .b.t.c.SpringBootTestContextBootstrapper : Neither @ContextConfiguration nor @ContextHierarchy found for test class [SalessrvApplicationTests]: using SpringBootContextLoader
2024-05-01T22:51:04.476-04:00 DEBUG 181167 --- [salessrv] [           main] o.s.t.c.support.AbstractContextLoader    : Could not detect default resource locations for test class [com.example.salessrv.SalessrvApplicationTests]: no resource found for suffixes {-context.xml, Context.groovy}.
2024-05-01T22:51:04.478-04:00  INFO 181167 --- [salessrv] [           main] t.c.s.AnnotationConfigContextLoaderUtils : Could not detect default configuration classes for test class [com.example.salessrv.SalessrvApplicationTests]: SalessrvApplicationTests does not declare any static, non-private, non-final, nested classes annotated with @Configuration.
2024-05-01T22:51:04.483-04:00 DEBUG 181167 --- [salessrv] [           main] .b.t.c.SpringBootTestContextBootstrapper : Using ContextCustomizerFactory implementations for test class [SalessrvApplicationTests]: [ImportsContextCustomizerFactory, ExcludeFilterContextCustomizerFactory, HttpGraphQlTesterContextCustomizerFactory, DuplicateJsonObjectContextCustomizerFactory, MockitoContextCustomizerFactory, TestRestTemplateContextCustomizerFactory, WebTestClientContextCustomizerFactory, OverrideAutoConfigurationContextCustomizerFactory, ObservabilityContextCustomizerFactory, TypeExcludeFiltersContextCustomizerFactory, PropertyMappingContextCustomizerFactory, WebDriverContextCustomizerFactory, MockServerContainerContextCustomizerFactory, DynamicPropertiesContextCustomizerFactory]
2024-05-01T22:51:04.495-04:00 DEBUG 181167 --- [salessrv] [           main] .b.t.c.SpringBootTestContextBootstrapper : Using ContextCustomizers for test class [SalessrvApplicationTests]: [ExcludeFilterContextCustomizer, DuplicateJsonObjectContextCustomizer, MockitoContextCustomizer, TestRestTemplateContextCustomizer, DisableObservabilityContextCustomizer, PropertyMappingContextCustomizer, WebDriverContextCustomizer]
2024-05-01T22:51:04.544-04:00 DEBUG 181167 --- [salessrv] [           main] ssPathScanningCandidateComponentProvider : Identified candidate component class: file [/home/romero-developments/Documentos/Ingeniería en desarrollo de software/DESARROLLO FULLSTACK I/Semana 9/salessrv/target/classes/com/example/salessrv/SalessrvApplication.class]
2024-05-01T22:51:04.545-04:00  INFO 181167 --- [salessrv] [           main] .b.t.c.SpringBootTestContextBootstrapper : Found @SpringBootConfiguration com.example.salessrv.SalessrvApplication for test class com.example.salessrv.SalessrvApplicationTests
2024-05-01T22:51:04.553-04:00 DEBUG 181167 --- [salessrv] [           main] .s.t.c.u.TestContextSpringFactoriesUtils : Skipping candidate TestExecutionListener [org.springframework.test.context.observation.MicrometerObservationRegistryTestExecutionListener] due to a missing dependency. Specify custom TestExecutionListener classes or make the default TestExecutionListener classes and their required dependencies available. Offending class: io.micrometer.context.ThreadLocalAccessor. MicrometerObservationRegistryTestExecutionListener requires io.micrometer:micrometer-observation:1.10.8 or higher and io.micrometer:context-propagation:1.0.3 or higher.
2024-05-01T22:51:04.553-04:00 DEBUG 181167 --- [salessrv] [           main] .b.t.c.SpringBootTestContextBootstrapper : Using TestExecutionListeners for test class [SalessrvApplicationTests]: [ServletTestExecutionListener, DirtiesContextBeforeModesTestExecutionListener, ApplicationEventsTestExecutionListener, MockitoTestExecutionListener, DependencyInjectionTestExecutionListener, DirtiesContextTestExecutionListener, TransactionalTestExecutionListener, SqlScriptsTestExecutionListener, EventPublishingTestExecutionListener, ResetMocksTestExecutionListener, RestDocsTestExecutionListener, MockRestServiceServerResetTestExecutionListener, MockMvcPrintOnlyOnFailureTestExecutionListener, WebDriverTestExecutionListener, MockWebServiceServerTestExecutionListener]
2024-05-01T22:51:04.554-04:00 DEBUG 181167 --- [salessrv] [           main] sContextBeforeModesTestExecutionListener : Before test class: class [SalessrvApplicationTests], class annotated with @DirtiesContext [false] with mode [null]
2024-05-01T22:51:04.571-04:00  INFO 181167 --- [salessrv] [           main] o.s.b.d.r.RestartApplicationListener     : Restart disabled due to context in which it is running
2024-05-01T22:51:04.683-04:00 DEBUG 181167 --- [salessrv] [           main] .s.b.w.s.c.ApplicationServletEnvironment : Activating profiles []
2024-05-01T22:51:04.685-04:00 DEBUG 181167 --- [salessrv] [           main] o.s.c.e.PropertySourcesPropertyResolver  : Found key 'spring.application.name' in PropertySource 'configurationProperties' with value of type String

  .   ____          _            __ _ _
 /\\ / ___'_ __ _ _(_)_ __  __ _ \ \ \ \
( ( )\___ | '_ | '_| | '_ \/ _` | \ \ \ \
 \\/  ___)| |_)| | | | | || (_| |  ) ) ) )
  '  |____| .__|_| |_|_| |_\__, | / / / /
 =========|_|==============|___/=/_/_/_/
 :: Spring Boot ::                (v3.2.5)

2024-05-01T22:51:04.703-04:00  INFO 181167 --- [salessrv] [           main] c.e.salessrv.SalessrvApplicationTests    : Starting SalessrvApplicationTests using Java 17.0.10 with PID 181167 (started by romero-developments in /home/romero-developments/Documentos/Ingeniería en desarrollo de software/DESARROLLO FULLSTACK I/Semana 9/salessrv)
2024-05-01T22:51:04.703-04:00  INFO 181167 --- [salessrv] [           main] c.e.salessrv.SalessrvApplicationTests    : No active profile set, falling back to 1 default profile: "default"
2024-05-01T22:51:04.703-04:00 DEBUG 181167 --- [salessrv] [           main] o.s.boot.SpringApplication               : Loading source class com.example.salessrv.SalessrvApplication
2024-05-01T22:51:04.712-04:00 DEBUG 181167 --- [salessrv] [           main] o.s.w.c.s.GenericWebApplicationContext   : Refreshing org.springframework.web.context.support.GenericWebApplicationContext@73f0b216
2024-05-01T22:51:04.725-04:00 DEBUG 181167 --- [salessrv] [           main] o.s.b.f.s.DefaultListableBeanFactory     : Creating shared instance of singleton bean 'org.springframework.context.annotation.internalConfigurationAnnotationProcessor'
2024-05-01T22:51:04.726-04:00 DEBUG 181167 --- [salessrv] [           main] o.s.b.f.s.DefaultListableBeanFactory     : Creating shared instance of singleton bean 'org.springframework.boot.autoconfigure.internalCachingMetadataReaderFactory'
2024-05-01T22:51:04.760-04:00 DEBUG 181167 --- [salessrv] [           main] o.s.c.a.ClassPathBeanDefinitionScanner   : Identified candidate component class: file [/home/romero-developments/Documentos/Ingeniería en desarrollo de software/DESARROLLO FULLSTACK I/Semana 9/salessrv/target/classes/com/example/salessrv/controller/SaleController.class]
2024-05-01T22:51:04.764-04:00 DEBUG 181167 --- [salessrv] [           main] o.s.c.a.ClassPathBeanDefinitionScanner   : Identified candidate component class: file [/home/romero-developments/Documentos/Ingeniería en desarrollo de software/DESARROLLO FULLSTACK I/Semana 9/salessrv/target/classes/com/example/salessrv/exception/GlobalExceptionHandler.class]
2024-05-01T22:51:04.766-04:00 DEBUG 181167 --- [salessrv] [           main] o.s.c.a.ClassPathBeanDefinitionScanner   : Identified candidate component class: file [/home/romero-developments/Documentos/Ingeniería en desarrollo de software/DESARROLLO FULLSTACK I/Semana 9/salessrv/target/classes/com/example/salessrv/service/SaleServiceImpl.class]
2024-05-01T22:51:05.506-04:00  INFO 181167 --- [salessrv] [           main] .s.d.r.c.RepositoryConfigurationDelegate : Multiple Spring Data modules found, entering strict repository configuration mode
2024-05-01T22:51:05.507-04:00  INFO 181167 --- [salessrv] [           main] .s.d.r.c.RepositoryConfigurationDelegate : Bootstrapping Spring Data JDBC repositories in DEFAULT mode.
2024-05-01T22:51:05.507-04:00 DEBUG 181167 --- [salessrv] [           main] o.s.b.f.s.DefaultListableBeanFactory     : Creating shared instance of singleton bean 'org.springframework.boot.autoconfigure.AutoConfigurationPackages'
2024-05-01T22:51:05.507-04:00 DEBUG 181167 --- [salessrv] [           main] o.s.b.a.AutoConfigurationPackages        : @EnableAutoConfiguration was declared on a class in the package 'com.example.salessrv'. Automatic @Repository and @Entity scanning is enabled.
2024-05-01T22:51:05.508-04:00 DEBUG 181167 --- [salessrv] [           main] .s.d.r.c.RepositoryConfigurationDelegate : Scanning for JDBC repositories in packages com.example.salessrv.
2024-05-01T22:51:05.515-04:00 DEBUG 181167 --- [salessrv] [           main] o.s.d.r.c.RepositoryComponentProvider    : Identified candidate component class: file [/home/romero-developments/Documentos/Ingeniería en desarrollo de software/DESARROLLO FULLSTACK I/Semana 9/salessrv/target/classes/com/example/salessrv/repository/ProductRepository.class]
2024-05-01T22:51:05.516-04:00 DEBUG 181167 --- [salessrv] [           main] o.s.d.r.c.RepositoryComponentProvider    : Identified candidate component class: file [/home/romero-developments/Documentos/Ingeniería en desarrollo de software/DESARROLLO FULLSTACK I/Semana 9/salessrv/target/classes/com/example/salessrv/repository/SaleRepository.class]
2024-05-01T22:51:05.517-04:00  INFO 181167 --- [salessrv] [           main] .RepositoryConfigurationExtensionSupport : Spring Data JDBC - Could not safely identify store assignment for repository candidate interface com.example.salessrv.repository.ProductRepository; If you want this repository to be a JDBC repository, consider annotating your entities with one of these annotations: org.springframework.data.relational.core.mapping.Table.
2024-05-01T22:51:05.517-04:00  INFO 181167 --- [salessrv] [           main] .RepositoryConfigurationExtensionSupport : Spring Data JDBC - Could not safely identify store assignment for repository candidate interface com.example.salessrv.repository.SaleRepository; If you want this repository to be a JDBC repository, consider annotating your entities with one of these annotations: org.springframework.data.relational.core.mapping.Table.
2024-05-01T22:51:05.517-04:00  INFO 181167 --- [salessrv] [           main] .s.d.r.c.RepositoryConfigurationDelegate : Finished Spring Data repository scanning in 9 ms. Found 0 JDBC repository interfaces.
2024-05-01T22:51:05.525-04:00  INFO 181167 --- [salessrv] [           main] .s.d.r.c.RepositoryConfigurationDelegate : Multiple Spring Data modules found, entering strict repository configuration mode
2024-05-01T22:51:05.525-04:00  INFO 181167 --- [salessrv] [           main] .s.d.r.c.RepositoryConfigurationDelegate : Bootstrapping Spring Data JPA repositories in DEFAULT mode.
2024-05-01T22:51:05.525-04:00 DEBUG 181167 --- [salessrv] [           main] .s.d.r.c.RepositoryConfigurationDelegate : Scanning for JPA repositories in packages com.example.salessrv.
2024-05-01T22:51:05.531-04:00 DEBUG 181167 --- [salessrv] [           main] o.s.d.r.c.RepositoryComponentProvider    : Identified candidate component class: file [/home/romero-developments/Documentos/Ingeniería en desarrollo de software/DESARROLLO FULLSTACK I/Semana 9/salessrv/target/classes/com/example/salessrv/repository/ProductRepository.class]
2024-05-01T22:51:05.532-04:00 DEBUG 181167 --- [salessrv] [           main] o.s.d.r.c.RepositoryComponentProvider    : Identified candidate component class: file [/home/romero-developments/Documentos/Ingeniería en desarrollo de software/DESARROLLO FULLSTACK I/Semana 9/salessrv/target/classes/com/example/salessrv/repository/SaleRepository.class]
2024-05-01T22:51:05.538-04:00 DEBUG 181167 --- [salessrv] [           main] ssPathScanningCandidateComponentProvider : Identified candidate component class: file [/home/romero-developments/Documentos/Ingeniería en desarrollo de software/DESARROLLO FULLSTACK I/Semana 9/salessrv/target/classes/com/example/salessrv/service/SaleServiceImpl.class]
2024-05-01T22:51:05.541-04:00  INFO 181167 --- [salessrv] [           main] .s.d.r.c.RepositoryConfigurationDelegate : Finished Spring Data repository scanning in 15 ms. Found 2 JPA repository interfaces.
2024-05-01T22:51:05.709-04:00 DEBUG 181167 --- [salessrv] [           main] o.s.b.f.s.DefaultListableBeanFactory     : Creating shared instance of singleton bean 'propertySourcesPlaceholderConfigurer'
2024-05-01T22:51:05.717-04:00 DEBUG 181167 --- [salessrv] [           main] o.s.b.f.s.DefaultListableBeanFactory     : Creating shared instance of singleton bean 'org.springframework.boot.test.mock.mockito.MockitoPostProcessor'
2024-05-01T22:51:05.718-04:00 DEBUG 181167 --- [salessrv] [           main] o.s.b.f.s.DefaultListableBeanFactory     : Creating shared instance of singleton bean 'org.springframework.boot.sql.init.dependency.DatabaseInitializationDependencyConfigurer$DependsOnDatabaseInitializationPostProcessor'
2024-05-01T22:51:05.718-04:00 DEBUG 181167 --- [salessrv] [           main] o.s.b.f.s.DefaultListableBeanFactory     : Creating shared instance of singleton bean 'emBeanDefinitionRegistrarPostProcessor'
2024-05-01T22:51:05.771-04:00 DEBUG 181167 --- [salessrv] [           main] o.s.b.f.s.DefaultListableBeanFactory     : Creating shared instance of singleton bean 'org.springframework.context.event.internalEventListenerProcessor'
2024-05-01T22:51:05.772-04:00 DEBUG 181167 --- [salessrv] [           main] o.s.b.f.s.DefaultListableBeanFactory     : Creating shared instance of singleton bean 'preserveErrorControllerTargetClassPostProcessor'
2024-05-01T22:51:05.773-04:00 DEBUG 181167 --- [salessrv] [           main] o.s.b.f.s.DefaultListableBeanFactory     : Creating shared instance of singleton bean 'org.springframework.context.event.internalEventListenerFactory'
2024-05-01T22:51:05.773-04:00 DEBUG 181167 --- [salessrv] [           main] o.s.b.f.s.DefaultListableBeanFactory     : Creating shared instance of singleton bean 'org.springframework.transaction.config.internalTransactionalEventListenerFactory'
2024-05-01T22:51:05.778-04:00 DEBUG 181167 --- [salessrv] [           main] o.s.b.f.s.DefaultListableBeanFactory     : Creating shared instance of singleton bean 'org.springframework.boot.test.mock.mockito.MockitoPostProcessor$SpyPostProcessor'
2024-05-01T22:51:05.779-04:00 DEBUG 181167 --- [salessrv] [           main] o.s.b.f.s.DefaultListableBeanFactory     : Creating shared instance of singleton bean 'org.springframework.context.annotation.internalAutowiredAnnotationProcessor'
2024-05-01T22:51:05.779-04:00 DEBUG 181167 --- [salessrv] [           main] o.s.b.f.s.DefaultListableBeanFactory     : Creating shared instance of singleton bean 'org.springframework.context.annotation.internalCommonAnnotationProcessor'
2024-05-01T22:51:05.781-04:00 DEBUG 181167 --- [salessrv] [           main] o.s.b.f.s.DefaultListableBeanFactory     : Creating shared instance of singleton bean 'org.springframework.context.annotation.internalPersistenceAnnotationProcessor'
2024-05-01T22:51:05.782-04:00 DEBUG 181167 --- [salessrv] [           main] o.s.b.f.s.DefaultListableBeanFactory     : Creating shared instance of singleton bean 'org.springframework.boot.context.properties.ConfigurationPropertiesBindingPostProcessor'
2024-05-01T22:51:05.782-04:00 DEBUG 181167 --- [salessrv] [           main] o.s.b.f.s.DefaultListableBeanFactory     : Creating shared instance of singleton bean 'org.springframework.boot.context.internalConfigurationPropertiesBinder'
2024-05-01T22:51:05.783-04:00 DEBUG 181167 --- [salessrv] [           main] o.s.b.f.s.DefaultListableBeanFactory     : Creating shared instance of singleton bean 'jdbcConnectionDetailsHikariBeanPostProcessor'
2024-05-01T22:51:05.784-04:00 DEBUG 181167 --- [salessrv] [           main] o.s.b.f.s.DefaultListableBeanFactory     : Creating shared instance of singleton bean 'org.springframework.aop.config.internalAutoProxyCreator'
2024-05-01T22:51:05.827-04:00 DEBUG 181167 --- [salessrv] [           main] o.s.b.f.s.DefaultListableBeanFactory     : Creating shared instance of singleton bean 'persistenceExceptionTranslationPostProcessor'
2024-05-01T22:51:05.837-04:00 DEBUG 181167 --- [salessrv] [           main] o.s.b.f.s.DefaultListableBeanFactory     : Autowiring by type from bean name 'persistenceExceptionTranslationPostProcessor' via factory method to bean named 'environment'
2024-05-01T22:51:05.846-04:00 DEBUG 181167 --- [salessrv] [           main] o.s.b.f.s.DefaultListableBeanFactory     : Creating shared instance of singleton bean 'webServerFactoryCustomizerBeanPostProcessor'
2024-05-01T22:51:05.852-04:00 DEBUG 181167 --- [salessrv] [           main] o.s.b.f.s.DefaultListableBeanFactory     : Creating shared instance of singleton bean 'errorPageRegistrarBeanPostProcessor'
2024-05-01T22:51:05.854-04:00 DEBUG 181167 --- [salessrv] [           main] o.s.b.f.s.DefaultListableBeanFactory     : Creating shared instance of singleton bean 'projectingArgumentResolverBeanPostProcessor'
2024-05-01T22:51:05.855-04:00 DEBUG 181167 --- [salessrv] [           main] o.s.b.f.s.DefaultListableBeanFactory     : Creating shared instance of singleton bean 'org.springframework.transaction.config.internalTransactionAdvisor'
2024-05-01T22:51:05.855-04:00 DEBUG 181167 --- [salessrv] [           main] o.s.b.f.s.DefaultListableBeanFactory     : Creating shared instance of singleton bean 'org.springframework.transaction.annotation.ProxyTransactionManagementConfiguration'
2024-05-01T22:51:05.873-04:00 DEBUG 181167 --- [salessrv] [           main] o.s.b.f.s.DefaultListableBeanFactory     : Creating shared instance of singleton bean 'transactionAttributeSource'
2024-05-01T22:51:05.875-04:00 DEBUG 181167 --- [salessrv] [           main] o.s.b.f.s.DefaultListableBeanFactory     : Creating shared instance of singleton bean 'transactionInterceptor'
2024-05-01T22:51:05.876-04:00 DEBUG 181167 --- [salessrv] [           main] o.s.b.f.s.DefaultListableBeanFactory     : Autowiring by type from bean name 'transactionInterceptor' via factory method to bean named 'transactionAttributeSource'
2024-05-01T22:51:05.877-04:00 DEBUG 181167 --- [salessrv] [           main] o.s.b.f.s.DefaultListableBeanFactory     : Autowiring by type from bean name 'org.springframework.transaction.config.internalTransactionAdvisor' via factory method to bean named 'transactionAttributeSource'
2024-05-01T22:51:05.877-04:00 DEBUG 181167 --- [salessrv] [           main] o.s.b.f.s.DefaultListableBeanFactory     : Autowiring by type from bean name 'org.springframework.transaction.config.internalTransactionAdvisor' via factory method to bean named 'transactionInterceptor'
2024-05-01T22:51:05.887-04:00 DEBUG 181167 --- [salessrv] [           main] o.s.b.f.s.DefaultListableBeanFactory     : Creating shared instance of singleton bean 'hypermediaRepresentionModelProcessorConfigurator'
2024-05-01T22:51:05.889-04:00 DEBUG 181167 --- [salessrv] [           main] o.s.b.f.s.DefaultListableBeanFactory     : Creating shared instance of singleton bean 'hypermediaRestTemplateBeanPostProcessor'
2024-05-01T22:51:05.894-04:00 DEBUG 181167 --- [salessrv] [           main] o.s.u.c.s.UiApplicationContextUtils      : Unable to locate ThemeSource with name 'themeSource': using default [org.springframework.ui.context.support.ResourceBundleThemeSource@1f612968]
2024-05-01T22:51:05.899-04:00 DEBUG 181167 --- [salessrv] [           main] o.s.b.f.s.DefaultListableBeanFactory     : Creating shared instance of singleton bean 'dataSourceScriptDatabaseInitializer'
2024-05-01T22:51:05.899-04:00 DEBUG 181167 --- [salessrv] [           main] o.s.b.f.s.DefaultListableBeanFactory     : Creating shared instance of singleton bean 'org.springframework.boot.autoconfigure.sql.init.DataSourceInitializationConfiguration'
2024-05-01T22:51:05.901-04:00 DEBUG 181167 --- [salessrv] [           main] o.s.b.f.s.DefaultListableBeanFactory     : Creating shared instance of singleton bean 'dataSource'
2024-05-01T22:51:05.901-04:00 DEBUG 181167 --- [salessrv] [           main] o.s.b.f.s.DefaultListableBeanFactory     : Creating shared instance of singleton bean 'org.springframework.boot.autoconfigure.jdbc.DataSourceConfiguration$Hikari'
2024-05-01T22:51:05.903-04:00 DEBUG 181167 --- [salessrv] [           main] o.s.b.f.s.DefaultListableBeanFactory     : Creating shared instance of singleton bean 'spring.datasource-org.springframework.boot.autoconfigure.jdbc.DataSourceProperties'
2024-05-01T22:51:05.904-04:00 DEBUG 181167 --- [salessrv] [           main] o.s.b.f.s.DefaultListableBeanFactory     : Creating shared instance of singleton bean 'org.springframework.boot.context.properties.BoundConfigurationProperties'
2024-05-01T22:51:05.924-04:00 DEBUG 181167 --- [salessrv] [           main] o.s.b.f.s.DefaultListableBeanFactory     : Creating shared instance of singleton bean 'jdbcConnectionDetails'
2024-05-01T22:51:05.924-04:00 DEBUG 181167 --- [salessrv] [           main] o.s.b.f.s.DefaultListableBeanFactory     : Creating shared instance of singleton bean 'org.springframework.boot.autoconfigure.jdbc.DataSourceAutoConfiguration$PooledDataSourceConfiguration'
2024-05-01T22:51:05.926-04:00 DEBUG 181167 --- [salessrv] [           main] o.s.b.f.s.DefaultListableBeanFactory     : Autowiring by type from bean name 'jdbcConnectionDetails' via factory method to bean named 'spring.datasource-org.springframework.boot.autoconfigure.jdbc.DataSourceProperties'
2024-05-01T22:51:05.927-04:00 DEBUG 181167 --- [salessrv] [           main] o.s.b.f.s.DefaultListableBeanFactory     : Autowiring by type from bean name 'dataSource' via factory method to bean named 'spring.datasource-org.springframework.boot.autoconfigure.jdbc.DataSourceProperties'
2024-05-01T22:51:05.927-04:00 DEBUG 181167 --- [salessrv] [           main] o.s.b.f.s.DefaultListableBeanFactory     : Autowiring by type from bean name 'dataSource' via factory method to bean named 'jdbcConnectionDetails'
2024-05-01T22:51:05.976-04:00 DEBUG 181167 --- [salessrv] [           main] o.s.b.f.s.DefaultListableBeanFactory     : Creating shared instance of singleton bean 'spring.sql.init-org.springframework.boot.autoconfigure.sql.init.SqlInitializationProperties'
2024-05-01T22:51:05.982-04:00 DEBUG 181167 --- [salessrv] [           main] o.s.b.f.s.DefaultListableBeanFactory     : Autowiring by type from bean name 'dataSourceScriptDatabaseInitializer' via factory method to bean named 'dataSource'
2024-05-01T22:51:05.982-04:00 DEBUG 181167 --- [salessrv] [           main] o.s.b.f.s.DefaultListableBeanFactory     : Autowiring by type from bean name 'dataSourceScriptDatabaseInitializer' via factory method to bean named 'spring.sql.init-org.springframework.boot.autoconfigure.sql.init.SqlInitializationProperties'
2024-05-01T22:51:05.984-04:00 DEBUG 181167 --- [salessrv] [           main] o.s.b.f.s.DefaultListableBeanFactory     : Creating shared instance of singleton bean 'entityManagerFactory'
2024-05-01T22:51:05.984-04:00 DEBUG 181167 --- [salessrv] [           main] o.s.b.f.s.DefaultListableBeanFactory     : Creating shared instance of singleton bean 'org.springframework.boot.autoconfigure.orm.jpa.HibernateJpaConfiguration'
2024-05-01T22:51:05.986-04:00 DEBUG 181167 --- [salessrv] [           main] o.s.b.f.s.DefaultListableBeanFactory     : Creating shared instance of singleton bean 'spring.jpa-org.springframework.boot.autoconfigure.orm.jpa.JpaProperties'
2024-05-01T22:51:06.000-04:00 DEBUG 181167 --- [salessrv] [           main] o.s.b.f.s.DefaultListableBeanFactory     : Creating shared instance of singleton bean 'spring.jpa.hibernate-org.springframework.boot.autoconfigure.orm.jpa.HibernateProperties'
2024-05-01T22:51:06.005-04:00 DEBUG 181167 --- [salessrv] [           main] o.s.b.f.s.DefaultListableBeanFactory     : Autowiring by type from bean name 'org.springframework.boot.autoconfigure.orm.jpa.HibernateJpaConfiguration' via constructor to bean named 'dataSource'
2024-05-01T22:51:06.005-04:00 DEBUG 181167 --- [salessrv] [           main] o.s.b.f.s.DefaultListableBeanFactory     : Autowiring by type from bean name 'org.springframework.boot.autoconfigure.orm.jpa.HibernateJpaConfiguration' via constructor to bean named 'spring.jpa-org.springframework.boot.autoconfigure.orm.jpa.JpaProperties'
2024-05-01T22:51:06.005-04:00 DEBUG 181167 --- [salessrv] [           main] o.s.b.f.s.DefaultListableBeanFactory     : Autowiring by type from bean name 'org.springframework.boot.autoconfigure.orm.jpa.HibernateJpaConfiguration' via constructor to bean named 'org.springframework.beans.factory.support.DefaultListableBeanFactory@3ba8fbc8'
2024-05-01T22:51:06.005-04:00 DEBUG 181167 --- [salessrv] [           main] o.s.b.f.s.DefaultListableBeanFactory     : Autowiring by type from bean name 'org.springframework.boot.autoconfigure.orm.jpa.HibernateJpaConfiguration' via constructor to bean named 'spring.jpa.hibernate-org.springframework.boot.autoconfigure.orm.jpa.HibernateProperties'
2024-05-01T22:51:06.009-04:00 DEBUG 181167 --- [salessrv] [           main] o.s.b.f.s.DefaultListableBeanFactory     : Creating shared instance of singleton bean 'hikariPoolDataSourceMetadataProvider'
2024-05-01T22:51:06.010-04:00 DEBUG 181167 --- [salessrv] [           main] o.s.b.f.s.DefaultListableBeanFactory     : Creating shared instance of singleton bean 'org.springframework.boot.autoconfigure.jdbc.metadata.DataSourcePoolMetadataProvidersConfiguration$HikariPoolDataSourceMetadataProviderConfiguration'
2024-05-01T22:51:06.019-04:00 DEBUG 181167 --- [salessrv] [           main] o.s.b.f.s.DefaultListableBeanFactory     : Creating shared instance of singleton bean 'entityManagerFactoryBuilder'
2024-05-01T22:51:06.020-04:00 DEBUG 181167 --- [salessrv] [           main] o.s.b.f.s.DefaultListableBeanFactory     : Creating shared instance of singleton bean 'jpaVendorAdapter'
2024-05-01T22:51:06.021-04:00 DEBUG 181167 --- [salessrv] [           main] o.s.b.f.s.DefaultListableBeanFactory     : Autowiring by type from bean name 'entityManagerFactoryBuilder' via factory method to bean named 'jpaVendorAdapter'
2024-05-01T22:51:06.026-04:00 DEBUG 181167 --- [salessrv] [           main] o.s.b.f.s.DefaultListableBeanFactory     : Creating shared instance of singleton bean 'persistenceManagedTypes'
2024-05-01T22:51:06.028-04:00 DEBUG 181167 --- [salessrv] [           main] o.s.b.f.s.DefaultListableBeanFactory     : Autowiring by type from bean name 'persistenceManagedTypes' via factory method to bean named 'org.springframework.beans.factory.support.DefaultListableBeanFactory@3ba8fbc8'
2024-05-01T22:51:06.028-04:00 DEBUG 181167 --- [salessrv] [           main] o.s.b.f.s.DefaultListableBeanFactory     : Autowiring by type from bean name 'persistenceManagedTypes' via factory method to bean named 'org.springframework.web.context.support.GenericWebApplicationContext@73f0b216'
2024-05-01T22:51:06.035-04:00 DEBUG 181167 --- [salessrv] [           main] o.s.b.f.s.DefaultListableBeanFactory     : Autowiring by type from bean name 'entityManagerFactory' via factory method to bean named 'entityManagerFactoryBuilder'
2024-05-01T22:51:06.035-04:00 DEBUG 181167 --- [salessrv] [           main] o.s.b.f.s.DefaultListableBeanFactory     : Autowiring by type from bean name 'entityManagerFactory' via factory method to bean named 'persistenceManagedTypes'
2024-05-01T22:51:06.036-04:00 DEBUG 181167 --- [salessrv] [           main] j.LocalContainerEntityManagerFactoryBean : Building JPA container EntityManagerFactory for persistence unit 'default'
2024-05-01T22:51:06.037-04:00 DEBUG 181167 --- [salessrv] [           main] o.hibernate.jpa.internal.util.LogHelper  : PersistenceUnitInfo [
	name: default
	persistence provider classname: null
	classloader: jdk.internal.loader.ClassLoaders$AppClassLoader@46fbb2c1
	excludeUnlistedClasses: true
	JTA datasource: null
	Non JTA datasource: HikariDataSource (null)
	Transaction type: RESOURCE_LOCAL
	PU root URL: file:/home/romero-developments/Documentos/Ingenier%c3%ada%20en%20desarrollo%20de%20software/DESARROLLO%20FULLSTACK%20I/Semana%209/salessrv/target/test-classes/
	Shared Cache Mode: UNSPECIFIED
	Validation Mode: AUTO
	Jar files URLs []
	Managed classes names [
		com.example.salessrv.Product
		com.example.salessrv.model.Sale]
	Mapping files names []
	Properties []
2024-05-01T22:51:06.037-04:00 DEBUG 181167 --- [salessrv] [           main] o.h.i.internal.IntegratorServiceImpl     : Adding Integrator [org.hibernate.boot.beanvalidation.BeanValidationIntegrator].
2024-05-01T22:51:06.037-04:00 DEBUG 181167 --- [salessrv] [           main] o.h.i.internal.IntegratorServiceImpl     : Adding Integrator [org.hibernate.cache.internal.CollectionCacheInvalidator].
2024-05-01T22:51:06.040-04:00 DEBUG 181167 --- [salessrv] [           main] org.hibernate.orm.idgen.factory          : Registering IdentifierGenerator strategy [uuid2] -> [org.hibernate.id.UUIDGenerator]
2024-05-01T22:51:06.041-04:00 DEBUG 181167 --- [salessrv] [           main] org.hibernate.orm.idgen.factory          : Registering IdentifierGenerator strategy [guid] -> [org.hibernate.id.GUIDGenerator]
2024-05-01T22:51:06.041-04:00 DEBUG 181167 --- [salessrv] [           main] org.hibernate.orm.idgen.factory          : Registering IdentifierGenerator strategy [uuid] -> [org.hibernate.id.UUIDHexGenerator]
2024-05-01T22:51:06.041-04:00 DEBUG 181167 --- [salessrv] [           main] org.hibernate.orm.idgen.factory          : Registering IdentifierGenerator strategy [uuid.hex] -> [org.hibernate.id.UUIDHexGenerator]
2024-05-01T22:51:06.041-04:00 DEBUG 181167 --- [salessrv] [           main] org.hibernate.orm.idgen.factory          : Registering IdentifierGenerator strategy [assigned] -> [org.hibernate.id.Assigned]
2024-05-01T22:51:06.041-04:00 DEBUG 181167 --- [salessrv] [           main] org.hibernate.orm.idgen.factory          : Registering IdentifierGenerator strategy [identity] -> [org.hibernate.id.IdentityGenerator]
2024-05-01T22:51:06.041-04:00 DEBUG 181167 --- [salessrv] [           main] org.hibernate.orm.idgen.factory          : Registering IdentifierGenerator strategy [select] -> [org.hibernate.id.SelectGenerator]
2024-05-01T22:51:06.041-04:00 DEBUG 181167 --- [salessrv] [           main] org.hibernate.orm.idgen.factory          : Registering IdentifierGenerator strategy [sequence] -> [org.hibernate.id.enhanced.SequenceStyleGenerator]
2024-05-01T22:51:06.041-04:00 DEBUG 181167 --- [salessrv] [           main] org.hibernate.orm.idgen.factory          : Registering IdentifierGenerator strategy [increment] -> [org.hibernate.id.IncrementGenerator]
2024-05-01T22:51:06.041-04:00 DEBUG 181167 --- [salessrv] [           main] org.hibernate.orm.idgen.factory          : Registering IdentifierGenerator strategy [foreign] -> [org.hibernate.id.ForeignGenerator]
2024-05-01T22:51:06.041-04:00 DEBUG 181167 --- [salessrv] [           main] org.hibernate.orm.idgen.factory          : Registering IdentifierGenerator strategy [enhanced-sequence] -> [org.hibernate.id.enhanced.SequenceStyleGenerator]
2024-05-01T22:51:06.041-04:00 DEBUG 181167 --- [salessrv] [           main] org.hibernate.orm.idgen.factory          : Registering IdentifierGenerator strategy [enhanced-table] -> [org.hibernate.id.enhanced.TableGenerator]
2024-05-01T22:51:06.041-04:00 DEBUG 181167 --- [salessrv] [           main] o.h.c.internal.RegionFactoryInitiator    : Cannot default RegionFactory based on registered strategies as `[]` RegionFactory strategies were registered
2024-05-01T22:51:06.041-04:00  INFO 181167 --- [salessrv] [           main] o.h.c.internal.RegionFactoryInitiator    : HHH000026: Second-level cache disabled
2024-05-01T22:51:06.042-04:00 DEBUG 181167 --- [salessrv] [           main] org.hibernate.type.BasicTypeRegistry     : Adding type registration boolean -> org.hibernate.type.BasicTypeReference@2913ca3e
2024-05-01T22:51:06.042-04:00 DEBUG 181167 --- [salessrv] [           main] org.hibernate.type.BasicTypeRegistry     : Adding type registration boolean -> org.hibernate.type.BasicTypeReference@2913ca3e
2024-05-01T22:51:06.042-04:00 DEBUG 181167 --- [salessrv] [           main] org.hibernate.type.BasicTypeRegistry     : Adding type registration java.lang.Boolean -> org.hibernate.type.BasicTypeReference@2913ca3e
2024-05-01T22:51:06.042-04:00 DEBUG 181167 --- [salessrv] [           main] org.hibernate.type.BasicTypeRegistry     : Adding type registration numeric_boolean -> org.hibernate.type.BasicTypeReference@636dbfe7
2024-05-01T22:51:06.042-04:00 DEBUG 181167 --- [salessrv] [           main] org.hibernate.type.BasicTypeRegistry     : Adding type registration org.hibernate.type.NumericBooleanConverter -> org.hibernate.type.BasicTypeReference@636dbfe7
2024-05-01T22:51:06.043-04:00 DEBUG 181167 --- [salessrv] [           main] org.hibernate.type.BasicTypeRegistry     : Adding type registration true_false -> org.hibernate.type.BasicTypeReference@42ecc554
2024-05-01T22:51:06.043-04:00 DEBUG 181167 --- [salessrv] [           main] org.hibernate.type.BasicTypeRegistry     : Adding type registration org.hibernate.type.TrueFalseConverter -> org.hibernate.type.BasicTypeReference@42ecc554
2024-05-01T22:51:06.043-04:00 DEBUG 181167 --- [salessrv] [           main] org.hibernate.type.BasicTypeRegistry     : Adding type registration yes_no -> org.hibernate.type.BasicTypeReference@443af394
2024-05-01T22:51:06.043-04:00 DEBUG 181167 --- [salessrv] [           main] org.hibernate.type.BasicTypeRegistry     : Adding type registration org.hibernate.type.YesNoConverter -> org.hibernate.type.BasicTypeReference@443af394
2024-05-01T22:51:06.043-04:00 DEBUG 181167 --- [salessrv] [           main] org.hibernate.type.BasicTypeRegistry     : Adding type registration byte -> org.hibernate.type.BasicTypeReference@734f8317
2024-05-01T22:51:06.043-04:00 DEBUG 181167 --- [salessrv] [           main] org.hibernate.type.BasicTypeRegistry     : Adding type registration byte -> org.hibernate.type.BasicTypeReference@734f8317
2024-05-01T22:51:06.043-04:00 DEBUG 181167 --- [salessrv] [           main] org.hibernate.type.BasicTypeRegistry     : Adding type registration java.lang.Byte -> org.hibernate.type.BasicTypeReference@734f8317
2024-05-01T22:51:06.043-04:00 DEBUG 181167 --- [salessrv] [           main] org.hibernate.type.BasicTypeRegistry     : Adding type registration binary -> org.hibernate.type.BasicTypeReference@7dd3981e
2024-05-01T22:51:06.043-04:00 DEBUG 181167 --- [salessrv] [           main] org.hibernate.type.BasicTypeRegistry     : Adding type registration byte[] -> org.hibernate.type.BasicTypeReference@7dd3981e
2024-05-01T22:51:06.043-04:00 DEBUG 181167 --- [salessrv] [           main] org.hibernate.type.BasicTypeRegistry     : Adding type registration [B -> org.hibernate.type.BasicTypeReference@7dd3981e
2024-05-01T22:51:06.043-04:00 DEBUG 181167 --- [salessrv] [           main] org.hibernate.type.BasicTypeRegistry     : Adding type registration binary_wrapper -> org.hibernate.type.BasicTypeReference@59313495
2024-05-01T22:51:06.043-04:00 DEBUG 181167 --- [salessrv] [           main] org.hibernate.type.BasicTypeRegistry     : Adding type registration wrapper-binary -> org.hibernate.type.BasicTypeReference@59313495
2024-05-01T22:51:06.043-04:00 DEBUG 181167 --- [salessrv] [           main] org.hibernate.type.BasicTypeRegistry     : Adding type registration image -> org.hibernate.type.BasicTypeReference@4a04ca74
2024-05-01T22:51:06.043-04:00 DEBUG 181167 --- [salessrv] [           main] org.hibernate.type.BasicTypeRegistry     : Adding type registration blob -> org.hibernate.type.BasicTypeReference@455cbf18
2024-05-01T22:51:06.043-04:00 DEBUG 181167 --- [salessrv] [           main] org.hibernate.type.BasicTypeRegistry     : Adding type registration java.sql.Blob -> org.hibernate.type.BasicTypeReference@455cbf18
2024-05-01T22:51:06.043-04:00 DEBUG 181167 --- [salessrv] [           main] org.hibernate.type.BasicTypeRegistry     : Adding type registration materialized_blob -> org.hibernate.type.BasicTypeReference@24aedcc5
2024-05-01T22:51:06.043-04:00 DEBUG 181167 --- [salessrv] [           main] org.hibernate.type.BasicTypeRegistry     : Adding type registration materialized_blob_wrapper -> org.hibernate.type.BasicTypeReference@74ebd159
2024-05-01T22:51:06.043-04:00 DEBUG 181167 --- [salessrv] [           main] org.hibernate.type.BasicTypeRegistry     : Adding type registration short -> org.hibernate.type.BasicTypeReference@1850f2da
2024-05-01T22:51:06.044-04:00 DEBUG 181167 --- [salessrv] [           main] org.hibernate.type.BasicTypeRegistry     : Adding type registration short -> org.hibernate.type.BasicTypeReference@1850f2da
2024-05-01T22:51:06.044-04:00 DEBUG 181167 --- [salessrv] [           main] org.hibernate.type.BasicTypeRegistry     : Adding type registration java.lang.Short -> org.hibernate.type.BasicTypeReference@1850f2da
2024-05-01T22:51:06.044-04:00 DEBUG 181167 --- [salessrv] [           main] org.hibernate.type.BasicTypeRegistry     : Adding type registration integer -> org.hibernate.type.BasicTypeReference@38d42ab7
2024-05-01T22:51:06.044-04:00 DEBUG 181167 --- [salessrv] [           main] org.hibernate.type.BasicTypeRegistry     : Adding type registration int -> org.hibernate.type.BasicTypeReference@38d42ab7
2024-05-01T22:51:06.044-04:00 DEBUG 181167 --- [salessrv] [           main] org.hibernate.type.BasicTypeRegistry     : Adding type registration java.lang.Integer -> org.hibernate.type.BasicTypeReference@38d42ab7
2024-05-01T22:51:06.044-04:00 DEBUG 181167 --- [salessrv] [           main] org.hibernate.type.BasicTypeRegistry     : Adding type registration long -> org.hibernate.type.BasicTypeReference@6ace919c
2024-05-01T22:51:06.044-04:00 DEBUG 181167 --- [salessrv] [           main] org.hibernate.type.BasicTypeRegistry     : Adding type registration long -> org.hibernate.type.BasicTypeReference@6ace919c
2024-05-01T22:51:06.044-04:00 DEBUG 181167 --- [salessrv] [           main] org.hibernate.type.BasicTypeRegistry     : Adding type registration java.lang.Long -> org.hibernate.type.BasicTypeReference@6ace919c
2024-05-01T22:51:06.044-04:00 DEBUG 181167 --- [salessrv] [           main] org.hibernate.type.BasicTypeRegistry     : Adding type registration float -> org.hibernate.type.BasicTypeReference@4005e485
2024-05-01T22:51:06.044-04:00 DEBUG 181167 --- [salessrv] [           main] org.hibernate.type.BasicTypeRegistry     : Adding type registration float -> org.hibernate.type.BasicTypeReference@4005e485
2024-05-01T22:51:06.044-04:00 DEBUG 181167 --- [salessrv] [           main] org.hibernate.type.BasicTypeRegistry     : Adding type registration java.lang.Float -> org.hibernate.type.BasicTypeReference@4005e485
2024-05-01T22:51:06.044-04:00 DEBUG 181167 --- [salessrv] [           main] org.hibernate.type.BasicTypeRegistry     : Adding type registration double -> org.hibernate.type.BasicTypeReference@5f5c187d
2024-05-01T22:51:06.044-04:00 DEBUG 181167 --- [salessrv] [           main] org.hibernate.type.BasicTypeRegistry     : Adding type registration double -> org.hibernate.type.BasicTypeReference@5f5c187d
2024-05-01T22:51:06.044-04:00 DEBUG 181167 --- [salessrv] [           main] org.hibernate.type.BasicTypeRegistry     : Adding type registration java.lang.Double -> org.hibernate.type.BasicTypeReference@5f5c187d
2024-05-01T22:51:06.044-04:00 DEBUG 181167 --- [salessrv] [           main] org.hibernate.type.BasicTypeRegistry     : Adding type registration big_integer -> org.hibernate.type.BasicTypeReference@464400b3
2024-05-01T22:51:06.044-04:00 DEBUG 181167 --- [salessrv] [           main] org.hibernate.type.BasicTypeRegistry     : Adding type registration java.math.BigInteger -> org.hibernate.type.BasicTypeReference@464400b3
2024-05-01T22:51:06.044-04:00 DEBUG 181167 --- [salessrv] [           main] org.hibernate.type.BasicTypeRegistry     : Adding type registration big_decimal -> org.hibernate.type.BasicTypeReference@58182b96
2024-05-01T22:51:06.044-04:00 DEBUG 181167 --- [salessrv] [           main] org.hibernate.type.BasicTypeRegistry     : Adding type registration java.math.BigDecimal -> org.hibernate.type.BasicTypeReference@58182b96
2024-05-01T22:51:06.044-04:00 DEBUG 181167 --- [salessrv] [           main] org.hibernate.type.BasicTypeRegistry     : Adding type registration character -> org.hibernate.type.BasicTypeReference@37d6dddc
2024-05-01T22:51:06.044-04:00 DEBUG 181167 --- [salessrv] [           main] org.hibernate.type.BasicTypeRegistry     : Adding type registration char -> org.hibernate.type.BasicTypeReference@37d6dddc
2024-05-01T22:51:06.044-04:00 DEBUG 181167 --- [salessrv] [           main] org.hibernate.type.BasicTypeRegistry     : Adding type registration java.lang.Character -> org.hibernate.type.BasicTypeReference@37d6dddc
2024-05-01T22:51:06.044-04:00 DEBUG 181167 --- [salessrv] [           main] org.hibernate.type.BasicTypeRegistry     : Adding type registration character_nchar -> org.hibernate.type.BasicTypeReference@8f6b4ab
2024-05-01T22:51:06.044-04:00 DEBUG 181167 --- [salessrv] [           main] org.hibernate.type.BasicTypeRegistry     : Adding type registration string -> org.hibernate.type.BasicTypeReference@6e517c9e
2024-05-01T22:51:06.044-04:00 DEBUG 181167 --- [salessrv] [           main] org.hibernate.type.BasicTypeRegistry     : Adding type registration java.lang.String -> org.hibernate.type.BasicTypeReference@6e517c9e
2024-05-01T22:51:06.044-04:00 DEBUG 181167 --- [salessrv] [           main] org.hibernate.type.BasicTypeRegistry     : Adding type registration nstring -> org.hibernate.type.BasicTypeReference@770cae59
2024-05-01T22:51:06.044-04:00 DEBUG 181167 --- [salessrv] [           main] org.hibernate.type.BasicTypeRegistry     : Adding type registration characters -> org.hibernate.type.BasicTypeReference@76b5a559
2024-05-01T22:51:06.044-04:00 DEBUG 181167 --- [salessrv] [           main] org.hibernate.type.BasicTypeRegistry     : Adding type registration char[] -> org.hibernate.type.BasicTypeReference@76b5a559
2024-05-01T22:51:06.044-04:00 DEBUG 181167 --- [salessrv] [           main] org.hibernate.type.BasicTypeRegistry     : Adding type registration [C -> org.hibernate.type.BasicTypeReference@76b5a559
2024-05-01T22:51:06.044-04:00 DEBUG 181167 --- [salessrv] [           main] org.hibernate.type.BasicTypeRegistry     : Adding type registration wrapper-characters -> org.hibernate.type.BasicTypeReference@4bdb04c8
2024-05-01T22:51:06.045-04:00 DEBUG 181167 --- [salessrv] [           main] org.hibernate.type.BasicTypeRegistry     : Adding type registration text -> org.hibernate.type.BasicTypeReference@2e8b24a1
2024-05-01T22:51:06.045-04:00 DEBUG 181167 --- [salessrv] [           main] org.hibernate.type.BasicTypeRegistry     : Adding type registration ntext -> org.hibernate.type.BasicTypeReference@3ce7394f
2024-05-01T22:51:06.045-04:00 DEBUG 181167 --- [salessrv] [           main] org.hibernate.type.BasicTypeRegistry     : Adding type registration clob -> org.hibernate.type.BasicTypeReference@6723cce7
2024-05-01T22:51:06.045-04:00 DEBUG 181167 --- [salessrv] [           main] org.hibernate.type.BasicTypeRegistry     : Adding type registration java.sql.Clob -> org.hibernate.type.BasicTypeReference@6723cce7
2024-05-01T22:51:06.045-04:00 DEBUG 181167 --- [salessrv] [           main] org.hibernate.type.BasicTypeRegistry     : Adding type registration nclob -> org.hibernate.type.BasicTypeReference@74cd798f
2024-05-01T22:51:06.045-04:00 DEBUG 181167 --- [salessrv] [           main] org.hibernate.type.BasicTypeRegistry     : Adding type registration java.sql.NClob -> org.hibernate.type.BasicTypeReference@74cd798f
2024-05-01T22:51:06.045-04:00 DEBUG 181167 --- [salessrv] [           main] org.hibernate.type.BasicTypeRegistry     : Adding type registration materialized_clob -> org.hibernate.type.BasicTypeReference@314f59b
2024-05-01T22:51:06.045-04:00 DEBUG 181167 --- [salessrv] [           main] org.hibernate.type.BasicTypeRegistry     : Adding type registration materialized_clob_char_array -> org.hibernate.type.BasicTypeReference@63c99f7
2024-05-01T22:51:06.045-04:00 DEBUG 181167 --- [salessrv] [           main] org.hibernate.type.BasicTypeRegistry     : Adding type registration materialized_clob_character_array -> org.hibernate.type.BasicTypeReference@7f012923
2024-05-01T22:51:06.045-04:00 DEBUG 181167 --- [salessrv] [           main] org.hibernate.type.BasicTypeRegistry     : Adding type registration materialized_nclob -> org.hibernate.type.BasicTypeReference@601f264d
2024-05-01T22:51:06.045-04:00 DEBUG 181167 --- [salessrv] [           main] org.hibernate.type.BasicTypeRegistry     : Adding type registration materialized_nclob_character_array -> org.hibernate.type.BasicTypeReference@4403bff8
2024-05-01T22:51:06.045-04:00 DEBUG 181167 --- [salessrv] [           main] org.hibernate.type.BasicTypeRegistry     : Adding type registration materialized_nclob_char_array -> org.hibernate.type.BasicTypeReference@261275ae
2024-05-01T22:51:06.045-04:00 DEBUG 181167 --- [salessrv] [           main] org.hibernate.type.BasicTypeRegistry     : Adding type registration Duration -> org.hibernate.type.BasicTypeReference@502c087e
2024-05-01T22:51:06.045-04:00 DEBUG 181167 --- [salessrv] [           main] org.hibernate.type.BasicTypeRegistry     : Adding type registration java.time.Duration -> org.hibernate.type.BasicTypeReference@502c087e
2024-05-01T22:51:06.045-04:00 DEBUG 181167 --- [salessrv] [           main] org.hibernate.type.BasicTypeRegistry     : Adding type registration LocalDateTime -> org.hibernate.type.BasicTypeReference@49986178
2024-05-01T22:51:06.046-04:00 DEBUG 181167 --- [salessrv] [           main] org.hibernate.type.BasicTypeRegistry     : Adding type registration java.time.LocalDateTime -> org.hibernate.type.BasicTypeReference@49986178
2024-05-01T22:51:06.046-04:00 DEBUG 181167 --- [salessrv] [           main] org.hibernate.type.BasicTypeRegistry     : Adding type registration LocalDate -> org.hibernate.type.BasicTypeReference@10bdfbcc
2024-05-01T22:51:06.046-04:00 DEBUG 181167 --- [salessrv] [           main] org.hibernate.type.BasicTypeRegistry     : Adding type registration java.time.LocalDate -> org.hibernate.type.BasicTypeReference@10bdfbcc
2024-05-01T22:51:06.046-04:00 DEBUG 181167 --- [salessrv] [           main] org.hibernate.type.BasicTypeRegistry     : Adding type registration LocalTime -> org.hibernate.type.BasicTypeReference@25b74370
2024-05-01T22:51:06.046-04:00 DEBUG 181167 --- [salessrv] [           main] org.hibernate.type.BasicTypeRegistry     : Adding type registration java.time.LocalTime -> org.hibernate.type.BasicTypeReference@25b74370
2024-05-01T22:51:06.046-04:00 DEBUG 181167 --- [salessrv] [           main] org.hibernate.type.BasicTypeRegistry     : Adding type registration OffsetDateTime -> org.hibernate.type.BasicTypeReference@15e8c040
2024-05-01T22:51:06.047-04:00 DEBUG 181167 --- [salessrv] [           main] org.hibernate.type.BasicTypeRegistry     : Adding type registration java.time.OffsetDateTime -> org.hibernate.type.BasicTypeReference@15e8c040
2024-05-01T22:51:06.047-04:00 DEBUG 181167 --- [salessrv] [           main] org.hibernate.type.BasicTypeRegistry     : Adding type registration OffsetDateTimeWithTimezone -> org.hibernate.type.BasicTypeReference@1f71e024
2024-05-01T22:51:06.047-04:00 DEBUG 181167 --- [salessrv] [           main] org.hibernate.type.BasicTypeRegistry     : Adding type registration OffsetDateTimeWithoutTimezone -> org.hibernate.type.BasicTypeReference@60ed0b9d
2024-05-01T22:51:06.047-04:00 DEBUG 181167 --- [salessrv] [           main] org.hibernate.type.BasicTypeRegistry     : Adding type registration OffsetTime -> org.hibernate.type.BasicTypeReference@7f5e6833
2024-05-01T22:51:06.047-04:00 DEBUG 181167 --- [salessrv] [           main] org.hibernate.type.BasicTypeRegistry     : Adding type registration java.time.OffsetTime -> org.hibernate.type.BasicTypeReference@7f5e6833
2024-05-01T22:51:06.047-04:00 DEBUG 181167 --- [salessrv] [           main] org.hibernate.type.BasicTypeRegistry     : Adding type registration OffsetTimeUtc -> org.hibernate.type.BasicTypeReference@2c674d58
2024-05-01T22:51:06.047-04:00 DEBUG 181167 --- [salessrv] [           main] org.hibernate.type.BasicTypeRegistry     : Adding type registration OffsetTimeWithTimezone -> org.hibernate.type.BasicTypeReference@3c07e830
2024-05-01T22:51:06.047-04:00 DEBUG 181167 --- [salessrv] [           main] org.hibernate.type.BasicTypeRegistry     : Adding type registration OffsetTimeWithoutTimezone -> org.hibernate.type.BasicTypeReference@34beadce
2024-05-01T22:51:06.047-04:00 DEBUG 181167 --- [salessrv] [           main] org.hibernate.type.BasicTypeRegistry     : Adding type registration ZonedDateTime -> org.hibernate.type.BasicTypeReference@382d549a
2024-05-01T22:51:06.047-04:00 DEBUG 181167 --- [salessrv] [           main] org.hibernate.type.BasicTypeRegistry     : Adding type registration java.time.ZonedDateTime -> org.hibernate.type.BasicTypeReference@382d549a
2024-05-01T22:51:06.047-04:00 DEBUG 181167 --- [salessrv] [           main] org.hibernate.type.BasicTypeRegistry     : Adding type registration ZonedDateTimeWithTimezone -> org.hibernate.type.BasicTypeReference@2eb6d34a
2024-05-01T22:51:06.047-04:00 DEBUG 181167 --- [salessrv] [           main] org.hibernate.type.BasicTypeRegistry     : Adding type registration ZonedDateTimeWithoutTimezone -> org.hibernate.type.BasicTypeReference@2d73e8c4
2024-05-01T22:51:06.047-04:00 DEBUG 181167 --- [salessrv] [           main] org.hibernate.type.BasicTypeRegistry     : Adding type registration date -> org.hibernate.type.BasicTypeReference@6ce2e079
2024-05-01T22:51:06.047-04:00 DEBUG 181167 --- [salessrv] [           main] org.hibernate.type.BasicTypeRegistry     : Adding type registration java.sql.Date -> org.hibernate.type.BasicTypeReference@6ce2e079
2024-05-01T22:51:06.047-04:00 DEBUG 181167 --- [salessrv] [           main] org.hibernate.type.BasicTypeRegistry     : Adding type registration time -> org.hibernate.type.BasicTypeReference@3e39e0fb
2024-05-01T22:51:06.047-04:00 DEBUG 181167 --- [salessrv] [           main] org.hibernate.type.BasicTypeRegistry     : Adding type registration java.sql.Time -> org.hibernate.type.BasicTypeReference@3e39e0fb
2024-05-01T22:51:06.047-04:00 DEBUG 181167 --- [salessrv] [           main] org.hibernate.type.BasicTypeRegistry     : Adding type registration timestamp -> org.hibernate.type.BasicTypeReference@260d48f5
2024-05-01T22:51:06.047-04:00 DEBUG 181167 --- [salessrv] [           main] org.hibernate.type.BasicTypeRegistry     : Adding type registration java.sql.Timestamp -> org.hibernate.type.BasicTypeReference@260d48f5
2024-05-01T22:51:06.047-04:00 DEBUG 181167 --- [salessrv] [           main] org.hibernate.type.BasicTypeRegistry     : Adding type registration java.util.Date -> org.hibernate.type.BasicTypeReference@260d48f5
2024-05-01T22:51:06.047-04:00 DEBUG 181167 --- [salessrv] [           main] org.hibernate.type.BasicTypeRegistry     : Adding type registration calendar -> org.hibernate.type.BasicTypeReference@148ab138
2024-05-01T22:51:06.047-04:00 DEBUG 181167 --- [salessrv] [           main] org.hibernate.type.BasicTypeRegistry     : Adding type registration java.util.Calendar -> org.hibernate.type.BasicTypeReference@148ab138
2024-05-01T22:51:06.048-04:00 DEBUG 181167 --- [salessrv] [           main] org.hibernate.type.BasicTypeRegistry     : Adding type registration java.util.GregorianCalendar -> org.hibernate.type.BasicTypeReference@148ab138
2024-05-01T22:51:06.048-04:00 DEBUG 181167 --- [salessrv] [           main] org.hibernate.type.BasicTypeRegistry     : Adding type registration calendar_date -> org.hibernate.type.BasicTypeReference@6f106af8
2024-05-01T22:51:06.048-04:00 DEBUG 181167 --- [salessrv] [           main] org.hibernate.type.BasicTypeRegistry     : Adding type registration calendar_time -> org.hibernate.type.BasicTypeReference@1edf71d9
2024-05-01T22:51:06.048-04:00 DEBUG 181167 --- [salessrv] [           main] org.hibernate.type.BasicTypeRegistry     : Adding type registration instant -> org.hibernate.type.BasicTypeReference@52d9d817
2024-05-01T22:51:06.048-04:00 DEBUG 181167 --- [salessrv] [           main] org.hibernate.type.BasicTypeRegistry     : Adding type registration java.time.Instant -> org.hibernate.type.BasicTypeReference@52d9d817
2024-05-01T22:51:06.048-04:00 DEBUG 181167 --- [salessrv] [           main] org.hibernate.type.BasicTypeRegistry     : Adding type registration uuid -> org.hibernate.type.BasicTypeReference@131ba005
2024-05-01T22:51:06.048-04:00 DEBUG 181167 --- [salessrv] [           main] org.hibernate.type.BasicTypeRegistry     : Adding type registration java.util.UUID -> org.hibernate.type.BasicTypeReference@131ba005
2024-05-01T22:51:06.048-04:00 DEBUG 181167 --- [salessrv] [           main] org.hibernate.type.BasicTypeRegistry     : Adding type registration pg-uuid -> org.hibernate.type.BasicTypeReference@131ba005
2024-05-01T22:51:06.048-04:00 DEBUG 181167 --- [salessrv] [           main] org.hibernate.type.BasicTypeRegistry     : Adding type registration uuid-binary -> org.hibernate.type.BasicTypeReference@7f305f34
2024-05-01T22:51:06.048-04:00 DEBUG 181167 --- [salessrv] [           main] org.hibernate.type.BasicTypeRegistry     : Adding type registration uuid-char -> org.hibernate.type.BasicTypeReference@1a84a8b2
2024-05-01T22:51:06.048-04:00 DEBUG 181167 --- [salessrv] [           main] org.hibernate.type.BasicTypeRegistry     : Adding type registration class -> org.hibernate.type.BasicTypeReference@601d295
2024-05-01T22:51:06.048-04:00 DEBUG 181167 --- [salessrv] [           main] org.hibernate.type.BasicTypeRegistry     : Adding type registration java.lang.Class -> org.hibernate.type.BasicTypeReference@601d295
2024-05-01T22:51:06.048-04:00 DEBUG 181167 --- [salessrv] [           main] org.hibernate.type.BasicTypeRegistry     : Adding type registration currency -> org.hibernate.type.BasicTypeReference@485451d8
2024-05-01T22:51:06.048-04:00 DEBUG 181167 --- [salessrv] [           main] org.hibernate.type.BasicTypeRegistry     : Adding type registration Currency -> org.hibernate.type.BasicTypeReference@485451d8
2024-05-01T22:51:06.048-04:00 DEBUG 181167 --- [salessrv] [           main] org.hibernate.type.BasicTypeRegistry     : Adding type registration java.util.Currency -> org.hibernate.type.BasicTypeReference@485451d8
2024-05-01T22:51:06.048-04:00 DEBUG 181167 --- [salessrv] [           main] org.hibernate.type.BasicTypeRegistry     : Adding type registration locale -> org.hibernate.type.BasicTypeReference@35e07e19
2024-05-01T22:51:06.048-04:00 DEBUG 181167 --- [salessrv] [           main] org.hibernate.type.BasicTypeRegistry     : Adding type registration java.util.Locale -> org.hibernate.type.BasicTypeReference@35e07e19
2024-05-01T22:51:06.048-04:00 DEBUG 181167 --- [salessrv] [           main] org.hibernate.type.BasicTypeRegistry     : Adding type registration serializable -> org.hibernate.type.BasicTypeReference@a1e912f
2024-05-01T22:51:06.048-04:00 DEBUG 181167 --- [salessrv] [           main] org.hibernate.type.BasicTypeRegistry     : Adding type registration java.io.Serializable -> org.hibernate.type.BasicTypeReference@a1e912f
2024-05-01T22:51:06.048-04:00 DEBUG 181167 --- [salessrv] [           main] org.hibernate.type.BasicTypeRegistry     : Adding type registration timezone -> org.hibernate.type.BasicTypeReference@2036f83
2024-05-01T22:51:06.048-04:00 DEBUG 181167 --- [salessrv] [           main] org.hibernate.type.BasicTypeRegistry     : Adding type registration java.util.TimeZone -> org.hibernate.type.BasicTypeReference@2036f83
2024-05-01T22:51:06.048-04:00 DEBUG 181167 --- [salessrv] [           main] org.hibernate.type.BasicTypeRegistry     : Adding type registration ZoneOffset -> org.hibernate.type.BasicTypeReference@68b3248a
2024-05-01T22:51:06.048-04:00 DEBUG 181167 --- [salessrv] [           main] org.hibernate.type.BasicTypeRegistry     : Adding type registration java.time.ZoneOffset -> org.hibernate.type.BasicTypeReference@68b3248a
2024-05-01T22:51:06.048-04:00 DEBUG 181167 --- [salessrv] [           main] org.hibernate.type.BasicTypeRegistry     : Adding type registration url -> org.hibernate.type.BasicTypeReference@5e158f33
2024-05-01T22:51:06.048-04:00 DEBUG 181167 --- [salessrv] [           main] org.hibernate.type.BasicTypeRegistry     : Adding type registration java.net.URL -> org.hibernate.type.BasicTypeReference@5e158f33
2024-05-01T22:51:06.048-04:00 DEBUG 181167 --- [salessrv] [           main] org.hibernate.type.BasicTypeRegistry     : Adding type registration vector -> org.hibernate.type.BasicTypeReference@20fcea37
2024-05-01T22:51:06.048-04:00 DEBUG 181167 --- [salessrv] [           main] org.hibernate.type.BasicTypeRegistry     : Adding type registration row_version -> org.hibernate.type.BasicTypeReference@399af6dc
2024-05-01T22:51:06.048-04:00 DEBUG 181167 --- [salessrv] [           main] org.hibernate.type.BasicTypeRegistry     : Adding type registration object -> org.hibernate.type.JavaObjectType@42ff9a77
2024-05-01T22:51:06.049-04:00 DEBUG 181167 --- [salessrv] [           main] org.hibernate.type.BasicTypeRegistry     : Adding type registration java.lang.Object -> org.hibernate.type.JavaObjectType@42ff9a77
2024-05-01T22:51:06.049-04:00 DEBUG 181167 --- [salessrv] [           main] org.hibernate.type.BasicTypeRegistry     : Adding type registration null -> org.hibernate.type.NullType@47fa3671
2024-05-01T22:51:06.049-04:00 DEBUG 181167 --- [salessrv] [           main] org.hibernate.type.BasicTypeRegistry     : Adding type registration imm_date -> org.hibernate.type.BasicTypeReference@335ff774
2024-05-01T22:51:06.049-04:00 DEBUG 181167 --- [salessrv] [           main] org.hibernate.type.BasicTypeRegistry     : Adding type registration imm_time -> org.hibernate.type.BasicTypeReference@386b4f7e
2024-05-01T22:51:06.049-04:00 DEBUG 181167 --- [salessrv] [           main] org.hibernate.type.BasicTypeRegistry     : Adding type registration imm_timestamp -> org.hibernate.type.BasicTypeReference@4c131823
2024-05-01T22:51:06.049-04:00 DEBUG 181167 --- [salessrv] [           main] org.hibernate.type.BasicTypeRegistry     : Adding type registration imm_calendar -> org.hibernate.type.BasicTypeReference@2453cbb7
2024-05-01T22:51:06.049-04:00 DEBUG 181167 --- [salessrv] [           main] org.hibernate.type.BasicTypeRegistry     : Adding type registration imm_calendar_date -> org.hibernate.type.BasicTypeReference@68fb6c1e
2024-05-01T22:51:06.049-04:00 DEBUG 181167 --- [salessrv] [           main] org.hibernate.type.BasicTypeRegistry     : Adding type registration imm_calendar_time -> org.hibernate.type.BasicTypeReference@a89dec0
2024-05-01T22:51:06.049-04:00 DEBUG 181167 --- [salessrv] [           main] org.hibernate.type.BasicTypeRegistry     : Adding type registration imm_binary -> org.hibernate.type.BasicTypeReference@5e8f1db2
2024-05-01T22:51:06.049-04:00 DEBUG 181167 --- [salessrv] [           main] org.hibernate.type.BasicTypeRegistry     : Adding type registration imm_serializable -> org.hibernate.type.BasicTypeReference@64bb6ba7
2024-05-01T22:51:06.051-04:00 DEBUG 181167 --- [salessrv] [           main] o.h.boot.internal.BootstrapContextImpl   : Injecting JPA temp ClassLoader [org.springframework.instrument.classloading.SimpleThrowawayClassLoader@13a8cb4e] into BootstrapContext; was [null]
2024-05-01T22:51:06.051-04:00 DEBUG 181167 --- [salessrv] [           main] o.h.boot.internal.ClassLoaderAccessImpl  : ClassLoaderAccessImpl#injectTempClassLoader(org.springframework.instrument.classloading.SimpleThrowawayClassLoader@13a8cb4e) [was null]
2024-05-01T22:51:06.051-04:00 DEBUG 181167 --- [salessrv] [           main] o.h.boot.internal.BootstrapContextImpl   : Injecting ScanEnvironment [org.hibernate.jpa.boot.internal.StandardJpaScanEnvironmentImpl@35ec3604] into BootstrapContext; was [null]
2024-05-01T22:51:06.051-04:00 DEBUG 181167 --- [salessrv] [           main] o.h.boot.internal.BootstrapContextImpl   : Injecting ScanOptions [org.hibernate.boot.archive.scan.internal.StandardScanOptions@ab5954d] into BootstrapContext; was [org.hibernate.boot.archive.scan.internal.StandardScanOptions@466f7259]
2024-05-01T22:51:06.056-04:00  INFO 181167 --- [salessrv] [           main] o.s.o.j.p.SpringPersistenceUnitInfo      : No LoadTimeWeaver setup: ignoring JPA class transformer
2024-05-01T22:51:06.056-04:00 DEBUG 181167 --- [salessrv] [           main] o.h.boot.internal.BootstrapContextImpl   : Injecting JPA temp ClassLoader [null] into BootstrapContext; was [org.springframework.instrument.classloading.SimpleThrowawayClassLoader@13a8cb4e]
2024-05-01T22:51:06.056-04:00 DEBUG 181167 --- [salessrv] [           main] o.h.boot.internal.ClassLoaderAccessImpl  : ClassLoaderAccessImpl#injectTempClassLoader(null) [was org.springframework.instrument.classloading.SimpleThrowawayClassLoader@13a8cb4e]
2024-05-01T22:51:06.057-04:00  INFO 181167 --- [salessrv] [           main] com.zaxxer.hikari.HikariDataSource       : HikariPool-2 - Starting...
2024-05-01T22:51:06.058-04:00  WARN 181167 --- [salessrv] [           main] c.zaxxer.hikari.util.DriverDataSource    : Registered driver with driverClassName=oracle.jdbc.driver.OracleDriver was not found, trying direct instantiation.
2024-05-01T22:51:07.266-04:00  INFO 181167 --- [salessrv] [           main] com.zaxxer.hikari.pool.HikariPool        : HikariPool-2 - Added connection oracle.jdbc.driver.T4CConnection@3e7c66b3
2024-05-01T22:51:07.266-04:00  INFO 181167 --- [salessrv] [           main] com.zaxxer.hikari.HikariDataSource       : HikariPool-2 - Start completed.
2024-05-01T22:51:07.267-04:00 DEBUG 181167 --- [salessrv] [           main] o.h.e.j.e.i.JdbcEnvironmentInitiator     : Database ->
       name : Oracle
    version : Oracle Database 19c Enterprise Edition Release 19.0.0.0.0 - Production
Version 19.23.0.1.0
      major : 19
      minor : 0
2024-05-01T22:51:07.267-04:00 DEBUG 181167 --- [salessrv] [           main] o.h.e.j.e.i.JdbcEnvironmentInitiator     : Driver ->
       name : Oracle JDBC driver
    version : 21.9.0.0.0
      major : 21
      minor : 9
2024-05-01T22:51:07.267-04:00 DEBUG 181167 --- [salessrv] [           main] o.h.e.j.e.i.JdbcEnvironmentInitiator     : JDBC version : 4.3
2024-05-01T22:51:07.287-04:00  WARN 181167 --- [salessrv] [           main] org.hibernate.orm.deprecation            : HHH90000025: OracleDialect does not need to be specified explicitly using 'hibernate.dialect' (remove the property setting and it will be selected by default)
2024-05-01T22:51:07.287-04:00 DEBUG 181167 --- [salessrv] [           main] org.hibernate.orm.dialect                : HHH035001: Using dialect: org.hibernate.dialect.OracleDialect, version: 19.0
2024-05-01T22:51:07.368-04:00 DEBUG 181167 --- [salessrv] [           main] o.h.t.d.jdbc.spi.JdbcTypeRegistry        : addDescriptor(NCharTypeDescriptor) replaced previous registration(CharTypeDescriptor)
2024-05-01T22:51:07.368-04:00 DEBUG 181167 --- [salessrv] [           main] o.h.t.d.jdbc.spi.JdbcTypeRegistry        : addDescriptor(NVarcharTypeDescriptor) replaced previous registration(VarcharTypeDescriptor)
2024-05-01T22:51:07.368-04:00 DEBUG 181167 --- [salessrv] [           main] o.h.t.d.jdbc.spi.JdbcTypeRegistry        : addDescriptor(LongNVarcharTypeDescriptor) replaced previous registration(LongVarcharTypeDescriptor)
2024-05-01T22:51:07.368-04:00 DEBUG 181167 --- [salessrv] [           main] o.h.t.d.jdbc.spi.JdbcTypeRegistry        : addDescriptor(NClobTypeDescriptor(DEFAULT)) replaced previous registration(ClobTypeDescriptor(DEFAULT))
2024-05-01T22:51:07.368-04:00 DEBUG 181167 --- [salessrv] [           main] o.h.t.d.jdbc.spi.JdbcTypeRegistry        : addDescriptor(2005, ClobTypeDescriptor(STREAM_BINDING)) replaced previous registration(ClobTypeDescriptor(DEFAULT))
2024-05-01T22:51:07.368-04:00 DEBUG 181167 --- [salessrv] [           main] o.h.t.d.jdbc.spi.JdbcTypeRegistry        : addDescriptor(BooleanTypeDescriptor) replaced previous registration(BooleanTypeDescriptor)
2024-05-01T22:51:07.369-04:00 DEBUG 181167 --- [salessrv] [           main] org.hibernate.type.BasicTypeRegistry     : Adding type registration null -> org.hibernate.type.NullType@3d056418
2024-05-01T22:51:07.369-04:00 DEBUG 181167 --- [salessrv] [           main] org.hibernate.type.BasicTypeRegistry     : Type registration key [null] overrode previous entry : `org.hibernate.type.NullType@47fa3671`
2024-05-01T22:51:07.369-04:00 DEBUG 181167 --- [salessrv] [           main] org.hibernate.type.BasicTypeRegistry     : Adding type registration JAVA_OBJECT -> org.hibernate.type.JavaObjectType@769d0ef2
2024-05-01T22:51:07.369-04:00 DEBUG 181167 --- [salessrv] [           main] org.hibernate.type.BasicTypeRegistry     : Adding type registration java.lang.Object -> org.hibernate.type.JavaObjectType@769d0ef2
2024-05-01T22:51:07.369-04:00 DEBUG 181167 --- [salessrv] [           main] org.hibernate.type.BasicTypeRegistry     : Type registration key [java.lang.Object] overrode previous entry : `org.hibernate.type.JavaObjectType@42ff9a77`
2024-05-01T22:51:07.369-04:00 DEBUG 181167 --- [salessrv] [           main] org.hibernate.type.BasicTypeRegistry     : Adding type registration org.hibernate.type.DurationType -> basicType@22(java.time.Duration,3015)
2024-05-01T22:51:07.369-04:00 DEBUG 181167 --- [salessrv] [           main] org.hibernate.type.BasicTypeRegistry     : Adding type registration Duration -> basicType@22(java.time.Duration,3015)
2024-05-01T22:51:07.369-04:00 DEBUG 181167 --- [salessrv] [           main] org.hibernate.type.BasicTypeRegistry     : Adding type registration java.time.Duration -> basicType@22(java.time.Duration,3015)
2024-05-01T22:51:07.369-04:00 DEBUG 181167 --- [salessrv] [           main] o.h.type.spi.TypeConfiguration$Scope     : Scoping TypeConfiguration [org.hibernate.type.spi.TypeConfiguration@6d58ed12] to MetadataBuildingContext [org.hibernate.boot.internal.MetadataBuildingContextRootImpl@221ef0f0]
2024-05-01T22:51:07.369-04:00 DEBUG 181167 --- [salessrv] [           main] o.h.boot.model.relational.Namespace      : Created database namespace [logicalName=Name{catalog=null, schema=null}, physicalName=Name{catalog=null, schema=null}]
2024-05-01T22:51:07.370-04:00 DEBUG 181167 --- [salessrv] [           main] o.h.boot.model.internal.EntityBinder     : Binding entity from annotated class: com.example.salessrv.Product
2024-05-01T22:51:07.371-04:00 DEBUG 181167 --- [salessrv] [           main] o.h.boot.model.internal.EntityBinder     : Import with entity name Product
2024-05-01T22:51:07.371-04:00 DEBUG 181167 --- [salessrv] [           main] o.h.boot.model.internal.EntityBinder     : Bind entity com.example.salessrv.Product on table product
2024-05-01T22:51:07.374-04:00 DEBUG 181167 --- [salessrv] [           main] o.h.boot.model.internal.AnnotatedColumn  : Binding column: AnnotatedDiscriminatorColumn(column='DTYPE')
2024-05-01T22:51:07.378-04:00 DEBUG 181167 --- [salessrv] [           main] o.h.boot.model.internal.AnnotatedColumn  : Binding column: AnnotatedColumn(column='id')
2024-05-01T22:51:07.379-04:00 DEBUG 181167 --- [salessrv] [           main] o.h.boot.internal.ClassLoaderAccessImpl  : Not known whether passed class name [com.example.salessrv.Product] is safe
2024-05-01T22:51:07.379-04:00 DEBUG 181167 --- [salessrv] [           main] o.h.boot.internal.ClassLoaderAccessImpl  : No temp ClassLoader provided; using live ClassLoader for loading potentially unsafe class : com.example.salessrv.Product
2024-05-01T22:51:07.379-04:00 DEBUG 181167 --- [salessrv] [           main] o.h.boot.model.internal.PropertyBinder   : MetadataSourceProcessor property id with lazy=false
2024-05-01T22:51:07.379-04:00 DEBUG 181167 --- [salessrv] [           main] o.h.b.m.internal.AbstractPropertyHolder  : Attempting to locate auto-apply AttributeConverter for property [com.example.salessrv.Product:id]
2024-05-01T22:51:07.379-04:00 DEBUG 181167 --- [salessrv] [           main] o.h.b.model.internal.BasicValueBinder    : building BasicValue for id
2024-05-01T22:51:07.379-04:00 DEBUG 181167 --- [salessrv] [           main] org.hibernate.mapping.BasicValue         : Skipping column re-registration: product.id
2024-05-01T22:51:07.379-04:00 DEBUG 181167 --- [salessrv] [           main] o.h.boot.model.internal.PropertyBinder   : Building property id
2024-05-01T22:51:07.379-04:00 DEBUG 181167 --- [salessrv] [           main] o.h.boot.model.internal.BinderHelper     : #makeIdGenerator(BasicValue([Column(id)]), id, identity, , ...)
2024-05-01T22:51:07.379-04:00 DEBUG 181167 --- [salessrv] [           main] o.h.boot.model.internal.AnnotatedColumn  : Binding column: AnnotatedColumn(column='name')
2024-05-01T22:51:07.380-04:00 DEBUG 181167 --- [salessrv] [           main] o.h.boot.model.internal.PropertyBinder   : MetadataSourceProcessor property name with lazy=false
2024-05-01T22:51:07.380-04:00 DEBUG 181167 --- [salessrv] [           main] o.h.b.m.internal.AbstractPropertyHolder  : Attempting to locate auto-apply AttributeConverter for property [com.example.salessrv.Product:name]
2024-05-01T22:51:07.380-04:00 DEBUG 181167 --- [salessrv] [           main] o.h.b.model.internal.BasicValueBinder    : building BasicValue for name
2024-05-01T22:51:07.380-04:00 DEBUG 181167 --- [salessrv] [           main] org.hibernate.mapping.BasicValue         : Skipping column re-registration: product.name
2024-05-01T22:51:07.380-04:00 DEBUG 181167 --- [salessrv] [           main] o.h.boot.model.internal.PropertyBinder   : Building property name
2024-05-01T22:51:07.380-04:00 DEBUG 181167 --- [salessrv] [           main] o.h.boot.model.internal.AnnotatedColumn  : Binding column: AnnotatedColumn(column='price')
2024-05-01T22:51:07.380-04:00 DEBUG 181167 --- [salessrv] [           main] o.h.boot.model.internal.PropertyBinder   : MetadataSourceProcessor property price with lazy=false
2024-05-01T22:51:07.380-04:00 DEBUG 181167 --- [salessrv] [           main] o.h.b.m.internal.AbstractPropertyHolder  : Attempting to locate auto-apply AttributeConverter for property [com.example.salessrv.Product:price]
2024-05-01T22:51:07.380-04:00 DEBUG 181167 --- [salessrv] [           main] o.h.b.model.internal.BasicValueBinder    : building BasicValue for price
2024-05-01T22:51:07.380-04:00 DEBUG 181167 --- [salessrv] [           main] org.hibernate.mapping.BasicValue         : Skipping column re-registration: product.price
2024-05-01T22:51:07.380-04:00 DEBUG 181167 --- [salessrv] [           main] o.h.boot.model.internal.PropertyBinder   : Building property price
2024-05-01T22:51:07.381-04:00 DEBUG 181167 --- [salessrv] [           main] o.h.boot.model.internal.AnnotatedColumn  : Binding column: AnnotatedColumn(column='quantity')
2024-05-01T22:51:07.381-04:00 DEBUG 181167 --- [salessrv] [           main] o.h.boot.model.internal.PropertyBinder   : MetadataSourceProcessor property quantity with lazy=false
2024-05-01T22:51:07.381-04:00 DEBUG 181167 --- [salessrv] [           main] o.h.b.m.internal.AbstractPropertyHolder  : Attempting to locate auto-apply AttributeConverter for property [com.example.salessrv.Product:quantity]
2024-05-01T22:51:07.381-04:00 DEBUG 181167 --- [salessrv] [           main] o.h.b.model.internal.BasicValueBinder    : building BasicValue for quantity
2024-05-01T22:51:07.381-04:00 DEBUG 181167 --- [salessrv] [           main] org.hibernate.mapping.BasicValue         : Skipping column re-registration: product.quantity
2024-05-01T22:51:07.381-04:00 DEBUG 181167 --- [salessrv] [           main] o.h.boot.model.internal.PropertyBinder   : Building property quantity
2024-05-01T22:51:07.381-04:00 DEBUG 181167 --- [salessrv] [           main] o.h.boot.model.internal.AnnotatedColumn  : Binding column: AnnotatedJoinColumn(column='sale_id')
2024-05-01T22:51:07.382-04:00 DEBUG 181167 --- [salessrv] [           main] o.h.boot.model.internal.AnnotatedColumn  : Binding column: AnnotatedColumn()
2024-05-01T22:51:07.382-04:00 DEBUG 181167 --- [salessrv] [           main] o.h.boot.model.internal.PropertyBinder   : Building property sale
2024-05-01T22:51:07.383-04:00 DEBUG 181167 --- [salessrv] [           main] o.h.b.r.c.i.ClassLoaderServiceImpl       : HHH000194: Package not found or wo package-info.java: com.example.salessrv
2024-05-01T22:51:07.384-04:00 DEBUG 181167 --- [salessrv] [           main] o.h.boot.model.internal.EntityBinder     : Binding entity from annotated class: com.example.salessrv.model.Sale
2024-05-01T22:51:07.385-04:00 DEBUG 181167 --- [salessrv] [           main] o.h.boot.model.internal.EntityBinder     : Import with entity name Sale
2024-05-01T22:51:07.385-04:00 DEBUG 181167 --- [salessrv] [           main] o.h.boot.model.internal.EntityBinder     : Bind entity com.example.salessrv.model.Sale on table sale
2024-05-01T22:51:07.386-04:00 DEBUG 181167 --- [salessrv] [           main] o.h.boot.model.internal.AnnotatedColumn  : Binding column: AnnotatedDiscriminatorColumn(column='DTYPE')
2024-05-01T22:51:07.393-04:00 DEBUG 181167 --- [salessrv] [           main] o.h.boot.model.internal.AnnotatedColumn  : Binding column: AnnotatedColumn(column='id')
2024-05-01T22:51:07.393-04:00 DEBUG 181167 --- [salessrv] [           main] o.h.boot.internal.ClassLoaderAccessImpl  : Not known whether passed class name [com.example.salessrv.model.Sale] is safe
2024-05-01T22:51:07.393-04:00 DEBUG 181167 --- [salessrv] [           main] o.h.boot.internal.ClassLoaderAccessImpl  : No temp ClassLoader provided; using live ClassLoader for loading potentially unsafe class : com.example.salessrv.model.Sale
2024-05-01T22:51:07.393-04:00 DEBUG 181167 --- [salessrv] [           main] o.h.boot.model.internal.PropertyBinder   : MetadataSourceProcessor property id with lazy=false
2024-05-01T22:51:07.393-04:00 DEBUG 181167 --- [salessrv] [           main] o.h.b.m.internal.AbstractPropertyHolder  : Attempting to locate auto-apply AttributeConverter for property [com.example.salessrv.model.Sale:id]
2024-05-01T22:51:07.393-04:00 DEBUG 181167 --- [salessrv] [           main] o.h.b.model.internal.BasicValueBinder    : building BasicValue for id
2024-05-01T22:51:07.394-04:00 DEBUG 181167 --- [salessrv] [           main] org.hibernate.mapping.BasicValue         : Skipping column re-registration: sale.id
2024-05-01T22:51:07.394-04:00 DEBUG 181167 --- [salessrv] [           main] o.h.boot.model.internal.PropertyBinder   : Building property id
2024-05-01T22:51:07.394-04:00 DEBUG 181167 --- [salessrv] [           main] o.h.boot.model.internal.BinderHelper     : #makeIdGenerator(BasicValue([Column(id)]), id, identity, , ...)
2024-05-01T22:51:07.394-04:00 DEBUG 181167 --- [salessrv] [           main] o.h.boot.model.internal.AnnotatedColumn  : Binding column: AnnotatedJoinColumn()
2024-05-01T22:51:07.394-04:00 DEBUG 181167 --- [salessrv] [           main] o.h.boot.model.internal.AnnotatedColumn  : Binding column: AnnotatedColumn()
2024-05-01T22:51:07.395-04:00 DEBUG 181167 --- [salessrv] [           main] o.h.boot.model.internal.AnnotatedColumn  : Binding column: IndexColumn(column='products_ORDER')
2024-05-01T22:51:07.395-04:00 DEBUG 181167 --- [salessrv] [           main] o.h.boot.model.internal.AnnotatedColumn  : Binding column: AnnotatedColumn()
2024-05-01T22:51:07.395-04:00 DEBUG 181167 --- [salessrv] [           main] o.h.boot.model.internal.AnnotatedColumn  : Binding column: AnnotatedColumn(column='products_KEY')
2024-05-01T22:51:07.395-04:00 DEBUG 181167 --- [salessrv] [           main] o.h.boot.model.internal.AnnotatedColumn  : Binding column: AnnotatedJoinColumn(column='products_KEY')
2024-05-01T22:51:07.396-04:00 DEBUG 181167 --- [salessrv] [           main] o.h.boot.model.internal.AnnotatedColumn  : Binding column: AnnotatedJoinColumn()
2024-05-01T22:51:07.396-04:00 DEBUG 181167 --- [salessrv] [           main] o.h.boot.model.internal.AnnotatedColumn  : Binding column: AnnotatedJoinColumn()
2024-05-01T22:51:07.396-04:00 DEBUG 181167 --- [salessrv] [           main] o.h.b.model.internal.CollectionBinder    : Collection role: com.example.salessrv.model.Sale.products
2024-05-01T22:51:07.396-04:00 DEBUG 181167 --- [salessrv] [           main] o.h.boot.model.internal.PropertyBinder   : Building property products
2024-05-01T22:51:07.396-04:00 DEBUG 181167 --- [salessrv] [           main] o.h.boot.model.internal.AnnotatedColumn  : Binding column: AnnotatedColumn(column='sale_date')
2024-05-01T22:51:07.396-04:00 DEBUG 181167 --- [salessrv] [           main] o.h.boot.model.internal.PropertyBinder   : MetadataSourceProcessor property saleDate with lazy=false
2024-05-01T22:51:07.396-04:00 DEBUG 181167 --- [salessrv] [           main] o.h.b.m.internal.AbstractPropertyHolder  : Attempting to locate auto-apply AttributeConverter for property [com.example.salessrv.model.Sale:saleDate]
2024-05-01T22:51:07.396-04:00 DEBUG 181167 --- [salessrv] [           main] o.h.b.model.internal.BasicValueBinder    : building BasicValue for saleDate
2024-05-01T22:51:07.396-04:00 DEBUG 181167 --- [salessrv] [           main] org.hibernate.mapping.BasicValue         : Skipping column re-registration: sale.sale_date
2024-05-01T22:51:07.396-04:00 DEBUG 181167 --- [salessrv] [           main] o.h.boot.model.internal.PropertyBinder   : Building property saleDate
2024-05-01T22:51:07.397-04:00 DEBUG 181167 --- [salessrv] [           main] o.h.b.r.c.i.ClassLoaderServiceImpl       : HHH000194: Package not found or wo package-info.java: com.example.salessrv.model
2024-05-01T22:51:07.399-04:00 DEBUG 181167 --- [salessrv] [           main] o.h.b.model.internal.BasicValueBinder    : Starting `BasicValueBinder#fillSimpleValue` for id
2024-05-01T22:51:07.399-04:00 DEBUG 181167 --- [salessrv] [           main] o.h.b.model.internal.BasicValueBinder    : Starting `BasicValueBinder#fillSimpleValue` for name
2024-05-01T22:51:07.399-04:00 DEBUG 181167 --- [salessrv] [           main] o.h.b.model.internal.BasicValueBinder    : Starting `BasicValueBinder#fillSimpleValue` for price
2024-05-01T22:51:07.399-04:00 DEBUG 181167 --- [salessrv] [           main] o.h.b.model.internal.BasicValueBinder    : Starting `BasicValueBinder#fillSimpleValue` for quantity
2024-05-01T22:51:07.399-04:00 DEBUG 181167 --- [salessrv] [           main] o.h.b.model.internal.BasicValueBinder    : Starting `BasicValueBinder#fillSimpleValue` for id
2024-05-01T22:51:07.399-04:00 DEBUG 181167 --- [salessrv] [           main] o.h.b.model.internal.BasicValueBinder    : Starting `BasicValueBinder#fillSimpleValue` for saleDate
2024-05-01T22:51:07.399-04:00 DEBUG 181167 --- [salessrv] [           main] org.hibernate.mapping.PrimaryKey         : Forcing column [id] to be non-null as it is part of the primary key for table [product]
2024-05-01T22:51:07.399-04:00 DEBUG 181167 --- [salessrv] [           main] org.hibernate.mapping.PrimaryKey         : Forcing column [id] to be non-null as it is part of the primary key for table [sale]
2024-05-01T22:51:07.400-04:00 DEBUG 181167 --- [salessrv] [           main] o.h.b.m.internal.CollectionSecondPass    : Second pass for collection: com.example.salessrv.model.Sale.products
2024-05-01T22:51:07.400-04:00 DEBUG 181167 --- [salessrv] [           main] o.h.b.model.internal.CollectionBinder    : Binding a OneToMany: com.example.salessrv.model.Sale.products through a foreign key
2024-05-01T22:51:07.400-04:00 DEBUG 181167 --- [salessrv] [           main] o.h.b.model.internal.CollectionBinder    : Mapping collection: com.example.salessrv.model.Sale.products -> product
2024-05-01T22:51:07.400-04:00 DEBUG 181167 --- [salessrv] [           main] o.h.boot.model.internal.TableBinder      : Retrieving property com.example.salessrv.Product.sale
2024-05-01T22:51:07.400-04:00 DEBUG 181167 --- [salessrv] [           main] o.h.b.m.internal.CollectionSecondPass    : Mapped collection key: sale_id, one-to-many: com.example.salessrv.Product
2024-05-01T22:51:07.401-04:00 DEBUG 181167 --- [salessrv] [           main] o.h.b.i.InFlightMetadataCollectorImpl    : Resolving reference to class: com.example.salessrv.model.Sale
2024-05-01T22:51:07.424-04:00 DEBUG 181167 --- [salessrv] [           main] o.h.b.i.InFlightMetadataCollectorImpl    : Resolving reference to class: com.example.salessrv.model.Sale
2024-05-01T22:51:07.444-04:00 DEBUG 181167 --- [salessrv] [           main] o.hibernate.internal.SessionFactoryImpl  : Building session factory
2024-05-01T22:51:07.447-04:00 DEBUG 181167 --- [salessrv] [           main] .h.s.i.SessionFactoryServiceRegistryImpl : EventListenerRegistry access via ServiceRegistry is deprecated.  Use `sessionFactory.getEventEngine().getListenerRegistry()` instead
2024-05-01T22:51:07.448-04:00 DEBUG 181167 --- [salessrv] [           main] o.hibernate.internal.SessionFactoryImpl  : Instantiating SessionFactory with settings: {java.specification.version=17, hibernate.resource.beans.container=org.springframework.orm.hibernate5.SpringBeanContainer@5f0c45ae, hibernate.connection.handling_mode=DELAYED_ACQUISITION_AND_HOLD, sun.jnu.encoding=UTF-8, hibernate.dialect=org.hibernate.dialect.OracleDialect, hibernate.implicit_naming_strategy=org.springframework.boot.orm.jpa.hibernate.SpringImplicitNamingStrategy, java.class.path=/home/romero-developments/Documentos/Ingeniería en desarrollo de software/DESARROLLO FULLSTACK I/Semana 9/salessrv/target/test-classes:/home/romero-developments/Documentos/Ingeniería en desarrollo de software/DESARROLLO FULLSTACK I/Semana 9/salessrv/target/classes:/home/romero-developments/.m2/repository/org/springframework/boot/spring-boot-starter-web/3.2.5/spring-boot-starter-web-3.2.5.jar:/home/romero-developments/.m2/repository/org/springframework/boot/spring-boot-starter/3.2.5/spring-boot-starter-3.2.5.jar:/home/romero-developments/.m2/repository/org/springframework/boot/spring-boot-starter-logging/3.2.5/spring-boot-starter-logging-3.2.5.jar:/home/romero-developments/.m2/repository/ch/qos/logback/logback-classic/1.4.14/logback-classic-1.4.14.jar:/home/romero-developments/.m2/repository/ch/qos/logback/logback-core/1.4.14/logback-core-1.4.14.jar:/home/romero-developments/.m2/repository/org/apache/logging/log4j/log4j-to-slf4j/2.21.1/log4j-to-slf4j-2.21.1.jar:/home/romero-developments/.m2/repository/org/apache/logging/log4j/log4j-api/2.21.1/log4j-api-2.21.1.jar:/home/romero-developments/.m2/repository/org/slf4j/jul-to-slf4j/2.0.13/jul-to-slf4j-2.0.13.jar:/home/romero-developments/.m2/repository/jakarta/annotation/jakarta.annotation-api/2.1.1/jakarta.annotation-api-2.1.1.jar:/home/romero-developments/.m2/repository/org/yaml/snakeyaml/2.2/snakeyaml-2.2.jar:/home/romero-developments/.m2/repository/org/springframework/boot/spring-boot-starter-json/3.2.5/spring-boot-starter-json-3.2.5.jar:/home/romero-developments/.m2/repository/com/fasterxml/jackson/core/jackson-databind/2.15.4/jackson-databind-2.15.4.jar:/home/romero-developments/.m2/repository/com/fasterxml/jackson/core/jackson-annotations/2.15.4/jackson-annotations-2.15.4.jar:/home/romero-developments/.m2/repository/com/fasterxml/jackson/core/jackson-core/2.15.4/jackson-core-2.15.4.jar:/home/romero-developments/.m2/repository/com/fasterxml/jackson/datatype/jackson-datatype-jdk8/2.15.4/jackson-datatype-jdk8-2.15.4.jar:/home/romero-developments/.m2/repository/com/fasterxml/jackson/datatype/jackson-datatype-jsr310/2.15.4/jackson-datatype-jsr310-2.15.4.jar:/home/romero-developments/.m2/repository/com/fasterxml/jackson/module/jackson-module-parameter-names/2.15.4/jackson-module-parameter-names-2.15.4.jar:/home/romero-developments/.m2/repository/org/springframework/boot/spring-boot-starter-tomcat/3.2.5/spring-boot-starter-tomcat-3.2.5.jar:/home/romero-developments/.m2/repository/org/apache/tomcat/embed/tomcat-embed-core/10.1.20/tomcat-embed-core-10.1.20.jar:/home/romero-developments/.m2/repository/org/apache/tomcat/embed/tomcat-embed-el/10.1.20/tomcat-embed-el-10.1.20.jar:/home/romero-developments/.m2/repository/org/apache/tomcat/embed/tomcat-embed-websocket/10.1.20/tomcat-embed-websocket-10.1.20.jar:/home/romero-developments/.m2/repository/org/springframework/spring-web/6.1.6/spring-web-6.1.6.jar:/home/romero-developments/.m2/repository/org/springframework/spring-beans/6.1.6/spring-beans-6.1.6.jar:/home/romero-developments/.m2/repository/io/micrometer/micrometer-observation/1.12.5/micrometer-observation-1.12.5.jar:/home/romero-developments/.m2/repository/io/micrometer/micrometer-commons/1.12.5/micrometer-commons-1.12.5.jar:/home/romero-developments/.m2/repository/org/springframework/spring-webmvc/6.1.6/spring-webmvc-6.1.6.jar:/home/romero-developments/.m2/repository/org/springframework/spring-aop/6.1.6/spring-aop-6.1.6.jar:/home/romero-developments/.m2/repository/org/springframework/spring-context/6.1.6/spring-context-6.1.6.jar:/home/romero-developments/.m2/repository/org/springframework/spring-expression/6.1.6/spring-expression-6.1.6.jar:/home/romero-developments/.m2/repository/org/springframework/boot/spring-boot-devtools/3.2.5/spring-boot-devtools-3.2.5.jar:/home/romero-developments/.m2/repository/org/springframework/boot/spring-boot/3.2.5/spring-boot-3.2.5.jar:/home/romero-developments/.m2/repository/org/springframework/boot/spring-boot-autoconfigure/3.2.5/spring-boot-autoconfigure-3.2.5.jar:/home/romero-developments/.m2/repository/com/oracle/database/jdbc/ojdbc11/21.9.0.0/ojdbc11-21.9.0.0.jar:/home/romero-developments/.m2/repository/com/oracle/database/security/oraclepki/21.5.0.0/oraclepki-21.5.0.0.jar:/home/romero-developments/.m2/repository/com/oracle/database/security/osdt_cert/21.5.0.0/osdt_cert-21.5.0.0.jar:/home/romero-developments/.m2/repository/com/oracle/database/security/osdt_core/21.5.0.0/osdt_core-21.5.0.0.jar:/home/romero-developments/.m2/repository/org/projectlombok/lombok/1.18.32/lombok-1.18.32.jar:/home/romero-developments/.m2/repository/org/springframework/boot/spring-boot-starter-test/3.2.5/spring-boot-starter-test-3.2.5.jar:/home/romero-developments/.m2/repository/org/springframework/boot/spring-boot-test/3.2.5/spring-boot-test-3.2.5.jar:/home/romero-developments/.m2/repository/org/springframework/boot/spring-boot-test-autoconfigure/3.2.5/spring-boot-test-autoconfigure-3.2.5.jar:/home/romero-developments/.m2/repository/com/jayway/jsonpath/json-path/2.9.0/json-path-2.9.0.jar:/home/romero-developments/.m2/repository/org/slf4j/slf4j-api/2.0.13/slf4j-api-2.0.13.jar:/home/romero-developments/.m2/repository/jakarta/xml/bind/jakarta.xml.bind-api/4.0.2/jakarta.xml.bind-api-4.0.2.jar:/home/romero-developments/.m2/repository/jakarta/activation/jakarta.activation-api/2.1.3/jakarta.activation-api-2.1.3.jar:/home/romero-developments/.m2/repository/net/minidev/json-smart/2.5.1/json-smart-2.5.1.jar:/home/romero-developments/.m2/repository/net/minidev/accessors-smart/2.5.1/accessors-smart-2.5.1.jar:/home/romero-developments/.m2/repository/org/ow2/asm/asm/9.6/asm-9.6.jar:/home/romero-developments/.m2/repository/org/assertj/assertj-core/3.24.2/assertj-core-3.24.2.jar:/home/romero-developments/.m2/repository/net/bytebuddy/byte-buddy/1.14.13/byte-buddy-1.14.13.jar:/home/romero-developments/.m2/repository/org/awaitility/awaitility/4.2.1/awaitility-4.2.1.jar:/home/romero-developments/.m2/repository/org/hamcrest/hamcrest/2.2/hamcrest-2.2.jar:/home/romero-developments/.m2/repository/org/junit/jupiter/junit-jupiter/5.10.2/junit-jupiter-5.10.2.jar:/home/romero-developments/.m2/repository/org/junit/jupiter/junit-jupiter-api/5.10.2/junit-jupiter-api-5.10.2.jar:/home/romero-developments/.m2/repository/org/opentest4j/opentest4j/1.3.0/opentest4j-1.3.0.jar:/home/romero-developments/.m2/repository/org/junit/platform/junit-platform-commons/1.10.2/junit-platform-commons-1.10.2.jar:/home/romero-developments/.m2/repository/org/apiguardian/apiguardian-api/1.1.2/apiguardian-api-1.1.2.jar:/home/romero-developments/.m2/repository/org/junit/jupiter/junit-jupiter-params/5.10.2/junit-jupiter-params-5.10.2.jar:/home/romero-developments/.m2/repository/org/junit/jupiter/junit-jupiter-engine/5.10.2/junit-jupiter-engine-5.10.2.jar:/home/romero-developments/.m2/repository/org/junit/platform/junit-platform-engine/1.10.2/junit-platform-engine-1.10.2.jar:/home/romero-developments/.m2/repository/org/mockito/mockito-core/5.7.0/mockito-core-5.7.0.jar:/home/romero-developments/.m2/repository/net/bytebuddy/byte-buddy-agent/1.14.13/byte-buddy-agent-1.14.13.jar:/home/romero-developments/.m2/repository/org/objenesis/objenesis/3.3/objenesis-3.3.jar:/home/romero-developments/.m2/repository/org/mockito/mockito-junit-jupiter/5.7.0/mockito-junit-jupiter-5.7.0.jar:/home/romero-developments/.m2/repository/org/skyscreamer/jsonassert/1.5.1/jsonassert-1.5.1.jar:/home/romero-developments/.m2/repository/com/vaadin/external/google/android-json/0.0.20131108.vaadin1/android-json-0.0.20131108.vaadin1.jar:/home/romero-developments/.m2/repository/org/springframework/spring-core/6.1.6/spring-core-6.1.6.jar:/home/romero-developments/.m2/repository/org/springframework/spring-jcl/6.1.6/spring-jcl-6.1.6.jar:/home/romero-developments/.m2/repository/org/springframework/spring-test/6.1.6/spring-test-6.1.6.jar:/home/romero-developments/.m2/repository/org/xmlunit/xmlunit-core/2.9.1/xmlunit-core-2.9.1.jar:/home/romero-developments/.m2/repository/org/springframework/boot/spring-boot-starter-data-jpa/3.2.5/spring-boot-starter-data-jpa-3.2.5.jar:/home/romero-developments/.m2/repository/org/springframework/boot/spring-boot-starter-aop/3.2.5/spring-boot-starter-aop-3.2.5.jar:/home/romero-developments/.m2/repository/org/aspectj/aspectjweaver/1.9.22/aspectjweaver-1.9.22.jar:/home/romero-developments/.m2/repository/org/springframework/boot/spring-boot-starter-jdbc/3.2.5/spring-boot-starter-jdbc-3.2.5.jar:/home/romero-developments/.m2/repository/com/zaxxer/HikariCP/5.0.1/HikariCP-5.0.1.jar:/home/romero-developments/.m2/repository/org/springframework/spring-jdbc/6.1.6/spring-jdbc-6.1.6.jar:/home/romero-developments/.m2/repository/org/hibernate/orm/hibernate-core/6.4.4.Final/hibernate-core-6.4.4.Final.jar:/home/romero-developments/.m2/repository/jakarta/persistence/jakarta.persistence-api/3.1.0/jakarta.persistence-api-3.1.0.jar:/home/romero-developments/.m2/repository/jakarta/transaction/jakarta.transaction-api/2.0.1/jakarta.transaction-api-2.0.1.jar:/home/romero-developments/.m2/repository/org/jboss/logging/jboss-logging/3.5.3.Final/jboss-logging-3.5.3.Final.jar:/home/romero-developments/.m2/repository/org/hibernate/common/hibernate-commons-annotations/6.0.6.Final/hibernate-commons-annotations-6.0.6.Final.jar:/home/romero-developments/.m2/repository/io/smallrye/jandex/3.1.2/jandex-3.1.2.jar:/home/romero-developments/.m2/repository/com/fasterxml/classmate/1.6.0/classmate-1.6.0.jar:/home/romero-developments/.m2/repository/org/glassfish/jaxb/jaxb-runtime/4.0.5/jaxb-runtime-4.0.5.jar:/home/romero-developments/.m2/repository/org/glassfish/jaxb/jaxb-core/4.0.5/jaxb-core-4.0.5.jar:/home/romero-developments/.m2/repository/org/eclipse/angus/angus-activation/2.0.2/angus-activation-2.0.2.jar:/home/romero-developments/.m2/repository/org/glassfish/jaxb/txw2/4.0.5/txw2-4.0.5.jar:/home/romero-developments/.m2/repository/com/sun/istack/istack-commons-runtime/4.1.2/istack-commons-runtime-4.1.2.jar:/home/romero-developments/.m2/repository/jakarta/inject/jakarta.inject-api/2.0.1/jakarta.inject-api-2.0.1.jar:/home/romero-developments/.m2/repository/org/antlr/antlr4-runtime/4.13.0/antlr4-runtime-4.13.0.jar:/home/romero-developments/.m2/repository/org/springframework/data/spring-data-jpa/3.2.5/spring-data-jpa-3.2.5.jar:/home/romero-developments/.m2/repository/org/springframework/data/spring-data-commons/3.2.5/spring-data-commons-3.2.5.jar:/home/romero-developments/.m2/repository/org/springframework/spring-orm/6.1.6/spring-orm-6.1.6.jar:/home/romero-developments/.m2/repository/org/springframework/spring-tx/6.1.6/spring-tx-6.1.6.jar:/home/romero-developments/.m2/repository/org/springframework/spring-aspects/6.1.6/spring-aspects-6.1.6.jar:/home/romero-developments/.m2/repository/org/springframework/boot/spring-boot-starter-data-jdbc/3.2.5/spring-boot-starter-data-jdbc-3.2.5.jar:/home/romero-developments/.m2/repository/org/springframework/data/spring-data-jdbc/3.2.5/spring-data-jdbc-3.2.5.jar:/home/romero-developments/.m2/repository/org/springframework/data/spring-data-relational/3.2.5/spring-data-relational-3.2.5.jar:/home/romero-developments/.m2/repository/com/github/jsqlparser/jsqlparser/4.6/jsqlparser-4.6.jar:/home/romero-developments/.m2/repository/org/springframework/boot/spring-boot-starter-hateoas/3.2.5/spring-boot-starter-hateoas-3.2.5.jar:/home/romero-developments/.m2/repository/org/springframework/hateoas/spring-hateoas/2.2.2/spring-hateoas-2.2.2.jar:/home/romero-developments/.m2/repository/org/springframework/plugin/spring-plugin-core/3.0.0/spring-plugin-core-3.0.0.jar:, java.vm.vendor=Oracle Corporation, sun.arch.data.model=64, java.vendor.url=https://java.oracle.com/, user.timezone=America/Santiago, jakarta.persistence.sharedCache.mode=UNSPECIFIED, org.jboss.logging.provider=slf4j, java.vm.specification.version=17, os.name=Linux, jakarta.persistence.nonJtaDataSource=HikariDataSource (HikariPool-2), sun.java.launcher=SUN_STANDARD, user.country=CL, sun.boot.library.path=/usr/lib/jvm/jdk-17-oracle-x64/lib, sun.java.command=/home/romero-developments/Documentos/Ingeniería en desarrollo de software/DESARROLLO FULLSTACK I/Semana 9/salessrv/target/surefire/surefirebooter-20240501225048303_3.jar /home/romero-developments/Documentos/Ingeniería en desarrollo de software/DESARROLLO FULLSTACK I/Semana 9/salessrv/target/surefire 2024-05-01T22-50-48_129-jvmRun1 surefire-20240501225048303_1tmp surefire_0-20240501225048303_2tmp, javax.persistence.nonJtaDataSource=HikariDataSource (HikariPool-2), hibernate.transaction.jta.platform=org.hibernate.engine.transaction.jta.platform.internal.NoJtaPlatform@66d62c59, jdk.debug=release, surefire.test.class.path=/home/romero-developments/Documentos/Ingeniería en desarrollo de software/DESARROLLO FULLSTACK I/Semana 9/salessrv/target/test-classes:/home/romero-developments/Documentos/Ingeniería en desarrollo de software/DESARROLLO FULLSTACK I/Semana 9/salessrv/target/classes:/home/romero-developments/.m2/repository/org/springframework/boot/spring-boot-starter-web/3.2.5/spring-boot-starter-web-3.2.5.jar:/home/romero-developments/.m2/repository/org/springframework/boot/spring-boot-starter/3.2.5/spring-boot-starter-3.2.5.jar:/home/romero-developments/.m2/repository/org/springframework/boot/spring-boot-starter-logging/3.2.5/spring-boot-starter-logging-3.2.5.jar:/home/romero-developments/.m2/repository/ch/qos/logback/logback-classic/1.4.14/logback-classic-1.4.14.jar:/home/romero-developments/.m2/repository/ch/qos/logback/logback-core/1.4.14/logback-core-1.4.14.jar:/home/romero-developments/.m2/repository/org/apache/logging/log4j/log4j-to-slf4j/2.21.1/log4j-to-slf4j-2.21.1.jar:/home/romero-developments/.m2/repository/org/apache/logging/log4j/log4j-api/2.21.1/log4j-api-2.21.1.jar:/home/romero-developments/.m2/repository/org/slf4j/jul-to-slf4j/2.0.13/jul-to-slf4j-2.0.13.jar:/home/romero-developments/.m2/repository/jakarta/annotation/jakarta.annotation-api/2.1.1/jakarta.annotation-api-2.1.1.jar:/home/romero-developments/.m2/repository/org/yaml/snakeyaml/2.2/snakeyaml-2.2.jar:/home/romero-developments/.m2/repository/org/springframework/boot/spring-boot-starter-json/3.2.5/spring-boot-starter-json-3.2.5.jar:/home/romero-developments/.m2/repository/com/fasterxml/jackson/core/jackson-databind/2.15.4/jackson-databind-2.15.4.jar:/home/romero-developments/.m2/repository/com/fasterxml/jackson/core/jackson-annotations/2.15.4/jackson-annotations-2.15.4.jar:/home/romero-developments/.m2/repository/com/fasterxml/jackson/core/jackson-core/2.15.4/jackson-core-2.15.4.jar:/home/romero-developments/.m2/repository/com/fasterxml/jackson/datatype/jackson-datatype-jdk8/2.15.4/jackson-datatype-jdk8-2.15.4.jar:/home/romero-developments/.m2/repository/com/fasterxml/jackson/datatype/jackson-datatype-jsr310/2.15.4/jackson-datatype-jsr310-2.15.4.jar:/home/romero-developments/.m2/repository/com/fasterxml/jackson/module/jackson-module-parameter-names/2.15.4/jackson-module-parameter-names-2.15.4.jar:/home/romero-developments/.m2/repository/org/springframework/boot/spring-boot-starter-tomcat/3.2.5/spring-boot-starter-tomcat-3.2.5.jar:/home/romero-developments/.m2/repository/org/apache/tomcat/embed/tomcat-embed-core/10.1.20/tomcat-embed-core-10.1.20.jar:/home/romero-developments/.m2/repository/org/apache/tomcat/embed/tomcat-embed-el/10.1.20/tomcat-embed-el-10.1.20.jar:/home/romero-developments/.m2/repository/org/apache/tomcat/embed/tomcat-embed-websocket/10.1.20/tomcat-embed-websocket-10.1.20.jar:/home/romero-developments/.m2/repository/org/springframework/spring-web/6.1.6/spring-web-6.1.6.jar:/home/romero-developments/.m2/repository/org/springframework/spring-beans/6.1.6/spring-beans-6.1.6.jar:/home/romero-developments/.m2/repository/io/micrometer/micrometer-observation/1.12.5/micrometer-observation-1.12.5.jar:/home/romero-developments/.m2/repository/io/micrometer/micrometer-commons/1.12.5/micrometer-commons-1.12.5.jar:/home/romero-developments/.m2/repository/org/springframework/spring-webmvc/6.1.6/spring-webmvc-6.1.6.jar:/home/romero-developments/.m2/repository/org/springframework/spring-aop/6.1.6/spring-aop-6.1.6.jar:/home/romero-developments/.m2/repository/org/springframework/spring-context/6.1.6/spring-context-6.1.6.jar:/home/romero-developments/.m2/repository/org/springframework/spring-expression/6.1.6/spring-expression-6.1.6.jar:/home/romero-developments/.m2/repository/org/springframework/boot/spring-boot-devtools/3.2.5/spring-boot-devtools-3.2.5.jar:/home/romero-developments/.m2/repository/org/springframework/boot/spring-boot/3.2.5/spring-boot-3.2.5.jar:/home/romero-developments/.m2/repository/org/springframework/boot/spring-boot-autoconfigure/3.2.5/spring-boot-autoconfigure-3.2.5.jar:/home/romero-developments/.m2/repository/com/oracle/database/jdbc/ojdbc11/21.9.0.0/ojdbc11-21.9.0.0.jar:/home/romero-developments/.m2/repository/com/oracle/database/security/oraclepki/21.5.0.0/oraclepki-21.5.0.0.jar:/home/romero-developments/.m2/repository/com/oracle/database/security/osdt_cert/21.5.0.0/osdt_cert-21.5.0.0.jar:/home/romero-developments/.m2/repository/com/oracle/database/security/osdt_core/21.5.0.0/osdt_core-21.5.0.0.jar:/home/romero-developments/.m2/repository/org/projectlombok/lombok/1.18.32/lombok-1.18.32.jar:/home/romero-developments/.m2/repository/org/springframework/boot/spring-boot-starter-test/3.2.5/spring-boot-starter-test-3.2.5.jar:/home/romero-developments/.m2/repository/org/springframework/boot/spring-boot-test/3.2.5/spring-boot-test-3.2.5.jar:/home/romero-developments/.m2/repository/org/springframework/boot/spring-boot-test-autoconfigure/3.2.5/spring-boot-test-autoconfigure-3.2.5.jar:/home/romero-developments/.m2/repository/com/jayway/jsonpath/json-path/2.9.0/json-path-2.9.0.jar:/home/romero-developments/.m2/repository/org/slf4j/slf4j-api/2.0.13/slf4j-api-2.0.13.jar:/home/romero-developments/.m2/repository/jakarta/xml/bind/jakarta.xml.bind-api/4.0.2/jakarta.xml.bind-api-4.0.2.jar:/home/romero-developments/.m2/repository/jakarta/activation/jakarta.activation-api/2.1.3/jakarta.activation-api-2.1.3.jar:/home/romero-developments/.m2/repository/net/minidev/json-smart/2.5.1/json-smart-2.5.1.jar:/home/romero-developments/.m2/repository/net/minidev/accessors-smart/2.5.1/accessors-smart-2.5.1.jar:/home/romero-developments/.m2/repository/org/ow2/asm/asm/9.6/asm-9.6.jar:/home/romero-developments/.m2/repository/org/assertj/assertj-core/3.24.2/assertj-core-3.24.2.jar:/home/romero-developments/.m2/repository/net/bytebuddy/byte-buddy/1.14.13/byte-buddy-1.14.13.jar:/home/romero-developments/.m2/repository/org/awaitility/awaitility/4.2.1/awaitility-4.2.1.jar:/home/romero-developments/.m2/repository/org/hamcrest/hamcrest/2.2/hamcrest-2.2.jar:/home/romero-developments/.m2/repository/org/junit/jupiter/junit-jupiter/5.10.2/junit-jupiter-5.10.2.jar:/home/romero-developments/.m2/repository/org/junit/jupiter/junit-jupiter-api/5.10.2/junit-jupiter-api-5.10.2.jar:/home/romero-developments/.m2/repository/org/opentest4j/opentest4j/1.3.0/opentest4j-1.3.0.jar:/home/romero-developments/.m2/repository/org/junit/platform/junit-platform-commons/1.10.2/junit-platform-commons-1.10.2.jar:/home/romero-developments/.m2/repository/org/apiguardian/apiguardian-api/1.1.2/apiguardian-api-1.1.2.jar:/home/romero-developments/.m2/repository/org/junit/jupiter/junit-jupiter-params/5.10.2/junit-jupiter-params-5.10.2.jar:/home/romero-developments/.m2/repository/org/junit/jupiter/junit-jupiter-engine/5.10.2/junit-jupiter-engine-5.10.2.jar:/home/romero-developments/.m2/repository/org/junit/platform/junit-platform-engine/1.10.2/junit-platform-engine-1.10.2.jar:/home/romero-developments/.m2/repository/org/mockito/mockito-core/5.7.0/mockito-core-5.7.0.jar:/home/romero-developments/.m2/repository/net/bytebuddy/byte-buddy-agent/1.14.13/byte-buddy-agent-1.14.13.jar:/home/romero-developments/.m2/repository/org/objenesis/objenesis/3.3/objenesis-3.3.jar:/home/romero-developments/.m2/repository/org/mockito/mockito-junit-jupiter/5.7.0/mockito-junit-jupiter-5.7.0.jar:/home/romero-developments/.m2/repository/org/skyscreamer/jsonassert/1.5.1/jsonassert-1.5.1.jar:/home/romero-developments/.m2/repository/com/vaadin/external/google/android-json/0.0.20131108.vaadin1/android-json-0.0.20131108.vaadin1.jar:/home/romero-developments/.m2/repository/org/springframework/spring-core/6.1.6/spring-core-6.1.6.jar:/home/romero-developments/.m2/repository/org/springframework/spring-jcl/6.1.6/spring-jcl-6.1.6.jar:/home/romero-developments/.m2/repository/org/springframework/spring-test/6.1.6/spring-test-6.1.6.jar:/home/romero-developments/.m2/repository/org/xmlunit/xmlunit-core/2.9.1/xmlunit-core-2.9.1.jar:/home/romero-developments/.m2/repository/org/springframework/boot/spring-boot-starter-data-jpa/3.2.5/spring-boot-starter-data-jpa-3.2.5.jar:/home/romero-developments/.m2/repository/org/springframework/boot/spring-boot-starter-aop/3.2.5/spring-boot-starter-aop-3.2.5.jar:/home/romero-developments/.m2/repository/org/aspectj/aspectjweaver/1.9.22/aspectjweaver-1.9.22.jar:/home/romero-developments/.m2/repository/org/springframework/boot/spring-boot-starter-jdbc/3.2.5/spring-boot-starter-jdbc-3.2.5.jar:/home/romero-developments/.m2/repository/com/zaxxer/HikariCP/5.0.1/HikariCP-5.0.1.jar:/home/romero-developments/.m2/repository/org/springframework/spring-jdbc/6.1.6/spring-jdbc-6.1.6.jar:/home/romero-developments/.m2/repository/org/hibernate/orm/hibernate-core/6.4.4.Final/hibernate-core-6.4.4.Final.jar:/home/romero-developments/.m2/repository/jakarta/persistence/jakarta.persistence-api/3.1.0/jakarta.persistence-api-3.1.0.jar:/home/romero-developments/.m2/repository/jakarta/transaction/jakarta.transaction-api/2.0.1/jakarta.transaction-api-2.0.1.jar:/home/romero-developments/.m2/repository/org/jboss/logging/jboss-logging/3.5.3.Final/jboss-logging-3.5.3.Final.jar:/home/romero-developments/.m2/repository/org/hibernate/common/hibernate-commons-annotations/6.0.6.Final/hibernate-commons-annotations-6.0.6.Final.jar:/home/romero-developments/.m2/repository/io/smallrye/jandex/3.1.2/jandex-3.1.2.jar:/home/romero-developments/.m2/repository/com/fasterxml/classmate/1.6.0/classmate-1.6.0.jar:/home/romero-developments/.m2/repository/org/glassfish/jaxb/jaxb-runtime/4.0.5/jaxb-runtime-4.0.5.jar:/home/romero-developments/.m2/repository/org/glassfish/jaxb/jaxb-core/4.0.5/jaxb-core-4.0.5.jar:/home/romero-developments/.m2/repository/org/eclipse/angus/angus-activation/2.0.2/angus-activation-2.0.2.jar:/home/romero-developments/.m2/repository/org/glassfish/jaxb/txw2/4.0.5/txw2-4.0.5.jar:/home/romero-developments/.m2/repository/com/sun/istack/istack-commons-runtime/4.1.2/istack-commons-runtime-4.1.2.jar:/home/romero-developments/.m2/repository/jakarta/inject/jakarta.inject-api/2.0.1/jakarta.inject-api-2.0.1.jar:/home/romero-developments/.m2/repository/org/antlr/antlr4-runtime/4.13.0/antlr4-runtime-4.13.0.jar:/home/romero-developments/.m2/repository/org/springframework/data/spring-data-jpa/3.2.5/spring-data-jpa-3.2.5.jar:/home/romero-developments/.m2/repository/org/springframework/data/spring-data-commons/3.2.5/spring-data-commons-3.2.5.jar:/home/romero-developments/.m2/repository/org/springframework/spring-orm/6.1.6/spring-orm-6.1.6.jar:/home/romero-developments/.m2/repository/org/springframework/spring-tx/6.1.6/spring-tx-6.1.6.jar:/home/romero-developments/.m2/repository/org/springframework/spring-aspects/6.1.6/spring-aspects-6.1.6.jar:/home/romero-developments/.m2/repository/org/springframework/boot/spring-boot-starter-data-jdbc/3.2.5/spring-boot-starter-data-jdbc-3.2.5.jar:/home/romero-developments/.m2/repository/org/springframework/data/spring-data-jdbc/3.2.5/spring-data-jdbc-3.2.5.jar:/home/romero-developments/.m2/repository/org/springframework/data/spring-data-relational/3.2.5/spring-data-relational-3.2.5.jar:/home/romero-developments/.m2/repository/com/github/jsqlparser/jsqlparser/4.6/jsqlparser-4.6.jar:/home/romero-developments/.m2/repository/org/springframework/boot/spring-boot-starter-hateoas/3.2.5/spring-boot-starter-hateoas-3.2.5.jar:/home/romero-developments/.m2/repository/org/springframework/hateoas/spring-hateoas/2.2.2/spring-hateoas-2.2.2.jar:/home/romero-developments/.m2/repository/org/springframework/plugin/spring-plugin-core/3.0.0/spring-plugin-core-3.0.0.jar:, sun.cpu.endian=little, hibernate.cdi.extensions=true, user.home=/home/romero-developments, user.language=es, java.specification.vendor=Oracle Corporation, java.version.date=2024-01-16, java.home=/usr/lib/jvm/jdk-17-oracle-x64, file.separator=/, basedir=/home/romero-developments/Documentos/Ingeniería en desarrollo de software/DESARROLLO FULLSTACK I/Semana 9/salessrv, java.vm.compressedOopsMode=32-bit, line.separator=
, hibernate.persistenceUnitName=default, java.specification.name=Java Platform API Specification, java.vm.specification.vendor=Oracle Corporation, FILE_LOG_CHARSET=UTF-8, hibernate.transaction.coordinator_class=class org.hibernate.resource.transaction.backend.jdbc.internal.JdbcResourceLocalTransactionCoordinatorBuilderImpl, java.awt.headless=true, surefire.real.class.path=/home/romero-developments/Documentos/Ingeniería en desarrollo de software/DESARROLLO FULLSTACK I/Semana 9/salessrv/target/surefire/surefirebooter-20240501225048303_3.jar, jakarta.persistence.validation.mode=AUTO, hibernate.hbm2ddl.auto=create, sun.management.compiler=HotSpot 64-Bit Tiered Compilers, java.runtime.version=17.0.10+11-LTS-240, user.name=romero-developments, path.separator=:, os.version=6.5.0-28-generic, java.runtime.name=Java(TM) SE Runtime Environment, file.encoding=UTF-8, java.vm.name=Java HotSpot(TM) 64-Bit Server VM, localRepository=/home/romero-developments/.m2/repository, java.vendor.url.bug=https://bugreport.java.com/bugreport/, java.io.tmpdir=/tmp, java.version=17.0.10, hibernate.physical_naming_strategy=org.hibernate.boot.model.naming.CamelCaseToUnderscoresNamingStrategy, user.dir=/home/romero-developments/Documentos/Ingeniería en desarrollo de software/DESARROLLO FULLSTACK I/Semana 9/salessrv, os.arch=amd64, java.vm.specification.name=Java Virtual Machine Specification, PID=181167, CONSOLE_LOG_CHARSET=UTF-8, hibernate.boot.CfgXmlAccessService.key=org.hibernate.boot.registry.StandardServiceRegistryBuilder$1@f1b006b, native.encoding=UTF-8, java.library.path=/usr/java/packages/lib:/usr/lib64:/lib64:/lib:/usr/lib, java.vendor=Oracle Corporation, java.vm.info=mixed mode, sharing, java.vm.version=17.0.10+11-LTS-240, sun.io.unicode.encoding=UnicodeLittle, hibernate.archive.scanner=org.hibernate.boot.archive.scan.internal.DisabledScanner, hibernate.connection.datasource=HikariDataSource (HikariPool-2), java.class.version=61.0, LOGGED_APPLICATION_NAME=[salessrv] }
2024-05-01T22:51:07.449-04:00 DEBUG 181167 --- [salessrv] [           main] o.hibernate.internal.SessionFactoryImpl  : Session factory constructed with filter configurations : {}
2024-05-01T22:51:07.464-04:00 DEBUG 181167 --- [salessrv] [           main] o.h.q.sqm.function.SqmFunctionRegistry   : Registered SqmFunctionTemplate [NamedSqmFunctionTemplate(max)] under max; prior registration was null
2024-05-01T22:51:07.464-04:00 DEBUG 181167 --- [salessrv] [           main] o.h.q.sqm.function.SqmFunctionRegistry   : Registered SqmFunctionTemplate [NamedSqmFunctionTemplate(min)] under min; prior registration was null
2024-05-01T22:51:07.464-04:00 DEBUG 181167 --- [salessrv] [           main] o.h.q.sqm.function.SqmFunctionRegistry   : Registered SqmFunctionTemplate [NamedSqmFunctionTemplate(sum)] under sum; prior registration was null
2024-05-01T22:51:07.464-04:00 DEBUG 181167 --- [salessrv] [           main] o.h.q.sqm.function.SqmFunctionRegistry   : Registered SqmFunctionTemplate [NamedSqmFunctionTemplate(avg)] under avg; prior registration was null
2024-05-01T22:51:07.464-04:00 DEBUG 181167 --- [salessrv] [           main] o.h.q.sqm.function.SqmFunctionRegistry   : Registered SqmFunctionTemplate [org.hibernate.dialect.function.CountFunction@2c2dfde3] under count; prior registration was null
2024-05-01T22:51:07.464-04:00 DEBUG 181167 --- [salessrv] [           main] o.h.q.sqm.function.SqmFunctionRegistry   : Registered SqmFunctionTemplate [org.hibernate.dialect.function.EveryAnyEmulation@1131fcfd] under every; prior registration was null
2024-05-01T22:51:07.464-04:00 DEBUG 181167 --- [salessrv] [           main] o.h.q.sqm.function.SqmFunctionRegistry   : Registered SqmFunctionTemplate [org.hibernate.dialect.function.EveryAnyEmulation@46d2be66] under any; prior registration was null
2024-05-01T22:51:07.464-04:00 DEBUG 181167 --- [salessrv] [           main] o.h.q.sqm.function.SqmFunctionRegistry   : Registered SqmFunctionTemplate [NamedSqmFunctionTemplate(floor)] under floor; prior registration was null
2024-05-01T22:51:07.464-04:00 DEBUG 181167 --- [salessrv] [           main] o.h.q.sqm.function.SqmFunctionRegistry   : Registered SqmFunctionTemplate [NamedSqmFunctionTemplate(ceiling)] under ceiling; prior registration was null
2024-05-01T22:51:07.464-04:00 DEBUG 181167 --- [salessrv] [           main] o.h.q.sqm.function.SqmFunctionRegistry   : Registered SqmFunctionTemplate [NamedSqmFunctionTemplate(mod)] under mod; prior registration was null
2024-05-01T22:51:07.464-04:00 DEBUG 181167 --- [salessrv] [           main] o.h.q.sqm.function.SqmFunctionRegistry   : Registered SqmFunctionTemplate [NamedSqmFunctionTemplate(abs)] under abs; prior registration was null
2024-05-01T22:51:07.464-04:00 DEBUG 181167 --- [salessrv] [           main] o.h.q.sqm.function.SqmFunctionRegistry   : Registered SqmFunctionTemplate [NamedSqmFunctionTemplate(sign)] under sign; prior registration was null
2024-05-01T22:51:07.464-04:00 DEBUG 181167 --- [salessrv] [           main] o.h.q.sqm.function.SqmFunctionRegistry   : Registered SqmFunctionTemplate [NamedSqmFunctionTemplate(sqrt)] under sqrt; prior registration was null
2024-05-01T22:51:07.464-04:00 DEBUG 181167 --- [salessrv] [           main] o.h.q.sqm.function.SqmFunctionRegistry   : Registered SqmFunctionTemplate [NamedSqmFunctionTemplate(ln)] under ln; prior registration was null
2024-05-01T22:51:07.464-04:00 DEBUG 181167 --- [salessrv] [           main] o.h.q.sqm.function.SqmFunctionRegistry   : Registered SqmFunctionTemplate [NamedSqmFunctionTemplate(exp)] under exp; prior registration was null
2024-05-01T22:51:07.464-04:00 DEBUG 181167 --- [salessrv] [           main] o.h.q.sqm.function.SqmFunctionRegistry   : Registered SqmFunctionTemplate [NamedSqmFunctionTemplate(power)] under power; prior registration was null
2024-05-01T22:51:07.464-04:00 DEBUG 181167 --- [salessrv] [           main] o.h.q.sqm.function.SqmFunctionRegistry   : Registered SqmFunctionTemplate [NamedSqmFunctionTemplate(round)] under round; prior registration was null
2024-05-01T22:51:07.464-04:00 DEBUG 181167 --- [salessrv] [           main] o.h.q.sqm.function.SqmFunctionRegistry   : Registered SqmFunctionTemplate [NamedSqmFunctionTemplate(sin)] under sin; prior registration was null
2024-05-01T22:51:07.464-04:00 DEBUG 181167 --- [salessrv] [           main] o.h.q.sqm.function.SqmFunctionRegistry   : Registered SqmFunctionTemplate [NamedSqmFunctionTemplate(cos)] under cos; prior registration was null
2024-05-01T22:51:07.465-04:00 DEBUG 181167 --- [salessrv] [           main] o.h.q.sqm.function.SqmFunctionRegistry   : Registered SqmFunctionTemplate [NamedSqmFunctionTemplate(tan)] under tan; prior registration was null
2024-05-01T22:51:07.465-04:00 DEBUG 181167 --- [salessrv] [           main] o.h.q.sqm.function.SqmFunctionRegistry   : Registered SqmFunctionTemplate [NamedSqmFunctionTemplate(asin)] under asin; prior registration was null
2024-05-01T22:51:07.465-04:00 DEBUG 181167 --- [salessrv] [           main] o.h.q.sqm.function.SqmFunctionRegistry   : Registered SqmFunctionTemplate [NamedSqmFunctionTemplate(acos)] under acos; prior registration was null
2024-05-01T22:51:07.465-04:00 DEBUG 181167 --- [salessrv] [           main] o.h.q.sqm.function.SqmFunctionRegistry   : Registered SqmFunctionTemplate [NamedSqmFunctionTemplate(atan)] under atan; prior registration was null
2024-05-01T22:51:07.465-04:00 DEBUG 181167 --- [salessrv] [           main] o.h.q.sqm.function.SqmFunctionRegistry   : Registered SqmFunctionTemplate [NamedSqmFunctionTemplate(atan2)] under atan2; prior registration was null
2024-05-01T22:51:07.465-04:00 DEBUG 181167 --- [salessrv] [           main] o.h.q.sqm.function.SqmFunctionRegistry   : Registered SqmFunctionTemplate [org.hibernate.query.sqm.function.PatternBasedSqmFunctionDescriptor@119de68f] under sinh; prior registration was null
2024-05-01T22:51:07.465-04:00 DEBUG 181167 --- [salessrv] [           main] o.h.q.sqm.function.SqmFunctionRegistry   : Registered SqmFunctionTemplate [org.hibernate.query.sqm.function.PatternBasedSqmFunctionDescriptor@529cd3ba] under cosh; prior registration was null
2024-05-01T22:51:07.465-04:00 DEBUG 181167 --- [salessrv] [           main] o.h.q.sqm.function.SqmFunctionRegistry   : Registered SqmFunctionTemplate [org.hibernate.query.sqm.function.PatternBasedSqmFunctionDescriptor@4c541b00] under tanh; prior registration was null
2024-05-01T22:51:07.465-04:00 DEBUG 181167 --- [salessrv] [           main] o.h.q.sqm.function.SqmFunctionRegistry   : Registered SqmFunctionTemplate [org.hibernate.query.sqm.function.PatternBasedSqmFunctionDescriptor@1f26bd62] under pi; prior registration was null
2024-05-01T22:51:07.465-04:00 DEBUG 181167 --- [salessrv] [           main] o.h.q.sqm.function.SqmFunctionRegistry   : Registered SqmFunctionTemplate [org.hibernate.query.sqm.function.PatternBasedSqmFunctionDescriptor@61f18997] under log; prior registration was null
2024-05-01T22:51:07.465-04:00 DEBUG 181167 --- [salessrv] [           main] o.h.q.sqm.function.SqmFunctionRegistry   : Registered SqmFunctionTemplate [NamedSqmFunctionTemplate(coalesce)] under coalesce; prior registration was null
2024-05-01T22:51:07.465-04:00 DEBUG 181167 --- [salessrv] [           main] o.h.q.sqm.function.SqmFunctionRegistry   : Registered SqmFunctionTemplate [NamedSqmFunctionTemplate(nullif)] under nullif; prior registration was null
2024-05-01T22:51:07.465-04:00 DEBUG 181167 --- [salessrv] [           main] o.h.q.sqm.function.SqmFunctionRegistry   : Registered SqmFunctionTemplate [NamedSqmFunctionTemplate(left)] under left; prior registration was null
2024-05-01T22:51:07.465-04:00 DEBUG 181167 --- [salessrv] [           main] o.h.q.sqm.function.SqmFunctionRegistry   : Registered SqmFunctionTemplate [NamedSqmFunctionTemplate(right)] under right; prior registration was null
2024-05-01T22:51:07.465-04:00 DEBUG 181167 --- [salessrv] [           main] o.h.q.sqm.function.SqmFunctionRegistry   : Registered SqmFunctionTemplate [NamedSqmFunctionTemplate(replace)] under replace; prior registration was null
2024-05-01T22:51:07.465-04:00 DEBUG 181167 --- [salessrv] [           main] o.h.q.sqm.function.SqmFunctionRegistry   : Registered SqmFunctionTemplate [NamedSqmFunctionTemplate(concat)] under concat; prior registration was null
2024-05-01T22:51:07.465-04:00 DEBUG 181167 --- [salessrv] [           main] o.h.q.sqm.function.SqmFunctionRegistry   : Registered SqmFunctionTemplate [NamedSqmFunctionTemplate(lower)] under lower; prior registration was null
2024-05-01T22:51:07.465-04:00 DEBUG 181167 --- [salessrv] [           main] o.h.q.sqm.function.SqmFunctionRegistry   : Registered SqmFunctionTemplate [NamedSqmFunctionTemplate(upper)] under upper; prior registration was null
2024-05-01T22:51:07.465-04:00 DEBUG 181167 --- [salessrv] [           main] o.h.q.sqm.function.SqmFunctionRegistry   : Registered SqmFunctionTemplate [NamedSqmFunctionTemplate(substring)] under substring; prior registration was null
2024-05-01T22:51:07.465-04:00 DEBUG 181167 --- [salessrv] [           main] o.h.q.sqm.function.SqmFunctionRegistry   : Registered SqmFunctionTemplate [NamedSqmFunctionTemplate(locate)] under locate; prior registration was null
2024-05-01T22:51:07.465-04:00 DEBUG 181167 --- [salessrv] [           main] o.h.q.sqm.function.SqmFunctionRegistry   : Registered SqmFunctionTemplate [NamedSqmFunctionTemplate(character_length)] under character_length; prior registration was null
2024-05-01T22:51:07.465-04:00 DEBUG 181167 --- [salessrv] [           main] o.h.q.sqm.function.SqmFunctionRegistry   : Registering alternate key : length -> character_length
2024-05-01T22:51:07.467-04:00 DEBUG 181167 --- [salessrv] [           main] o.h.q.sqm.function.SqmFunctionRegistry   : Registered SqmFunctionTemplate [org.hibernate.dialect.function.LocatePositionEmulation@55448710] under position; prior registration was null
2024-05-01T22:51:07.475-04:00 DEBUG 181167 --- [salessrv] [           main] o.h.q.sqm.function.SqmFunctionRegistry   : Registered SqmFunctionTemplate [org.hibernate.dialect.function.InsertSubstringOverlayEmulation@39240aa3] under overlay; prior registration was null
2024-05-01T22:51:07.475-04:00 DEBUG 181167 --- [salessrv] [           main] o.h.q.sqm.function.SqmFunctionRegistry   : Registered SqmFunctionTemplate [org.hibernate.dialect.function.TrimFunction@13c36d48] under trim; prior registration was null
2024-05-01T22:51:07.475-04:00 DEBUG 181167 --- [salessrv] [           main] o.h.q.sqm.function.SqmFunctionRegistry   : Registered SqmFunctionTemplate [org.hibernate.dialect.function.CastFunction@7e93e396] under cast; prior registration was null
2024-05-01T22:51:07.475-04:00 DEBUG 181167 --- [salessrv] [           main] o.h.q.sqm.function.SqmFunctionRegistry   : Registered SqmFunctionTemplate [org.hibernate.query.sqm.function.PatternBasedSqmFunctionDescriptor@f1e8753] under collate; prior registration was null
2024-05-01T22:51:07.475-04:00 DEBUG 181167 --- [salessrv] [           main] o.h.q.sqm.function.SqmFunctionRegistry   : Registered SqmFunctionTemplate [org.hibernate.dialect.function.ExtractFunction@1676e501] under extract; prior registration was null
2024-05-01T22:51:07.562-04:00 DEBUG 181167 --- [salessrv] [           main] o.h.q.sqm.function.SqmFunctionRegistry   : Registered SqmFunctionTemplate [NamedSqmFunctionTemplate(least)] under least; prior registration was null
2024-05-01T22:51:07.562-04:00 DEBUG 181167 --- [salessrv] [           main] o.h.q.sqm.function.SqmFunctionRegistry   : Registered SqmFunctionTemplate [NamedSqmFunctionTemplate(greatest)] under greatest; prior registration was null
2024-05-01T22:51:07.562-04:00 DEBUG 181167 --- [salessrv] [           main] o.h.q.sqm.function.SqmFunctionRegistry   : Registered SqmFunctionTemplate [org.hibernate.dialect.function.CoalesceIfnullEmulation@1ed763aa] under ifnull; prior registration was null
2024-05-01T22:51:07.562-04:00 DEBUG 181167 --- [salessrv] [           main] o.h.q.sqm.function.SqmFunctionRegistry   : Registered SqmFunctionTemplate [NamedSqmFunctionTemplate(lpad)] under lpad; prior registration was null
2024-05-01T22:51:07.562-04:00 DEBUG 181167 --- [salessrv] [           main] o.h.q.sqm.function.SqmFunctionRegistry   : Registered SqmFunctionTemplate [NamedSqmFunctionTemplate(rpad)] under rpad; prior registration was null
2024-05-01T22:51:07.562-04:00 DEBUG 181167 --- [salessrv] [           main] o.h.q.sqm.function.SqmFunctionRegistry   : Registered SqmFunctionTemplate [org.hibernate.dialect.function.LpadRpadPadEmulation@7f39bcb5] under pad; prior registration was null
2024-05-01T22:51:07.563-04:00 DEBUG 181167 --- [salessrv] [           main] o.h.q.sqm.function.SqmFunctionRegistry   : Registered SqmFunctionTemplate [org.hibernate.dialect.function.CastStrEmulation@4e6881e] under str; prior registration was null
2024-05-01T22:51:07.563-04:00 DEBUG 181167 --- [salessrv] [           main] o.h.q.sqm.function.SqmFunctionRegistry   : Registered SqmFunctionTemplate [org.hibernate.dialect.function.FormatFunction@25192b6e] under format; prior registration was null
2024-05-01T22:51:07.563-04:00 DEBUG 181167 --- [salessrv] [           main] o.h.q.sqm.function.SqmFunctionRegistry   : Registered SqmFunctionTemplate [org.hibernate.dialect.function.TimestampaddFunction@76d654] under timestampadd; prior registration was null
2024-05-01T22:51:07.563-04:00 DEBUG 181167 --- [salessrv] [           main] o.h.q.sqm.function.SqmFunctionRegistry   : Registered SqmFunctionTemplate [org.hibernate.dialect.function.TimestampdiffFunction@32180efb] under timestampdiff; prior registration was null
2024-05-01T22:51:07.563-04:00 DEBUG 181167 --- [salessrv] [           main] o.h.q.sqm.function.SqmFunctionRegistry   : Registering alternate key : dateadd -> timestampadd
2024-05-01T22:51:07.563-04:00 DEBUG 181167 --- [salessrv] [           main] o.h.q.sqm.function.SqmFunctionRegistry   : Registering alternate key : datediff -> timestampdiff
2024-05-01T22:51:07.563-04:00 DEBUG 181167 --- [salessrv] [           main] o.h.q.sqm.function.SqmFunctionRegistry   : Registered SqmFunctionTemplate [org.hibernate.dialect.function.CurrentFunction@20ed6de] under current_date; prior registration was null
2024-05-01T22:51:07.563-04:00 DEBUG 181167 --- [salessrv] [           main] o.h.q.sqm.function.SqmFunctionRegistry   : Registered SqmFunctionTemplate [org.hibernate.dialect.function.CurrentFunction@6ea0dfaa] under current_time; prior registration was null
2024-05-01T22:51:07.563-04:00 DEBUG 181167 --- [salessrv] [           main] o.h.q.sqm.function.SqmFunctionRegistry   : Registered SqmFunctionTemplate [org.hibernate.dialect.function.CurrentFunction@5852605c] under current_timestamp; prior registration was null
2024-05-01T22:51:07.563-04:00 DEBUG 181167 --- [salessrv] [           main] o.h.q.sqm.function.SqmFunctionRegistry   : Registering alternate key : current date -> current_date
2024-05-01T22:51:07.563-04:00 DEBUG 181167 --- [salessrv] [           main] o.h.q.sqm.function.SqmFunctionRegistry   : Registering alternate key : current time -> current_time
2024-05-01T22:51:07.563-04:00 DEBUG 181167 --- [salessrv] [           main] o.h.q.sqm.function.SqmFunctionRegistry   : Registering alternate key : current timestamp -> current_timestamp
2024-05-01T22:51:07.563-04:00 DEBUG 181167 --- [salessrv] [           main] o.h.q.sqm.function.SqmFunctionRegistry   : Registered SqmFunctionTemplate [org.hibernate.dialect.function.CurrentFunction@2acfd27b] under local_date; prior registration was null
2024-05-01T22:51:07.563-04:00 DEBUG 181167 --- [salessrv] [           main] o.h.q.sqm.function.SqmFunctionRegistry   : Registered SqmFunctionTemplate [org.hibernate.dialect.function.CurrentFunction@5e8359da] under local_time; prior registration was null
2024-05-01T22:51:07.563-04:00 DEBUG 181167 --- [salessrv] [           main] o.h.q.sqm.function.SqmFunctionRegistry   : Registered SqmFunctionTemplate [org.hibernate.dialect.function.CurrentFunction@36b6802f] under local_datetime; prior registration was null
2024-05-01T22:51:07.563-04:00 DEBUG 181167 --- [salessrv] [           main] o.h.q.sqm.function.SqmFunctionRegistry   : Registered SqmFunctionTemplate [org.hibernate.dialect.function.CurrentFunction@7d2d5625] under offset_datetime; prior registration was null
2024-05-01T22:51:07.563-04:00 DEBUG 181167 --- [salessrv] [           main] o.h.q.sqm.function.SqmFunctionRegistry   : Registering alternate key : local date -> local_date
2024-05-01T22:51:07.563-04:00 DEBUG 181167 --- [salessrv] [           main] o.h.q.sqm.function.SqmFunctionRegistry   : Registering alternate key : local time -> local_time
2024-05-01T22:51:07.563-04:00 DEBUG 181167 --- [salessrv] [           main] o.h.q.sqm.function.SqmFunctionRegistry   : Registering alternate key : local datetime -> local_datetime
2024-05-01T22:51:07.563-04:00 DEBUG 181167 --- [salessrv] [           main] o.h.q.sqm.function.SqmFunctionRegistry   : Registering alternate key : offset datetime -> offset_datetime
2024-05-01T22:51:07.563-04:00 DEBUG 181167 --- [salessrv] [           main] o.h.q.sqm.function.SqmFunctionRegistry   : Registered SqmFunctionTemplate [org.hibernate.dialect.function.CurrentFunction@29a51ff1] under instant; prior registration was null
2024-05-01T22:51:07.563-04:00 DEBUG 181167 --- [salessrv] [           main] o.h.q.sqm.function.SqmFunctionRegistry   : Registering alternate key : current_instant -> instant
2024-05-01T22:51:07.563-04:00 DEBUG 181167 --- [salessrv] [           main] o.h.q.sqm.function.SqmFunctionRegistry   : Registered SqmFunctionTemplate [org.hibernate.dialect.function.SqlFunction@6dacde96] under sql; prior registration was null
2024-05-01T22:51:07.563-04:00 DEBUG 181167 --- [salessrv] [           main] o.h.q.sqm.function.SqmFunctionRegistry   : Registered SqmFunctionTemplate [NamedSqmFunctionTemplate(ascii)] under ascii; prior registration was null
2024-05-01T22:51:07.563-04:00 DEBUG 181167 --- [salessrv] [           main] o.h.q.sqm.function.SqmFunctionRegistry   : Registered SqmFunctionTemplate [NamedSqmFunctionTemplate(chr)] under chr; prior registration was null
2024-05-01T22:51:07.563-04:00 DEBUG 181167 --- [salessrv] [           main] o.h.q.sqm.function.SqmFunctionRegistry   : Registering alternate key : char -> chr
2024-05-01T22:51:07.563-04:00 DEBUG 181167 --- [salessrv] [           main] o.h.q.sqm.function.SqmFunctionRegistry   : Registered SqmFunctionTemplate [NamedSqmFunctionTemplate(cosh)] under cosh; prior registration was org.hibernate.query.sqm.function.PatternBasedSqmFunctionDescriptor@529cd3ba
2024-05-01T22:51:07.564-04:00 DEBUG 181167 --- [salessrv] [           main] o.h.q.sqm.function.SqmFunctionRegistry   : Registered SqmFunctionTemplate [NamedSqmFunctionTemplate(sinh)] under sinh; prior registration was org.hibernate.query.sqm.function.PatternBasedSqmFunctionDescriptor@119de68f
2024-05-01T22:51:07.564-04:00 DEBUG 181167 --- [salessrv] [           main] o.h.q.sqm.function.SqmFunctionRegistry   : Registered SqmFunctionTemplate [NamedSqmFunctionTemplate(tanh)] under tanh; prior registration was org.hibernate.query.sqm.function.PatternBasedSqmFunctionDescriptor@4c541b00
2024-05-01T22:51:07.564-04:00 DEBUG 181167 --- [salessrv] [           main] o.h.q.sqm.function.SqmFunctionRegistry   : Registered SqmFunctionTemplate [NamedSqmFunctionTemplate(log)] under log; prior registration was org.hibernate.query.sqm.function.PatternBasedSqmFunctionDescriptor@61f18997
2024-05-01T22:51:07.564-04:00 DEBUG 181167 --- [salessrv] [           main] o.h.q.sqm.function.SqmFunctionRegistry   : Registered SqmFunctionTemplate [org.hibernate.query.sqm.function.PatternBasedSqmFunctionDescriptor@6f999cf4] under log10; prior registration was null
2024-05-01T22:51:07.564-04:00 DEBUG 181167 --- [salessrv] [           main] o.h.q.sqm.function.SqmFunctionRegistry   : Registered SqmFunctionTemplate [NamedSqmFunctionTemplate(soundex)] under soundex; prior registration was null
2024-05-01T22:51:07.564-04:00 DEBUG 181167 --- [salessrv] [           main] o.h.q.sqm.function.SqmFunctionRegistry   : Registered SqmFunctionTemplate [NamedSqmFunctionTemplate(ltrim)] under ltrim; prior registration was null
2024-05-01T22:51:07.564-04:00 DEBUG 181167 --- [salessrv] [           main] o.h.q.sqm.function.SqmFunctionRegistry   : Registered SqmFunctionTemplate [NamedSqmFunctionTemplate(rtrim)] under rtrim; prior registration was null
2024-05-01T22:51:07.564-04:00 DEBUG 181167 --- [salessrv] [           main] o.h.q.sqm.function.SqmFunctionRegistry   : Registered SqmFunctionTemplate [NamedSqmFunctionTemplate(initcap)] under initcap; prior registration was null
2024-05-01T22:51:07.564-04:00 DEBUG 181167 --- [salessrv] [           main] o.h.q.sqm.function.SqmFunctionRegistry   : Registered SqmFunctionTemplate [NamedSqmFunctionTemplate(instr)] under instr; prior registration was null
2024-05-01T22:51:07.564-04:00 DEBUG 181167 --- [salessrv] [           main] o.h.q.sqm.function.SqmFunctionRegistry   : Registered SqmFunctionTemplate [NamedSqmFunctionTemplate(substr)] under substr; prior registration was null
2024-05-01T22:51:07.564-04:00 DEBUG 181167 --- [salessrv] [           main] o.h.q.sqm.function.SqmFunctionRegistry   : Registered SqmFunctionTemplate [NamedSqmFunctionTemplate(substr)] under substring; prior registration was NamedSqmFunctionTemplate(substring)
2024-05-01T22:51:07.564-04:00 DEBUG 181167 --- [salessrv] [           main] o.h.q.sqm.function.SqmFunctionRegistry   : Registered SqmFunctionTemplate [org.hibernate.query.sqm.function.PatternBasedSqmFunctionDescriptor@7892635c] under left; prior registration was NamedSqmFunctionTemplate(left)
2024-05-01T22:51:07.564-04:00 DEBUG 181167 --- [salessrv] [           main] o.h.q.sqm.function.SqmFunctionRegistry   : Registered SqmFunctionTemplate [org.hibernate.query.sqm.function.PatternBasedSqmFunctionDescriptor@79c9a128] under right; prior registration was NamedSqmFunctionTemplate(right)
2024-05-01T22:51:07.564-04:00 DEBUG 181167 --- [salessrv] [           main] o.h.q.sqm.function.SqmFunctionRegistry   : Registered SqmFunctionTemplate [NamedSqmFunctionTemplate(translate)] under translate; prior registration was null
2024-05-01T22:51:07.564-04:00 DEBUG 181167 --- [salessrv] [           main] o.h.q.sqm.function.SqmFunctionRegistry   : Registered SqmFunctionTemplate [NamedSqmFunctionTemplate(bitand)] under bitand; prior registration was null
2024-05-01T22:51:07.564-04:00 DEBUG 181167 --- [salessrv] [           main] o.h.q.sqm.function.SqmFunctionRegistry   : Registered SqmFunctionTemplate [NamedSqmFunctionTemplate(last_day)] under last_day; prior registration was null
2024-05-01T22:51:07.564-04:00 DEBUG 181167 --- [salessrv] [           main] o.h.q.sqm.function.SqmFunctionRegistry   : Registered SqmFunctionTemplate [NamedSqmFunctionTemplate(to_number)] under to_number; prior registration was null
2024-05-01T22:51:07.564-04:00 DEBUG 181167 --- [salessrv] [           main] o.h.q.sqm.function.SqmFunctionRegistry   : Registered SqmFunctionTemplate [NamedSqmFunctionTemplate(to_char)] under to_char; prior registration was null
2024-05-01T22:51:07.564-04:00 DEBUG 181167 --- [salessrv] [           main] o.h.q.sqm.function.SqmFunctionRegistry   : Registered SqmFunctionTemplate [NamedSqmFunctionTemplate(to_date)] under to_date; prior registration was null
2024-05-01T22:51:07.564-04:00 DEBUG 181167 --- [salessrv] [           main] o.h.q.sqm.function.SqmFunctionRegistry   : Registered SqmFunctionTemplate [NamedSqmFunctionTemplate(to_timestamp)] under to_timestamp; prior registration was null
2024-05-01T22:51:07.564-04:00 DEBUG 181167 --- [salessrv] [           main] o.h.q.sqm.function.SqmFunctionRegistry   : Registered SqmFunctionTemplate [NamedSqmFunctionTemplate(ceil)] under ceil; prior registration was null
2024-05-01T22:51:07.564-04:00 DEBUG 181167 --- [salessrv] [           main] o.h.q.sqm.function.SqmFunctionRegistry   : Registering alternate key : ceiling -> ceil
2024-05-01T22:51:07.564-04:00 DEBUG 181167 --- [salessrv] [           main] o.h.q.sqm.function.SqmFunctionRegistry   : Registered SqmFunctionTemplate [org.hibernate.query.sqm.function.PatternBasedSqmFunctionDescriptor@729a98e9] under concat; prior registration was NamedSqmFunctionTemplate(concat)
2024-05-01T22:51:07.564-04:00 DEBUG 181167 --- [salessrv] [           main] o.h.q.sqm.function.SqmFunctionRegistry   : Registered SqmFunctionTemplate [NamedSqmFunctionTemplate(rowid)] under rowid; prior registration was null
2024-05-01T22:51:07.564-04:00 DEBUG 181167 --- [salessrv] [           main] o.h.q.sqm.function.SqmFunctionRegistry   : Registered SqmFunctionTemplate [NamedSqmFunctionTemplate(rownum)] under rownum; prior registration was null
2024-05-01T22:51:07.564-04:00 DEBUG 181167 --- [salessrv] [           main] o.h.q.sqm.function.SqmFunctionRegistry   : Registered SqmFunctionTemplate [NamedSqmFunctionTemplate(sysdate)] under sysdate; prior registration was null
2024-05-01T22:51:07.565-04:00 DEBUG 181167 --- [salessrv] [           main] o.h.q.sqm.function.SqmFunctionRegistry   : Registered SqmFunctionTemplate [NamedSqmFunctionTemplate(systimestamp)] under systimestamp; prior registration was null
2024-05-01T22:51:07.565-04:00 DEBUG 181167 --- [salessrv] [           main] o.h.q.sqm.function.SqmFunctionRegistry   : Registered SqmFunctionTemplate [NamedSqmFunctionTemplate(add_months)] under add_months; prior registration was null
2024-05-01T22:51:07.565-04:00 DEBUG 181167 --- [salessrv] [           main] o.h.q.sqm.function.SqmFunctionRegistry   : Registered SqmFunctionTemplate [NamedSqmFunctionTemplate(months_between)] under months_between; prior registration was null
2024-05-01T22:51:07.565-04:00 DEBUG 181167 --- [salessrv] [           main] o.h.q.sqm.function.SqmFunctionRegistry   : Registered SqmFunctionTemplate [org.hibernate.dialect.function.MinMaxCaseEveryAnyEmulation@51c7d472] under every; prior registration was org.hibernate.dialect.function.EveryAnyEmulation@1131fcfd
2024-05-01T22:51:07.565-04:00 DEBUG 181167 --- [salessrv] [           main] o.h.q.sqm.function.SqmFunctionRegistry   : Registered SqmFunctionTemplate [org.hibernate.dialect.function.MinMaxCaseEveryAnyEmulation@3aa4d595] under any; prior registration was org.hibernate.dialect.function.EveryAnyEmulation@46d2be66
2024-05-01T22:51:07.565-04:00 DEBUG 181167 --- [salessrv] [           main] o.h.q.sqm.function.SqmFunctionRegistry   : Registered SqmFunctionTemplate [org.hibernate.query.sqm.function.PatternBasedSqmFunctionDescriptor@e50e308] under repeat; prior registration was null
2024-05-01T22:51:07.565-04:00 DEBUG 181167 --- [salessrv] [           main] o.h.q.sqm.function.SqmFunctionRegistry   : Registered SqmFunctionTemplate [org.hibernate.query.sqm.function.PatternBasedSqmFunctionDescriptor@28ab7ffb] under radians; prior registration was null
2024-05-01T22:51:07.565-04:00 DEBUG 181167 --- [salessrv] [           main] o.h.q.sqm.function.SqmFunctionRegistry   : Registered SqmFunctionTemplate [org.hibernate.query.sqm.function.PatternBasedSqmFunctionDescriptor@47a05ad8] under degrees; prior registration was null
2024-05-01T22:51:07.565-04:00 DEBUG 181167 --- [salessrv] [           main] o.h.q.sqm.function.SqmFunctionRegistry   : Registered SqmFunctionTemplate [NamedSqmFunctionTemplate(median)] under median; prior registration was null
2024-05-01T22:51:07.565-04:00 DEBUG 181167 --- [salessrv] [           main] o.h.q.sqm.function.SqmFunctionRegistry   : Registered SqmFunctionTemplate [NamedSqmFunctionTemplate(stddev)] under stddev; prior registration was null
2024-05-01T22:51:07.565-04:00 DEBUG 181167 --- [salessrv] [           main] o.h.q.sqm.function.SqmFunctionRegistry   : Registered SqmFunctionTemplate [NamedSqmFunctionTemplate(stddev_pop)] under stddev_pop; prior registration was null
2024-05-01T22:51:07.565-04:00 DEBUG 181167 --- [salessrv] [           main] o.h.q.sqm.function.SqmFunctionRegistry   : Registered SqmFunctionTemplate [NamedSqmFunctionTemplate(stddev_samp)] under stddev_samp; prior registration was null
2024-05-01T22:51:07.565-04:00 DEBUG 181167 --- [salessrv] [           main] o.h.q.sqm.function.SqmFunctionRegistry   : Registered SqmFunctionTemplate [NamedSqmFunctionTemplate(variance)] under variance; prior registration was null
2024-05-01T22:51:07.565-04:00 DEBUG 181167 --- [salessrv] [           main] o.h.q.sqm.function.SqmFunctionRegistry   : Registered SqmFunctionTemplate [NamedSqmFunctionTemplate(var_pop)] under var_pop; prior registration was null
2024-05-01T22:51:07.565-04:00 DEBUG 181167 --- [salessrv] [           main] o.h.q.sqm.function.SqmFunctionRegistry   : Registered SqmFunctionTemplate [NamedSqmFunctionTemplate(var_samp)] under var_samp; prior registration was null
2024-05-01T22:51:07.565-04:00 DEBUG 181167 --- [salessrv] [           main] o.h.q.sqm.function.SqmFunctionRegistry   : Registered SqmFunctionTemplate [NamedSqmFunctionTemplate(covar_pop)] under covar_pop; prior registration was null
2024-05-01T22:51:07.565-04:00 DEBUG 181167 --- [salessrv] [           main] o.h.q.sqm.function.SqmFunctionRegistry   : Registered SqmFunctionTemplate [NamedSqmFunctionTemplate(covar_samp)] under covar_samp; prior registration was null
2024-05-01T22:51:07.565-04:00 DEBUG 181167 --- [salessrv] [           main] o.h.q.sqm.function.SqmFunctionRegistry   : Registered SqmFunctionTemplate [NamedSqmFunctionTemplate(corr)] under corr; prior registration was null
2024-05-01T22:51:07.565-04:00 DEBUG 181167 --- [salessrv] [           main] o.h.q.sqm.function.SqmFunctionRegistry   : Registered SqmFunctionTemplate [NamedSqmFunctionTemplate(regr_avgx)] under regr_avgx; prior registration was null
2024-05-01T22:51:07.565-04:00 DEBUG 181167 --- [salessrv] [           main] o.h.q.sqm.function.SqmFunctionRegistry   : Registered SqmFunctionTemplate [NamedSqmFunctionTemplate(regr_avgy)] under regr_avgy; prior registration was null
2024-05-01T22:51:07.565-04:00 DEBUG 181167 --- [salessrv] [           main] o.h.q.sqm.function.SqmFunctionRegistry   : Registered SqmFunctionTemplate [NamedSqmFunctionTemplate(regr_count)] under regr_count; prior registration was null
2024-05-01T22:51:07.566-04:00 DEBUG 181167 --- [salessrv] [           main] o.h.q.sqm.function.SqmFunctionRegistry   : Registered SqmFunctionTemplate [NamedSqmFunctionTemplate(regr_intercept)] under regr_intercept; prior registration was null
2024-05-01T22:51:07.566-04:00 DEBUG 181167 --- [salessrv] [           main] o.h.q.sqm.function.SqmFunctionRegistry   : Registered SqmFunctionTemplate [NamedSqmFunctionTemplate(regr_r2)] under regr_r2; prior registration was null
2024-05-01T22:51:07.566-04:00 DEBUG 181167 --- [salessrv] [           main] o.h.q.sqm.function.SqmFunctionRegistry   : Registered SqmFunctionTemplate [NamedSqmFunctionTemplate(regr_slope)] under regr_slope; prior registration was null
2024-05-01T22:51:07.566-04:00 DEBUG 181167 --- [salessrv] [           main] o.h.q.sqm.function.SqmFunctionRegistry   : Registered SqmFunctionTemplate [NamedSqmFunctionTemplate(regr_sxx)] under regr_sxx; prior registration was null
2024-05-01T22:51:07.566-04:00 DEBUG 181167 --- [salessrv] [           main] o.h.q.sqm.function.SqmFunctionRegistry   : Registered SqmFunctionTemplate [NamedSqmFunctionTemplate(regr_sxy)] under regr_sxy; prior registration was null
2024-05-01T22:51:07.566-04:00 DEBUG 181167 --- [salessrv] [           main] o.h.q.sqm.function.SqmFunctionRegistry   : Registered SqmFunctionTemplate [NamedSqmFunctionTemplate(regr_syy)] under regr_syy; prior registration was null
2024-05-01T22:51:07.566-04:00 DEBUG 181167 --- [salessrv] [           main] o.h.q.sqm.function.SqmFunctionRegistry   : Registered SqmFunctionTemplate [org.hibernate.dialect.function.LengthFunction@5b3427c4] under length; prior registration was null
2024-05-01T22:51:07.566-04:00 DEBUG 181167 --- [salessrv] [           main] o.h.q.sqm.function.SqmFunctionRegistry   : Registering alternate key : character_length -> length
2024-05-01T22:51:07.566-04:00 DEBUG 181167 --- [salessrv] [           main] o.h.q.sqm.function.SqmFunctionRegistry   : Registered SqmFunctionTemplate [org.hibernate.dialect.function.LengthFunction@5275d709] under octet_length; prior registration was null
2024-05-01T22:51:07.566-04:00 DEBUG 181167 --- [salessrv] [           main] o.h.q.sqm.function.SqmFunctionRegistry   : Registered SqmFunctionTemplate [org.hibernate.dialect.function.LengthFunction@21523e1b] under bit_length; prior registration was null
2024-05-01T22:51:07.566-04:00 DEBUG 181167 --- [salessrv] [           main] o.h.q.sqm.function.SqmFunctionRegistry   : Registered SqmFunctionTemplate [NamedSqmFunctionTemplate(coalesce)] under coalesce; prior registration was NamedSqmFunctionTemplate(coalesce)
2024-05-01T22:51:07.566-04:00 DEBUG 181167 --- [salessrv] [           main] o.h.q.sqm.function.SqmFunctionRegistry   : Registered SqmFunctionTemplate [org.hibernate.query.sqm.function.MultipatternSqmFunctionDescriptor@6461c673] under locate; prior registration was NamedSqmFunctionTemplate(locate)
2024-05-01T22:51:07.566-04:00 DEBUG 181167 --- [salessrv] [           main] o.h.q.sqm.function.SqmFunctionRegistry   : Registered SqmFunctionTemplate [org.hibernate.dialect.function.ListaggFunction@1e11d73c] under listagg; prior registration was null
2024-05-01T22:51:07.566-04:00 DEBUG 181167 --- [salessrv] [           main] o.h.q.sqm.function.SqmFunctionRegistry   : Registered SqmFunctionTemplate [NamedSqmFunctionTemplate(row_number)] under row_number; prior registration was null
2024-05-01T22:51:07.566-04:00 DEBUG 181167 --- [salessrv] [           main] o.h.q.sqm.function.SqmFunctionRegistry   : Registered SqmFunctionTemplate [NamedSqmFunctionTemplate(lag)] under lag; prior registration was null
2024-05-01T22:51:07.566-04:00 DEBUG 181167 --- [salessrv] [           main] o.h.q.sqm.function.SqmFunctionRegistry   : Registered SqmFunctionTemplate [NamedSqmFunctionTemplate(lead)] under lead; prior registration was null
2024-05-01T22:51:07.566-04:00 DEBUG 181167 --- [salessrv] [           main] o.h.q.sqm.function.SqmFunctionRegistry   : Registered SqmFunctionTemplate [NamedSqmFunctionTemplate(first_value)] under first_value; prior registration was null
2024-05-01T22:51:07.566-04:00 DEBUG 181167 --- [salessrv] [           main] o.h.q.sqm.function.SqmFunctionRegistry   : Registered SqmFunctionTemplate [NamedSqmFunctionTemplate(last_value)] under last_value; prior registration was null
2024-05-01T22:51:07.566-04:00 DEBUG 181167 --- [salessrv] [           main] o.h.q.sqm.function.SqmFunctionRegistry   : Registered SqmFunctionTemplate [NamedSqmFunctionTemplate(nth_value)] under nth_value; prior registration was null
2024-05-01T22:51:07.566-04:00 DEBUG 181167 --- [salessrv] [           main] o.h.q.sqm.function.SqmFunctionRegistry   : Registered SqmFunctionTemplate [org.hibernate.dialect.function.HypotheticalSetFunction@62a09668] under rank; prior registration was null
2024-05-01T22:51:07.566-04:00 DEBUG 181167 --- [salessrv] [           main] o.h.q.sqm.function.SqmFunctionRegistry   : Registered SqmFunctionTemplate [org.hibernate.dialect.function.HypotheticalSetFunction@5232cec1] under dense_rank; prior registration was null
2024-05-01T22:51:07.566-04:00 DEBUG 181167 --- [salessrv] [           main] o.h.q.sqm.function.SqmFunctionRegistry   : Registered SqmFunctionTemplate [org.hibernate.dialect.function.HypotheticalSetFunction@388ad8aa] under percent_rank; prior registration was null
2024-05-01T22:51:07.566-04:00 DEBUG 181167 --- [salessrv] [           main] o.h.q.sqm.function.SqmFunctionRegistry   : Registered SqmFunctionTemplate [org.hibernate.dialect.function.HypotheticalSetFunction@283240b0] under cume_dist; prior registration was null
2024-05-01T22:51:07.567-04:00 DEBUG 181167 --- [salessrv] [           main] o.h.q.sqm.function.SqmFunctionRegistry   : Registered SqmFunctionTemplate [org.hibernate.dialect.function.InverseDistributionFunction@4ec78008] under mode; prior registration was null
2024-05-01T22:51:07.567-04:00 DEBUG 181167 --- [salessrv] [           main] o.h.q.sqm.function.SqmFunctionRegistry   : Registered SqmFunctionTemplate [org.hibernate.dialect.function.InverseDistributionFunction@ac71bd7] under percentile_cont; prior registration was null
2024-05-01T22:51:07.567-04:00 DEBUG 181167 --- [salessrv] [           main] o.h.q.sqm.function.SqmFunctionRegistry   : Registered SqmFunctionTemplate [org.hibernate.dialect.function.InverseDistributionFunction@64e6cdad] under percentile_disc; prior registration was null
2024-05-01T22:51:07.567-04:00 DEBUG 181167 --- [salessrv] [           main] o.h.q.sqm.function.SqmFunctionRegistry   : Registered SqmFunctionTemplate [org.hibernate.dialect.function.ModeStatsModeEmulation@5e6b2641] under mode; prior registration was org.hibernate.dialect.function.InverseDistributionFunction@4ec78008
2024-05-01T22:51:07.568-04:00 DEBUG 181167 --- [salessrv] [           main] o.h.q.sqm.function.SqmFunctionRegistry   : Registered SqmFunctionTemplate [org.hibernate.dialect.function.OracleTruncFunction@2c5e2a44] under trunc; prior registration was null
2024-05-01T22:51:07.568-04:00 DEBUG 181167 --- [salessrv] [           main] o.h.q.sqm.function.SqmFunctionRegistry   : Registering alternate key : truncate -> trunc
2024-05-01T22:51:07.568-04:00 DEBUG 181167 --- [salessrv] [           main] o.h.q.sqm.function.SqmFunctionRegistry   : Registered SqmFunctionTemplate [org.hibernate.dialect.function.array.OracleArrayConstructorFunction@1ef585bb] under array; prior registration was null
2024-05-01T22:51:07.568-04:00 DEBUG 181167 --- [salessrv] [           main] o.h.q.sqm.function.SqmFunctionRegistry   : Registered SqmFunctionTemplate [org.hibernate.dialect.function.array.OracleArrayConstructorFunction@4caca86d] under array_list; prior registration was null
2024-05-01T22:51:07.568-04:00 DEBUG 181167 --- [salessrv] [           main] o.h.q.sqm.function.SqmFunctionRegistry   : Registered SqmFunctionTemplate [org.hibernate.dialect.function.array.OracleArrayAggEmulation@4bf2c697] under array_agg; prior registration was null
2024-05-01T22:51:07.568-04:00 DEBUG 181167 --- [salessrv] [           main] o.h.q.sqm.function.SqmFunctionRegistry   : Registered SqmFunctionTemplate [org.hibernate.dialect.function.array.OracleArrayPositionFunction@16a3d9a7] under array_position; prior registration was null
2024-05-01T22:51:07.569-04:00 DEBUG 181167 --- [salessrv] [           main] o.h.q.sqm.function.SqmFunctionRegistry   : Registered SqmFunctionTemplate [org.hibernate.dialect.function.array.OracleArrayPositionsFunction@d8f65a1] under array_positions; prior registration was null
2024-05-01T22:51:07.569-04:00 DEBUG 181167 --- [salessrv] [           main] o.h.q.sqm.function.SqmFunctionRegistry   : Registered SqmFunctionTemplate [org.hibernate.dialect.function.array.OracleArrayPositionsFunction@58f259bd] under array_positions_list; prior registration was null
2024-05-01T22:51:07.569-04:00 DEBUG 181167 --- [salessrv] [           main] o.h.q.sqm.function.SqmFunctionRegistry   : Registered SqmFunctionTemplate [org.hibernate.dialect.function.array.OracleArrayLengthFunction@362109d0] under array_length; prior registration was null
2024-05-01T22:51:07.569-04:00 DEBUG 181167 --- [salessrv] [           main] o.h.q.sqm.function.SqmFunctionRegistry   : Registered SqmFunctionTemplate [org.hibernate.dialect.function.array.OracleArrayConcatFunction@4075c0d8] under array_concat; prior registration was null
2024-05-01T22:51:07.569-04:00 DEBUG 181167 --- [salessrv] [           main] o.h.q.sqm.function.SqmFunctionRegistry   : Registered SqmFunctionTemplate [org.hibernate.dialect.function.array.OracleArrayConcatElementFunction@3670af2b] under array_prepend; prior registration was null
2024-05-01T22:51:07.569-04:00 DEBUG 181167 --- [salessrv] [           main] o.h.q.sqm.function.SqmFunctionRegistry   : Registered SqmFunctionTemplate [org.hibernate.dialect.function.array.OracleArrayConcatElementFunction@7c8537e9] under array_append; prior registration was null
2024-05-01T22:51:07.569-04:00 DEBUG 181167 --- [salessrv] [           main] o.h.q.sqm.function.SqmFunctionRegistry   : Registered SqmFunctionTemplate [org.hibernate.dialect.function.array.OracleArrayContainsFunction@42d4de20] under array_contains; prior registration was null
2024-05-01T22:51:07.569-04:00 DEBUG 181167 --- [salessrv] [           main] o.h.q.sqm.function.SqmFunctionRegistry   : Registered SqmFunctionTemplate [org.hibernate.dialect.function.array.OracleArrayContainsFunction@2cc9a5a2] under array_contains_nullable; prior registration was null
2024-05-01T22:51:07.569-04:00 DEBUG 181167 --- [salessrv] [           main] o.h.q.sqm.function.SqmFunctionRegistry   : Registered SqmFunctionTemplate [org.hibernate.dialect.function.array.OracleArrayOverlapsFunction@1ff35ee7] under array_overlaps; prior registration was null
2024-05-01T22:51:07.569-04:00 DEBUG 181167 --- [salessrv] [           main] o.h.q.sqm.function.SqmFunctionRegistry   : Registered SqmFunctionTemplate [org.hibernate.dialect.function.array.OracleArrayOverlapsFunction@4a9c188f] under array_overlaps_nullable; prior registration was null
2024-05-01T22:51:07.569-04:00 DEBUG 181167 --- [salessrv] [           main] o.h.q.sqm.function.SqmFunctionRegistry   : Registered SqmFunctionTemplate [org.hibernate.dialect.function.array.OracleArrayGetFunction@2e5dea22] under array_get; prior registration was null
2024-05-01T22:51:07.569-04:00 DEBUG 181167 --- [salessrv] [           main] o.h.q.sqm.function.SqmFunctionRegistry   : Registered SqmFunctionTemplate [org.hibernate.dialect.function.array.OracleArraySetFunction@4fd8aefe] under array_set; prior registration was null
2024-05-01T22:51:07.569-04:00 DEBUG 181167 --- [salessrv] [           main] o.h.q.sqm.function.SqmFunctionRegistry   : Registered SqmFunctionTemplate [org.hibernate.dialect.function.array.OracleArrayRemoveFunction@4a59d584] under array_remove; prior registration was null
2024-05-01T22:51:07.569-04:00 DEBUG 181167 --- [salessrv] [           main] o.h.q.sqm.function.SqmFunctionRegistry   : Registered SqmFunctionTemplate [org.hibernate.dialect.function.array.OracleArrayRemoveIndexFunction@60abe420] under array_remove_index; prior registration was null
2024-05-01T22:51:07.569-04:00 DEBUG 181167 --- [salessrv] [           main] o.h.q.sqm.function.SqmFunctionRegistry   : Registered SqmFunctionTemplate [org.hibernate.dialect.function.array.OracleArraySliceFunction@21e60eed] under array_slice; prior registration was null
2024-05-01T22:51:07.569-04:00 DEBUG 181167 --- [salessrv] [           main] o.h.q.sqm.function.SqmFunctionRegistry   : Registered SqmFunctionTemplate [org.hibernate.dialect.function.array.OracleArrayReplaceFunction@2b43eb71] under array_replace; prior registration was null
2024-05-01T22:51:07.569-04:00 DEBUG 181167 --- [salessrv] [           main] o.h.q.sqm.function.SqmFunctionRegistry   : Registered SqmFunctionTemplate [org.hibernate.dialect.function.array.OracleArrayTrimFunction@2f32fe68] under array_trim; prior registration was null
2024-05-01T22:51:07.569-04:00 DEBUG 181167 --- [salessrv] [           main] o.h.q.sqm.function.SqmFunctionRegistry   : Registered SqmFunctionTemplate [org.hibernate.dialect.function.array.OracleArrayFillFunction@1007954a] under array_fill; prior registration was null
2024-05-01T22:51:07.569-04:00 DEBUG 181167 --- [salessrv] [           main] o.h.q.sqm.function.SqmFunctionRegistry   : Registered SqmFunctionTemplate [org.hibernate.dialect.function.array.OracleArrayFillFunction@10770c1] under array_fill_list; prior registration was null
2024-05-01T22:51:07.569-04:00 DEBUG 181167 --- [salessrv] [           main] o.h.q.sqm.function.SqmFunctionRegistry   : Registered SqmFunctionTemplate [org.hibernate.dialect.function.array.OracleArrayToStringFunction@35ab0bf3] under array_to_string; prior registration was null
2024-05-01T22:51:07.570-04:00 DEBUG 181167 --- [salessrv] [           main] org.hibernate.HQL_FUNCTIONS              : abs(NUMERIC arg)
2024-05-01T22:51:07.570-04:00 DEBUG 181167 --- [salessrv] [           main] org.hibernate.HQL_FUNCTIONS              : Double acos(NUMERIC arg)
2024-05-01T22:51:07.570-04:00 DEBUG 181167 --- [salessrv] [           main] org.hibernate.HQL_FUNCTIONS              : add_months(DATE datetime, INTEGER months)
2024-05-01T22:51:07.570-04:00 DEBUG 181167 --- [salessrv] [           main] org.hibernate.HQL_FUNCTIONS              : Boolean any(BOOLEAN arg)
2024-05-01T22:51:07.570-04:00 DEBUG 181167 --- [salessrv] [           main] org.hibernate.HQL_FUNCTIONS              : array( ... )
2024-05-01T22:51:07.570-04:00 DEBUG 181167 --- [salessrv] [           main] org.hibernate.HQL_FUNCTIONS              : array_agg(arg)
2024-05-01T22:51:07.570-04:00 DEBUG 181167 --- [salessrv] [           main] org.hibernate.HQL_FUNCTIONS              : array_append( ... )
2024-05-01T22:51:07.570-04:00 DEBUG 181167 --- [salessrv] [           main] org.hibernate.HQL_FUNCTIONS              : array_concat( ... )
2024-05-01T22:51:07.570-04:00 DEBUG 181167 --- [salessrv] [           main] org.hibernate.HQL_FUNCTIONS              : Boolean array_contains(ARRAY haystackArray, OBJECT needleElementOrArray)
2024-05-01T22:51:07.570-04:00 DEBUG 181167 --- [salessrv] [           main] org.hibernate.HQL_FUNCTIONS              : Boolean array_contains_nullable(ARRAY haystackArray, OBJECT needleElementOrArray)
2024-05-01T22:51:07.570-04:00 DEBUG 181167 --- [salessrv] [           main] org.hibernate.HQL_FUNCTIONS              : array_fill(OBJECT element, INTEGER elementCount)
2024-05-01T22:51:07.570-04:00 DEBUG 181167 --- [salessrv] [           main] org.hibernate.HQL_FUNCTIONS              : array_fill_list(OBJECT element, INTEGER elementCount)
2024-05-01T22:51:07.570-04:00 DEBUG 181167 --- [salessrv] [           main] org.hibernate.HQL_FUNCTIONS              : array_get( ... )
2024-05-01T22:51:07.570-04:00 DEBUG 181167 --- [salessrv] [           main] org.hibernate.HQL_FUNCTIONS              : Integer array_length(ARRAY array)
2024-05-01T22:51:07.570-04:00 DEBUG 181167 --- [salessrv] [           main] org.hibernate.HQL_FUNCTIONS              : array_list( ... )
2024-05-01T22:51:07.570-04:00 DEBUG 181167 --- [salessrv] [           main] org.hibernate.HQL_FUNCTIONS              : Boolean array_overlaps(ARRAY array0, OBJECT array1)
2024-05-01T22:51:07.570-04:00 DEBUG 181167 --- [salessrv] [           main] org.hibernate.HQL_FUNCTIONS              : Boolean array_overlaps_nullable(ARRAY array0, OBJECT array1)
2024-05-01T22:51:07.570-04:00 DEBUG 181167 --- [salessrv] [           main] org.hibernate.HQL_FUNCTIONS              : Integer array_position(ARRAY array, OBJECT element[, INTEGER startPosition])
2024-05-01T22:51:07.570-04:00 DEBUG 181167 --- [salessrv] [           main] org.hibernate.HQL_FUNCTIONS              : int[] array_positions(ARRAY array, OBJECT element)
2024-05-01T22:51:07.570-04:00 DEBUG 181167 --- [salessrv] [           main] org.hibernate.HQL_FUNCTIONS              : List array_positions_list(ARRAY array, OBJECT element)
2024-05-01T22:51:07.570-04:00 DEBUG 181167 --- [salessrv] [           main] org.hibernate.HQL_FUNCTIONS              : array_prepend( ... )
2024-05-01T22:51:07.570-04:00 DEBUG 181167 --- [salessrv] [           main] org.hibernate.HQL_FUNCTIONS              : array_remove( ... )
2024-05-01T22:51:07.570-04:00 DEBUG 181167 --- [salessrv] [           main] org.hibernate.HQL_FUNCTIONS              : array_remove_index( ... )
2024-05-01T22:51:07.570-04:00 DEBUG 181167 --- [salessrv] [           main] org.hibernate.HQL_FUNCTIONS              : array_replace( ... )
2024-05-01T22:51:07.570-04:00 DEBUG 181167 --- [salessrv] [           main] org.hibernate.HQL_FUNCTIONS              : array_set( ... )
2024-05-01T22:51:07.570-04:00 DEBUG 181167 --- [salessrv] [           main] org.hibernate.HQL_FUNCTIONS              : array_slice( ... )
2024-05-01T22:51:07.571-04:00 DEBUG 181167 --- [salessrv] [           main] org.hibernate.HQL_FUNCTIONS              : String array_to_string( ... )
2024-05-01T22:51:07.571-04:00 DEBUG 181167 --- [salessrv] [           main] org.hibernate.HQL_FUNCTIONS              : array_trim( ... )
2024-05-01T22:51:07.574-04:00 DEBUG 181167 --- [salessrv] [           main] org.hibernate.HQL_FUNCTIONS              : Integer ascii(STRING arg)
2024-05-01T22:51:07.576-04:00 DEBUG 181167 --- [salessrv] [           main] org.hibernate.HQL_FUNCTIONS              : Double asin(NUMERIC arg)
2024-05-01T22:51:07.576-04:00 DEBUG 181167 --- [salessrv] [           main] org.hibernate.HQL_FUNCTIONS              : Double atan(NUMERIC arg)
2024-05-01T22:51:07.576-04:00 DEBUG 181167 --- [salessrv] [           main] org.hibernate.HQL_FUNCTIONS              : Double atan2(NUMERIC arg0, NUMERIC arg1)
2024-05-01T22:51:07.576-04:00 DEBUG 181167 --- [salessrv] [           main] org.hibernate.HQL_FUNCTIONS              : avg(arg)
2024-05-01T22:51:07.576-04:00 DEBUG 181167 --- [salessrv] [           main] org.hibernate.HQL_FUNCTIONS              : Integer bit_length(STRING_OR_CLOB arg)
2024-05-01T22:51:07.576-04:00 DEBUG 181167 --- [salessrv] [           main] org.hibernate.HQL_FUNCTIONS              : bitand(arg0, arg1)
2024-05-01T22:51:07.576-04:00 DEBUG 181167 --- [salessrv] [           main] org.hibernate.HQL_FUNCTIONS              : cast(arg as Type)
2024-05-01T22:51:07.578-04:00 DEBUG 181167 --- [salessrv] [           main] org.hibernate.HQL_FUNCTIONS              : ceil(NUMERIC arg)
2024-05-01T22:51:07.578-04:00 DEBUG 181167 --- [salessrv] [           main] org.hibernate.HQL_FUNCTIONS              : ceiling(NUMERIC arg)
2024-05-01T22:51:07.578-04:00 DEBUG 181167 --- [salessrv] [           main] org.hibernate.HQL_FUNCTIONS              : Character char(INTEGER arg)
2024-05-01T22:51:07.578-04:00 DEBUG 181167 --- [salessrv] [           main] org.hibernate.HQL_FUNCTIONS              : Integer character_length(STRING_OR_CLOB arg)
2024-05-01T22:51:07.578-04:00 DEBUG 181167 --- [salessrv] [           main] org.hibernate.HQL_FUNCTIONS              : Character chr(INTEGER arg)
2024-05-01T22:51:07.578-04:00 DEBUG 181167 --- [salessrv] [           main] org.hibernate.HQL_FUNCTIONS              : coalesce(arg0[, arg1[, ...]])
2024-05-01T22:51:07.578-04:00 DEBUG 181167 --- [salessrv] [           main] org.hibernate.HQL_FUNCTIONS              : String collate(STRING string as COLLATION collation)
2024-05-01T22:51:07.578-04:00 DEBUG 181167 --- [salessrv] [           main] org.hibernate.HQL_FUNCTIONS              : String concat(STRING string0[, STRING string1[, ...]])
2024-05-01T22:51:07.578-04:00 DEBUG 181167 --- [salessrv] [           main] org.hibernate.HQL_FUNCTIONS              : Double corr(NUMERIC arg0, NUMERIC arg1)
2024-05-01T22:51:07.578-04:00 DEBUG 181167 --- [salessrv] [           main] org.hibernate.HQL_FUNCTIONS              : Double cos(NUMERIC arg)
2024-05-01T22:51:07.580-04:00 DEBUG 181167 --- [salessrv] [           main] org.hibernate.HQL_FUNCTIONS              : Double cosh(NUMERIC arg)
2024-05-01T22:51:07.580-04:00 DEBUG 181167 --- [salessrv] [           main] org.hibernate.HQL_FUNCTIONS              : Long count([distinct ]{arg|*})
2024-05-01T22:51:07.580-04:00 DEBUG 181167 --- [salessrv] [           main] org.hibernate.HQL_FUNCTIONS              : Double covar_pop(NUMERIC arg0, NUMERIC arg1)
2024-05-01T22:51:07.580-04:00 DEBUG 181167 --- [salessrv] [           main] org.hibernate.HQL_FUNCTIONS              : Double covar_samp(NUMERIC arg0, NUMERIC arg1)
2024-05-01T22:51:07.580-04:00 DEBUG 181167 --- [salessrv] [           main] org.hibernate.HQL_FUNCTIONS              : Double cume_dist([arg0[, ...]])
2024-05-01T22:51:07.580-04:00 DEBUG 181167 --- [salessrv] [           main] org.hibernate.HQL_FUNCTIONS              : Date current date
2024-05-01T22:51:07.580-04:00 DEBUG 181167 --- [salessrv] [           main] org.hibernate.HQL_FUNCTIONS              : Time current time
2024-05-01T22:51:07.580-04:00 DEBUG 181167 --- [salessrv] [           main] org.hibernate.HQL_FUNCTIONS              : Timestamp current timestamp
2024-05-01T22:51:07.580-04:00 DEBUG 181167 --- [salessrv] [           main] org.hibernate.HQL_FUNCTIONS              : Date current_date
2024-05-01T22:51:07.580-04:00 DEBUG 181167 --- [salessrv] [           main] org.hibernate.HQL_FUNCTIONS              : Instant current_instant
2024-05-01T22:51:07.580-04:00 DEBUG 181167 --- [salessrv] [           main] org.hibernate.HQL_FUNCTIONS              : Time current_time
2024-05-01T22:51:07.580-04:00 DEBUG 181167 --- [salessrv] [           main] org.hibernate.HQL_FUNCTIONS              : Timestamp current_timestamp
2024-05-01T22:51:07.580-04:00 DEBUG 181167 --- [salessrv] [           main] org.hibernate.HQL_FUNCTIONS              : dateadd(TEMPORAL_UNIT field, INTEGER magnitude, TEMPORAL datetime)
2024-05-01T22:51:07.580-04:00 DEBUG 181167 --- [salessrv] [           main] org.hibernate.HQL_FUNCTIONS              : basicType@23(java.lang.Long,-5)|basicType@36(java.lang.Double,8) datediff(TEMPORAL_UNIT field, TEMPORAL start, TEMPORAL end)
2024-05-01T22:51:07.580-04:00 DEBUG 181167 --- [salessrv] [           main] org.hibernate.HQL_FUNCTIONS              : Double degrees(NUMERIC arg)
2024-05-01T22:51:07.580-04:00 DEBUG 181167 --- [salessrv] [           main] org.hibernate.HQL_FUNCTIONS              : Long dense_rank([arg0[, ...]])
2024-05-01T22:51:07.580-04:00 DEBUG 181167 --- [salessrv] [           main] org.hibernate.HQL_FUNCTIONS              : Boolean every(BOOLEAN arg)
2024-05-01T22:51:07.580-04:00 DEBUG 181167 --- [salessrv] [           main] org.hibernate.HQL_FUNCTIONS              : Double exp(NUMERIC arg)
2024-05-01T22:51:07.580-04:00 DEBUG 181167 --- [salessrv] [           main] org.hibernate.HQL_FUNCTIONS              : extract(TEMPORAL_UNIT field from TEMPORAL arg)
2024-05-01T22:51:07.580-04:00 DEBUG 181167 --- [salessrv] [           main] org.hibernate.HQL_FUNCTIONS              : first_valueANY value
2024-05-01T22:51:07.580-04:00 DEBUG 181167 --- [salessrv] [           main] org.hibernate.HQL_FUNCTIONS              : floor(NUMERIC arg)
2024-05-01T22:51:07.580-04:00 DEBUG 181167 --- [salessrv] [           main] org.hibernate.HQL_FUNCTIONS              : String format(TEMPORAL datetime as STRING pattern)
2024-05-01T22:51:07.580-04:00 DEBUG 181167 --- [salessrv] [           main] org.hibernate.HQL_FUNCTIONS              : greatest(COMPARABLE arg0, COMPARABLE arg1[, arg2[, ...]])
2024-05-01T22:51:07.580-04:00 DEBUG 181167 --- [salessrv] [           main] org.hibernate.HQL_FUNCTIONS              : ifnull(arg0, arg1)
2024-05-01T22:51:07.581-04:00 DEBUG 181167 --- [salessrv] [           main] org.hibernate.HQL_FUNCTIONS              : String initcap(arg)
2024-05-01T22:51:07.581-04:00 DEBUG 181167 --- [salessrv] [           main] org.hibernate.HQL_FUNCTIONS              : Instant instant
2024-05-01T22:51:07.581-04:00 DEBUG 181167 --- [salessrv] [           main] org.hibernate.HQL_FUNCTIONS              : Integer instr(STRING string, STRING pattern[, INTEGER start[, INTEGER occurrence]])
2024-05-01T22:51:07.581-04:00 DEBUG 181167 --- [salessrv] [           main] org.hibernate.HQL_FUNCTIONS              : lagANY value[, INTEGER offset[, ANY default]]
2024-05-01T22:51:07.581-04:00 DEBUG 181167 --- [salessrv] [           main] org.hibernate.HQL_FUNCTIONS              : Date last_day(DATE arg)
2024-05-01T22:51:07.581-04:00 DEBUG 181167 --- [salessrv] [           main] org.hibernate.HQL_FUNCTIONS              : last_valueANY value
2024-05-01T22:51:07.589-04:00 DEBUG 181167 --- [salessrv] [           main] org.hibernate.HQL_FUNCTIONS              : leadANY value[, INTEGER offset[, ANY default]]
2024-05-01T22:51:07.589-04:00 DEBUG 181167 --- [salessrv] [           main] org.hibernate.HQL_FUNCTIONS              : least(COMPARABLE arg0, COMPARABLE arg1[, arg2[, ...]])
2024-05-01T22:51:07.589-04:00 DEBUG 181167 --- [salessrv] [           main] org.hibernate.HQL_FUNCTIONS              : String left(STRING string, INTEGER length)
2024-05-01T22:51:07.589-04:00 DEBUG 181167 --- [salessrv] [           main] org.hibernate.HQL_FUNCTIONS              : Integer length(STRING_OR_CLOB arg)
2024-05-01T22:51:07.590-04:00 DEBUG 181167 --- [salessrv] [           main] org.hibernate.HQL_FUNCTIONS              : String listagg(STRING arg0, STRING arg1)
2024-05-01T22:51:07.590-04:00 DEBUG 181167 --- [salessrv] [           main] org.hibernate.HQL_FUNCTIONS              : Double ln(NUMERIC arg)
2024-05-01T22:51:07.591-04:00 DEBUG 181167 --- [salessrv] [           main] org.hibernate.HQL_FUNCTIONS              : LocalDate local date
2024-05-01T22:51:07.591-04:00 DEBUG 181167 --- [salessrv] [           main] org.hibernate.HQL_FUNCTIONS              : LocalDateTime local datetime
2024-05-01T22:51:07.591-04:00 DEBUG 181167 --- [salessrv] [           main] org.hibernate.HQL_FUNCTIONS              : LocalTime local time
2024-05-01T22:51:07.591-04:00 DEBUG 181167 --- [salessrv] [           main] org.hibernate.HQL_FUNCTIONS              : LocalDate local_date
2024-05-01T22:51:07.591-04:00 DEBUG 181167 --- [salessrv] [           main] org.hibernate.HQL_FUNCTIONS              : LocalDateTime local_datetime
2024-05-01T22:51:07.591-04:00 DEBUG 181167 --- [salessrv] [           main] org.hibernate.HQL_FUNCTIONS              : LocalTime local_time
2024-05-01T22:51:07.591-04:00 DEBUG 181167 --- [salessrv] [           main] org.hibernate.HQL_FUNCTIONS              : Integer locate(pattern, string[, start])
2024-05-01T22:51:07.591-04:00 DEBUG 181167 --- [salessrv] [           main] org.hibernate.HQL_FUNCTIONS              : Double log(NUMERIC arg0[, NUMERIC arg1])
2024-05-01T22:51:07.591-04:00 DEBUG 181167 --- [salessrv] [           main] org.hibernate.HQL_FUNCTIONS              : Double log10(NUMERIC arg)
2024-05-01T22:51:07.594-04:00 DEBUG 181167 --- [salessrv] [           main] org.hibernate.HQL_FUNCTIONS              : String lower(STRING string)
2024-05-01T22:51:07.594-04:00 DEBUG 181167 --- [salessrv] [           main] org.hibernate.HQL_FUNCTIONS              : String lpad(STRING string, INTEGER length[, STRING padding])
2024-05-01T22:51:07.594-04:00 DEBUG 181167 --- [salessrv] [           main] org.hibernate.HQL_FUNCTIONS              : String ltrim(STRING string[, STRING characters])
2024-05-01T22:51:07.594-04:00 DEBUG 181167 --- [salessrv] [           main] org.hibernate.HQL_FUNCTIONS              : max(COMPARABLE arg)
2024-05-01T22:51:07.594-04:00 DEBUG 181167 --- [salessrv] [           main] org.hibernate.HQL_FUNCTIONS              : Double median(NUMERIC arg)
2024-05-01T22:51:07.594-04:00 DEBUG 181167 --- [salessrv] [           main] org.hibernate.HQL_FUNCTIONS              : min(COMPARABLE arg)
2024-05-01T22:51:07.594-04:00 DEBUG 181167 --- [salessrv] [           main] org.hibernate.HQL_FUNCTIONS              : Integer mod(INTEGER arg0, INTEGER arg1)
2024-05-01T22:51:07.594-04:00 DEBUG 181167 --- [salessrv] [           main] org.hibernate.HQL_FUNCTIONS              : mode()
2024-05-01T22:51:07.594-04:00 DEBUG 181167 --- [salessrv] [           main] org.hibernate.HQL_FUNCTIONS              : Integer months_between(DATE end, DATE start)
2024-05-01T22:51:07.594-04:00 DEBUG 181167 --- [salessrv] [           main] org.hibernate.HQL_FUNCTIONS              : nth_valueANY value, INTEGER nth
2024-05-01T22:51:07.594-04:00 DEBUG 181167 --- [salessrv] [           main] org.hibernate.HQL_FUNCTIONS              : nullif(arg0, arg1)
2024-05-01T22:51:07.594-04:00 DEBUG 181167 --- [salessrv] [           main] org.hibernate.HQL_FUNCTIONS              : Integer octet_length(STRING_OR_CLOB arg)
2024-05-01T22:51:07.594-04:00 DEBUG 181167 --- [salessrv] [           main] org.hibernate.HQL_FUNCTIONS              : OffsetDateTime offset datetime
2024-05-01T22:51:07.594-04:00 DEBUG 181167 --- [salessrv] [           main] org.hibernate.HQL_FUNCTIONS              : OffsetDateTime offset_datetime
2024-05-01T22:51:07.594-04:00 DEBUG 181167 --- [salessrv] [           main] org.hibernate.HQL_FUNCTIONS              : String overlay(STRING string placing STRING replacement from INTEGER start[ for INTEGER length])
2024-05-01T22:51:07.594-04:00 DEBUG 181167 --- [salessrv] [           main] org.hibernate.HQL_FUNCTIONS              : String pad(STRING string with INTEGER length {leading|trailing}[ STRING character])
2024-05-01T22:51:07.594-04:00 DEBUG 181167 --- [salessrv] [           main] org.hibernate.HQL_FUNCTIONS              : Double percent_rank([arg0[, ...]])
2024-05-01T22:51:07.594-04:00 DEBUG 181167 --- [salessrv] [           main] org.hibernate.HQL_FUNCTIONS              : percentile_cont(NUMERIC arg)
2024-05-01T22:51:07.594-04:00 DEBUG 181167 --- [salessrv] [           main] org.hibernate.HQL_FUNCTIONS              : percentile_disc(NUMERIC arg)
2024-05-01T22:51:07.595-04:00 DEBUG 181167 --- [salessrv] [           main] org.hibernate.HQL_FUNCTIONS              : Double pi
2024-05-01T22:51:07.595-04:00 DEBUG 181167 --- [salessrv] [           main] org.hibernate.HQL_FUNCTIONS              : Integer position(STRING pattern in STRING string)
2024-05-01T22:51:07.598-04:00 DEBUG 181167 --- [salessrv] [           main] org.hibernate.HQL_FUNCTIONS              : Double power(NUMERIC arg0, NUMERIC arg1)
2024-05-01T22:51:07.598-04:00 DEBUG 181167 --- [salessrv] [           main] org.hibernate.HQL_FUNCTIONS              : Double radians(NUMERIC arg)
2024-05-01T22:51:07.598-04:00 DEBUG 181167 --- [salessrv] [           main] org.hibernate.HQL_FUNCTIONS              : Long rank([arg0[, ...]])
2024-05-01T22:51:07.598-04:00 DEBUG 181167 --- [salessrv] [           main] org.hibernate.HQL_FUNCTIONS              : Double regr_avgx(NUMERIC arg0, NUMERIC arg1)
2024-05-01T22:51:07.598-04:00 DEBUG 181167 --- [salessrv] [           main] org.hibernate.HQL_FUNCTIONS              : Double regr_avgy(NUMERIC arg0, NUMERIC arg1)
2024-05-01T22:51:07.598-04:00 DEBUG 181167 --- [salessrv] [           main] org.hibernate.HQL_FUNCTIONS              : Double regr_count(NUMERIC arg0, NUMERIC arg1)
2024-05-01T22:51:07.598-04:00 DEBUG 181167 --- [salessrv] [           main] org.hibernate.HQL_FUNCTIONS              : Double regr_intercept(NUMERIC arg0, NUMERIC arg1)
2024-05-01T22:51:07.598-04:00 DEBUG 181167 --- [salessrv] [           main] org.hibernate.HQL_FUNCTIONS              : Double regr_r2(NUMERIC arg0, NUMERIC arg1)
2024-05-01T22:51:07.598-04:00 DEBUG 181167 --- [salessrv] [           main] org.hibernate.HQL_FUNCTIONS              : Double regr_slope(NUMERIC arg0, NUMERIC arg1)
2024-05-01T22:51:07.598-04:00 DEBUG 181167 --- [salessrv] [           main] org.hibernate.HQL_FUNCTIONS              : Double regr_sxx(NUMERIC arg0, NUMERIC arg1)
2024-05-01T22:51:07.598-04:00 DEBUG 181167 --- [salessrv] [           main] org.hibernate.HQL_FUNCTIONS              : Double regr_sxy(NUMERIC arg0, NUMERIC arg1)
2024-05-01T22:51:07.598-04:00 DEBUG 181167 --- [salessrv] [           main] org.hibernate.HQL_FUNCTIONS              : Double regr_syy(NUMERIC arg0, NUMERIC arg1)
2024-05-01T22:51:07.599-04:00 DEBUG 181167 --- [salessrv] [           main] org.hibernate.HQL_FUNCTIONS              : String repeat(STRING string, INTEGER times)
2024-05-01T22:51:07.599-04:00 DEBUG 181167 --- [salessrv] [           main] org.hibernate.HQL_FUNCTIONS              : String replace(STRING string, STRING pattern, STRING replacement)
2024-05-01T22:51:07.599-04:00 DEBUG 181167 --- [salessrv] [           main] org.hibernate.HQL_FUNCTIONS              : String right(STRING string, INTEGER length)
2024-05-01T22:51:07.599-04:00 DEBUG 181167 --- [salessrv] [           main] org.hibernate.HQL_FUNCTIONS              : round(NUMERIC number[, INTEGER places])
2024-05-01T22:51:07.599-04:00 DEBUG 181167 --- [salessrv] [           main] org.hibernate.HQL_FUNCTIONS              : Long row_number()
2024-05-01T22:51:07.599-04:00 DEBUG 181167 --- [salessrv] [           main] org.hibernate.HQL_FUNCTIONS              : Long rowid
2024-05-01T22:51:07.599-04:00 DEBUG 181167 --- [salessrv] [           main] org.hibernate.HQL_FUNCTIONS              : Long rownum
2024-05-01T22:51:07.599-04:00 DEBUG 181167 --- [salessrv] [           main] org.hibernate.HQL_FUNCTIONS              : String rpad(STRING string, INTEGER length[, STRING padding])
2024-05-01T22:51:07.599-04:00 DEBUG 181167 --- [salessrv] [           main] org.hibernate.HQL_FUNCTIONS              : String rtrim(STRING string[, STRING characters])
2024-05-01T22:51:07.599-04:00 DEBUG 181167 --- [salessrv] [           main] org.hibernate.HQL_FUNCTIONS              : Integer sign(NUMERIC arg)
2024-05-01T22:51:07.599-04:00 DEBUG 181167 --- [salessrv] [           main] org.hibernate.HQL_FUNCTIONS              : Double sin(NUMERIC arg)
2024-05-01T22:51:07.599-04:00 DEBUG 181167 --- [salessrv] [           main] org.hibernate.HQL_FUNCTIONS              : Double sinh(NUMERIC arg)
2024-05-01T22:51:07.599-04:00 DEBUG 181167 --- [salessrv] [           main] org.hibernate.HQL_FUNCTIONS              : String soundex(arg)
2024-05-01T22:51:07.599-04:00 DEBUG 181167 --- [salessrv] [           main] org.hibernate.HQL_FUNCTIONS              : Object sql
2024-05-01T22:51:07.599-04:00 DEBUG 181167 --- [salessrv] [           main] org.hibernate.HQL_FUNCTIONS              : Double sqrt(NUMERIC arg)
2024-05-01T22:51:07.599-04:00 DEBUG 181167 --- [salessrv] [           main] org.hibernate.HQL_FUNCTIONS              : Double stddev(NUMERIC arg)
2024-05-01T22:51:07.599-04:00 DEBUG 181167 --- [salessrv] [           main] org.hibernate.HQL_FUNCTIONS              : Double stddev_pop(NUMERIC arg)
2024-05-01T22:51:07.599-04:00 DEBUG 181167 --- [salessrv] [           main] org.hibernate.HQL_FUNCTIONS              : Double stddev_samp(NUMERIC arg)
2024-05-01T22:51:07.599-04:00 DEBUG 181167 --- [salessrv] [           main] org.hibernate.HQL_FUNCTIONS              : String str(arg)
2024-05-01T22:51:07.599-04:00 DEBUG 181167 --- [salessrv] [           main] org.hibernate.HQL_FUNCTIONS              : String substr(STRING string, INTEGER start[, INTEGER length])
2024-05-01T22:51:07.599-04:00 DEBUG 181167 --- [salessrv] [           main] org.hibernate.HQL_FUNCTIONS              : String substring(STRING string{ from|,} INTEGER start[{ for|,} INTEGER length])
2024-05-01T22:51:07.599-04:00 DEBUG 181167 --- [salessrv] [           main] org.hibernate.HQL_FUNCTIONS              : sum(arg)
2024-05-01T22:51:07.599-04:00 DEBUG 181167 --- [salessrv] [           main] org.hibernate.HQL_FUNCTIONS              : Timestamp sysdate
2024-05-01T22:51:07.599-04:00 DEBUG 181167 --- [salessrv] [           main] org.hibernate.HQL_FUNCTIONS              : Timestamp systimestamp
2024-05-01T22:51:07.600-04:00 DEBUG 181167 --- [salessrv] [           main] org.hibernate.HQL_FUNCTIONS              : Double tan(NUMERIC arg)
2024-05-01T22:51:07.600-04:00 DEBUG 181167 --- [salessrv] [           main] org.hibernate.HQL_FUNCTIONS              : Double tanh(NUMERIC arg)
2024-05-01T22:51:07.600-04:00 DEBUG 181167 --- [salessrv] [           main] org.hibernate.HQL_FUNCTIONS              : timestampadd(TEMPORAL_UNIT field, INTEGER magnitude, TEMPORAL datetime)
2024-05-01T22:51:07.600-04:00 DEBUG 181167 --- [salessrv] [           main] org.hibernate.HQL_FUNCTIONS              : basicType@23(java.lang.Long,-5)|basicType@36(java.lang.Double,8) timestampdiff(TEMPORAL_UNIT field, TEMPORAL start, TEMPORAL end)
2024-05-01T22:51:07.600-04:00 DEBUG 181167 --- [salessrv] [           main] org.hibernate.HQL_FUNCTIONS              : String to_char(ANY arg0[, STRING arg1, STRING arg2])
2024-05-01T22:51:07.600-04:00 DEBUG 181167 --- [salessrv] [           main] org.hibernate.HQL_FUNCTIONS              : Date to_date(STRING arg0[, STRING arg1, STRING arg2])
2024-05-01T22:51:07.600-04:00 DEBUG 181167 --- [salessrv] [           main] org.hibernate.HQL_FUNCTIONS              : Double to_number(STRING arg0[, STRING arg1, STRING arg2])
2024-05-01T22:51:07.600-04:00 DEBUG 181167 --- [salessrv] [           main] org.hibernate.HQL_FUNCTIONS              : Timestamp to_timestamp(STRING arg0[, STRING arg1, STRING arg2])
2024-05-01T22:51:07.600-04:00 DEBUG 181167 --- [salessrv] [           main] org.hibernate.HQL_FUNCTIONS              : String translate(STRING arg0, STRING arg1, STRING arg2)
2024-05-01T22:51:07.600-04:00 DEBUG 181167 --- [salessrv] [           main] org.hibernate.HQL_FUNCTIONS              : String trim([[{leading|trailing|both} ][STRING arg0 ]from] STRING arg1)
2024-05-01T22:51:07.600-04:00 DEBUG 181167 --- [salessrv] [           main] org.hibernate.HQL_FUNCTIONS              : trunc( ... )
2024-05-01T22:51:07.600-04:00 DEBUG 181167 --- [salessrv] [           main] org.hibernate.HQL_FUNCTIONS              : truncate( ... )
2024-05-01T22:51:07.600-04:00 DEBUG 181167 --- [salessrv] [           main] org.hibernate.HQL_FUNCTIONS              : String upper(STRING string)
2024-05-01T22:51:07.600-04:00 DEBUG 181167 --- [salessrv] [           main] org.hibernate.HQL_FUNCTIONS              : Double var_pop(NUMERIC arg)
2024-05-01T22:51:07.600-04:00 DEBUG 181167 --- [salessrv] [           main] org.hibernate.HQL_FUNCTIONS              : Double var_samp(NUMERIC arg)
2024-05-01T22:51:07.600-04:00 DEBUG 181167 --- [salessrv] [           main] org.hibernate.HQL_FUNCTIONS              : Double variance(NUMERIC arg)
2024-05-01T22:51:07.600-04:00 DEBUG 181167 --- [salessrv] [           main] org.hibernate.orm.query.plan.cache       : Starting QueryInterpretationCache(2048)
2024-05-01T22:51:07.601-04:00 DEBUG 181167 --- [salessrv] [           main] .h.s.i.SessionFactoryServiceRegistryImpl : EventListenerRegistry access via ServiceRegistry is deprecated.  Use `sessionFactory.getEventEngine().getListenerRegistry()` instead
2024-05-01T22:51:07.601-04:00 DEBUG 181167 --- [salessrv] [           main] h.e.i.EntityCopyObserverFactoryInitiator : Configured EntityCopyObserver strategy: disallow
2024-05-01T22:51:07.635-04:00 DEBUG 181167 --- [salessrv] [           main] o.h.boot.internal.ClassLoaderAccessImpl  : Not known whether passed class name [com.example.salessrv.model.Sale] is safe
2024-05-01T22:51:07.635-04:00 DEBUG 181167 --- [salessrv] [           main] o.h.boot.internal.ClassLoaderAccessImpl  : No temp ClassLoader provided; using live ClassLoader for loading potentially unsafe class : com.example.salessrv.model.Sale
2024-05-01T22:51:07.790-04:00 DEBUG 181167 --- [salessrv] [           main] o.h.b.i.bytebuddy.BytecodeProviderImpl   : HHH000513: Unable to create the ReflectionOptimizer for [com.example.salessrv.model.Sale]: private accessor [products]
2024-05-01T22:51:07.793-04:00 DEBUG 181167 --- [salessrv] [           main] org.hibernate.ormbytecode.interceptor    : To-one property `com.example.salessrv.Product#sale` was mapped with LAZY + NO_PROXY but the class was not enhanced
2024-05-01T22:51:07.793-04:00 DEBUG 181167 --- [salessrv] [           main] org.hibernate.ormbytecode.interceptor    : To-one property `com.example.salessrv.Product#sale` was mapped with LAZY + NO_PROXY but the class was not enhanced
2024-05-01T22:51:07.793-04:00 DEBUG 181167 --- [salessrv] [           main] o.h.boot.internal.ClassLoaderAccessImpl  : Not known whether passed class name [com.example.salessrv.Product] is safe
2024-05-01T22:51:07.793-04:00 DEBUG 181167 --- [salessrv] [           main] o.h.boot.internal.ClassLoaderAccessImpl  : No temp ClassLoader provided; using live ClassLoader for loading potentially unsafe class : com.example.salessrv.Product
2024-05-01T22:51:07.857-04:00 DEBUG 181167 --- [salessrv] [           main] o.h.b.i.bytebuddy.BytecodeProviderImpl   : HHH000513: Unable to create the ReflectionOptimizer for [com.example.salessrv.Product]: private accessor [name]
2024-05-01T22:51:07.860-04:00 DEBUG 181167 --- [salessrv] [           main] org.hibernate.ormbytecode.interceptor    : To-one property `com.example.salessrv.Product#sale` was mapped with LAZY + NO_PROXY but the class was not enhanced
2024-05-01T22:51:07.863-04:00 DEBUG 181167 --- [salessrv] [           main] org.hibernate.orm.jdbc.mutation          : Skipping collection (re)creation - com.example.salessrv.model.Sale.products
2024-05-01T22:51:07.863-04:00 DEBUG 181167 --- [salessrv] [           main] org.hibernate.orm.jdbc.mutation          : Skipping collection row deletions - com.example.salessrv.model.Sale.products
2024-05-01T22:51:07.863-04:00 DEBUG 181167 --- [salessrv] [           main] org.hibernate.orm.jdbc.mutation          : Skipping collection removals - com.example.salessrv.model.Sale.products
2024-05-01T22:51:07.875-04:00 DEBUG 181167 --- [salessrv] [           main] o.hibernate.orm.model.mapping.creation   : Starting post-init callbacks
2024-05-01T22:51:07.875-04:00 DEBUG 181167 --- [salessrv] [           main] o.hibernate.orm.model.mapping.creation   : Starting PostInitCallbackEntry : PluralAttributeMapping( NavigableRole[com.example.salessrv.model.Sale.products#{element}]) - element descriptor
2024-05-01T22:51:07.875-04:00 DEBUG 181167 --- [salessrv] [           main] o.hibernate.orm.model.mapping.creation   : Starting PostInitCallbackEntry : PluralAttributeMapping(com.example.salessrv.model.Sale.products)#finishInitialization
2024-05-01T22:51:07.875-04:00 DEBUG 181167 --- [salessrv] [           main] o.hibernate.orm.model.mapping.creation   : Starting PostInitCallbackEntry : PluralAttributeMapping(com.example.salessrv.model.Sale.products) - key descriptor
2024-05-01T22:51:07.879-04:00 DEBUG 181167 --- [salessrv] [           main] o.hibernate.orm.model.mapping.creation   : Starting PostInitCallbackEntry : Entity(com.example.salessrv.model.Sale) `staticFetchableList` generator
2024-05-01T22:51:07.879-04:00 DEBUG 181167 --- [salessrv] [           main] o.hibernate.orm.model.mapping.creation   : Starting PostInitCallbackEntry : To-one key - NavigableRole[com.example.salessrv.Product.sale]
2024-05-01T22:51:07.879-04:00 DEBUG 181167 --- [salessrv] [           main] o.hibernate.orm.model.mapping.creation   : Starting PostInitCallbackEntry : Entity(com.example.salessrv.Product) `staticFetchableList` generator
2024-05-01T22:51:07.879-04:00 DEBUG 181167 --- [salessrv] [           main] o.hibernate.orm.model.mapping.creation   : Starting PostInitCallbackEntry : PluralAttributeMapping( NavigableRole[com.example.salessrv.model.Sale.products#{element}]) - element descriptor
2024-05-01T22:51:07.882-04:00 DEBUG 181167 --- [salessrv] [           main] org.hibernate.orm.sql.ast.create         : Created new SQL alias : s1_0
2024-05-01T22:51:07.882-04:00 DEBUG 181167 --- [salessrv] [           main] org.hibernate.orm.sql.ast.create         : Registration of TableGroup [StandardTableGroup(com.example.salessrv.model.Sale)] with identifierForTableGroup [com.example.salessrv.model.Sale] for NavigablePath [com.example.salessrv.model.Sale] 
2024-05-01T22:51:07.882-04:00 DEBUG 181167 --- [salessrv] [           main] org.hibernate.orm.results.graph.AST      : DomainResult Graph:
 \-EntityResultImpl [com.example.salessrv.model.Sale]
 |  +-DelayedCollectionFetch [com.example.salessrv.model.Sale.products]
 |  \-BasicFetch [com.example.salessrv.model.Sale.saleDate]

2024-05-01T22:51:07.882-04:00 DEBUG 181167 --- [salessrv] [           main] org.hibernate.orm.sql.ast.tree           : SQL AST Tree:
    SelectStatement {
      FromClause {
        StandardTableGroup (s1 : com.example.salessrv.model.Sale) {
          primaryTableReference : sale as s1_0
        }
      }
    }

2024-05-01T22:51:07.882-04:00 DEBUG 181167 --- [salessrv] [           main] o.h.p.entity.AbstractEntityPersister     : Static SQL for entity: com.example.salessrv.model.Sale
2024-05-01T22:51:07.882-04:00 DEBUG 181167 --- [salessrv] [           main] o.h.p.entity.AbstractEntityPersister     :  Version select: select id from sale where id=?
2024-05-01T22:51:07.883-04:00 DEBUG 181167 --- [salessrv] [           main] o.h.p.entity.AbstractEntityPersister     :  Insert (0): insert into sale (sale_date,id) values (?,default)
2024-05-01T22:51:07.883-04:00 DEBUG 181167 --- [salessrv] [           main] o.h.p.entity.AbstractEntityPersister     :  Update (0): update sale set sale_date=? where id=?
2024-05-01T22:51:07.883-04:00 DEBUG 181167 --- [salessrv] [           main] o.h.p.entity.AbstractEntityPersister     :  Delete (0): delete from sale where id=?
2024-05-01T22:51:07.883-04:00 DEBUG 181167 --- [salessrv] [           main] org.hibernate.orm.sql.ast.create         : Created new SQL alias : p1_0
2024-05-01T22:51:07.883-04:00 DEBUG 181167 --- [salessrv] [           main] org.hibernate.orm.sql.ast.create         : Registration of TableGroup [StandardTableGroup(com.example.salessrv.Product)] with identifierForTableGroup [com.example.salessrv.Product] for NavigablePath [com.example.salessrv.Product] 
2024-05-01T22:51:07.883-04:00 DEBUG 181167 --- [salessrv] [           main] org.hibernate.orm.sql.ast.create         : Registration of TableGroup [org.hibernate.sql.ast.tree.from.LazyTableGroup@446dc997] with identifierForTableGroup [com.example.salessrv.Product.sale] for NavigablePath [com.example.salessrv.Product.sale] 
2024-05-01T22:51:07.883-04:00 DEBUG 181167 --- [salessrv] [           main] org.hibernate.orm.sql.ast.create         : Created new SQL alias : s1_0
2024-05-01T22:51:07.890-04:00 DEBUG 181167 --- [salessrv] [           main] org.hibernate.orm.results.graph.AST      : DomainResult Graph:
 \-EntityResultImpl [com.example.salessrv.Product]
 |  +-BasicFetch [com.example.salessrv.Product.name]
 |  +-BasicFetch [com.example.salessrv.Product.price]
 |  +-BasicFetch [com.example.salessrv.Product.quantity]
 |  \-EntityFetchJoinedImpl [com.example.salessrv.Product.sale]

2024-05-01T22:51:07.890-04:00 DEBUG 181167 --- [salessrv] [           main] org.hibernate.orm.sql.ast.tree           : SQL AST Tree:
    SelectStatement {
      FromClause {
        StandardTableGroup (p1 : com.example.salessrv.Product) {
          primaryTableReference : product as p1_0
          TableGroupJoins {
            left  join LazyTableGroup (s1 : com.example.salessrv.Product.sale) {
              primaryTableReference : sale as s1_0
            }
          }
        }
      }
    }

2024-05-01T22:51:07.891-04:00 DEBUG 181167 --- [salessrv] [           main] o.h.p.entity.AbstractEntityPersister     : Static SQL for entity: com.example.salessrv.Product
2024-05-01T22:51:07.891-04:00 DEBUG 181167 --- [salessrv] [           main] o.h.p.entity.AbstractEntityPersister     :  Version select: select id from product where id=?
2024-05-01T22:51:07.891-04:00 DEBUG 181167 --- [salessrv] [           main] o.h.p.entity.AbstractEntityPersister     :  Insert (0): insert into product (name,price,quantity,sale_id,id) values (?,?,?,?,default)
2024-05-01T22:51:07.891-04:00 DEBUG 181167 --- [salessrv] [           main] o.h.p.entity.AbstractEntityPersister     :  Update (0): update product set name=?,price=?,quantity=?,sale_id=? where id=?
2024-05-01T22:51:07.891-04:00 DEBUG 181167 --- [salessrv] [           main] o.h.p.entity.AbstractEntityPersister     :  Delete (0): delete from product where id=?
2024-05-01T22:51:07.891-04:00 DEBUG 181167 --- [salessrv] [           main] org.hibernate.orm.sql.ast.create         : Created new SQL alias : p1_0
2024-05-01T22:51:07.891-04:00 DEBUG 181167 --- [salessrv] [           main] org.hibernate.orm.sql.ast.create         : Registration of TableGroup [org.hibernate.sql.ast.tree.from.OneToManyTableGroup@69815126] with identifierForTableGroup [com.example.salessrv.model.Sale.products] for NavigablePath [com.example.salessrv.model.Sale.products] 
2024-05-01T22:51:07.891-04:00 DEBUG 181167 --- [salessrv] [           main] org.hibernate.orm.sql.ast.create         : Registration of TableGroup [StandardTableGroup(com.example.salessrv.model.Sale.products.{element})] with identifierForTableGroup [com.example.salessrv.model.Sale.products.{element}] for NavigablePath [com.example.salessrv.model.Sale.products.{element}] 
2024-05-01T22:51:07.894-04:00 DEBUG 181167 --- [salessrv] [           main] org.hibernate.orm.sql.ast.create         : Registration of TableGroup [org.hibernate.sql.ast.tree.from.LazyTableGroup@4ff3ca23] with identifierForTableGroup [com.example.salessrv.model.Sale.products.{element}.sale] for NavigablePath [com.example.salessrv.model.Sale.products.{element}.sale] 
2024-05-01T22:51:07.894-04:00 DEBUG 181167 --- [salessrv] [           main] org.hibernate.orm.results.graph.AST      : DomainResult Graph:
 \-CollectionDomainResult [com.example.salessrv.model.Sale.products]

2024-05-01T22:51:07.895-04:00 DEBUG 181167 --- [salessrv] [           main] org.hibernate.orm.sql.ast.tree           : SQL AST Tree:
    SelectStatement {
      FromClause {
        OneToManyTableGroup (p1 : com.example.salessrv.model.Sale.products) {
          primaryTableReference : product as p1_0
          TableGroupJoins {
            left  join LazyTableGroup (s1 : com.example.salessrv.model.Sale.products.{element}.sale) {
            }
          }
        }
      }
    }

2024-05-01T22:51:07.895-04:00 DEBUG 181167 --- [salessrv] [           main] org.hibernate.orm.jdbc.mutation          : Static SQL for collection: com.example.salessrv.model.Sale.products
2024-05-01T22:51:07.900-04:00  INFO 181167 --- [salessrv] [           main] o.h.e.t.j.p.i.JtaPlatformInitiator       : HHH000489: No JTA platform available (set 'hibernate.transaction.jta.platform' to enable JTA platform integration)
2024-05-01T22:51:07.900-04:00 DEBUG 181167 --- [salessrv] [           main] o.h.type.spi.TypeConfiguration$Scope     : Scoping TypeConfiguration [org.hibernate.type.spi.TypeConfiguration@6d58ed12] to SessionFactoryImplementor [org.hibernate.internal.SessionFactoryImpl@21312b5]
2024-05-01T22:51:07.900-04:00 DEBUG 181167 --- [salessrv] [           main] o.h.query.named.NamedObjectRepository    : Checking 0 named HQL queries
2024-05-01T22:51:07.901-04:00 DEBUG 181167 --- [salessrv] [           main] o.h.query.named.NamedObjectRepository    : Checking 0 named SQL queries
2024-05-01T22:51:07.901-04:00 DEBUG 181167 --- [salessrv] [           main] org.hibernate.SQL                        : drop table product cascade constraints
2024-05-01T22:51:07.960-04:00 DEBUG 181167 --- [salessrv] [           main] org.hibernate.SQL                        : drop table sale cascade constraints
2024-05-01T22:51:08.087-04:00 DEBUG 181167 --- [salessrv] [           main] org.hibernate.SQL                        : create table product (price number(10,0), quantity number(10,0), id number(19,0) generated as identity, sale_id number(19,0), name varchar2(255 char), primary key (id))
2024-05-01T22:51:08.131-04:00 DEBUG 181167 --- [salessrv] [           main] org.hibernate.SQL                        : create table sale (sale_date date, id number(19,0) generated as identity, primary key (id))
2024-05-01T22:51:08.171-04:00 DEBUG 181167 --- [salessrv] [           main] org.hibernate.SQL                        : alter table product add constraint FKtgpfnkn7etmfumakc3iq75e95 foreign key (sale_id) references sale
2024-05-01T22:51:08.223-04:00 DEBUG 181167 --- [salessrv] [           main] o.h.internal.SessionFactoryRegistry      : Registering SessionFactory: 630c02b5-9451-41b8-b11a-0d1c95762ffc (<unnamed>)
2024-05-01T22:51:08.223-04:00 DEBUG 181167 --- [salessrv] [           main] o.h.internal.SessionFactoryRegistry      : Not binding SessionFactory to JNDI, no JNDI name configured
2024-05-01T22:51:08.223-04:00 DEBUG 181167 --- [salessrv] [           main] o.hibernate.internal.SessionFactoryImpl  : Instantiated SessionFactory
2024-05-01T22:51:08.223-04:00  INFO 181167 --- [salessrv] [           main] j.LocalContainerEntityManagerFactoryBean : Initialized JPA EntityManagerFactory for persistence unit 'default'
2024-05-01T22:51:08.224-04:00 DEBUG 181167 --- [salessrv] [           main] o.s.b.f.s.DefaultListableBeanFactory     : Creating shared instance of singleton bean 'salessrvApplication'
2024-05-01T22:51:08.225-04:00 DEBUG 181167 --- [salessrv] [           main] o.s.b.f.s.DefaultListableBeanFactory     : Creating shared instance of singleton bean 'saleController'
2024-05-01T22:51:08.239-04:00 DEBUG 181167 --- [salessrv] [           main] o.s.b.f.s.DefaultListableBeanFactory     : Creating shared instance of singleton bean 'saleServiceImpl'
2024-05-01T22:51:08.241-04:00 DEBUG 181167 --- [salessrv] [           main] o.s.b.f.s.DefaultListableBeanFactory     : Creating shared instance of singleton bean 'saleRepository'
2024-05-01T22:51:08.262-04:00 DEBUG 181167 --- [salessrv] [           main] o.s.b.f.s.DefaultListableBeanFactory     : Creating shared instance of singleton bean 'jpa.named-queries#1'
2024-05-01T22:51:08.273-04:00 DEBUG 181167 --- [salessrv] [           main] o.s.b.f.s.DefaultListableBeanFactory     : Creating shared instance of singleton bean 'jpa.SaleRepository.fragments#0'
2024-05-01T22:51:08.276-04:00 DEBUG 181167 --- [salessrv] [           main] o.s.b.f.s.DefaultListableBeanFactory     : Creating shared instance of singleton bean 'jpaSharedEM_entityManagerFactory'
2024-05-01T22:51:08.329-04:00 DEBUG 181167 --- [salessrv] [           main] o.s.b.f.s.DefaultListableBeanFactory     : Creating shared instance of singleton bean 'jpaMappingContext'
2024-05-01T22:51:08.330-04:00 DEBUG 181167 --- [salessrv] [           main] .c.JpaMetamodelMappingContextFactoryBean : Initializing JpaMetamodelMappingContext…
2024-05-01T22:51:08.359-04:00 DEBUG 181167 --- [salessrv] [           main] .c.JpaMetamodelMappingContextFactoryBean : Finished initializing JpaMetamodelMappingContext
2024-05-01T22:51:08.379-04:00 DEBUG 181167 --- [salessrv] [           main] tor$SharedEntityManagerInvocationHandler : Creating new EntityManager for shared EntityManager invocation
2024-05-01T22:51:08.387-04:00 DEBUG 181167 --- [salessrv] [           main] o.h.stat.internal.StatisticsInitiator    : Statistics initialized [enabled=false]
2024-05-01T22:51:08.477-04:00 DEBUG 181167 --- [salessrv] [           main] o.s.d.r.c.s.RepositoryFactorySupport     : Initializing repository instance for com.example.salessrv.repository.SaleRepository…
2024-05-01T22:51:08.485-04:00 DEBUG 181167 --- [salessrv] [           main] tor$SharedEntityManagerInvocationHandler : Creating new EntityManager for shared EntityManager invocation
2024-05-01T22:51:08.531-04:00 DEBUG 181167 --- [salessrv] [           main] o.s.d.r.c.s.RepositoryFactorySupport     : Finished creation of repository instance for com.example.salessrv.repository.SaleRepository.
2024-05-01T22:51:08.575-04:00 DEBUG 181167 --- [salessrv] [           main] o.s.b.f.s.DefaultListableBeanFactory     : Creating shared instance of singleton bean 'globalExceptionHandler'
2024-05-01T22:51:08.612-04:00 DEBUG 181167 --- [salessrv] [           main] o.s.b.f.s.DefaultListableBeanFactory     : Creating shared instance of singleton bean 'org.springframework.boot.autoconfigure.context.PropertyPlaceholderAutoConfiguration'
2024-05-01T22:51:08.613-04:00 DEBUG 181167 --- [salessrv] [           main] o.s.b.f.s.DefaultListableBeanFactory     : Creating shared instance of singleton bean 'org.springframework.boot.autoconfigure.ssl.SslAutoConfiguration'
2024-05-01T22:51:08.614-04:00 DEBUG 181167 --- [salessrv] [           main] o.s.b.f.s.DefaultListableBeanFactory     : Creating shared instance of singleton bean 'spring.ssl-org.springframework.boot.autoconfigure.ssl.SslProperties'
2024-05-01T22:51:08.637-04:00 DEBUG 181167 --- [salessrv] [           main] o.s.b.f.s.DefaultListableBeanFactory     : Autowiring by type from bean name 'org.springframework.boot.autoconfigure.ssl.SslAutoConfiguration' via constructor to bean named 'spring.ssl-org.springframework.boot.autoconfigure.ssl.SslProperties'
2024-05-01T22:51:08.638-04:00 DEBUG 181167 --- [salessrv] [           main] o.s.b.f.s.DefaultListableBeanFactory     : Creating shared instance of singleton bean 'fileWatcher'
2024-05-01T22:51:08.656-04:00 DEBUG 181167 --- [salessrv] [           main] o.s.b.f.s.DefaultListableBeanFactory     : Creating shared instance of singleton bean 'sslPropertiesSslBundleRegistrar'
2024-05-01T22:51:08.657-04:00 DEBUG 181167 --- [salessrv] [           main] o.s.b.f.s.DefaultListableBeanFactory     : Autowiring by type from bean name 'sslPropertiesSslBundleRegistrar' via factory method to bean named 'fileWatcher'
2024-05-01T22:51:08.659-04:00 DEBUG 181167 --- [salessrv] [           main] o.s.b.f.s.DefaultListableBeanFactory     : Creating shared instance of singleton bean 'sslBundleRegistry'
2024-05-01T22:51:08.703-04:00 DEBUG 181167 --- [salessrv] [           main] o.s.b.f.s.DefaultListableBeanFactory     : Creating shared instance of singleton bean 'org.springframework.boot.context.properties.EnableConfigurationPropertiesRegistrar.methodValidationExcludeFilter'
2024-05-01T22:51:08.711-04:00 DEBUG 181167 --- [salessrv] [           main] o.s.b.f.s.DefaultListableBeanFactory     : Creating shared instance of singleton bean 'org.springframework.boot.autoconfigure.websocket.servlet.WebSocketServletAutoConfiguration$TomcatWebSocketConfiguration'
2024-05-01T22:51:08.712-04:00 DEBUG 181167 --- [salessrv] [           main] o.s.b.f.s.DefaultListableBeanFactory     : Creating shared instance of singleton bean 'websocketServletWebServerCustomizer'
2024-05-01T22:51:08.735-04:00 DEBUG 181167 --- [salessrv] [           main] o.s.b.f.s.DefaultListableBeanFactory     : Creating shared instance of singleton bean 'org.springframework.boot.autoconfigure.websocket.servlet.WebSocketServletAutoConfiguration'
2024-05-01T22:51:08.757-04:00 DEBUG 181167 --- [salessrv] [           main] o.s.b.f.s.DefaultListableBeanFactory     : Creating shared instance of singleton bean 'org.springframework.boot.autoconfigure.web.servlet.ServletWebServerFactoryConfiguration$EmbeddedTomcat'
2024-05-01T22:51:08.761-04:00 DEBUG 181167 --- [salessrv] [           main] o.s.b.f.s.DefaultListableBeanFactory     : Creating shared instance of singleton bean 'tomcatServletWebServerFactory'
2024-05-01T22:51:08.941-04:00 DEBUG 181167 --- [salessrv] [           main] o.s.b.f.s.DefaultListableBeanFactory     : Creating shared instance of singleton bean 'servletWebServerFactoryCustomizer'
2024-05-01T22:51:08.941-04:00 DEBUG 181167 --- [salessrv] [           main] o.s.b.f.s.DefaultListableBeanFactory     : Creating shared instance of singleton bean 'org.springframework.boot.autoconfigure.web.servlet.ServletWebServerFactoryAutoConfiguration'
2024-05-01T22:51:08.944-04:00 DEBUG 181167 --- [salessrv] [           main] o.s.b.f.s.DefaultListableBeanFactory     : Creating shared instance of singleton bean 'server-org.springframework.boot.autoconfigure.web.ServerProperties'
2024-05-01T22:51:08.963-04:00 DEBUG 181167 --- [salessrv] [           main] o.s.b.f.s.DefaultListableBeanFactory     : Autowiring by type from bean name 'servletWebServerFactoryCustomizer' via factory method to bean named 'server-org.springframework.boot.autoconfigure.web.ServerProperties'
2024-05-01T22:51:08.975-04:00 DEBUG 181167 --- [salessrv] [           main] o.s.b.f.s.DefaultListableBeanFactory     : Creating shared instance of singleton bean 'tomcatServletWebServerFactoryCustomizer'
2024-05-01T22:51:08.975-04:00 DEBUG 181167 --- [salessrv] [           main] o.s.b.f.s.DefaultListableBeanFactory     : Autowiring by type from bean name 'tomcatServletWebServerFactoryCustomizer' via factory method to bean named 'server-org.springframework.boot.autoconfigure.web.ServerProperties'
2024-05-01T22:51:08.986-04:00 DEBUG 181167 --- [salessrv] [           main] o.s.b.f.s.DefaultListableBeanFactory     : Creating shared instance of singleton bean 'localeCharsetMappingsCustomizer'
2024-05-01T22:51:08.987-04:00 DEBUG 181167 --- [salessrv] [           main] o.s.b.f.s.DefaultListableBeanFactory     : Creating shared instance of singleton bean 'org.springframework.boot.autoconfigure.web.servlet.HttpEncodingAutoConfiguration'
2024-05-01T22:51:08.987-04:00 DEBUG 181167 --- [salessrv] [           main] o.s.b.f.s.DefaultListableBeanFactory     : Autowiring by type from bean name 'org.springframework.boot.autoconfigure.web.servlet.HttpEncodingAutoConfiguration' via constructor to bean named 'server-org.springframework.boot.autoconfigure.web.ServerProperties'
2024-05-01T22:51:09.016-04:00 DEBUG 181167 --- [salessrv] [           main] o.s.b.f.s.DefaultListableBeanFactory     : Creating shared instance of singleton bean 'errorPageCustomizer'
2024-05-01T22:51:09.016-04:00 DEBUG 181167 --- [salessrv] [           main] o.s.b.f.s.DefaultListableBeanFactory     : Creating shared instance of singleton bean 'org.springframework.boot.autoconfigure.web.servlet.error.ErrorMvcAutoConfiguration'
2024-05-01T22:51:09.019-04:00 DEBUG 181167 --- [salessrv] [           main] o.s.b.f.s.DefaultListableBeanFactory     : Autowiring by type from bean name 'org.springframework.boot.autoconfigure.web.servlet.error.ErrorMvcAutoConfiguration' via constructor to bean named 'server-org.springframework.boot.autoconfigure.web.ServerProperties'
2024-05-01T22:51:09.020-04:00 DEBUG 181167 --- [salessrv] [           main] o.s.b.f.s.DefaultListableBeanFactory     : Creating shared instance of singleton bean 'dispatcherServletRegistration'
2024-05-01T22:51:09.020-04:00 DEBUG 181167 --- [salessrv] [           main] o.s.b.f.s.DefaultListableBeanFactory     : Creating shared instance of singleton bean 'org.springframework.boot.autoconfigure.web.servlet.DispatcherServletAutoConfiguration$DispatcherServletRegistrationConfiguration'
2024-05-01T22:51:09.022-04:00 DEBUG 181167 --- [salessrv] [           main] o.s.b.f.s.DefaultListableBeanFactory     : Creating shared instance of singleton bean 'dispatcherServlet'
2024-05-01T22:51:09.022-04:00 DEBUG 181167 --- [salessrv] [           main] o.s.b.f.s.DefaultListableBeanFactory     : Creating shared instance of singleton bean 'org.springframework.boot.autoconfigure.web.servlet.DispatcherServletAutoConfiguration$DispatcherServletConfiguration'
2024-05-01T22:51:09.027-04:00 DEBUG 181167 --- [salessrv] [           main] o.s.b.f.s.DefaultListableBeanFactory     : Creating shared instance of singleton bean 'spring.mvc-org.springframework.boot.autoconfigure.web.servlet.WebMvcProperties'
2024-05-01T22:51:09.042-04:00 DEBUG 181167 --- [salessrv] [           main] o.s.b.f.s.DefaultListableBeanFactory     : Autowiring by type from bean name 'dispatcherServlet' via factory method to bean named 'spring.mvc-org.springframework.boot.autoconfigure.web.servlet.WebMvcProperties'
2024-05-01T22:51:09.179-04:00 DEBUG 181167 --- [salessrv] [           main] o.s.b.f.s.DefaultListableBeanFactory     : Autowiring by type from bean name 'dispatcherServletRegistration' via factory method to bean named 'dispatcherServlet'
2024-05-01T22:51:09.179-04:00 DEBUG 181167 --- [salessrv] [           main] o.s.b.f.s.DefaultListableBeanFactory     : Autowiring by type from bean name 'dispatcherServletRegistration' via factory method to bean named 'spring.mvc-org.springframework.boot.autoconfigure.web.servlet.WebMvcProperties'
2024-05-01T22:51:09.199-04:00 DEBUG 181167 --- [salessrv] [           main] o.s.b.f.s.DefaultListableBeanFactory     : Creating shared instance of singleton bean 'multipartConfigElement'
2024-05-01T22:51:09.199-04:00 DEBUG 181167 --- [salessrv] [           main] o.s.b.f.s.DefaultListableBeanFactory     : Creating shared instance of singleton bean 'org.springframework.boot.autoconfigure.web.servlet.MultipartAutoConfiguration'
2024-05-01T22:51:09.201-04:00 DEBUG 181167 --- [salessrv] [           main] o.s.b.f.s.DefaultListableBeanFactory     : Creating shared instance of singleton bean 'spring.servlet.multipart-org.springframework.boot.autoconfigure.web.servlet.MultipartProperties'
2024-05-01T22:51:09.209-04:00 DEBUG 181167 --- [salessrv] [           main] o.s.b.f.s.DefaultListableBeanFactory     : Autowiring by type from bean name 'org.springframework.boot.autoconfigure.web.servlet.MultipartAutoConfiguration' via constructor to bean named 'spring.servlet.multipart-org.springframework.boot.autoconfigure.web.servlet.MultipartProperties'
2024-05-01T22:51:09.251-04:00 DEBUG 181167 --- [salessrv] [           main] o.s.b.f.s.DefaultListableBeanFactory     : Autowiring by type from bean name 'errorPageCustomizer' via factory method to bean named 'dispatcherServletRegistration'
2024-05-01T22:51:09.304-04:00 DEBUG 181167 --- [salessrv] [           main] o.s.b.f.s.DefaultListableBeanFactory     : Creating shared instance of singleton bean 'org.springframework.boot.autoconfigure.web.servlet.DispatcherServletAutoConfiguration'
2024-05-01T22:51:09.305-04:00 DEBUG 181167 --- [salessrv] [           main] o.s.b.f.s.DefaultListableBeanFactory     : Creating shared instance of singleton bean 'org.springframework.boot.autoconfigure.task.TaskExecutorConfigurations$ThreadPoolTaskExecutorBuilderConfiguration'
2024-05-01T22:51:09.306-04:00 DEBUG 181167 --- [salessrv] [           main] o.s.b.f.s.DefaultListableBeanFactory     : Creating shared instance of singleton bean 'threadPoolTaskExecutorBuilder'
2024-05-01T22:51:09.311-04:00 DEBUG 181167 --- [salessrv] [           main] o.s.b.f.s.DefaultListableBeanFactory     : Creating shared instance of singleton bean 'spring.task.execution-org.springframework.boot.autoconfigure.task.TaskExecutionProperties'
2024-05-01T22:51:09.319-04:00 DEBUG 181167 --- [salessrv] [           main] o.s.b.f.s.DefaultListableBeanFactory     : Autowiring by type from bean name 'threadPoolTaskExecutorBuilder' via factory method to bean named 'spring.task.execution-org.springframework.boot.autoconfigure.task.TaskExecutionProperties'
2024-05-01T22:51:09.338-04:00 DEBUG 181167 --- [salessrv] [           main] o.s.b.f.s.DefaultListableBeanFactory     : Creating shared instance of singleton bean 'org.springframework.boot.autoconfigure.task.TaskExecutorConfigurations$TaskExecutorBuilderConfiguration'
2024-05-01T22:51:09.339-04:00 DEBUG 181167 --- [salessrv] [           main] o.s.b.f.s.DefaultListableBeanFactory     : Creating shared instance of singleton bean 'taskExecutorBuilder'
2024-05-01T22:51:09.339-04:00 DEBUG 181167 --- [salessrv] [           main] o.s.b.f.s.DefaultListableBeanFactory     : Autowiring by type from bean name 'taskExecutorBuilder' via factory method to bean named 'spring.task.execution-org.springframework.boot.autoconfigure.task.TaskExecutionProperties'
2024-05-01T22:51:09.347-04:00 DEBUG 181167 --- [salessrv] [           main] o.s.b.f.s.DefaultListableBeanFactory     : Creating shared instance of singleton bean 'org.springframework.boot.autoconfigure.task.TaskExecutorConfigurations$SimpleAsyncTaskExecutorBuilderConfiguration'
2024-05-01T22:51:09.349-04:00 DEBUG 181167 --- [salessrv] [           main] o.s.b.f.s.DefaultListableBeanFactory     : Autowiring by type from bean name 'org.springframework.boot.autoconfigure.task.TaskExecutorConfigurations$SimpleAsyncTaskExecutorBuilderConfiguration' via constructor to bean named 'spring.task.execution-org.springframework.boot.autoconfigure.task.TaskExecutionProperties'
2024-05-01T22:51:09.349-04:00 DEBUG 181167 --- [salessrv] [           main] o.s.b.f.s.DefaultListableBeanFactory     : Creating shared instance of singleton bean 'simpleAsyncTaskExecutorBuilder'
2024-05-01T22:51:09.352-04:00 DEBUG 181167 --- [salessrv] [           main] o.s.b.f.s.DefaultListableBeanFactory     : Creating shared instance of singleton bean 'org.springframework.boot.autoconfigure.task.TaskExecutorConfigurations$TaskExecutorConfiguration'
2024-05-01T22:51:09.353-04:00 DEBUG 181167 --- [salessrv] [           main] o.s.b.f.s.DefaultListableBeanFactory     : Creating shared instance of singleton bean 'org.springframework.boot.autoconfigure.task.TaskExecutionAutoConfiguration'
2024-05-01T22:51:09.354-04:00 DEBUG 181167 --- [salessrv] [           main] o.s.b.f.s.DefaultListableBeanFactory     : Creating shared instance of singleton bean 'org.springframework.boot.autoconfigure.web.servlet.error.ErrorMvcAutoConfiguration$WhitelabelErrorViewConfiguration'
2024-05-01T22:51:09.356-04:00 DEBUG 181167 --- [salessrv] [           main] o.s.b.f.s.DefaultListableBeanFactory     : Creating shared instance of singleton bean 'error'
2024-05-01T22:51:09.357-04:00 DEBUG 181167 --- [salessrv] [           main] o.s.b.f.s.DefaultListableBeanFactory     : Creating shared instance of singleton bean 'beanNameViewResolver'
2024-05-01T22:51:09.374-04:00 DEBUG 181167 --- [salessrv] [           main] o.s.b.f.s.DefaultListableBeanFactory     : Creating shared instance of singleton bean 'org.springframework.boot.autoconfigure.web.servlet.error.ErrorMvcAutoConfiguration$DefaultErrorViewResolverConfiguration'
2024-05-01T22:51:09.380-04:00 DEBUG 181167 --- [salessrv] [           main] o.s.b.f.s.DefaultListableBeanFactory     : Creating shared instance of singleton bean 'spring.web-org.springframework.boot.autoconfigure.web.WebProperties'
2024-05-01T22:51:09.388-04:00 DEBUG 181167 --- [salessrv] [           main] o.s.b.f.s.DefaultListableBeanFactory     : Autowiring by type from bean name 'org.springframework.boot.autoconfigure.web.servlet.error.ErrorMvcAutoConfiguration$DefaultErrorViewResolverConfiguration' via constructor to bean named 'org.springframework.web.context.support.GenericWebApplicationContext@73f0b216'
2024-05-01T22:51:09.388-04:00 DEBUG 181167 --- [salessrv] [           main] o.s.b.f.s.DefaultListableBeanFactory     : Autowiring by type from bean name 'org.springframework.boot.autoconfigure.web.servlet.error.ErrorMvcAutoConfiguration$DefaultErrorViewResolverConfiguration' via constructor to bean named 'spring.web-org.springframework.boot.autoconfigure.web.WebProperties'
2024-05-01T22:51:09.389-04:00 DEBUG 181167 --- [salessrv] [           main] o.s.b.f.s.DefaultListableBeanFactory     : Creating shared instance of singleton bean 'conventionErrorViewResolver'
2024-05-01T22:51:09.394-04:00 DEBUG 181167 --- [salessrv] [           main] o.s.b.f.s.DefaultListableBeanFactory     : Creating shared instance of singleton bean 'errorAttributes'
2024-05-01T22:51:09.397-04:00 DEBUG 181167 --- [salessrv] [           main] o.s.b.f.s.DefaultListableBeanFactory     : Creating shared instance of singleton bean 'basicErrorController'
2024-05-01T22:51:09.403-04:00 DEBUG 181167 --- [salessrv] [           main] o.s.b.f.s.DefaultListableBeanFactory     : Autowiring by type from bean name 'basicErrorController' via factory method to bean named 'errorAttributes'
2024-05-01T22:51:09.414-04:00 DEBUG 181167 --- [salessrv] [           main] o.s.b.f.s.DefaultListableBeanFactory     : Creating shared instance of singleton bean 'org.springframework.boot.autoconfigure.web.servlet.WebMvcAutoConfiguration$EnableWebMvcConfiguration'
2024-05-01T22:51:09.416-04:00 DEBUG 181167 --- [salessrv] [           main] o.s.b.f.s.DefaultListableBeanFactory     : Autowiring by type from bean name 'org.springframework.boot.autoconfigure.web.servlet.WebMvcAutoConfiguration$EnableWebMvcConfiguration' via constructor to bean named 'spring.mvc-org.springframework.boot.autoconfigure.web.servlet.WebMvcProperties'
2024-05-01T22:51:09.417-04:00 DEBUG 181167 --- [salessrv] [           main] o.s.b.f.s.DefaultListableBeanFactory     : Autowiring by type from bean name 'org.springframework.boot.autoconfigure.web.servlet.WebMvcAutoConfiguration$EnableWebMvcConfiguration' via constructor to bean named 'spring.web-org.springframework.boot.autoconfigure.web.WebProperties'
2024-05-01T22:51:09.417-04:00 DEBUG 181167 --- [salessrv] [           main] o.s.b.f.s.DefaultListableBeanFactory     : Autowiring by type from bean name 'org.springframework.boot.autoconfigure.web.servlet.WebMvcAutoConfiguration$EnableWebMvcConfiguration' via constructor to bean named 'org.springframework.beans.factory.support.DefaultListableBeanFactory@3ba8fbc8'
2024-05-01T22:51:09.427-04:00 DEBUG 181167 --- [salessrv] [           main] o.s.b.f.s.DefaultListableBeanFactory     : Creating shared instance of singleton bean 'org.springframework.boot.autoconfigure.web.servlet.WebMvcAutoConfiguration$WebMvcAutoConfigurationAdapter'
2024-05-01T22:51:09.429-04:00 DEBUG 181167 --- [salessrv] [           main] o.s.b.f.s.DefaultListableBeanFactory     : Autowiring by type from bean name 'org.springframework.boot.autoconfigure.web.servlet.WebMvcAutoConfiguration$WebMvcAutoConfigurationAdapter' via constructor to bean named 'spring.web-org.springframework.boot.autoconfigure.web.WebProperties'
2024-05-01T22:51:09.430-04:00 DEBUG 181167 --- [salessrv] [           main] o.s.b.f.s.DefaultListableBeanFactory     : Autowiring by type from bean name 'org.springframework.boot.autoconfigure.web.servlet.WebMvcAutoConfiguration$WebMvcAutoConfigurationAdapter' via constructor to bean named 'spring.mvc-org.springframework.boot.autoconfigure.web.servlet.WebMvcProperties'
2024-05-01T22:51:09.430-04:00 DEBUG 181167 --- [salessrv] [           main] o.s.b.f.s.DefaultListableBeanFactory     : Autowiring by type from bean name 'org.springframework.boot.autoconfigure.web.servlet.WebMvcAutoConfiguration$WebMvcAutoConfigurationAdapter' via constructor to bean named 'org.springframework.beans.factory.support.DefaultListableBeanFactory@3ba8fbc8'
2024-05-01T22:51:09.443-04:00 DEBUG 181167 --- [salessrv] [           main] o.s.b.f.s.DefaultListableBeanFactory     : Creating shared instance of singleton bean 'openEntityManagerInViewInterceptorConfigurer'
2024-05-01T22:51:09.445-04:00 DEBUG 181167 --- [salessrv] [           main] o.s.b.f.s.DefaultListableBeanFactory     : Creating shared instance of singleton bean 'org.springframework.boot.autoconfigure.orm.jpa.JpaBaseConfiguration$JpaWebConfiguration'
2024-05-01T22:51:09.448-04:00 DEBUG 181167 --- [salessrv] [           main] o.s.b.f.s.DefaultListableBeanFactory     : Autowiring by type from bean name 'org.springframework.boot.autoconfigure.orm.jpa.JpaBaseConfiguration$JpaWebConfiguration' via constructor to bean named 'spring.jpa-org.springframework.boot.autoconfigure.orm.jpa.JpaProperties'
2024-05-01T22:51:09.451-04:00 DEBUG 181167 --- [salessrv] [           main] o.s.b.f.s.DefaultListableBeanFactory     : Creating shared instance of singleton bean 'openEntityManagerInViewInterceptor'
2024-05-01T22:51:09.451-04:00  WARN 181167 --- [salessrv] [           main] JpaBaseConfiguration$JpaWebConfiguration : spring.jpa.open-in-view is enabled by default. Therefore, database queries may be performed during view rendering. Explicitly configure spring.jpa.open-in-view to disable this warning
2024-05-01T22:51:09.456-04:00 DEBUG 181167 --- [salessrv] [           main] o.s.b.f.s.DefaultListableBeanFactory     : Autowiring by type from bean name 'openEntityManagerInViewInterceptorConfigurer' via factory method to bean named 'openEntityManagerInViewInterceptor'
2024-05-01T22:51:09.459-04:00 DEBUG 181167 --- [salessrv] [           main] o.s.b.f.s.DefaultListableBeanFactory     : Creating shared instance of singleton bean 'org.springframework.data.web.config.HateoasAwareSpringDataWebConfiguration'
2024-05-01T22:51:09.461-04:00 DEBUG 181167 --- [salessrv] [           main] o.s.b.f.s.DefaultListableBeanFactory     : Autowiring by type from bean name 'org.springframework.data.web.config.HateoasAwareSpringDataWebConfiguration' via constructor to bean named 'org.springframework.web.context.support.GenericWebApplicationContext@73f0b216'
2024-05-01T22:51:09.485-04:00 DEBUG 181167 --- [salessrv] [           main] o.s.b.f.s.DefaultListableBeanFactory     : Creating shared instance of singleton bean 'hypermediaWebMvcConfigurer'
2024-05-01T22:51:09.485-04:00 DEBUG 181167 --- [salessrv] [           main] o.s.b.f.s.DefaultListableBeanFactory     : Creating shared instance of singleton bean 'org.springframework.hateoas.config.WebMvcHateoasConfiguration'
2024-05-01T22:51:09.490-04:00 DEBUG 181167 --- [salessrv] [           main] o.s.b.f.s.DefaultListableBeanFactory     : Creating shared instance of singleton bean 'hypermediaWebMvcConverters'
2024-05-01T22:51:09.490-04:00 DEBUG 181167 --- [salessrv] [           main] o.s.b.f.s.DefaultListableBeanFactory     : Creating shared instance of singleton bean 'org.springframework.hateoas.config.HateoasConfiguration'
2024-05-01T22:51:09.495-04:00 DEBUG 181167 --- [salessrv] [           main] o.s.b.f.s.DefaultListableBeanFactory     : Creating shared instance of singleton bean 'org.springframework.hateoas.mediatype.hal.HalMediaTypeConfiguration'
2024-05-01T22:51:09.496-04:00 DEBUG 181167 --- [salessrv] [           main] o.s.b.f.s.DefaultListableBeanFactory     : Creating shared instance of singleton bean '_relProvider'
2024-05-01T22:51:09.507-04:00 DEBUG 181167 --- [salessrv] [           main] o.s.b.f.s.DefaultListableBeanFactory     : Creating shared instance of singleton bean 'relProviderPluginRegistry'
2024-05-01T22:51:09.508-04:00 DEBUG 181167 --- [salessrv] [           main] o.s.b.f.s.DefaultListableBeanFactory     : Autowiring by type from bean name 'relProviderPluginRegistry' via factory method to bean named 'org.springframework.web.context.support.GenericWebApplicationContext@73f0b216'
2024-05-01T22:51:09.534-04:00 DEBUG 181167 --- [salessrv] [           main] o.s.b.f.s.DefaultListableBeanFactory     : Autowiring by type from bean name '_relProvider' via factory method to bean named 'relProviderPluginRegistry'
2024-05-01T22:51:09.539-04:00 DEBUG 181167 --- [salessrv] [           main] o.s.b.f.s.DefaultListableBeanFactory     : Creating shared instance of singleton bean 'messageResolver'
2024-05-01T22:51:09.553-04:00 DEBUG 181167 --- [salessrv] [           main] o.s.b.f.s.DefaultListableBeanFactory     : Autowiring by type from bean name 'org.springframework.hateoas.mediatype.hal.HalMediaTypeConfiguration' via constructor to bean named '_relProvider'
2024-05-01T22:51:09.553-04:00 DEBUG 181167 --- [salessrv] [           main] o.s.b.f.s.DefaultListableBeanFactory     : Autowiring by type from bean name 'org.springframework.hateoas.mediatype.hal.HalMediaTypeConfiguration' via constructor to bean named 'messageResolver'
2024-05-01T22:51:09.553-04:00 DEBUG 181167 --- [salessrv] [           main] o.s.b.f.s.DefaultListableBeanFactory     : Autowiring by type from bean name 'org.springframework.hateoas.mediatype.hal.HalMediaTypeConfiguration' via constructor to bean named 'org.springframework.beans.factory.support.DefaultListableBeanFactory@3ba8fbc8'
2024-05-01T22:51:09.556-04:00 DEBUG 181167 --- [salessrv] [           main] o.s.b.f.s.DefaultListableBeanFactory     : Autowiring by type from bean name 'hypermediaWebMvcConverters' via factory method to bean named 'org.springframework.hateoas.mediatype.hal.HalMediaTypeConfiguration'
2024-05-01T22:51:09.558-04:00 DEBUG 181167 --- [salessrv] [           main] o.s.b.f.s.DefaultListableBeanFactory     : Creating shared instance of singleton bean 'jacksonObjectMapper'
2024-05-01T22:51:09.558-04:00 DEBUG 181167 --- [salessrv] [           main] o.s.b.f.s.DefaultListableBeanFactory     : Creating shared instance of singleton bean 'org.springframework.boot.autoconfigure.jackson.JacksonAutoConfiguration$JacksonObjectMapperConfiguration'
2024-05-01T22:51:09.560-04:00 DEBUG 181167 --- [salessrv] [           main] o.s.b.f.s.DefaultListableBeanFactory     : Creating shared instance of singleton bean 'org.springframework.boot.autoconfigure.jackson.JacksonAutoConfiguration$JacksonObjectMapperBuilderConfiguration'
2024-05-01T22:51:09.562-04:00 DEBUG 181167 --- [salessrv] [           main] o.s.b.f.s.DefaultListableBeanFactory     : Creating shared instance of singleton bean 'standardJacksonObjectMapperBuilderCustomizer'
2024-05-01T22:51:09.562-04:00 DEBUG 181167 --- [salessrv] [           main] o.s.b.f.s.DefaultListableBeanFactory     : Creating shared instance of singleton bean 'org.springframework.boot.autoconfigure.jackson.JacksonAutoConfiguration$Jackson2ObjectMapperBuilderCustomizerConfiguration'
2024-05-01T22:51:09.564-04:00 DEBUG 181167 --- [salessrv] [           main] o.s.b.f.s.DefaultListableBeanFactory     : Creating shared instance of singleton bean 'spring.jackson-org.springframework.boot.autoconfigure.jackson.JacksonProperties'
2024-05-01T22:51:09.575-04:00 DEBUG 181167 --- [salessrv] [           main] o.s.b.f.s.DefaultListableBeanFactory     : Autowiring by type from bean name 'standardJacksonObjectMapperBuilderCustomizer' via factory method to bean named 'spring.jackson-org.springframework.boot.autoconfigure.jackson.JacksonProperties'
2024-05-01T22:51:09.576-04:00 DEBUG 181167 --- [salessrv] [           main] o.s.b.f.s.DefaultListableBeanFactory     : Creating shared instance of singleton bean 'parameterNamesModule'
2024-05-01T22:51:09.576-04:00 DEBUG 181167 --- [salessrv] [           main] o.s.b.f.s.DefaultListableBeanFactory     : Creating shared instance of singleton bean 'org.springframework.boot.autoconfigure.jackson.JacksonAutoConfiguration$ParameterNamesModuleConfiguration'
2024-05-01T22:51:09.583-04:00 DEBUG 181167 --- [salessrv] [           main] o.s.b.f.s.DefaultListableBeanFactory     : Creating shared instance of singleton bean 'jsonMixinModule'
2024-05-01T22:51:09.583-04:00 DEBUG 181167 --- [salessrv] [           main] o.s.b.f.s.DefaultListableBeanFactory     : Creating shared instance of singleton bean 'org.springframework.boot.autoconfigure.jackson.JacksonAutoConfiguration$JacksonMixinConfiguration'
2024-05-01T22:51:09.585-04:00 DEBUG 181167 --- [salessrv] [           main] o.s.b.f.s.DefaultListableBeanFactory     : Creating shared instance of singleton bean 'jsonMixinModuleEntries'
2024-05-01T22:51:09.585-04:00 DEBUG 181167 --- [salessrv] [           main] o.s.b.f.s.DefaultListableBeanFactory     : Autowiring by type from bean name 'jsonMixinModuleEntries' via factory method to bean named 'org.springframework.web.context.support.GenericWebApplicationContext@73f0b216'
2024-05-01T22:51:09.613-04:00 DEBUG 181167 --- [salessrv] [           main] o.s.b.f.s.DefaultListableBeanFactory     : Autowiring by type from bean name 'jsonMixinModule' via factory method to bean named 'org.springframework.web.context.support.GenericWebApplicationContext@73f0b216'
2024-05-01T22:51:09.613-04:00 DEBUG 181167 --- [salessrv] [           main] o.s.b.f.s.DefaultListableBeanFactory     : Autowiring by type from bean name 'jsonMixinModule' via factory method to bean named 'jsonMixinModuleEntries'
2024-05-01T22:51:09.623-04:00 DEBUG 181167 --- [salessrv] [           main] o.s.b.f.s.DefaultListableBeanFactory     : Creating shared instance of singleton bean 'jsonComponentModule'
2024-05-01T22:51:09.623-04:00 DEBUG 181167 --- [salessrv] [           main] o.s.b.f.s.DefaultListableBeanFactory     : Creating shared instance of singleton bean 'org.springframework.boot.autoconfigure.jackson.JacksonAutoConfiguration'
2024-05-01T22:51:09.650-04:00 DEBUG 181167 --- [salessrv] [           main] o.s.b.f.s.DefaultListableBeanFactory     : Creating shared instance of singleton bean 'jacksonGeoModule'
2024-05-01T22:51:09.650-04:00 DEBUG 181167 --- [salessrv] [           main] o.s.b.f.s.DefaultListableBeanFactory     : Creating shared instance of singleton bean 'org.springframework.data.web.config.SpringDataJacksonConfiguration'
2024-05-01T22:51:09.676-04:00 DEBUG 181167 --- [salessrv] [           main] o.s.b.f.s.DefaultListableBeanFactory     : Creating shared instance of singleton bean 'pageModule'
2024-05-01T22:51:09.694-04:00 DEBUG 181167 --- [salessrv] [           main] o.s.b.f.s.DefaultListableBeanFactory     : Autowiring by type from bean name 'jacksonObjectMapperBuilder' via factory method to bean named 'org.springframework.web.context.support.GenericWebApplicationContext@73f0b216'
2024-05-01T22:51:09.694-04:00 DEBUG 181167 --- [salessrv] [           main] o.s.b.f.s.DefaultListableBeanFactory     : Autowiring by type from bean name 'jacksonObjectMapperBuilder' via factory method to bean named 'standardJacksonObjectMapperBuilderCustomizer'
2024-05-01T22:51:09.698-04:00 DEBUG 181167 --- [salessrv] [           main] o.s.b.f.s.DefaultListableBeanFactory     : Autowiring by type from bean name 'jacksonObjectMapper' via factory method to bean named 'jacksonObjectMapperBuilder'
2024-05-01T22:51:09.734-04:00 DEBUG 181167 --- [salessrv] [           main] o.s.b.f.s.DefaultListableBeanFactory     : Autowiring by type from bean name 'hypermediaWebMvcConfigurer' via factory method to bean named 'hypermediaWebMvcConverters'
2024-05-01T22:51:09.747-04:00 DEBUG 181167 --- [salessrv] [           main] o.s.b.f.s.DefaultListableBeanFactory     : Creating shared instance of singleton bean 'welcomePageHandlerMapping'
2024-05-01T22:51:09.749-04:00 DEBUG 181167 --- [salessrv] [           main] o.s.b.f.s.DefaultListableBeanFactory     : Creating shared instance of singleton bean 'mvcConversionService'
2024-05-01T22:51:09.768-04:00 DEBUG 181167 --- [salessrv] [           main] o.s.b.f.s.DefaultListableBeanFactory     : Creating shared instance of singleton bean 'mvcResourceUrlProvider'
2024-05-01T22:51:09.773-04:00 DEBUG 181167 --- [salessrv] [           main] o.s.b.f.s.DefaultListableBeanFactory     : Autowiring by type from bean name 'welcomePageHandlerMapping' via factory method to bean named 'org.springframework.web.context.support.GenericWebApplicationContext@73f0b216'
2024-05-01T22:51:09.773-04:00 DEBUG 181167 --- [salessrv] [           main] o.s.b.f.s.DefaultListableBeanFactory     : Autowiring by type from bean name 'welcomePageHandlerMapping' via factory method to bean named 'mvcConversionService'
2024-05-01T22:51:09.773-04:00 DEBUG 181167 --- [salessrv] [           main] o.s.b.f.s.DefaultListableBeanFactory     : Autowiring by type from bean name 'welcomePageHandlerMapping' via factory method to bean named 'mvcResourceUrlProvider'
2024-05-01T22:51:09.823-04:00 DEBUG 181167 --- [salessrv] [           main] o.s.b.f.s.DefaultListableBeanFactory     : Creating shared instance of singleton bean 'welcomePageNotAcceptableHandlerMapping'
2024-05-01T22:51:09.824-04:00 DEBUG 181167 --- [salessrv] [           main] o.s.b.f.s.DefaultListableBeanFactory     : Autowiring by type from bean name 'welcomePageNotAcceptableHandlerMapping' via factory method to bean named 'org.springframework.web.context.support.GenericWebApplicationContext@73f0b216'
2024-05-01T22:51:09.825-04:00 DEBUG 181167 --- [salessrv] [           main] o.s.b.f.s.DefaultListableBeanFactory     : Autowiring by type from bean name 'welcomePageNotAcceptableHandlerMapping' via factory method to bean named 'mvcConversionService'
2024-05-01T22:51:09.825-04:00 DEBUG 181167 --- [salessrv] [           main] o.s.b.f.s.DefaultListableBeanFactory     : Autowiring by type from bean name 'welcomePageNotAcceptableHandlerMapping' via factory method to bean named 'mvcResourceUrlProvider'
2024-05-01T22:51:09.834-04:00 DEBUG 181167 --- [salessrv] [           main] o.s.b.f.s.DefaultListableBeanFactory     : Creating shared instance of singleton bean 'localeResolver'
2024-05-01T22:51:09.839-04:00 DEBUG 181167 --- [salessrv] [           main] o.s.b.f.s.DefaultListableBeanFactory     : Creating shared instance of singleton bean 'themeResolver'
2024-05-01T22:51:09.841-04:00 DEBUG 181167 --- [salessrv] [           main] o.s.b.f.s.DefaultListableBeanFactory     : Creating shared instance of singleton bean 'flashMapManager'
2024-05-01T22:51:09.848-04:00 DEBUG 181167 --- [salessrv] [           main] o.s.b.f.s.DefaultListableBeanFactory     : Creating shared instance of singleton bean 'mvcValidator'
2024-05-01T22:51:09.851-04:00 DEBUG 181167 --- [salessrv] [           main] o.s.b.f.s.DefaultListableBeanFactory     : Creating shared instance of singleton bean 'mvcContentNegotiationManager'
2024-05-01T22:51:09.861-04:00 DEBUG 181167 --- [salessrv] [           main] o.s.b.f.s.DefaultListableBeanFactory     : Creating shared instance of singleton bean 'requestMappingHandlerMapping'
2024-05-01T22:51:09.863-04:00 DEBUG 181167 --- [salessrv] [           main] o.s.b.f.s.DefaultListableBeanFactory     : Autowiring by type from bean name 'requestMappingHandlerMapping' via factory method to bean named 'mvcContentNegotiationManager'
2024-05-01T22:51:09.863-04:00 DEBUG 181167 --- [salessrv] [           main] o.s.b.f.s.DefaultListableBeanFactory     : Autowiring by type from bean name 'requestMappingHandlerMapping' via factory method to bean named 'mvcConversionService'
2024-05-01T22:51:09.863-04:00 DEBUG 181167 --- [salessrv] [           main] o.s.b.f.s.DefaultListableBeanFactory     : Autowiring by type from bean name 'requestMappingHandlerMapping' via factory method to bean named 'mvcResourceUrlProvider'
2024-05-01T22:51:09.967-04:00 DEBUG 181167 --- [salessrv] [           main] s.w.s.m.m.a.RequestMappingHandlerMapping : 7 mappings in 'requestMappingHandlerMapping'
2024-05-01T22:51:09.974-04:00 DEBUG 181167 --- [salessrv] [           main] o.s.b.f.s.DefaultListableBeanFactory     : Creating shared instance of singleton bean 'mvcPatternParser'
2024-05-01T22:51:09.975-04:00 DEBUG 181167 --- [salessrv] [           main] o.s.b.f.s.DefaultListableBeanFactory     : Creating shared instance of singleton bean 'mvcUrlPathHelper'
2024-05-01T22:51:09.976-04:00 DEBUG 181167 --- [salessrv] [           main] o.s.b.f.s.DefaultListableBeanFactory     : Creating shared instance of singleton bean 'mvcPathMatcher'
2024-05-01T22:51:09.977-04:00 DEBUG 181167 --- [salessrv] [           main] o.s.b.f.s.DefaultListableBeanFactory     : Creating shared instance of singleton bean 'viewControllerHandlerMapping'
2024-05-01T22:51:09.978-04:00 DEBUG 181167 --- [salessrv] [           main] o.s.b.f.s.DefaultListableBeanFactory     : Autowiring by type from bean name 'viewControllerHandlerMapping' via factory method to bean named 'mvcConversionService'
2024-05-01T22:51:09.978-04:00 DEBUG 181167 --- [salessrv] [           main] o.s.b.f.s.DefaultListableBeanFactory     : Autowiring by type from bean name 'viewControllerHandlerMapping' via factory method to bean named 'mvcResourceUrlProvider'
2024-05-01T22:51:09.983-04:00 DEBUG 181167 --- [salessrv] [           main] o.s.b.f.s.DefaultListableBeanFactory     : Creating shared instance of singleton bean 'beanNameHandlerMapping'
2024-05-01T22:51:09.984-04:00 DEBUG 181167 --- [salessrv] [           main] o.s.b.f.s.DefaultListableBeanFactory     : Autowiring by type from bean name 'beanNameHandlerMapping' via factory method to bean named 'mvcConversionService'
2024-05-01T22:51:09.985-04:00 DEBUG 181167 --- [salessrv] [           main] o.s.b.f.s.DefaultListableBeanFactory     : Autowiring by type from bean name 'beanNameHandlerMapping' via factory method to bean named 'mvcResourceUrlProvider'
2024-05-01T22:51:10.000-04:00 DEBUG 181167 --- [salessrv] [           main] o.s.b.f.s.DefaultListableBeanFactory     : Creating shared instance of singleton bean 'routerFunctionMapping'
2024-05-01T22:51:10.001-04:00 DEBUG 181167 --- [salessrv] [           main] o.s.b.f.s.DefaultListableBeanFactory     : Autowiring by type from bean name 'routerFunctionMapping' via factory method to bean named 'mvcConversionService'
2024-05-01T22:51:10.001-04:00 DEBUG 181167 --- [salessrv] [           main] o.s.b.f.s.DefaultListableBeanFactory     : Autowiring by type from bean name 'routerFunctionMapping' via factory method to bean named 'mvcResourceUrlProvider'
2024-05-01T22:51:10.004-04:00 DEBUG 181167 --- [salessrv] [           main] o.s.b.f.s.DefaultListableBeanFactory     : Creating shared instance of singleton bean 'messageConverters'
2024-05-01T22:51:10.004-04:00 DEBUG 181167 --- [salessrv] [           main] o.s.b.f.s.DefaultListableBeanFactory     : Creating shared instance of singleton bean 'org.springframework.boot.autoconfigure.http.HttpMessageConvertersAutoConfiguration'
2024-05-01T22:51:10.012-04:00 DEBUG 181167 --- [salessrv] [           main] o.s.b.f.s.DefaultListableBeanFactory     : Creating shared instance of singleton bean 'stringHttpMessageConverter'
2024-05-01T22:51:10.013-04:00 DEBUG 181167 --- [salessrv] [           main] o.s.b.f.s.DefaultListableBeanFactory     : Creating shared instance of singleton bean 'org.springframework.boot.autoconfigure.http.HttpMessageConvertersAutoConfiguration$StringHttpMessageConverterConfiguration'
2024-05-01T22:51:10.015-04:00 DEBUG 181167 --- [salessrv] [           main] o.s.b.f.s.DefaultListableBeanFactory     : Autowiring by type from bean name 'stringHttpMessageConverter' via factory method to bean named 'environment'
2024-05-01T22:51:10.022-04:00 DEBUG 181167 --- [salessrv] [           main] o.s.b.f.s.DefaultListableBeanFactory     : Creating shared instance of singleton bean 'mappingJackson2HttpMessageConverter'
2024-05-01T22:51:10.022-04:00 DEBUG 181167 --- [salessrv] [           main] o.s.b.f.s.DefaultListableBeanFactory     : Creating shared instance of singleton bean 'org.springframework.boot.autoconfigure.http.JacksonHttpMessageConvertersConfiguration$MappingJackson2HttpMessageConverterConfiguration'
2024-05-01T22:51:10.024-04:00 DEBUG 181167 --- [salessrv] [           main] o.s.b.f.s.DefaultListableBeanFactory     : Autowiring by type from bean name 'mappingJackson2HttpMessageConverter' via factory method to bean named 'jacksonObjectMapper'
2024-05-01T22:51:10.106-04:00 DEBUG 181167 --- [salessrv] [           main] o.s.b.f.s.DefaultListableBeanFactory     : Creating shared instance of singleton bean 'applicationJsonHalConfiguration'
2024-05-01T22:51:10.106-04:00 DEBUG 181167 --- [salessrv] [           main] o.s.b.f.s.DefaultListableBeanFactory     : Creating shared instance of singleton bean 'org.springframework.boot.autoconfigure.hateoas.HypermediaAutoConfiguration'
2024-05-01T22:51:10.138-04:00 DEBUG 181167 --- [salessrv] [           main] o.s.b.f.s.DefaultListableBeanFactory     : Creating shared instance of singleton bean 'resourceHandlerMapping'
2024-05-01T22:51:10.140-04:00 DEBUG 181167 --- [salessrv] [           main] o.s.b.f.s.DefaultListableBeanFactory     : Autowiring by type from bean name 'resourceHandlerMapping' via factory method to bean named 'mvcContentNegotiationManager'
2024-05-01T22:51:10.140-04:00 DEBUG 181167 --- [salessrv] [           main] o.s.b.f.s.DefaultListableBeanFactory     : Autowiring by type from bean name 'resourceHandlerMapping' via factory method to bean named 'mvcConversionService'
2024-05-01T22:51:10.140-04:00 DEBUG 181167 --- [salessrv] [           main] o.s.b.f.s.DefaultListableBeanFactory     : Autowiring by type from bean name 'resourceHandlerMapping' via factory method to bean named 'mvcResourceUrlProvider'
2024-05-01T22:51:10.161-04:00 DEBUG 181167 --- [salessrv] [           main] o.s.w.s.handler.SimpleUrlHandlerMapping  : Patterns [/webjars/**, /**] in 'resourceHandlerMapping'
2024-05-01T22:51:10.164-04:00 DEBUG 181167 --- [salessrv] [           main] o.s.b.f.s.DefaultListableBeanFactory     : Creating shared instance of singleton bean 'defaultServletHandlerMapping'
2024-05-01T22:51:10.165-04:00 DEBUG 181167 --- [salessrv] [           main] o.s.b.f.s.DefaultListableBeanFactory     : Creating shared instance of singleton bean 'requestMappingHandlerAdapter'
2024-05-01T22:51:10.166-04:00 DEBUG 181167 --- [salessrv] [           main] o.s.b.f.s.DefaultListableBeanFactory     : Autowiring by type from bean name 'requestMappingHandlerAdapter' via factory method to bean named 'mvcContentNegotiationManager'
2024-05-01T22:51:10.166-04:00 DEBUG 181167 --- [salessrv] [           main] o.s.b.f.s.DefaultListableBeanFactory     : Autowiring by type from bean name 'requestMappingHandlerAdapter' via factory method to bean named 'mvcConversionService'
2024-05-01T22:51:10.166-04:00 DEBUG 181167 --- [salessrv] [           main] o.s.b.f.s.DefaultListableBeanFactory     : Autowiring by type from bean name 'requestMappingHandlerAdapter' via factory method to bean named 'mvcValidator'
2024-05-01T22:51:10.176-04:00 DEBUG 181167 --- [salessrv] [           main] o.s.b.f.s.DefaultListableBeanFactory     : Creating shared instance of singleton bean 'sortResolver'
2024-05-01T22:51:10.178-04:00 DEBUG 181167 --- [salessrv] [           main] o.s.b.f.s.DefaultListableBeanFactory     : Creating shared instance of singleton bean 'sortCustomizer'
2024-05-01T22:51:10.178-04:00 DEBUG 181167 --- [salessrv] [           main] o.s.b.f.s.DefaultListableBeanFactory     : Creating shared instance of singleton bean 'org.springframework.boot.autoconfigure.data.web.SpringDataWebAutoConfiguration'
2024-05-01T22:51:10.179-04:00 DEBUG 181167 --- [salessrv] [           main] o.s.b.f.s.DefaultListableBeanFactory     : Creating shared instance of singleton bean 'spring.data.web-org.springframework.boot.autoconfigure.data.web.SpringDataWebProperties'
2024-05-01T22:51:10.180-04:00 DEBUG 181167 --- [salessrv] [           main] o.s.b.f.s.DefaultListableBeanFactory     : Autowiring by type from bean name 'org.springframework.boot.autoconfigure.data.web.SpringDataWebAutoConfiguration' via constructor to bean named 'spring.data.web-org.springframework.boot.autoconfigure.data.web.SpringDataWebProperties'
2024-05-01T22:51:10.187-04:00 DEBUG 181167 --- [salessrv] [           main] o.s.b.f.s.DefaultListableBeanFactory     : Creating shared instance of singleton bean 'pageableResolver'
2024-05-01T22:51:10.190-04:00 DEBUG 181167 --- [salessrv] [           main] o.s.b.f.s.DefaultListableBeanFactory     : Creating shared instance of singleton bean 'pageableCustomizer'
2024-05-01T22:51:10.192-04:00 DEBUG 181167 --- [salessrv] [           main] o.s.b.f.s.DefaultListableBeanFactory     : Creating shared instance of singleton bean 'pagedResourcesAssemblerArgumentResolver'
2024-05-01T22:51:10.193-04:00 DEBUG 181167 --- [salessrv] [           main] o.s.b.f.s.DefaultListableBeanFactory     : Creating shared instance of singleton bean 'slicedResourcesAssemblerArgumentResolver'
2024-05-01T22:51:10.195-04:00 DEBUG 181167 --- [salessrv] [           main] o.s.b.f.s.DefaultListableBeanFactory     : Creating shared instance of singleton bean 'applicationTaskExecutor'
2024-05-01T22:51:10.197-04:00 DEBUG 181167 --- [salessrv] [           main] o.s.b.f.s.DefaultListableBeanFactory     : Autowiring by type from bean name 'applicationTaskExecutor' via factory method to bean named 'taskExecutorBuilder'
2024-05-01T22:51:10.204-04:00 DEBUG 181167 --- [salessrv] [           main] o.s.s.concurrent.ThreadPoolTaskExecutor  : Initializing ExecutorService 'applicationTaskExecutor'
2024-05-01T22:51:10.224-04:00 DEBUG 181167 --- [salessrv] [           main] s.w.s.m.m.a.RequestMappingHandlerAdapter : ControllerAdvice beans: 0 @ModelAttribute, 0 @InitBinder, 1 RequestBodyAdvice, 1 ResponseBodyAdvice
2024-05-01T22:51:10.264-04:00 DEBUG 181167 --- [salessrv] [           main] o.s.b.f.s.DefaultListableBeanFactory     : Creating shared instance of singleton bean 'handlerFunctionAdapter'
2024-05-01T22:51:10.266-04:00 DEBUG 181167 --- [salessrv] [           main] o.s.b.f.s.DefaultListableBeanFactory     : Creating shared instance of singleton bean 'mvcUriComponentsContributor'
2024-05-01T22:51:10.268-04:00 DEBUG 181167 --- [salessrv] [           main] o.s.b.f.s.DefaultListableBeanFactory     : Autowiring by type from bean name 'mvcUriComponentsContributor' via factory method to bean named 'mvcConversionService'
2024-05-01T22:51:10.268-04:00 DEBUG 181167 --- [salessrv] [           main] o.s.b.f.s.DefaultListableBeanFactory     : Autowiring by type from bean name 'mvcUriComponentsContributor' via factory method to bean named 'requestMappingHandlerAdapter'
2024-05-01T22:51:10.269-04:00 DEBUG 181167 --- [salessrv] [           main] o.s.b.f.s.DefaultListableBeanFactory     : Creating shared instance of singleton bean 'httpRequestHandlerAdapter'
2024-05-01T22:51:10.269-04:00 DEBUG 181167 --- [salessrv] [           main] o.s.b.f.s.DefaultListableBeanFactory     : Creating shared instance of singleton bean 'simpleControllerHandlerAdapter'
2024-05-01T22:51:10.270-04:00 DEBUG 181167 --- [salessrv] [           main] o.s.b.f.s.DefaultListableBeanFactory     : Creating shared instance of singleton bean 'handlerExceptionResolver'
2024-05-01T22:51:10.271-04:00 DEBUG 181167 --- [salessrv] [           main] o.s.b.f.s.DefaultListableBeanFactory     : Autowiring by type from bean name 'handlerExceptionResolver' via factory method to bean named 'mvcContentNegotiationManager'
2024-05-01T22:51:10.278-04:00 DEBUG 181167 --- [salessrv] [           main] .m.m.a.ExceptionHandlerExceptionResolver : ControllerAdvice beans: 1 @ExceptionHandler, 1 ResponseBodyAdvice
2024-05-01T22:51:10.287-04:00 DEBUG 181167 --- [salessrv] [           main] o.s.b.f.s.DefaultListableBeanFactory     : Creating shared instance of singleton bean 'mvcViewResolver'
2024-05-01T22:51:10.289-04:00 DEBUG 181167 --- [salessrv] [           main] o.s.b.f.s.DefaultListableBeanFactory     : Autowiring by type from bean name 'mvcViewResolver' via factory method to bean named 'mvcContentNegotiationManager'
2024-05-01T22:51:10.293-04:00 DEBUG 181167 --- [salessrv] [           main] o.s.b.f.s.DefaultListableBeanFactory     : Creating shared instance of singleton bean 'viewNameTranslator'
2024-05-01T22:51:10.294-04:00 DEBUG 181167 --- [salessrv] [           main] o.s.b.f.s.DefaultListableBeanFactory     : Creating shared instance of singleton bean 'defaultViewResolver'
2024-05-01T22:51:10.319-04:00 DEBUG 181167 --- [salessrv] [           main] o.s.b.f.s.DefaultListableBeanFactory     : Creating shared instance of singleton bean 'viewResolver'
2024-05-01T22:51:10.320-04:00 DEBUG 181167 --- [salessrv] [           main] o.s.b.f.s.DefaultListableBeanFactory     : Autowiring by type from bean name 'viewResolver' via factory method to bean named 'org.springframework.beans.factory.support.DefaultListableBeanFactory@3ba8fbc8'
2024-05-01T22:51:10.325-04:00 DEBUG 181167 --- [salessrv] [           main] o.s.b.f.s.DefaultListableBeanFactory     : Creating shared instance of singleton bean 'viewResolver'
2024-05-01T22:51:10.327-04:00 DEBUG 181167 --- [salessrv] [           main] o.s.b.f.s.DefaultListableBeanFactory     : Creating shared instance of singleton bean 'requestContextFilter'
2024-05-01T22:51:10.339-04:00 DEBUG 181167 --- [salessrv] [           main] o.s.b.f.s.DefaultListableBeanFactory     : Creating shared instance of singleton bean 'org.springframework.boot.autoconfigure.web.servlet.WebMvcAutoConfiguration'
2024-05-01T22:51:10.340-04:00 DEBUG 181167 --- [salessrv] [           main] o.s.b.f.s.DefaultListableBeanFactory     : Creating shared instance of singleton bean 'formContentFilter'
2024-05-01T22:51:10.347-04:00 DEBUG 181167 --- [salessrv] [           main] o.s.b.f.s.DefaultListableBeanFactory     : Creating shared instance of singleton bean 'org.springframework.boot.autoconfigure.aop.AopAutoConfiguration$AspectJAutoProxyingConfiguration$CglibAutoProxyConfiguration'
2024-05-01T22:51:10.348-04:00 DEBUG 181167 --- [salessrv] [           main] o.s.b.f.s.DefaultListableBeanFactory     : Creating shared instance of singleton bean 'org.springframework.boot.autoconfigure.aop.AopAutoConfiguration$AspectJAutoProxyingConfiguration'
2024-05-01T22:51:10.349-04:00 DEBUG 181167 --- [salessrv] [           main] o.s.b.f.s.DefaultListableBeanFactory     : Creating shared instance of singleton bean 'org.springframework.boot.autoconfigure.aop.AopAutoConfiguration'
2024-05-01T22:51:10.349-04:00 DEBUG 181167 --- [salessrv] [           main] o.s.b.f.s.DefaultListableBeanFactory     : Creating shared instance of singleton bean 'org.springframework.boot.autoconfigure.availability.ApplicationAvailabilityAutoConfiguration'
2024-05-01T22:51:10.350-04:00 DEBUG 181167 --- [salessrv] [           main] o.s.b.f.s.DefaultListableBeanFactory     : Creating shared instance of singleton bean 'applicationAvailability'
2024-05-01T22:51:10.351-04:00 DEBUG 181167 --- [salessrv] [           main] o.s.b.f.s.DefaultListableBeanFactory     : Creating shared instance of singleton bean 'org.springframework.boot.autoconfigure.transaction.jta.JtaAutoConfiguration'
2024-05-01T22:51:10.352-04:00 DEBUG 181167 --- [salessrv] [           main] o.s.b.f.s.DefaultListableBeanFactory     : Creating shared instance of singleton bean 'org.springframework.boot.autoconfigure.jdbc.metadata.DataSourcePoolMetadataProvidersConfiguration'
2024-05-01T22:51:10.358-04:00 DEBUG 181167 --- [salessrv] [           main] o.s.b.f.s.DefaultListableBeanFactory     : Creating shared instance of singleton bean 'org.springframework.boot.autoconfigure.jdbc.DataSourceAutoConfiguration'
2024-05-01T22:51:10.359-04:00 DEBUG 181167 --- [salessrv] [           main] o.s.b.f.s.DefaultListableBeanFactory     : Creating shared instance of singleton bean 'org.springframework.boot.autoconfigure.transaction.TransactionManagerCustomizationAutoConfiguration'
2024-05-01T22:51:10.359-04:00 DEBUG 181167 --- [salessrv] [           main] o.s.b.f.s.DefaultListableBeanFactory     : Creating shared instance of singleton bean 'platformTransactionManagerCustomizers'
2024-05-01T22:51:10.361-04:00 DEBUG 181167 --- [salessrv] [           main] o.s.b.f.s.DefaultListableBeanFactory     : Creating shared instance of singleton bean 'transactionExecutionListeners'
2024-05-01T22:51:10.364-04:00 DEBUG 181167 --- [salessrv] [           main] o.s.b.f.s.DefaultListableBeanFactory     : Creating shared instance of singleton bean 'spring.transaction-org.springframework.boot.autoconfigure.transaction.TransactionProperties'
2024-05-01T22:51:10.374-04:00 DEBUG 181167 --- [salessrv] [           main] o.s.b.f.s.DefaultListableBeanFactory     : Creating shared instance of singleton bean 'org.springframework.boot.autoconfigure.orm.jpa.JpaBaseConfiguration$PersistenceManagedTypesConfiguration'
2024-05-01T22:51:10.375-04:00 DEBUG 181167 --- [salessrv] [           main] o.s.b.f.s.DefaultListableBeanFactory     : Creating shared instance of singleton bean 'transactionManager'
2024-05-01T22:51:10.402-04:00 DEBUG 181167 --- [salessrv] [           main] o.s.b.f.s.DefaultListableBeanFactory     : Creating shared instance of singleton bean 'org.springframework.boot.autoconfigure.orm.jpa.HibernateJpaAutoConfiguration'
2024-05-01T22:51:10.403-04:00 DEBUG 181167 --- [salessrv] [           main] o.s.b.f.s.DefaultListableBeanFactory     : Creating shared instance of singleton bean 'org.springframework.boot.autoconfigure.context.ConfigurationPropertiesAutoConfiguration'
2024-05-01T22:51:10.403-04:00 DEBUG 181167 --- [salessrv] [           main] o.s.b.f.s.DefaultListableBeanFactory     : Creating shared instance of singleton bean 'org.springframework.boot.autoconfigure.context.LifecycleAutoConfiguration'
2024-05-01T22:51:10.404-04:00 DEBUG 181167 --- [salessrv] [           main] o.s.b.f.s.DefaultListableBeanFactory     : Creating shared instance of singleton bean 'lifecycleProcessor'
2024-05-01T22:51:10.406-04:00 DEBUG 181167 --- [salessrv] [           main] o.s.b.f.s.DefaultListableBeanFactory     : Creating shared instance of singleton bean 'spring.lifecycle-org.springframework.boot.autoconfigure.context.LifecycleProperties'
2024-05-01T22:51:10.407-04:00 DEBUG 181167 --- [salessrv] [           main] o.s.b.f.s.DefaultListableBeanFactory     : Autowiring by type from bean name 'lifecycleProcessor' via factory method to bean named 'spring.lifecycle-org.springframework.boot.autoconfigure.context.LifecycleProperties'
2024-05-01T22:51:10.409-04:00 DEBUG 181167 --- [salessrv] [           main] o.s.b.f.s.DefaultListableBeanFactory     : Creating shared instance of singleton bean 'org.springframework.boot.autoconfigure.dao.PersistenceExceptionTranslationAutoConfiguration'
2024-05-01T22:51:10.410-04:00 DEBUG 181167 --- [salessrv] [           main] o.s.b.f.s.DefaultListableBeanFactory     : Creating shared instance of singleton bean 'org.springframework.boot.autoconfigure.jdbc.JdbcTemplateConfiguration'
2024-05-01T22:51:10.410-04:00 DEBUG 181167 --- [salessrv] [           main] o.s.b.f.s.DefaultListableBeanFactory     : Creating shared instance of singleton bean 'jdbcTemplate'
2024-05-01T22:51:10.431-04:00 DEBUG 181167 --- [salessrv] [           main] o.s.b.f.s.DefaultListableBeanFactory     : Creating shared instance of singleton bean 'spring.jdbc-org.springframework.boot.autoconfigure.jdbc.JdbcProperties'
2024-05-01T22:51:10.432-04:00 DEBUG 181167 --- [salessrv] [           main] o.s.b.f.s.DefaultListableBeanFactory     : Autowiring by type from bean name 'jdbcTemplate' via factory method to bean named 'dataSource'
2024-05-01T22:51:10.433-04:00 DEBUG 181167 --- [salessrv] [           main] o.s.b.f.s.DefaultListableBeanFactory     : Autowiring by type from bean name 'jdbcTemplate' via factory method to bean named 'spring.jdbc-org.springframework.boot.autoconfigure.jdbc.JdbcProperties'
2024-05-01T22:51:10.450-04:00 DEBUG 181167 --- [salessrv] [           main] o.s.b.f.s.DefaultListableBeanFactory     : Creating shared instance of singleton bean 'org.springframework.boot.autoconfigure.jdbc.NamedParameterJdbcTemplateConfiguration'
2024-05-01T22:51:10.451-04:00 DEBUG 181167 --- [salessrv] [           main] o.s.b.f.s.DefaultListableBeanFactory     : Creating shared instance of singleton bean 'namedParameterJdbcTemplate'
2024-05-01T22:51:10.453-04:00 DEBUG 181167 --- [salessrv] [           main] o.s.b.f.s.DefaultListableBeanFactory     : Autowiring by type from bean name 'namedParameterJdbcTemplate' via factory method to bean named 'jdbcTemplate'
2024-05-01T22:51:10.462-04:00 DEBUG 181167 --- [salessrv] [           main] o.s.b.f.s.DefaultListableBeanFactory     : Creating shared instance of singleton bean 'org.springframework.boot.autoconfigure.jdbc.JdbcTemplateAutoConfiguration'
2024-05-01T22:51:10.462-04:00 DEBUG 181167 --- [salessrv] [           main] o.s.b.f.s.DefaultListableBeanFactory     : Creating shared instance of singleton bean 'org.springframework.boot.autoconfigure.jdbc.DataSourceTransactionManagerAutoConfiguration$JdbcTransactionManagerConfiguration'
2024-05-01T22:51:10.463-04:00 DEBUG 181167 --- [salessrv] [           main] o.s.b.f.s.DefaultListableBeanFactory     : Creating shared instance of singleton bean 'org.springframework.boot.autoconfigure.jdbc.DataSourceTransactionManagerAutoConfiguration'
2024-05-01T22:51:10.463-04:00 DEBUG 181167 --- [salessrv] [           main] o.s.b.f.s.DefaultListableBeanFactory     : Creating shared instance of singleton bean 'org.springframework.boot.autoconfigure.data.jdbc.JdbcRepositoriesAutoConfiguration$SpringBootJdbcConfiguration'
2024-05-01T22:51:10.464-04:00 DEBUG 181167 --- [salessrv] [           main] o.s.b.f.s.DefaultListableBeanFactory     : Autowiring by type from bean name 'org.springframework.boot.autoconfigure.data.jdbc.JdbcRepositoriesAutoConfiguration$SpringBootJdbcConfiguration' via constructor to bean named 'org.springframework.web.context.support.GenericWebApplicationContext@73f0b216'
2024-05-01T22:51:10.466-04:00 DEBUG 181167 --- [salessrv] [           main] o.s.b.f.s.DefaultListableBeanFactory     : Creating shared instance of singleton bean 'jdbcManagedTypes'
2024-05-01T22:51:10.474-04:00 DEBUG 181167 --- [salessrv] [           main] o.s.b.f.s.DefaultListableBeanFactory     : Creating shared instance of singleton bean 'jdbcMappingContext'
2024-05-01T22:51:10.478-04:00 DEBUG 181167 --- [salessrv] [           main] o.s.b.f.s.DefaultListableBeanFactory     : Creating shared instance of singleton bean 'jdbcCustomConversions'
2024-05-01T22:51:10.495-04:00 DEBUG 181167 --- [salessrv] [           main] o.s.b.f.s.DefaultListableBeanFactory     : Creating shared instance of singleton bean 'jdbcDialect'
2024-05-01T22:51:10.496-04:00 DEBUG 181167 --- [salessrv] [           main] o.s.b.f.s.DefaultListableBeanFactory     : Autowiring by type from bean name 'jdbcDialect' via factory method to bean named 'namedParameterJdbcTemplate'
2024-05-01T22:51:10.516-04:00 DEBUG 181167 --- [salessrv] [           main] o.s.jdbc.datasource.DataSourceUtils      : Fetching JDBC Connection from DataSource
2024-05-01T22:51:10.702-04:00 DEBUG 181167 --- [salessrv] [           main] o.s.data.convert.CustomConversions       : Adding converter from class java.sql.Timestamp to class java.time.OffsetDateTime as reading converter
2024-05-01T22:51:10.703-04:00 DEBUG 181167 --- [salessrv] [           main] o.s.data.convert.CustomConversions       : Adding converter from class java.lang.Number to class java.lang.Boolean as reading converter
2024-05-01T22:51:10.704-04:00 DEBUG 181167 --- [salessrv] [           main] o.s.data.convert.CustomConversions       : Adding converter from class java.lang.Boolean to class java.lang.Integer as writing converter
2024-05-01T22:51:10.704-04:00 DEBUG 181167 --- [salessrv] [           main] o.s.data.convert.CustomConversions       : Adding converter from class java.sql.Timestamp to class java.time.LocalDateTime as reading converter
2024-05-01T22:51:10.704-04:00 DEBUG 181167 --- [salessrv] [           main] o.s.data.convert.CustomConversions       : Adding converter from class java.sql.Timestamp to class java.time.LocalDate as reading converter
2024-05-01T22:51:10.704-04:00 DEBUG 181167 --- [salessrv] [           main] o.s.data.convert.CustomConversions       : Adding converter from class java.time.LocalDate to class java.sql.Timestamp as writing converter
2024-05-01T22:51:10.704-04:00 DEBUG 181167 --- [salessrv] [           main] o.s.data.convert.CustomConversions       : Adding converter from class java.sql.Timestamp to class java.time.LocalTime as reading converter
2024-05-01T22:51:10.704-04:00 DEBUG 181167 --- [salessrv] [           main] o.s.data.convert.CustomConversions       : Adding converter from class java.time.LocalTime to class java.sql.Timestamp as writing converter
2024-05-01T22:51:10.704-04:00 DEBUG 181167 --- [salessrv] [           main] o.s.data.convert.CustomConversions       : Adding converter from class java.sql.Timestamp to class java.time.Instant as reading converter
2024-05-01T22:51:10.704-04:00 DEBUG 181167 --- [salessrv] [           main] o.s.data.convert.CustomConversions       : Adding converter from class java.time.Instant to class java.sql.Timestamp as writing converter
2024-05-01T22:51:10.704-04:00 DEBUG 181167 --- [salessrv] [           main] o.s.data.convert.CustomConversions       : Adding converter from interface org.springframework.data.jdbc.core.mapping.AggregateReference to class java.lang.Object as writing converter
2024-05-01T22:51:10.704-04:00 DEBUG 181167 --- [salessrv] [           main] o.s.data.convert.CustomConversions       : Adding converter from class java.lang.Object to interface org.springframework.data.jdbc.core.mapping.AggregateReference as reading converter
2024-05-01T22:51:10.704-04:00 DEBUG 181167 --- [salessrv] [           main] o.s.data.convert.CustomConversions       : Adding converter from class java.util.Date to class java.time.LocalDateTime as reading converter
2024-05-01T22:51:10.704-04:00 DEBUG 181167 --- [salessrv] [           main] o.s.data.convert.CustomConversions       : Adding converter from class java.time.LocalDateTime to class java.util.Date as writing converter
2024-05-01T22:51:10.704-04:00 DEBUG 181167 --- [salessrv] [           main] o.s.data.convert.CustomConversions       : Adding converter from class java.util.Date to class java.time.LocalDate as reading converter
2024-05-01T22:51:10.704-04:00 DEBUG 181167 --- [salessrv] [           main] o.s.data.convert.CustomConversions       : Adding converter from class java.time.LocalDate to class java.util.Date as writing converter
2024-05-01T22:51:10.704-04:00 DEBUG 181167 --- [salessrv] [           main] o.s.data.convert.CustomConversions       : Adding converter from class java.util.Date to class java.time.LocalTime as reading converter
2024-05-01T22:51:10.704-04:00 DEBUG 181167 --- [salessrv] [           main] o.s.data.convert.CustomConversions       : Adding converter from class java.time.LocalTime to class java.util.Date as writing converter
2024-05-01T22:51:10.704-04:00 DEBUG 181167 --- [salessrv] [           main] o.s.data.convert.CustomConversions       : Adding converter from class java.util.Date to class java.time.Instant as reading converter
2024-05-01T22:51:10.704-04:00 DEBUG 181167 --- [salessrv] [           main] o.s.data.convert.CustomConversions       : Adding converter from class java.time.Instant to class java.util.Date as writing converter
2024-05-01T22:51:10.704-04:00 DEBUG 181167 --- [salessrv] [           main] o.s.data.convert.CustomConversions       : Adding converter from class java.time.LocalDateTime to class java.time.Instant as reading converter
2024-05-01T22:51:10.704-04:00 DEBUG 181167 --- [salessrv] [           main] o.s.data.convert.CustomConversions       : Adding converter from class java.time.Instant to class java.time.LocalDateTime as reading converter
2024-05-01T22:51:10.705-04:00 DEBUG 181167 --- [salessrv] [           main] o.s.data.convert.CustomConversions       : Adding converter from class java.time.ZoneId to class java.lang.String as writing converter
2024-05-01T22:51:10.705-04:00 DEBUG 181167 --- [salessrv] [           main] o.s.data.convert.CustomConversions       : Adding converter from class java.lang.String to class java.time.ZoneId as reading converter
2024-05-01T22:51:10.705-04:00 DEBUG 181167 --- [salessrv] [           main] o.s.data.convert.CustomConversions       : Adding converter from class java.time.Duration to class java.lang.String as writing converter
2024-05-01T22:51:10.705-04:00 DEBUG 181167 --- [salessrv] [           main] o.s.data.convert.CustomConversions       : Adding converter from class java.lang.String to class java.time.Duration as reading converter
2024-05-01T22:51:10.705-04:00 DEBUG 181167 --- [salessrv] [           main] o.s.data.convert.CustomConversions       : Adding converter from class java.time.Period to class java.lang.String as writing converter
2024-05-01T22:51:10.705-04:00 DEBUG 181167 --- [salessrv] [           main] o.s.data.convert.CustomConversions       : Adding converter from class java.lang.String to class java.time.Period as reading converter
2024-05-01T22:51:10.705-04:00 DEBUG 181167 --- [salessrv] [           main] o.s.data.convert.CustomConversions       : Adding converter from class java.lang.String to class java.time.LocalDate as reading converter
2024-05-01T22:51:10.705-04:00 DEBUG 181167 --- [salessrv] [           main] o.s.data.convert.CustomConversions       : Adding converter from class java.lang.String to class java.time.LocalDateTime as reading converter
2024-05-01T22:51:10.705-04:00 DEBUG 181167 --- [salessrv] [           main] o.s.data.convert.CustomConversions       : Adding converter from class java.lang.String to class java.time.Instant as reading converter
2024-05-01T22:51:10.708-04:00 DEBUG 181167 --- [salessrv] [           main] o.s.b.f.s.DefaultListableBeanFactory     : Autowiring by type from bean name 'jdbcMappingContext' via factory method to bean named 'jdbcCustomConversions'
2024-05-01T22:51:10.708-04:00 DEBUG 181167 --- [salessrv] [           main] o.s.b.f.s.DefaultListableBeanFactory     : Autowiring by type from bean name 'jdbcMappingContext' via factory method to bean named 'jdbcManagedTypes'
2024-05-01T22:51:10.722-04:00 DEBUG 181167 --- [salessrv] [           main] o.s.b.f.s.DefaultListableBeanFactory     : Creating shared instance of singleton bean 'jdbcConverter'
2024-05-01T22:51:10.727-04:00 DEBUG 181167 --- [salessrv] [           main] o.s.b.f.s.DefaultListableBeanFactory     : Autowiring by type from bean name 'jdbcConverter' via factory method to bean named 'jdbcMappingContext'
2024-05-01T22:51:10.728-04:00 DEBUG 181167 --- [salessrv] [           main] o.s.b.f.s.DefaultListableBeanFactory     : Autowiring by type from bean name 'jdbcConverter' via factory method to bean named 'namedParameterJdbcTemplate'
2024-05-01T22:51:10.728-04:00 DEBUG 181167 --- [salessrv] [           main] o.s.b.f.s.DefaultListableBeanFactory     : Autowiring by type from bean name 'jdbcConverter' via factory method to bean named 'jdbcCustomConversions'
2024-05-01T22:51:10.728-04:00 DEBUG 181167 --- [salessrv] [           main] o.s.b.f.s.DefaultListableBeanFactory     : Autowiring by type from bean name 'jdbcConverter' via factory method to bean named 'jdbcDialect'
2024-05-01T22:51:10.749-04:00 DEBUG 181167 --- [salessrv] [           main] o.s.b.f.s.DefaultListableBeanFactory     : Creating shared instance of singleton bean 'jdbcAggregateTemplate'
2024-05-01T22:51:10.750-04:00 DEBUG 181167 --- [salessrv] [           main] o.s.b.f.s.DefaultListableBeanFactory     : Creating shared instance of singleton bean 'dataAccessStrategyBean'
2024-05-01T22:51:10.751-04:00 DEBUG 181167 --- [salessrv] [           main] o.s.b.f.s.DefaultListableBeanFactory     : Autowiring by type from bean name 'dataAccessStrategyBean' via factory method to bean named 'namedParameterJdbcTemplate'
2024-05-01T22:51:10.751-04:00 DEBUG 181167 --- [salessrv] [           main] o.s.b.f.s.DefaultListableBeanFactory     : Autowiring by type from bean name 'dataAccessStrategyBean' via factory method to bean named 'jdbcConverter'
2024-05-01T22:51:10.751-04:00 DEBUG 181167 --- [salessrv] [           main] o.s.b.f.s.DefaultListableBeanFactory     : Autowiring by type from bean name 'dataAccessStrategyBean' via factory method to bean named 'jdbcMappingContext'
2024-05-01T22:51:10.751-04:00 DEBUG 181167 --- [salessrv] [           main] o.s.b.f.s.DefaultListableBeanFactory     : Autowiring by type from bean name 'dataAccessStrategyBean' via factory method to bean named 'jdbcDialect'
2024-05-01T22:51:10.763-04:00 DEBUG 181167 --- [salessrv] [           main] o.s.b.f.s.DefaultListableBeanFactory     : Autowiring by type from bean name 'jdbcAggregateTemplate' via factory method to bean named 'org.springframework.web.context.support.GenericWebApplicationContext@73f0b216'
2024-05-01T22:51:10.763-04:00 DEBUG 181167 --- [salessrv] [           main] o.s.b.f.s.DefaultListableBeanFactory     : Autowiring by type from bean name 'jdbcAggregateTemplate' via factory method to bean named 'jdbcMappingContext'
2024-05-01T22:51:10.763-04:00 DEBUG 181167 --- [salessrv] [           main] o.s.b.f.s.DefaultListableBeanFactory     : Autowiring by type from bean name 'jdbcAggregateTemplate' via factory method to bean named 'jdbcConverter'
2024-05-01T22:51:10.763-04:00 DEBUG 181167 --- [salessrv] [           main] o.s.b.f.s.DefaultListableBeanFactory     : Autowiring by type from bean name 'jdbcAggregateTemplate' via factory method to bean named 'dataAccessStrategyBean'
2024-05-01T22:51:10.776-04:00 DEBUG 181167 --- [salessrv] [           main] o.s.b.f.s.DefaultListableBeanFactory     : Creating shared instance of singleton bean 'org.springframework.boot.autoconfigure.data.jdbc.JdbcRepositoriesAutoConfiguration$JdbcRepositoriesConfiguration'
2024-05-01T22:51:10.777-04:00 DEBUG 181167 --- [salessrv] [           main] o.s.b.f.s.DefaultListableBeanFactory     : Creating shared instance of singleton bean 'data-jdbc.repository-aot-processor#0'
2024-05-01T22:51:10.778-04:00 DEBUG 181167 --- [salessrv] [           main] o.s.b.f.s.DefaultListableBeanFactory     : Creating shared instance of singleton bean 'org.springframework.boot.autoconfigure.data.jdbc.JdbcRepositoriesAutoConfiguration'
2024-05-01T22:51:10.779-04:00 DEBUG 181167 --- [salessrv] [           main] o.s.b.f.s.DefaultListableBeanFactory     : Creating shared instance of singleton bean 'org.springframework.boot.autoconfigure.data.jpa.JpaRepositoriesAutoConfiguration'
2024-05-01T22:51:10.780-04:00 DEBUG 181167 --- [salessrv] [           main] o.s.b.f.s.DefaultListableBeanFactory     : Creating shared instance of singleton bean 'org.springframework.data.jpa.util.JpaMetamodelCacheCleanup'
2024-05-01T22:51:10.780-04:00 DEBUG 181167 --- [salessrv] [           main] o.s.b.f.s.DefaultListableBeanFactory     : Creating shared instance of singleton bean 'org.springframework.data.jpa.repository.support.JpaEvaluationContextExtension'
2024-05-01T22:51:10.781-04:00 DEBUG 181167 --- [salessrv] [           main] o.s.b.f.s.DefaultListableBeanFactory     : Creating shared instance of singleton bean 'jpa.named-queries#0'
2024-05-01T22:51:10.783-04:00 DEBUG 181167 --- [salessrv] [           main] o.s.b.f.s.DefaultListableBeanFactory     : Creating shared instance of singleton bean 'jpa.ProductRepository.fragments#0'
2024-05-01T22:51:10.783-04:00 DEBUG 181167 --- [salessrv] [           main] o.s.b.f.s.DefaultListableBeanFactory     : Creating shared instance of singleton bean 'productRepository'
2024-05-01T22:51:10.786-04:00 DEBUG 181167 --- [salessrv] [           main] tor$SharedEntityManagerInvocationHandler : Creating new EntityManager for shared EntityManager invocation
2024-05-01T22:51:10.787-04:00 DEBUG 181167 --- [salessrv] [           main] o.s.d.r.c.s.RepositoryFactorySupport     : Initializing repository instance for com.example.salessrv.repository.ProductRepository…
2024-05-01T22:51:10.788-04:00 DEBUG 181167 --- [salessrv] [           main] tor$SharedEntityManagerInvocationHandler : Creating new EntityManager for shared EntityManager invocation
2024-05-01T22:51:10.792-04:00 DEBUG 181167 --- [salessrv] [           main] o.s.d.r.c.s.RepositoryFactorySupport     : Finished creation of repository instance for com.example.salessrv.repository.ProductRepository.
2024-05-01T22:51:10.793-04:00 DEBUG 181167 --- [salessrv] [           main] o.s.b.f.s.DefaultListableBeanFactory     : Creating shared instance of singleton bean 'data-jpa.repository-aot-processor#0'
2024-05-01T22:51:10.795-04:00 DEBUG 181167 --- [salessrv] [           main] o.s.b.f.s.DefaultListableBeanFactory     : Creating shared instance of singleton bean 'org.springframework.boot.autoconfigure.http.JacksonHttpMessageConvertersConfiguration'
2024-05-01T22:51:10.796-04:00 DEBUG 181167 --- [salessrv] [           main] o.s.b.f.s.DefaultListableBeanFactory     : Creating shared instance of singleton bean 'org.springframework.data.web.config.ProjectingArgumentResolverRegistrar'
2024-05-01T22:51:10.796-04:00 DEBUG 181167 --- [salessrv] [           main] o.s.b.f.s.DefaultListableBeanFactory     : Creating shared instance of singleton bean 'pagedResourcesAssembler'
2024-05-01T22:51:10.802-04:00 DEBUG 181167 --- [salessrv] [           main] o.s.b.f.s.DefaultListableBeanFactory     : Creating shared instance of singleton bean 'slicedResourcesAssembler'
2024-05-01T22:51:10.805-04:00 DEBUG 181167 --- [salessrv] [           main] o.s.b.f.s.DefaultListableBeanFactory     : Creating shared instance of singleton bean 'offsetResolver'
2024-05-01T22:51:10.808-04:00 DEBUG 181167 --- [salessrv] [           main] o.s.b.f.s.DefaultListableBeanFactory     : Creating shared instance of singleton bean 'halLinkDisocoverer'
2024-05-01T22:51:10.812-04:00 DEBUG 181167 --- [salessrv] [           main] o.s.b.f.s.DefaultListableBeanFactory     : Creating shared instance of singleton bean 'org.springframework.hateoas.config.WebTestHateoasConfiguration'
2024-05-01T22:51:10.812-04:00 DEBUG 181167 --- [salessrv] [           main] o.s.b.f.s.DefaultListableBeanFactory     : Creating shared instance of singleton bean 'defaultRelProvider'
2024-05-01T22:51:10.814-04:00 DEBUG 181167 --- [salessrv] [           main] o.s.b.f.s.DefaultListableBeanFactory     : Creating shared instance of singleton bean 'annotationRelProvider'
2024-05-01T22:51:10.815-04:00 DEBUG 181167 --- [salessrv] [           main] o.s.b.f.s.DefaultListableBeanFactory     : Creating shared instance of singleton bean 'linkDiscoverers'
2024-05-01T22:51:10.816-04:00 DEBUG 181167 --- [salessrv] [           main] o.s.b.f.s.DefaultListableBeanFactory     : Creating shared instance of singleton bean 'linkDiscovererRegistry'
2024-05-01T22:51:10.819-04:00 DEBUG 181167 --- [salessrv] [           main] o.s.b.f.s.DefaultListableBeanFactory     : Autowiring by type from bean name 'linkDiscoverers' via factory method to bean named 'linkDiscovererRegistry'
2024-05-01T22:51:10.820-04:00 DEBUG 181167 --- [salessrv] [           main] o.s.b.f.s.DefaultListableBeanFactory     : Creating shared instance of singleton bean 'org.springframework.hateoas.config.WebMvcEntityLinksConfiguration'
2024-05-01T22:51:10.821-04:00 DEBUG 181167 --- [salessrv] [           main] o.s.b.f.s.DefaultListableBeanFactory     : Creating shared instance of singleton bean 'webMvcEntityLinks'
2024-05-01T22:51:10.823-04:00 DEBUG 181167 --- [salessrv] [           main] o.s.b.f.s.DefaultListableBeanFactory     : Creating shared instance of singleton bean 'webMvcLinkBuilderFactory'
2024-05-01T22:51:10.852-04:00 DEBUG 181167 --- [salessrv] [           main] o.s.b.f.s.DefaultListableBeanFactory     : Creating shared instance of singleton bean 'entityLinksPluginRegistry'
2024-05-01T22:51:10.852-04:00 DEBUG 181167 --- [salessrv] [           main] o.s.b.f.s.DefaultListableBeanFactory     : Autowiring by type from bean name 'entityLinksPluginRegistry' via factory method to bean named 'org.springframework.web.context.support.GenericWebApplicationContext@73f0b216'
2024-05-01T22:51:10.853-04:00 DEBUG 181167 --- [salessrv] [           main] o.s.b.f.s.DefaultListableBeanFactory     : Creating shared instance of singleton bean 'delegatingEntityLinks'
2024-05-01T22:51:10.854-04:00 DEBUG 181167 --- [salessrv] [           main] o.s.b.f.s.DefaultListableBeanFactory     : Autowiring by type from bean name 'delegatingEntityLinks' via factory method to bean named 'entityLinksPluginRegistry'
2024-05-01T22:51:10.857-04:00 DEBUG 181167 --- [salessrv] [           main] o.s.b.f.s.DefaultListableBeanFactory     : Creating shared instance of singleton bean 'representationModelProcessorInvoker'
2024-05-01T22:51:10.875-04:00 DEBUG 181167 --- [salessrv] [           main] o.s.b.f.s.DefaultListableBeanFactory     : Creating shared instance of singleton bean 'org.springframework.hateoas.config.RestTemplateHateoasConfiguration'
2024-05-01T22:51:10.876-04:00 DEBUG 181167 --- [salessrv] [           main] o.s.b.f.s.DefaultListableBeanFactory     : Creating shared instance of singleton bean 'org.springframework.boot.autoconfigure.hateoas.HypermediaAutoConfiguration$HypermediaConfiguration'
2024-05-01T22:51:10.877-04:00 DEBUG 181167 --- [salessrv] [           main] o.s.b.f.s.DefaultListableBeanFactory     : Creating shared instance of singleton bean 'spring.hateoas-org.springframework.boot.autoconfigure.hateoas.HateoasProperties'
2024-05-01T22:51:10.879-04:00 DEBUG 181167 --- [salessrv] [           main] o.s.b.f.s.DefaultListableBeanFactory     : Creating shared instance of singleton bean 'org.springframework.boot.autoconfigure.info.ProjectInfoAutoConfiguration'
2024-05-01T22:51:10.886-04:00 DEBUG 181167 --- [salessrv] [           main] o.s.b.f.s.DefaultListableBeanFactory     : Creating shared instance of singleton bean 'spring.info-org.springframework.boot.autoconfigure.info.ProjectInfoProperties'
2024-05-01T22:51:10.894-04:00 DEBUG 181167 --- [salessrv] [           main] o.s.b.f.s.DefaultListableBeanFactory     : Autowiring by type from bean name 'org.springframework.boot.autoconfigure.info.ProjectInfoAutoConfiguration' via constructor to bean named 'spring.info-org.springframework.boot.autoconfigure.info.ProjectInfoProperties'
2024-05-01T22:51:10.895-04:00 DEBUG 181167 --- [salessrv] [           main] o.s.b.f.s.DefaultListableBeanFactory     : Creating shared instance of singleton bean 'org.springframework.boot.autoconfigure.jdbc.JdbcClientAutoConfiguration'
2024-05-01T22:51:10.896-04:00 DEBUG 181167 --- [salessrv] [           main] o.s.b.f.s.DefaultListableBeanFactory     : Creating shared instance of singleton bean 'jdbcClient'
2024-05-01T22:51:10.896-04:00 DEBUG 181167 --- [salessrv] [           main] o.s.b.f.s.DefaultListableBeanFactory     : Autowiring by type from bean name 'jdbcClient' via factory method to bean named 'namedParameterJdbcTemplate'
2024-05-01T22:51:10.897-04:00 DEBUG 181167 --- [salessrv] [           main] o.s.b.f.s.DefaultListableBeanFactory     : Creating shared instance of singleton bean 'org.springframework.boot.autoconfigure.sql.init.SqlInitializationAutoConfiguration'
2024-05-01T22:51:10.897-04:00 DEBUG 181167 --- [salessrv] [           main] o.s.b.f.s.DefaultListableBeanFactory     : Creating shared instance of singleton bean 'org.springframework.boot.autoconfigure.task.TaskSchedulingConfigurations$ThreadPoolTaskSchedulerBuilderConfiguration'
2024-05-01T22:51:10.898-04:00 DEBUG 181167 --- [salessrv] [           main] o.s.b.f.s.DefaultListableBeanFactory     : Creating shared instance of singleton bean 'threadPoolTaskSchedulerBuilder'
2024-05-01T22:51:10.900-04:00 DEBUG 181167 --- [salessrv] [           main] o.s.b.f.s.DefaultListableBeanFactory     : Creating shared instance of singleton bean 'spring.task.scheduling-org.springframework.boot.autoconfigure.task.TaskSchedulingProperties'
2024-05-01T22:51:10.904-04:00 DEBUG 181167 --- [salessrv] [           main] o.s.b.f.s.DefaultListableBeanFactory     : Autowiring by type from bean name 'threadPoolTaskSchedulerBuilder' via factory method to bean named 'spring.task.scheduling-org.springframework.boot.autoconfigure.task.TaskSchedulingProperties'
2024-05-01T22:51:10.908-04:00 DEBUG 181167 --- [salessrv] [           main] o.s.b.f.s.DefaultListableBeanFactory     : Creating shared instance of singleton bean 'org.springframework.boot.autoconfigure.task.TaskSchedulingConfigurations$TaskSchedulerBuilderConfiguration'
2024-05-01T22:51:10.909-04:00 DEBUG 181167 --- [salessrv] [           main] o.s.b.f.s.DefaultListableBeanFactory     : Creating shared instance of singleton bean 'taskSchedulerBuilder'
2024-05-01T22:51:10.910-04:00 DEBUG 181167 --- [salessrv] [           main] o.s.b.f.s.DefaultListableBeanFactory     : Autowiring by type from bean name 'taskSchedulerBuilder' via factory method to bean named 'spring.task.scheduling-org.springframework.boot.autoconfigure.task.TaskSchedulingProperties'
2024-05-01T22:51:10.911-04:00 DEBUG 181167 --- [salessrv] [           main] o.s.b.f.s.DefaultListableBeanFactory     : Creating shared instance of singleton bean 'org.springframework.boot.autoconfigure.task.TaskSchedulingConfigurations$SimpleAsyncTaskSchedulerBuilderConfiguration'
2024-05-01T22:51:10.912-04:00 DEBUG 181167 --- [salessrv] [           main] o.s.b.f.s.DefaultListableBeanFactory     : Autowiring by type from bean name 'org.springframework.boot.autoconfigure.task.TaskSchedulingConfigurations$SimpleAsyncTaskSchedulerBuilderConfiguration' via constructor to bean named 'spring.task.scheduling-org.springframework.boot.autoconfigure.task.TaskSchedulingProperties'
2024-05-01T22:51:10.913-04:00 DEBUG 181167 --- [salessrv] [           main] o.s.b.f.s.DefaultListableBeanFactory     : Creating shared instance of singleton bean 'simpleAsyncTaskSchedulerBuilder'
2024-05-01T22:51:10.916-04:00 DEBUG 181167 --- [salessrv] [           main] o.s.b.f.s.DefaultListableBeanFactory     : Creating shared instance of singleton bean 'org.springframework.boot.autoconfigure.task.TaskSchedulingAutoConfiguration'
2024-05-01T22:51:10.917-04:00 DEBUG 181167 --- [salessrv] [           main] o.s.b.f.s.DefaultListableBeanFactory     : Creating shared instance of singleton bean 'org.springframework.boot.autoconfigure.transaction.TransactionAutoConfiguration$EnableTransactionManagementConfiguration$CglibAutoProxyConfiguration'
2024-05-01T22:51:10.918-04:00 DEBUG 181167 --- [salessrv] [           main] o.s.b.f.s.DefaultListableBeanFactory     : Creating shared instance of singleton bean 'org.springframework.boot.autoconfigure.transaction.TransactionAutoConfiguration$EnableTransactionManagementConfiguration'
2024-05-01T22:51:10.919-04:00 DEBUG 181167 --- [salessrv] [           main] o.s.b.f.s.DefaultListableBeanFactory     : Creating shared instance of singleton bean 'org.springframework.boot.autoconfigure.transaction.TransactionAutoConfiguration$TransactionTemplateConfiguration'
2024-05-01T22:51:10.920-04:00 DEBUG 181167 --- [salessrv] [           main] o.s.b.f.s.DefaultListableBeanFactory     : Creating shared instance of singleton bean 'transactionTemplate'
2024-05-01T22:51:10.921-04:00 DEBUG 181167 --- [salessrv] [           main] o.s.b.f.s.DefaultListableBeanFactory     : Autowiring by type from bean name 'transactionTemplate' via factory method to bean named 'transactionManager'
2024-05-01T22:51:10.922-04:00 DEBUG 181167 --- [salessrv] [           main] o.s.b.f.s.DefaultListableBeanFactory     : Creating shared instance of singleton bean 'org.springframework.boot.autoconfigure.transaction.TransactionAutoConfiguration'
2024-05-01T22:51:10.923-04:00 DEBUG 181167 --- [salessrv] [           main] o.s.b.f.s.DefaultListableBeanFactory     : Creating shared instance of singleton bean 'org.springframework.boot.autoconfigure.web.client.RestClientAutoConfiguration'
2024-05-01T22:51:10.925-04:00 DEBUG 181167 --- [salessrv] [           main] o.s.b.f.s.DefaultListableBeanFactory     : Creating shared instance of singleton bean 'httpMessageConvertersRestClientCustomizer'
2024-05-01T22:51:10.926-04:00 DEBUG 181167 --- [salessrv] [           main] o.s.b.f.s.DefaultListableBeanFactory     : Creating shared instance of singleton bean 'restClientSsl'
2024-05-01T22:51:10.926-04:00 DEBUG 181167 --- [salessrv] [           main] o.s.b.f.s.DefaultListableBeanFactory     : Autowiring by type from bean name 'restClientSsl' via factory method to bean named 'sslBundleRegistry'
2024-05-01T22:51:10.928-04:00 DEBUG 181167 --- [salessrv] [           main] o.s.b.f.s.DefaultListableBeanFactory     : Creating shared instance of singleton bean 'restClientBuilderConfigurer'
2024-05-01T22:51:10.930-04:00 DEBUG 181167 --- [salessrv] [           main] o.s.b.f.s.DefaultListableBeanFactory     : Creating shared instance of singleton bean 'org.springframework.boot.autoconfigure.web.client.RestTemplateAutoConfiguration'
2024-05-01T22:51:10.931-04:00 DEBUG 181167 --- [salessrv] [           main] o.s.b.f.s.DefaultListableBeanFactory     : Creating shared instance of singleton bean 'characterEncodingFilter'
2024-05-01T22:51:10.934-04:00 DEBUG 181167 --- [salessrv] [           main] o.s.b.f.s.DefaultListableBeanFactory     : Creating shared instance of singleton bean 'multipartResolver'
2024-05-01T22:51:10.950-04:00 DEBUG 181167 --- [salessrv] [           main] o.s.c.support.DefaultLifecycleProcessor  : Starting beans in phase -2147483647
2024-05-01T22:51:10.950-04:00 DEBUG 181167 --- [salessrv] [           main] o.s.c.support.DefaultLifecycleProcessor  : Successfully started bean 'springBootLoggingLifecycle'
2024-05-01T22:51:10.950-04:00 DEBUG 181167 --- [salessrv] [           main] o.s.c.support.DefaultLifecycleProcessor  : Starting beans in phase 2147483647
2024-05-01T22:51:10.974-04:00 DEBUG 181167 --- [salessrv] [           main] .s.b.a.l.ConditionEvaluationReportLogger : 


============================
CONDITIONS EVALUATION REPORT
============================


Positive matches:
-----------------

   AopAutoConfiguration matched:
      - @ConditionalOnProperty (spring.aop.auto=true) matched (OnPropertyCondition)

   AopAutoConfiguration.AspectJAutoProxyingConfiguration matched:
      - @ConditionalOnClass found required class 'org.aspectj.weaver.Advice' (OnClassCondition)

   AopAutoConfiguration.AspectJAutoProxyingConfiguration.CglibAutoProxyConfiguration matched:
      - @ConditionalOnProperty (spring.aop.proxy-target-class=true) matched (OnPropertyCondition)

   ApplicationAvailabilityAutoConfiguration#applicationAvailability matched:
      - @ConditionalOnMissingBean (types: org.springframework.boot.availability.ApplicationAvailability; SearchStrategy: all) did not find any beans (OnBeanCondition)

   DataSourceAutoConfiguration matched:
      - @ConditionalOnClass found required classes 'javax.sql.DataSource', 'org.springframework.jdbc.datasource.embedded.EmbeddedDatabaseType' (OnClassCondition)
      - @ConditionalOnMissingBean (types: io.r2dbc.spi.ConnectionFactory; SearchStrategy: all) did not find any beans (OnBeanCondition)

   DataSourceAutoConfiguration.PooledDataSourceConfiguration matched:
      - AnyNestedCondition 1 matched 1 did not; NestedCondition on DataSourceAutoConfiguration.PooledDataSourceCondition.PooledDataSourceAvailable PooledDataSource found supported DataSource; NestedCondition on DataSourceAutoConfiguration.PooledDataSourceCondition.ExplicitType @ConditionalOnProperty (spring.datasource.type) did not find property 'type' (DataSourceAutoConfiguration.PooledDataSourceCondition)
      - @ConditionalOnMissingBean (types: javax.sql.DataSource,javax.sql.XADataSource; SearchStrategy: all) did not find any beans (OnBeanCondition)

   DataSourceAutoConfiguration.PooledDataSourceConfiguration#jdbcConnectionDetails matched:
      - @ConditionalOnMissingBean (types: org.springframework.boot.autoconfigure.jdbc.JdbcConnectionDetails; SearchStrategy: all) did not find any beans (OnBeanCondition)

   DataSourceConfiguration.Hikari matched:
      - @ConditionalOnClass found required class 'com.zaxxer.hikari.HikariDataSource' (OnClassCondition)
      - @ConditionalOnProperty (spring.datasource.type=com.zaxxer.hikari.HikariDataSource) matched (OnPropertyCondition)
      - @ConditionalOnMissingBean (types: javax.sql.DataSource; SearchStrategy: all) did not find any beans (OnBeanCondition)

   DataSourceInitializationConfiguration matched:
      - @ConditionalOnClass found required class 'org.springframework.jdbc.datasource.init.DatabasePopulator' (OnClassCondition)
      - @ConditionalOnSingleCandidate (types: javax.sql.DataSource; SearchStrategy: all) found a single bean 'dataSource'; @ConditionalOnMissingBean (types: org.springframework.boot.autoconfigure.sql.init.SqlDataSourceScriptDatabaseInitializer,org.springframework.boot.autoconfigure.sql.init.SqlR2dbcScriptDatabaseInitializer; SearchStrategy: all) did not find any beans (OnBeanCondition)

   DataSourcePoolMetadataProvidersConfiguration.HikariPoolDataSourceMetadataProviderConfiguration matched:
      - @ConditionalOnClass found required class 'com.zaxxer.hikari.HikariDataSource' (OnClassCondition)

   DataSourceTransactionManagerAutoConfiguration matched:
      - @ConditionalOnClass found required classes 'org.springframework.jdbc.core.JdbcTemplate', 'org.springframework.transaction.TransactionManager' (OnClassCondition)

   DataSourceTransactionManagerAutoConfiguration.JdbcTransactionManagerConfiguration matched:
      - @ConditionalOnSingleCandidate (types: javax.sql.DataSource; SearchStrategy: all) found a single bean 'dataSource' (OnBeanCondition)

   DispatcherServletAutoConfiguration matched:
      - @ConditionalOnClass found required class 'org.springframework.web.servlet.DispatcherServlet' (OnClassCondition)
      - found 'session' scope (OnWebApplicationCondition)

   DispatcherServletAutoConfiguration.DispatcherServletConfiguration matched:
      - @ConditionalOnClass found required class 'jakarta.servlet.ServletRegistration' (OnClassCondition)
      - Default DispatcherServlet did not find dispatcher servlet beans (DispatcherServletAutoConfiguration.DefaultDispatcherServletCondition)

   DispatcherServletAutoConfiguration.DispatcherServletRegistrationConfiguration matched:
      - @ConditionalOnClass found required class 'jakarta.servlet.ServletRegistration' (OnClassCondition)
      - DispatcherServlet Registration did not find servlet registration bean (DispatcherServletAutoConfiguration.DispatcherServletRegistrationCondition)

   DispatcherServletAutoConfiguration.DispatcherServletRegistrationConfiguration#dispatcherServletRegistration matched:
      - @ConditionalOnBean (names: dispatcherServlet types: org.springframework.web.servlet.DispatcherServlet; SearchStrategy: all) found bean 'dispatcherServlet' (OnBeanCondition)

   ErrorMvcAutoConfiguration matched:
      - @ConditionalOnClass found required classes 'jakarta.servlet.Servlet', 'org.springframework.web.servlet.DispatcherServlet' (OnClassCondition)
      - found 'session' scope (OnWebApplicationCondition)

   ErrorMvcAutoConfiguration#basicErrorController matched:
      - @ConditionalOnMissingBean (types: org.springframework.boot.web.servlet.error.ErrorController; SearchStrategy: current) did not find any beans (OnBeanCondition)

   ErrorMvcAutoConfiguration#errorAttributes matched:
      - @ConditionalOnMissingBean (types: org.springframework.boot.web.servlet.error.ErrorAttributes; SearchStrategy: current) did not find any beans (OnBeanCondition)

   ErrorMvcAutoConfiguration.DefaultErrorViewResolverConfiguration#conventionErrorViewResolver matched:
      - @ConditionalOnBean (types: org.springframework.web.servlet.DispatcherServlet; SearchStrategy: all) found bean 'dispatcherServlet'; @ConditionalOnMissingBean (types: org.springframework.boot.autoconfigure.web.servlet.error.ErrorViewResolver; SearchStrategy: all) did not find any beans (OnBeanCondition)

   ErrorMvcAutoConfiguration.WhitelabelErrorViewConfiguration matched:
      - @ConditionalOnProperty (server.error.whitelabel.enabled) matched (OnPropertyCondition)
      - ErrorTemplate Missing did not find error template view (ErrorMvcAutoConfiguration.ErrorTemplateMissingCondition)

   ErrorMvcAutoConfiguration.WhitelabelErrorViewConfiguration#beanNameViewResolver matched:
      - @ConditionalOnMissingBean (types: org.springframework.web.servlet.view.BeanNameViewResolver; SearchStrategy: all) did not find any beans (OnBeanCondition)

   ErrorMvcAutoConfiguration.WhitelabelErrorViewConfiguration#defaultErrorView matched:
      - @ConditionalOnMissingBean (names: error; SearchStrategy: all) did not find any beans (OnBeanCondition)

   GenericCacheConfiguration matched:
      - Cache org.springframework.boot.autoconfigure.cache.GenericCacheConfiguration automatic cache type (CacheCondition)

   HibernateJpaAutoConfiguration matched:
      - @ConditionalOnClass found required classes 'org.springframework.orm.jpa.LocalContainerEntityManagerFactoryBean', 'jakarta.persistence.EntityManager', 'org.hibernate.engine.spi.SessionImplementor' (OnClassCondition)

   HibernateJpaConfiguration matched:
      - @ConditionalOnSingleCandidate (types: javax.sql.DataSource; SearchStrategy: all) found a single bean 'dataSource' (OnBeanCondition)

   HttpEncodingAutoConfiguration matched:
      - @ConditionalOnClass found required class 'org.springframework.web.filter.CharacterEncodingFilter' (OnClassCondition)
      - found 'session' scope (OnWebApplicationCondition)
      - @ConditionalOnProperty (server.servlet.encoding.enabled) matched (OnPropertyCondition)

   HttpEncodingAutoConfiguration#characterEncodingFilter matched:
      - @ConditionalOnMissingBean (types: org.springframework.web.filter.CharacterEncodingFilter; SearchStrategy: all) did not find any beans (OnBeanCondition)

   HttpMessageConvertersAutoConfiguration matched:
      - @ConditionalOnClass found required class 'org.springframework.http.converter.HttpMessageConverter' (OnClassCondition)
      - NoneNestedConditions 0 matched 1 did not; NestedCondition on HttpMessageConvertersAutoConfiguration.NotReactiveWebApplicationCondition.ReactiveWebApplication did not find reactive web application classes (HttpMessageConvertersAutoConfiguration.NotReactiveWebApplicationCondition)

   HttpMessageConvertersAutoConfiguration#messageConverters matched:
      - @ConditionalOnMissingBean (types: org.springframework.boot.autoconfigure.http.HttpMessageConverters; SearchStrategy: all) did not find any beans (OnBeanCondition)

   HttpMessageConvertersAutoConfiguration.StringHttpMessageConverterConfiguration matched:
      - @ConditionalOnClass found required class 'org.springframework.http.converter.StringHttpMessageConverter' (OnClassCondition)

   HttpMessageConvertersAutoConfiguration.StringHttpMessageConverterConfiguration#stringHttpMessageConverter matched:
      - @ConditionalOnMissingBean (types: org.springframework.http.converter.StringHttpMessageConverter; SearchStrategy: all) did not find any beans (OnBeanCondition)

   HypermediaAutoConfiguration matched:
      - @ConditionalOnClass found required classes 'org.springframework.hateoas.EntityModel', 'org.springframework.web.bind.annotation.RequestMapping', 'org.springframework.web.servlet.mvc.method.annotation.RequestMappingHandlerAdapter', 'org.springframework.plugin.core.Plugin' (OnClassCondition)
      - @ConditionalOnWebApplication (required) found 'session' scope (OnWebApplicationCondition)

   HypermediaAutoConfiguration#applicationJsonHalConfiguration matched:
      - @ConditionalOnClass found required class 'com.fasterxml.jackson.databind.ObjectMapper' (OnClassCondition)
      - @ConditionalOnProperty (spring.hateoas.use-hal-as-default-json-media-type) matched (OnPropertyCondition)
      - @ConditionalOnMissingBean (types: org.springframework.hateoas.mediatype.hal.HalConfiguration; SearchStrategy: all) did not find any beans (OnBeanCondition)

   HypermediaAutoConfiguration.HypermediaConfiguration matched:
      - @ConditionalOnClass found required class 'com.fasterxml.jackson.databind.ObjectMapper' (OnClassCondition)
      - @ConditionalOnMissingBean (types: org.springframework.hateoas.client.LinkDiscoverers; SearchStrategy: all) did not find any beans (OnBeanCondition)

   JacksonAutoConfiguration matched:
      - @ConditionalOnClass found required class 'com.fasterxml.jackson.databind.ObjectMapper' (OnClassCondition)

   JacksonAutoConfiguration.Jackson2ObjectMapperBuilderCustomizerConfiguration matched:
      - @ConditionalOnClass found required class 'org.springframework.http.converter.json.Jackson2ObjectMapperBuilder' (OnClassCondition)

   JacksonAutoConfiguration.JacksonObjectMapperBuilderConfiguration matched:
      - @ConditionalOnClass found required class 'org.springframework.http.converter.json.Jackson2ObjectMapperBuilder' (OnClassCondition)

   JacksonAutoConfiguration.JacksonObjectMapperBuilderConfiguration#jacksonObjectMapperBuilder matched:
      - @ConditionalOnMissingBean (types: org.springframework.http.converter.json.Jackson2ObjectMapperBuilder; SearchStrategy: all) did not find any beans (OnBeanCondition)

   JacksonAutoConfiguration.JacksonObjectMapperConfiguration matched:
      - @ConditionalOnClass found required class 'org.springframework.http.converter.json.Jackson2ObjectMapperBuilder' (OnClassCondition)

   JacksonAutoConfiguration.JacksonObjectMapperConfiguration#jacksonObjectMapper matched:
      - @ConditionalOnMissingBean (types: com.fasterxml.jackson.databind.ObjectMapper; SearchStrategy: all) did not find any beans (OnBeanCondition)

   JacksonAutoConfiguration.ParameterNamesModuleConfiguration matched:
      - @ConditionalOnClass found required class 'com.fasterxml.jackson.module.paramnames.ParameterNamesModule' (OnClassCondition)

   JacksonAutoConfiguration.ParameterNamesModuleConfiguration#parameterNamesModule matched:
      - @ConditionalOnMissingBean (types: com.fasterxml.jackson.module.paramnames.ParameterNamesModule; SearchStrategy: all) did not find any beans (OnBeanCondition)

   JacksonHttpMessageConvertersConfiguration.MappingJackson2HttpMessageConverterConfiguration matched:
      - @ConditionalOnClass found required class 'com.fasterxml.jackson.databind.ObjectMapper' (OnClassCondition)
      - @ConditionalOnProperty (spring.mvc.converters.preferred-json-mapper=jackson) matched (OnPropertyCondition)
      - @ConditionalOnBean (types: com.fasterxml.jackson.databind.ObjectMapper; SearchStrategy: all) found bean 'jacksonObjectMapper' (OnBeanCondition)

   JacksonHttpMessageConvertersConfiguration.MappingJackson2HttpMessageConverterConfiguration#mappingJackson2HttpMessageConverter matched:
      - @ConditionalOnMissingBean (types: org.springframework.http.converter.json.MappingJackson2HttpMessageConverter ignored: org.springframework.hateoas.server.mvc.TypeConstrainedMappingJackson2HttpMessageConverter,org.springframework.data.rest.webmvc.alps.AlpsJsonHttpMessageConverter; SearchStrategy: all) did not find any beans (OnBeanCondition)

   JdbcClientAutoConfiguration matched:
      - @ConditionalOnSingleCandidate (types: org.springframework.jdbc.core.namedparam.NamedParameterJdbcTemplate; SearchStrategy: all) found a single bean 'namedParameterJdbcTemplate'; @ConditionalOnMissingBean (types: org.springframework.jdbc.core.simple.JdbcClient; SearchStrategy: all) did not find any beans (OnBeanCondition)

   JdbcRepositoriesAutoConfiguration matched:
      - @ConditionalOnClass found required classes 'org.springframework.jdbc.core.namedparam.NamedParameterJdbcOperations', 'org.springframework.data.jdbc.repository.config.AbstractJdbcConfiguration' (OnClassCondition)
      - @ConditionalOnProperty (spring.data.jdbc.repositories.enabled=true) matched (OnPropertyCondition)
      - @ConditionalOnBean (types: org.springframework.jdbc.core.namedparam.NamedParameterJdbcOperations,org.springframework.transaction.PlatformTransactionManager; SearchStrategy: all) found beans 'transactionManager', 'namedParameterJdbcTemplate' (OnBeanCondition)

   JdbcRepositoriesAutoConfiguration.JdbcRepositoriesConfiguration matched:
      - @ConditionalOnMissingBean (types: org.springframework.data.jdbc.repository.config.JdbcRepositoryConfigExtension; SearchStrategy: all) did not find any beans (OnBeanCondition)

   JdbcRepositoriesAutoConfiguration.SpringBootJdbcConfiguration matched:
      - @ConditionalOnMissingBean (types: org.springframework.data.jdbc.repository.config.AbstractJdbcConfiguration; SearchStrategy: all) did not find any beans (OnBeanCondition)

   JdbcRepositoriesAutoConfiguration.SpringBootJdbcConfiguration#dataAccessStrategyBean matched:
      - @ConditionalOnMissingBean (types: org.springframework.data.jdbc.core.convert.DataAccessStrategy; SearchStrategy: all) did not find any beans (OnBeanCondition)

   JdbcRepositoriesAutoConfiguration.SpringBootJdbcConfiguration#jdbcAggregateTemplate matched:
      - @ConditionalOnMissingBean (types: org.springframework.data.jdbc.core.JdbcAggregateTemplate; SearchStrategy: all) did not find any beans (OnBeanCondition)

   JdbcRepositoriesAutoConfiguration.SpringBootJdbcConfiguration#jdbcConverter matched:
      - @ConditionalOnMissingBean (types: org.springframework.data.jdbc.core.convert.JdbcConverter; SearchStrategy: all) did not find any beans (OnBeanCondition)

   JdbcRepositoriesAutoConfiguration.SpringBootJdbcConfiguration#jdbcCustomConversions matched:
      - @ConditionalOnMissingBean (types: org.springframework.data.jdbc.core.convert.JdbcCustomConversions; SearchStrategy: all) did not find any beans (OnBeanCondition)

   JdbcRepositoriesAutoConfiguration.SpringBootJdbcConfiguration#jdbcDialect matched:
      - @ConditionalOnMissingBean (types: org.springframework.data.relational.core.dialect.Dialect; SearchStrategy: all) did not find any beans (OnBeanCondition)

   JdbcRepositoriesAutoConfiguration.SpringBootJdbcConfiguration#jdbcManagedTypes matched:
      - @ConditionalOnMissingBean (types: org.springframework.data.relational.RelationalManagedTypes; SearchStrategy: all) did not find any beans (OnBeanCondition)

   JdbcRepositoriesAutoConfiguration.SpringBootJdbcConfiguration#jdbcMappingContext matched:
      - @ConditionalOnMissingBean (types: org.springframework.data.jdbc.core.mapping.JdbcMappingContext; SearchStrategy: all) did not find any beans (OnBeanCondition)

   JdbcTemplateAutoConfiguration matched:
      - @ConditionalOnClass found required classes 'javax.sql.DataSource', 'org.springframework.jdbc.core.JdbcTemplate' (OnClassCondition)
      - @ConditionalOnSingleCandidate (types: javax.sql.DataSource; SearchStrategy: all) found a single bean 'dataSource' (OnBeanCondition)

   JdbcTemplateConfiguration matched:
      - @ConditionalOnMissingBean (types: org.springframework.jdbc.core.JdbcOperations; SearchStrategy: all) did not find any beans (OnBeanCondition)

   JpaBaseConfiguration#entityManagerFactory matched:
      - @ConditionalOnMissingBean (types: org.springframework.orm.jpa.LocalContainerEntityManagerFactoryBean,jakarta.persistence.EntityManagerFactory; SearchStrategy: all) did not find any beans (OnBeanCondition)

   JpaBaseConfiguration#entityManagerFactoryBuilder matched:
      - @ConditionalOnMissingBean (types: org.springframework.boot.orm.jpa.EntityManagerFactoryBuilder; SearchStrategy: all) did not find any beans (OnBeanCondition)

   JpaBaseConfiguration#jpaVendorAdapter matched:
      - @ConditionalOnMissingBean (types: org.springframework.orm.jpa.JpaVendorAdapter; SearchStrategy: all) did not find any beans (OnBeanCondition)

   JpaBaseConfiguration#transactionManager matched:
      - @ConditionalOnMissingBean (types: org.springframework.transaction.TransactionManager; SearchStrategy: all) did not find any beans (OnBeanCondition)

   JpaBaseConfiguration.JpaWebConfiguration matched:
      - @ConditionalOnClass found required class 'org.springframework.web.servlet.config.annotation.WebMvcConfigurer' (OnClassCondition)
      - found 'session' scope (OnWebApplicationCondition)
      - @ConditionalOnProperty (spring.jpa.open-in-view=true) matched (OnPropertyCondition)
      - @ConditionalOnMissingBean (types: org.springframework.orm.jpa.support.OpenEntityManagerInViewInterceptor,org.springframework.orm.jpa.support.OpenEntityManagerInViewFilter; SearchStrategy: all) did not find any beans (OnBeanCondition)

   JpaBaseConfiguration.PersistenceManagedTypesConfiguration matched:
      - @ConditionalOnMissingBean (types: org.springframework.orm.jpa.LocalContainerEntityManagerFactoryBean,jakarta.persistence.EntityManagerFactory; SearchStrategy: all) did not find any beans (OnBeanCondition)

   JpaBaseConfiguration.PersistenceManagedTypesConfiguration#persistenceManagedTypes matched:
      - @ConditionalOnMissingBean (types: org.springframework.orm.jpa.persistenceunit.PersistenceManagedTypes; SearchStrategy: all) did not find any beans (OnBeanCondition)

   JpaRepositoriesAutoConfiguration matched:
      - @ConditionalOnClass found required class 'org.springframework.data.jpa.repository.JpaRepository' (OnClassCondition)
      - @ConditionalOnProperty (spring.data.jpa.repositories.enabled=true) matched (OnPropertyCondition)
      - @ConditionalOnBean (types: javax.sql.DataSource; SearchStrategy: all) found bean 'dataSource'; @ConditionalOnMissingBean (types: org.springframework.data.jpa.repository.support.JpaRepositoryFactoryBean,org.springframework.data.jpa.repository.config.JpaRepositoryConfigExtension; SearchStrategy: all) did not find any beans (OnBeanCondition)

   JtaAutoConfiguration matched:
      - @ConditionalOnClass found required class 'jakarta.transaction.Transaction' (OnClassCondition)
      - @ConditionalOnProperty (spring.jta.enabled) matched (OnPropertyCondition)

   LifecycleAutoConfiguration#defaultLifecycleProcessor matched:
      - @ConditionalOnMissingBean (names: lifecycleProcessor; SearchStrategy: current) did not find any beans (OnBeanCondition)

   MultipartAutoConfiguration matched:
      - @ConditionalOnClass found required classes 'jakarta.servlet.Servlet', 'org.springframework.web.multipart.support.StandardServletMultipartResolver', 'jakarta.servlet.MultipartConfigElement' (OnClassCondition)
      - found 'session' scope (OnWebApplicationCondition)
      - @ConditionalOnProperty (spring.servlet.multipart.enabled) matched (OnPropertyCondition)

   MultipartAutoConfiguration#multipartConfigElement matched:
      - @ConditionalOnMissingBean (types: jakarta.servlet.MultipartConfigElement; SearchStrategy: all) did not find any beans (OnBeanCondition)

   MultipartAutoConfiguration#multipartResolver matched:
      - @ConditionalOnMissingBean (types: org.springframework.web.multipart.MultipartResolver; SearchStrategy: all) did not find any beans (OnBeanCondition)

   NamedParameterJdbcTemplateConfiguration matched:
      - @ConditionalOnSingleCandidate (types: org.springframework.jdbc.core.JdbcTemplate; SearchStrategy: all) found a single bean 'jdbcTemplate'; @ConditionalOnMissingBean (types: org.springframework.jdbc.core.namedparam.NamedParameterJdbcOperations; SearchStrategy: all) did not find any beans (OnBeanCondition)

   NoOpCacheConfiguration matched:
      - Cache org.springframework.boot.autoconfigure.cache.NoOpCacheConfiguration automatic cache type (CacheCondition)

   PersistenceExceptionTranslationAutoConfiguration matched:
      - @ConditionalOnClass found required class 'org.springframework.dao.annotation.PersistenceExceptionTranslationPostProcessor' (OnClassCondition)

   PersistenceExceptionTranslationAutoConfiguration#persistenceExceptionTranslationPostProcessor matched:
      - @ConditionalOnProperty (spring.dao.exceptiontranslation.enabled) matched (OnPropertyCondition)
      - @ConditionalOnMissingBean (types: org.springframework.dao.annotation.PersistenceExceptionTranslationPostProcessor; SearchStrategy: all) did not find any beans (OnBeanCondition)

   PropertyPlaceholderAutoConfiguration#propertySourcesPlaceholderConfigurer matched:
      - @ConditionalOnMissingBean (types: org.springframework.context.support.PropertySourcesPlaceholderConfigurer; SearchStrategy: current) did not find any beans (OnBeanCondition)

   RestClientAutoConfiguration matched:
      - @ConditionalOnClass found required class 'org.springframework.web.client.RestClient' (OnClassCondition)
      - NoneNestedConditions 0 matched 1 did not; NestedCondition on NotReactiveWebApplicationCondition.ReactiveWebApplication did not find reactive web application classes (NotReactiveWebApplicationCondition)

   RestClientAutoConfiguration#httpMessageConvertersRestClientCustomizer matched:
      - @ConditionalOnMissingBean (types: org.springframework.boot.autoconfigure.web.client.HttpMessageConvertersRestClientCustomizer; SearchStrategy: all) did not find any beans (OnBeanCondition)

   RestClientAutoConfiguration#restClientBuilder matched:
      - @ConditionalOnMissingBean (types: org.springframework.web.client.RestClient$Builder; SearchStrategy: all) did not find any beans (OnBeanCondition)

   RestClientAutoConfiguration#restClientBuilderConfigurer matched:
      - @ConditionalOnMissingBean (types: org.springframework.boot.autoconfigure.web.client.RestClientBuilderConfigurer; SearchStrategy: all) did not find any beans (OnBeanCondition)

   RestClientAutoConfiguration#restClientSsl matched:
      - @ConditionalOnBean (types: org.springframework.boot.ssl.SslBundles; SearchStrategy: all) found bean 'sslBundleRegistry'; @ConditionalOnMissingBean (types: org.springframework.boot.autoconfigure.web.client.RestClientSsl; SearchStrategy: all) did not find any beans (OnBeanCondition)

   RestTemplateAutoConfiguration matched:
      - @ConditionalOnClass found required class 'org.springframework.web.client.RestTemplate' (OnClassCondition)
      - NoneNestedConditions 0 matched 1 did not; NestedCondition on NotReactiveWebApplicationCondition.ReactiveWebApplication did not find reactive web application classes (NotReactiveWebApplicationCondition)

   RestTemplateAutoConfiguration#restTemplateBuilder matched:
      - @ConditionalOnMissingBean (types: org.springframework.boot.web.client.RestTemplateBuilder; SearchStrategy: all) did not find any beans (OnBeanCondition)

   ServletWebServerFactoryAutoConfiguration matched:
      - @ConditionalOnClass found required class 'jakarta.servlet.ServletRequest' (OnClassCondition)
      - found 'session' scope (OnWebApplicationCondition)

   ServletWebServerFactoryAutoConfiguration#tomcatServletWebServerFactoryCustomizer matched:
      - @ConditionalOnClass found required class 'org.apache.catalina.startup.Tomcat' (OnClassCondition)

   ServletWebServerFactoryConfiguration.EmbeddedTomcat matched:
      - @ConditionalOnClass found required classes 'jakarta.servlet.Servlet', 'org.apache.catalina.startup.Tomcat', 'org.apache.coyote.UpgradeProtocol' (OnClassCondition)
      - @ConditionalOnMissingBean (types: org.springframework.boot.web.servlet.server.ServletWebServerFactory; SearchStrategy: current) did not find any beans (OnBeanCondition)

   SimpleCacheConfiguration matched:
      - Cache org.springframework.boot.autoconfigure.cache.SimpleCacheConfiguration automatic cache type (CacheCondition)

   SpringDataWebAutoConfiguration matched:
      - @ConditionalOnClass found required classes 'org.springframework.data.web.PageableHandlerMethodArgumentResolver', 'org.springframework.web.servlet.config.annotation.WebMvcConfigurer' (OnClassCondition)
      - found 'session' scope (OnWebApplicationCondition)
      - @ConditionalOnMissingBean (types: org.springframework.data.web.PageableHandlerMethodArgumentResolver; SearchStrategy: all) did not find any beans (OnBeanCondition)

   SpringDataWebAutoConfiguration#pageableCustomizer matched:
      - @ConditionalOnMissingBean (types: org.springframework.data.web.config.PageableHandlerMethodArgumentResolverCustomizer; SearchStrategy: all) did not find any beans (OnBeanCondition)

   SpringDataWebAutoConfiguration#sortCustomizer matched:
      - @ConditionalOnMissingBean (types: org.springframework.data.web.config.SortHandlerMethodArgumentResolverCustomizer; SearchStrategy: all) did not find any beans (OnBeanCondition)

   SqlInitializationAutoConfiguration matched:
      - @ConditionalOnProperty (spring.sql.init.enabled) matched (OnPropertyCondition)
      - NoneNestedConditions 0 matched 1 did not; NestedCondition on SqlInitializationAutoConfiguration.SqlInitializationModeCondition.ModeIsNever @ConditionalOnProperty (spring.sql.init.mode=never) did not find property 'mode' (SqlInitializationAutoConfiguration.SqlInitializationModeCondition)

   SslAutoConfiguration#sslBundleRegistry matched:
      - @ConditionalOnMissingBean (types: org.springframework.boot.ssl.SslBundleRegistry,org.springframework.boot.ssl.SslBundles; SearchStrategy: all) did not find any beans (OnBeanCondition)

   TaskExecutionAutoConfiguration matched:
      - @ConditionalOnClass found required class 'org.springframework.scheduling.concurrent.ThreadPoolTaskExecutor' (OnClassCondition)

   TaskExecutorConfigurations.SimpleAsyncTaskExecutorBuilderConfiguration#simpleAsyncTaskExecutorBuilder matched:
      - @ConditionalOnMissingBean (types: org.springframework.boot.task.SimpleAsyncTaskExecutorBuilder; SearchStrategy: all) did not find any beans (OnBeanCondition)
      - @ConditionalOnThreading found PLATFORM (OnThreadingCondition)

   TaskExecutorConfigurations.TaskExecutorBuilderConfiguration#taskExecutorBuilder matched:
      - @ConditionalOnMissingBean (types: org.springframework.boot.task.TaskExecutorBuilder; SearchStrategy: all) did not find any beans (OnBeanCondition)

   TaskExecutorConfigurations.TaskExecutorConfiguration matched:
      - @ConditionalOnMissingBean (types: java.util.concurrent.Executor; SearchStrategy: all) did not find any beans (OnBeanCondition)

   TaskExecutorConfigurations.TaskExecutorConfiguration#applicationTaskExecutor matched:
      - @ConditionalOnThreading found PLATFORM (OnThreadingCondition)

   TaskExecutorConfigurations.ThreadPoolTaskExecutorBuilderConfiguration#threadPoolTaskExecutorBuilder matched:
      - @ConditionalOnMissingBean (types: org.springframework.boot.task.TaskExecutorBuilder,org.springframework.boot.task.ThreadPoolTaskExecutorBuilder; SearchStrategy: all) did not find any beans (OnBeanCondition)

   TaskSchedulingAutoConfiguration matched:
      - @ConditionalOnClass found required class 'org.springframework.scheduling.concurrent.ThreadPoolTaskScheduler' (OnClassCondition)

   TaskSchedulingConfigurations.SimpleAsyncTaskSchedulerBuilderConfiguration#simpleAsyncTaskSchedulerBuilder matched:
      - @ConditionalOnMissingBean (types: org.springframework.boot.task.SimpleAsyncTaskSchedulerBuilder; SearchStrategy: all) did not find any beans (OnBeanCondition)
      - @ConditionalOnThreading found PLATFORM (OnThreadingCondition)

   TaskSchedulingConfigurations.TaskSchedulerBuilderConfiguration#taskSchedulerBuilder matched:
      - @ConditionalOnMissingBean (types: org.springframework.boot.task.TaskSchedulerBuilder; SearchStrategy: all) did not find any beans (OnBeanCondition)

   TaskSchedulingConfigurations.ThreadPoolTaskSchedulerBuilderConfiguration#threadPoolTaskSchedulerBuilder matched:
      - @ConditionalOnMissingBean (types: org.springframework.boot.task.TaskSchedulerBuilder,org.springframework.boot.task.ThreadPoolTaskSchedulerBuilder; SearchStrategy: all) did not find any beans (OnBeanCondition)

   TransactionAutoConfiguration matched:
      - @ConditionalOnClass found required class 'org.springframework.transaction.PlatformTransactionManager' (OnClassCondition)

   TransactionAutoConfiguration.EnableTransactionManagementConfiguration matched:
      - @ConditionalOnBean (types: org.springframework.transaction.TransactionManager; SearchStrategy: all) found bean 'transactionManager'; @ConditionalOnMissingBean (types: org.springframework.transaction.annotation.AbstractTransactionManagementConfiguration; SearchStrategy: all) did not find any beans (OnBeanCondition)

   TransactionAutoConfiguration.EnableTransactionManagementConfiguration.CglibAutoProxyConfiguration matched:
      - @ConditionalOnProperty (spring.aop.proxy-target-class=true) matched (OnPropertyCondition)

   TransactionAutoConfiguration.TransactionTemplateConfiguration matched:
      - @ConditionalOnSingleCandidate (types: org.springframework.transaction.PlatformTransactionManager; SearchStrategy: all) found a single bean 'transactionManager' (OnBeanCondition)

   TransactionAutoConfiguration.TransactionTemplateConfiguration#transactionTemplate matched:
      - @ConditionalOnMissingBean (types: org.springframework.transaction.support.TransactionOperations; SearchStrategy: all) did not find any beans (OnBeanCondition)

   TransactionManagerCustomizationAutoConfiguration matched:
      - @ConditionalOnClass found required class 'org.springframework.transaction.PlatformTransactionManager' (OnClassCondition)

   TransactionManagerCustomizationAutoConfiguration#platformTransactionManagerCustomizers matched:
      - @ConditionalOnMissingBean (types: org.springframework.boot.autoconfigure.transaction.TransactionManagerCustomizers; SearchStrategy: all) did not find any beans (OnBeanCondition)

   WebMvcAutoConfiguration matched:
      - @ConditionalOnClass found required classes 'jakarta.servlet.Servlet', 'org.springframework.web.servlet.DispatcherServlet', 'org.springframework.web.servlet.config.annotation.WebMvcConfigurer' (OnClassCondition)
      - found 'session' scope (OnWebApplicationCondition)
      - @ConditionalOnMissingBean (types: org.springframework.web.servlet.config.annotation.WebMvcConfigurationSupport; SearchStrategy: all) did not find any beans (OnBeanCondition)

   WebMvcAutoConfiguration#formContentFilter matched:
      - @ConditionalOnProperty (spring.mvc.formcontent.filter.enabled) matched (OnPropertyCondition)
      - @ConditionalOnMissingBean (types: org.springframework.web.filter.FormContentFilter; SearchStrategy: all) did not find any beans (OnBeanCondition)

   WebMvcAutoConfiguration.EnableWebMvcConfiguration#flashMapManager matched:
      - @ConditionalOnMissingBean (names: flashMapManager; SearchStrategy: all) did not find any beans (OnBeanCondition)

   WebMvcAutoConfiguration.EnableWebMvcConfiguration#localeResolver matched:
      - @ConditionalOnMissingBean (names: localeResolver; SearchStrategy: all) did not find any beans (OnBeanCondition)

   WebMvcAutoConfiguration.EnableWebMvcConfiguration#themeResolver matched:
      - @ConditionalOnMissingBean (names: themeResolver; SearchStrategy: all) did not find any beans (OnBeanCondition)

   WebMvcAutoConfiguration.WebMvcAutoConfigurationAdapter#defaultViewResolver matched:
      - @ConditionalOnMissingBean (types: org.springframework.web.servlet.view.InternalResourceViewResolver; SearchStrategy: all) did not find any beans (OnBeanCondition)

   WebMvcAutoConfiguration.WebMvcAutoConfigurationAdapter#requestContextFilter matched:
      - @ConditionalOnMissingBean (types: org.springframework.web.context.request.RequestContextListener,org.springframework.web.filter.RequestContextFilter; SearchStrategy: all) did not find any beans (OnBeanCondition)

   WebMvcAutoConfiguration.WebMvcAutoConfigurationAdapter#viewResolver matched:
      - @ConditionalOnBean (types: org.springframework.web.servlet.ViewResolver; SearchStrategy: all) found beans 'defaultViewResolver', 'beanNameViewResolver', 'mvcViewResolver'; @ConditionalOnMissingBean (names: viewResolver types: org.springframework.web.servlet.view.ContentNegotiatingViewResolver; SearchStrategy: all) did not find any beans (OnBeanCondition)

   WebSocketServletAutoConfiguration matched:
      - @ConditionalOnClass found required classes 'jakarta.servlet.Servlet', 'jakarta.websocket.server.ServerContainer' (OnClassCondition)
      - found 'session' scope (OnWebApplicationCondition)

   WebSocketServletAutoConfiguration.TomcatWebSocketConfiguration matched:
      - @ConditionalOnClass found required classes 'org.apache.catalina.startup.Tomcat', 'org.apache.tomcat.websocket.server.WsSci' (OnClassCondition)

   WebSocketServletAutoConfiguration.TomcatWebSocketConfiguration#websocketServletWebServerCustomizer matched:
      - @ConditionalOnMissingBean (names: websocketServletWebServerCustomizer; SearchStrategy: all) did not find any beans (OnBeanCondition)


Negative matches:
-----------------

   ActiveMQAutoConfiguration:
      Did not match:
         - @ConditionalOnClass did not find required class 'jakarta.jms.ConnectionFactory' (OnClassCondition)

   AopAutoConfiguration.AspectJAutoProxyingConfiguration.JdkDynamicAutoProxyConfiguration:
      Did not match:
         - @ConditionalOnProperty (spring.aop.proxy-target-class=false) did not find property 'proxy-target-class' (OnPropertyCondition)

   AopAutoConfiguration.ClassProxyingConfiguration:
      Did not match:
         - @ConditionalOnMissingClass found unwanted class 'org.aspectj.weaver.Advice' (OnClassCondition)

   ArtemisAutoConfiguration:
      Did not match:
         - @ConditionalOnClass did not find required class 'jakarta.jms.ConnectionFactory' (OnClassCondition)

   BatchAutoConfiguration:
      Did not match:
         - @ConditionalOnClass did not find required class 'org.springframework.batch.core.launch.JobLauncher' (OnClassCondition)

   Cache2kCacheConfiguration:
      Did not match:
         - @ConditionalOnClass did not find required class 'org.cache2k.Cache2kBuilder' (OnClassCondition)

   CacheAutoConfiguration:
      Did not match:
         - @ConditionalOnBean (types: org.springframework.cache.interceptor.CacheAspectSupport; SearchStrategy: all) did not find any beans of type org.springframework.cache.interceptor.CacheAspectSupport (OnBeanCondition)
      Matched:
         - @ConditionalOnClass found required class 'org.springframework.cache.CacheManager' (OnClassCondition)

   CacheAutoConfiguration.CacheManagerEntityManagerFactoryDependsOnPostProcessor:
      Did not match:
         - Ancestor org.springframework.boot.autoconfigure.cache.CacheAutoConfiguration did not match (ConditionEvaluationReport.AncestorsMatchedCondition)
      Matched:
         - @ConditionalOnClass found required class 'org.springframework.orm.jpa.LocalContainerEntityManagerFactoryBean' (OnClassCondition)

   CaffeineCacheConfiguration:
      Did not match:
         - @ConditionalOnClass did not find required class 'com.github.benmanes.caffeine.cache.Caffeine' (OnClassCondition)

   CassandraAutoConfiguration:
      Did not match:
         - @ConditionalOnClass did not find required class 'com.datastax.oss.driver.api.core.CqlSession' (OnClassCondition)

   CassandraDataAutoConfiguration:
      Did not match:
         - @ConditionalOnClass did not find required class 'com.datastax.oss.driver.api.core.CqlSession' (OnClassCondition)

   CassandraReactiveDataAutoConfiguration:
      Did not match:
         - @ConditionalOnClass did not find required class 'com.datastax.oss.driver.api.core.CqlSession' (OnClassCondition)

   CassandraReactiveRepositoriesAutoConfiguration:
      Did not match:
         - @ConditionalOnClass did not find required class 'org.springframework.data.cassandra.ReactiveSession' (OnClassCondition)

   CassandraRepositoriesAutoConfiguration:
      Did not match:
         - @ConditionalOnClass did not find required class 'com.datastax.oss.driver.api.core.CqlSession' (OnClassCondition)

   ClientHttpConnectorAutoConfiguration:
      Did not match:
         - @ConditionalOnClass did not find required class 'org.springframework.web.reactive.function.client.WebClient' (OnClassCondition)

   CodecsAutoConfiguration:
      Did not match:
         - @ConditionalOnClass did not find required class 'org.springframework.web.reactive.function.client.WebClient' (OnClassCondition)

   CouchbaseAutoConfiguration:
      Did not match:
         - @ConditionalOnClass did not find required class 'com.couchbase.client.java.Cluster' (OnClassCondition)

   CouchbaseCacheConfiguration:
      Did not match:
         - @ConditionalOnClass did not find required class 'com.couchbase.client.java.Cluster' (OnClassCondition)

   CouchbaseDataAutoConfiguration:
      Did not match:
         - @ConditionalOnClass did not find required class 'com.couchbase.client.java.Bucket' (OnClassCondition)

   CouchbaseReactiveDataAutoConfiguration:
      Did not match:
         - @ConditionalOnClass did not find required class 'com.couchbase.client.java.Cluster' (OnClassCondition)

   CouchbaseReactiveRepositoriesAutoConfiguration:
      Did not match:
         - @ConditionalOnClass did not find required class 'com.couchbase.client.java.Cluster' (OnClassCondition)

   CouchbaseRepositoriesAutoConfiguration:
      Did not match:
         - @ConditionalOnClass did not find required class 'com.couchbase.client.java.Bucket' (OnClassCondition)

   DataSourceAutoConfiguration.EmbeddedDatabaseConfiguration:
      Did not match:
         - EmbeddedDataSource spring.datasource.url is set (DataSourceAutoConfiguration.EmbeddedDatabaseCondition)

   DataSourceCheckpointRestoreConfiguration:
      Did not match:
         - @ConditionalOnClass did not find required class 'org.crac.Resource' (OnClassCondition)

   DataSourceConfiguration.Dbcp2:
      Did not match:
         - @ConditionalOnClass did not find required class 'org.apache.commons.dbcp2.BasicDataSource' (OnClassCondition)

   DataSourceConfiguration.Generic:
      Did not match:
         - @ConditionalOnProperty (spring.datasource.type) did not find property 'spring.datasource.type' (OnPropertyCondition)

   DataSourceConfiguration.OracleUcp:
      Did not match:
         - @ConditionalOnClass did not find required class 'oracle.ucp.jdbc.PoolDataSourceImpl' (OnClassCondition)

   DataSourceConfiguration.Tomcat:
      Did not match:
         - @ConditionalOnClass did not find required class 'org.apache.tomcat.jdbc.pool.DataSource' (OnClassCondition)

   DataSourceJmxConfiguration:
      Did not match:
         - @ConditionalOnProperty (spring.jmx.enabled=true) found different value in property 'enabled' (OnPropertyCondition)

   DataSourcePoolMetadataProvidersConfiguration.CommonsDbcp2PoolDataSourceMetadataProviderConfiguration:
      Did not match:
         - @ConditionalOnClass did not find required class 'org.apache.commons.dbcp2.BasicDataSource' (OnClassCondition)

   DataSourcePoolMetadataProvidersConfiguration.OracleUcpPoolDataSourceMetadataProviderConfiguration:
      Did not match:
         - @ConditionalOnClass did not find required class 'oracle.ucp.jdbc.PoolDataSource' (OnClassCondition)

   DataSourcePoolMetadataProvidersConfiguration.TomcatDataSourcePoolMetadataProviderConfiguration:
      Did not match:
         - @ConditionalOnClass did not find required class 'org.apache.tomcat.jdbc.pool.DataSource' (OnClassCondition)

   DataSourceTransactionManagerAutoConfiguration.JdbcTransactionManagerConfiguration#transactionManager:
      Did not match:
         - @ConditionalOnMissingBean (types: org.springframework.transaction.TransactionManager; SearchStrategy: all) found beans of type 'org.springframework.transaction.TransactionManager' transactionManager (OnBeanCondition)

   DevToolsDataSourceAutoConfiguration:
      Did not match:
         - Devtools devtools is disabled for current context. (OnEnabledDevToolsCondition)

   DevToolsR2dbcAutoConfiguration:
      Did not match:
         - @ConditionalOnClass did not find required class 'io.r2dbc.spi.ConnectionFactory' (OnClassCondition)

   DispatcherServletAutoConfiguration.DispatcherServletConfiguration#multipartResolver:
      Did not match:
         - @ConditionalOnBean (types: org.springframework.web.multipart.MultipartResolver; SearchStrategy: all) did not find any beans of type org.springframework.web.multipart.MultipartResolver (OnBeanCondition)

   ElasticsearchClientAutoConfiguration:
      Did not match:
         - @ConditionalOnClass did not find required class 'co.elastic.clients.elasticsearch.ElasticsearchClient' (OnClassCondition)

   ElasticsearchDataAutoConfiguration:
      Did not match:
         - @ConditionalOnClass did not find required class 'org.springframework.data.elasticsearch.client.elc.ElasticsearchTemplate' (OnClassCondition)

   ElasticsearchRepositoriesAutoConfiguration:
      Did not match:
         - @ConditionalOnClass did not find required class 'org.springframework.data.elasticsearch.repository.ElasticsearchRepository' (OnClassCondition)

   ElasticsearchRestClientAutoConfiguration:
      Did not match:
         - @ConditionalOnClass did not find required class 'org.elasticsearch.client.RestClientBuilder' (OnClassCondition)

   EmbeddedLdapAutoConfiguration:
      Did not match:
         - @ConditionalOnClass did not find required class 'com.unboundid.ldap.listener.InMemoryDirectoryServer' (OnClassCondition)

   EmbeddedWebServerFactoryCustomizerAutoConfiguration:
      Did not match:
         - Application is deployed as a WAR file. (OnWarDeploymentCondition)
      Matched:
         - @ConditionalOnWebApplication (required) found 'session' scope (OnWebApplicationCondition)

   ErrorWebFluxAutoConfiguration:
      Did not match:
         - @ConditionalOnClass did not find required class 'org.springframework.web.reactive.config.WebFluxConfigurer' (OnClassCondition)

   FlywayAutoConfiguration:
      Did not match:
         - @ConditionalOnClass did not find required class 'org.flywaydb.core.Flyway' (OnClassCondition)

   FreeMarkerAutoConfiguration:
      Did not match:
         - @ConditionalOnClass did not find required class 'freemarker.template.Configuration' (OnClassCondition)

   GraphQlAutoConfiguration:
      Did not match:
         - @ConditionalOnClass did not find required class 'graphql.GraphQL' (OnClassCondition)

   GraphQlQueryByExampleAutoConfiguration:
      Did not match:
         - @ConditionalOnClass did not find required class 'graphql.GraphQL' (OnClassCondition)

   GraphQlQuerydslAutoConfiguration:
      Did not match:
         - @ConditionalOnClass did not find required class 'com.querydsl.core.Query' (OnClassCondition)

   GraphQlRSocketAutoConfiguration:
      Did not match:
         - @ConditionalOnClass did not find required class 'graphql.GraphQL' (OnClassCondition)

   GraphQlReactiveQueryByExampleAutoConfiguration:
      Did not match:
         - @ConditionalOnClass did not find required class 'graphql.GraphQL' (OnClassCondition)

   GraphQlReactiveQuerydslAutoConfiguration:
      Did not match:
         - @ConditionalOnClass did not find required class 'com.querydsl.core.Query' (OnClassCondition)

   GraphQlWebFluxAutoConfiguration:
      Did not match:
         - @ConditionalOnClass did not find required class 'graphql.GraphQL' (OnClassCondition)

   GraphQlWebFluxSecurityAutoConfiguration:
      Did not match:
         - @ConditionalOnClass did not find required class 'graphql.GraphQL' (OnClassCondition)

   GraphQlWebMvcAutoConfiguration:
      Did not match:
         - @ConditionalOnClass did not find required class 'graphql.GraphQL' (OnClassCondition)

   GraphQlWebMvcSecurityAutoConfiguration:
      Did not match:
         - @ConditionalOnClass did not find required class 'graphql.GraphQL' (OnClassCondition)

   GroovyTemplateAutoConfiguration:
      Did not match:
         - @ConditionalOnClass did not find required class 'groovy.text.markup.MarkupTemplateEngine' (OnClassCondition)

   GsonAutoConfiguration:
      Did not match:
         - @ConditionalOnClass did not find required class 'com.google.gson.Gson' (OnClassCondition)

   GsonHttpMessageConvertersConfiguration:
      Did not match:
         - @ConditionalOnClass did not find required class 'com.google.gson.Gson' (OnClassCondition)

   H2ConsoleAutoConfiguration:
      Did not match:
         - @ConditionalOnClass did not find required class 'org.h2.server.web.JakartaWebServlet' (OnClassCondition)

   HazelcastAutoConfiguration:
      Did not match:
         - @ConditionalOnClass did not find required class 'com.hazelcast.core.HazelcastInstance' (OnClassCondition)

   HazelcastCacheConfiguration:
      Did not match:
         - @ConditionalOnClass did not find required class 'com.hazelcast.core.HazelcastInstance' (OnClassCondition)

   HazelcastJpaDependencyAutoConfiguration:
      Did not match:
         - @ConditionalOnClass did not find required class 'com.hazelcast.core.HazelcastInstance' (OnClassCondition)

   HttpHandlerAutoConfiguration:
      Did not match:
         - @ConditionalOnClass did not find required class 'org.springframework.web.reactive.DispatcherHandler' (OnClassCondition)

   InfinispanCacheConfiguration:
      Did not match:
         - @ConditionalOnClass did not find required class 'org.infinispan.spring.embedded.provider.SpringEmbeddedCacheManager' (OnClassCondition)

   InfluxDbAutoConfiguration:
      Did not match:
         - @ConditionalOnClass did not find required class 'org.influxdb.InfluxDB' (OnClassCondition)

   IntegrationAutoConfiguration:
      Did not match:
         - @ConditionalOnClass did not find required class 'org.springframework.integration.config.EnableIntegration' (OnClassCondition)

   JCacheCacheConfiguration:
      Did not match:
         - @ConditionalOnClass did not find required class 'javax.cache.Caching' (OnClassCondition)

   JacksonHttpMessageConvertersConfiguration.MappingJackson2XmlHttpMessageConverterConfiguration:
      Did not match:
         - @ConditionalOnClass did not find required class 'com.fasterxml.jackson.dataformat.xml.XmlMapper' (OnClassCondition)

   JerseyAutoConfiguration:
      Did not match:
         - @ConditionalOnClass did not find required class 'org.glassfish.jersey.server.spring.SpringComponentProvider' (OnClassCondition)

   JmsAutoConfiguration:
      Did not match:
         - @ConditionalOnClass did not find required class 'jakarta.jms.Message' (OnClassCondition)

   JmxAutoConfiguration:
      Did not match:
         - @ConditionalOnProperty (spring.jmx.enabled=true) found different value in property 'enabled' (OnPropertyCondition)
      Matched:
         - @ConditionalOnClass found required class 'org.springframework.jmx.export.MBeanExporter' (OnClassCondition)

   JndiConnectionFactoryAutoConfiguration:
      Did not match:
         - @ConditionalOnClass did not find required class 'org.springframework.jms.core.JmsTemplate' (OnClassCondition)

   JndiDataSourceAutoConfiguration:
      Did not match:
         - @ConditionalOnProperty (spring.datasource.jndi-name) did not find property 'jndi-name' (OnPropertyCondition)
      Matched:
         - @ConditionalOnClass found required classes 'javax.sql.DataSource', 'org.springframework.jdbc.datasource.embedded.EmbeddedDatabaseType' (OnClassCondition)

   JndiJtaConfiguration:
      Did not match:
         - @ConditionalOnJndi JNDI environment is not available (OnJndiCondition)
      Matched:
         - @ConditionalOnClass found required class 'org.springframework.transaction.jta.JtaTransactionManager' (OnClassCondition)

   JooqAutoConfiguration:
      Did not match:
         - @ConditionalOnClass did not find required class 'org.jooq.DSLContext' (OnClassCondition)

   JpaRepositoriesAutoConfiguration#entityManagerFactoryBootstrapExecutorCustomizer:
      Did not match:
         - AnyNestedCondition 0 matched 2 did not; NestedCondition on JpaRepositoriesAutoConfiguration.BootstrapExecutorCondition.LazyBootstrapMode @ConditionalOnProperty (spring.data.jpa.repositories.bootstrap-mode=lazy) did not find property 'bootstrap-mode'; NestedCondition on JpaRepositoriesAutoConfiguration.BootstrapExecutorCondition.DeferredBootstrapMode @ConditionalOnProperty (spring.data.jpa.repositories.bootstrap-mode=deferred) did not find property 'bootstrap-mode' (JpaRepositoriesAutoConfiguration.BootstrapExecutorCondition)

   JsonbAutoConfiguration:
      Did not match:
         - @ConditionalOnClass did not find required class 'jakarta.json.bind.Jsonb' (OnClassCondition)

   JsonbHttpMessageConvertersConfiguration:
      Did not match:
         - @ConditionalOnClass did not find required class 'jakarta.json.bind.Jsonb' (OnClassCondition)

   KafkaAutoConfiguration:
      Did not match:
         - @ConditionalOnClass did not find required class 'org.springframework.kafka.core.KafkaTemplate' (OnClassCondition)

   LdapAutoConfiguration:
      Did not match:
         - @ConditionalOnClass did not find required class 'org.springframework.ldap.core.ContextSource' (OnClassCondition)

   LdapRepositoriesAutoConfiguration:
      Did not match:
         - @ConditionalOnClass did not find required class 'org.springframework.data.ldap.repository.LdapRepository' (OnClassCondition)

   LiquibaseAutoConfiguration:
      Did not match:
         - @ConditionalOnClass did not find required class 'liquibase.change.DatabaseChange' (OnClassCondition)

   LocalDevToolsAutoConfiguration:
      Did not match:
         - Initialized Restarter Condition initialized without URLs (OnInitializedRestarterCondition)

   MailSenderAutoConfiguration:
      Did not match:
         - @ConditionalOnClass did not find required class 'jakarta.mail.internet.MimeMessage' (OnClassCondition)

   MailSenderValidatorAutoConfiguration:
      Did not match:
         - @ConditionalOnSingleCandidate did not find required type 'org.springframework.mail.javamail.JavaMailSenderImpl' (OnBeanCondition)

   MessageSourceAutoConfiguration:
      Did not match:
         - ResourceBundle did not find bundle with basename messages (MessageSourceAutoConfiguration.ResourceBundleCondition)

   MongoAutoConfiguration:
      Did not match:
         - @ConditionalOnClass did not find required class 'com.mongodb.client.MongoClient' (OnClassCondition)

   MongoDataAutoConfiguration:
      Did not match:
         - @ConditionalOnClass did not find required class 'com.mongodb.client.MongoClient' (OnClassCondition)

   MongoReactiveAutoConfiguration:
      Did not match:
         - @ConditionalOnClass did not find required class 'com.mongodb.reactivestreams.client.MongoClient' (OnClassCondition)

   MongoReactiveDataAutoConfiguration:
      Did not match:
         - @ConditionalOnClass did not find required class 'com.mongodb.reactivestreams.client.MongoClient' (OnClassCondition)

   MongoReactiveRepositoriesAutoConfiguration:
      Did not match:
         - @ConditionalOnClass did not find required class 'com.mongodb.reactivestreams.client.MongoClient' (OnClassCondition)

   MongoRepositoriesAutoConfiguration:
      Did not match:
         - @ConditionalOnClass did not find required class 'com.mongodb.client.MongoClient' (OnClassCondition)

   MustacheAutoConfiguration:
      Did not match:
         - @ConditionalOnClass did not find required class 'com.samskivert.mustache.Mustache' (OnClassCondition)

   Neo4jAutoConfiguration:
      Did not match:
         - @ConditionalOnClass did not find required class 'org.neo4j.driver.Driver' (OnClassCondition)

   Neo4jDataAutoConfiguration:
      Did not match:
         - @ConditionalOnClass did not find required class 'org.neo4j.driver.Driver' (OnClassCondition)

   Neo4jReactiveDataAutoConfiguration:
      Did not match:
         - @ConditionalOnClass did not find required class 'org.neo4j.driver.Driver' (OnClassCondition)

   Neo4jReactiveRepositoriesAutoConfiguration:
      Did not match:
         - @ConditionalOnClass did not find required class 'org.neo4j.driver.Driver' (OnClassCondition)

   Neo4jRepositoriesAutoConfiguration:
      Did not match:
         - @ConditionalOnClass did not find required class 'org.neo4j.driver.Driver' (OnClassCondition)

   NettyAutoConfiguration:
      Did not match:
         - @ConditionalOnClass did not find required class 'io.netty.util.NettyRuntime' (OnClassCondition)

   OAuth2AuthorizationServerAutoConfiguration:
      Did not match:
         - @ConditionalOnClass did not find required class 'org.springframework.security.oauth2.server.authorization.OAuth2Authorization' (OnClassCondition)

   OAuth2AuthorizationServerJwtAutoConfiguration:
      Did not match:
         - @ConditionalOnClass did not find required class 'org.springframework.security.oauth2.server.authorization.OAuth2Authorization' (OnClassCondition)

   OAuth2ClientAutoConfiguration:
      Did not match:
         - @ConditionalOnClass did not find required class 'org.springframework.security.config.annotation.web.configuration.EnableWebSecurity' (OnClassCondition)

   OAuth2ResourceServerAutoConfiguration:
      Did not match:
         - @ConditionalOnClass did not find required class 'org.springframework.security.oauth2.server.resource.authentication.BearerTokenAuthenticationToken' (OnClassCondition)

   ProjectInfoAutoConfiguration#buildProperties:
      Did not match:
         - @ConditionalOnResource did not find resource '${spring.info.build.location:classpath:META-INF/build-info.properties}' (OnResourceCondition)

   ProjectInfoAutoConfiguration#gitProperties:
      Did not match:
         - GitResource did not find git info at classpath:git.properties (ProjectInfoAutoConfiguration.GitResourceAvailableCondition)

   PulsarAutoConfiguration:
      Did not match:
         - @ConditionalOnClass did not find required class 'org.apache.pulsar.client.api.PulsarClient' (OnClassCondition)

   PulsarReactiveAutoConfiguration:
      Did not match:
         - @ConditionalOnClass did not find required class 'org.apache.pulsar.client.api.PulsarClient' (OnClassCondition)

   QuartzAutoConfiguration:
      Did not match:
         - @ConditionalOnClass did not find required class 'org.quartz.Scheduler' (OnClassCondition)

   R2dbcAutoConfiguration:
      Did not match:
         - @ConditionalOnClass did not find required class 'io.r2dbc.spi.ConnectionFactory' (OnClassCondition)

   R2dbcDataAutoConfiguration:
      Did not match:
         - @ConditionalOnClass did not find required class 'org.springframework.data.r2dbc.core.R2dbcEntityTemplate' (OnClassCondition)

   R2dbcInitializationConfiguration:
      Did not match:
         - @ConditionalOnClass did not find required classes 'io.r2dbc.spi.ConnectionFactory', 'org.springframework.r2dbc.connection.init.DatabasePopulator' (OnClassCondition)

   R2dbcRepositoriesAutoConfiguration:
      Did not match:
         - @ConditionalOnClass did not find required class 'io.r2dbc.spi.ConnectionFactory' (OnClassCondition)

   R2dbcTransactionManagerAutoConfiguration:
      Did not match:
         - @ConditionalOnClass did not find required class 'org.springframework.r2dbc.connection.R2dbcTransactionManager' (OnClassCondition)

   RSocketGraphQlClientAutoConfiguration:
      Did not match:
         - @ConditionalOnClass did not find required class 'graphql.GraphQL' (OnClassCondition)

   RSocketMessagingAutoConfiguration:
      Did not match:
         - @ConditionalOnClass did not find required class 'io.rsocket.RSocket' (OnClassCondition)

   RSocketRequesterAutoConfiguration:
      Did not match:
         - @ConditionalOnClass did not find required class 'io.rsocket.RSocket' (OnClassCondition)

   RSocketSecurityAutoConfiguration:
      Did not match:
         - @ConditionalOnClass did not find required class 'org.springframework.security.rsocket.core.SecuritySocketAcceptorInterceptor' (OnClassCondition)

   RSocketServerAutoConfiguration:
      Did not match:
         - @ConditionalOnClass did not find required class 'io.rsocket.core.RSocketServer' (OnClassCondition)

   RSocketStrategiesAutoConfiguration:
      Did not match:
         - @ConditionalOnClass did not find required class 'io.netty.buffer.PooledByteBufAllocator' (OnClassCondition)

   RabbitAutoConfiguration:
      Did not match:
         - @ConditionalOnClass did not find required class 'com.rabbitmq.client.Channel' (OnClassCondition)

   ReactiveElasticsearchClientAutoConfiguration:
      Did not match:
         - @ConditionalOnClass did not find required class 'co.elastic.clients.transport.ElasticsearchTransport' (OnClassCondition)

   ReactiveElasticsearchRepositoriesAutoConfiguration:
      Did not match:
         - @ConditionalOnClass did not find required class 'org.springframework.data.elasticsearch.client.elc.ReactiveElasticsearchClient' (OnClassCondition)

   ReactiveMultipartAutoConfiguration:
      Did not match:
         - @ConditionalOnClass did not find required class 'org.springframework.web.reactive.config.WebFluxConfigurer' (OnClassCondition)

   ReactiveOAuth2ClientAutoConfiguration:
      Did not match:
         - @ConditionalOnClass did not find required class 'reactor.core.publisher.Flux' (OnClassCondition)

   ReactiveOAuth2ResourceServerAutoConfiguration:
      Did not match:
         - @ConditionalOnClass did not find required class 'org.springframework.security.config.annotation.web.reactive.EnableWebFluxSecurity' (OnClassCondition)

   ReactiveSecurityAutoConfiguration:
      Did not match:
         - @ConditionalOnClass did not find required class 'reactor.core.publisher.Flux' (OnClassCondition)

   ReactiveUserDetailsServiceAutoConfiguration:
      Did not match:
         - @ConditionalOnClass did not find required class 'org.springframework.security.authentication.ReactiveAuthenticationManager' (OnClassCondition)

   ReactiveWebServerFactoryAutoConfiguration:
      Did not match:
         - @ConditionalOnWebApplication did not find reactive web application classes (OnWebApplicationCondition)

   ReactorAutoConfiguration:
      Did not match:
         - @ConditionalOnClass did not find required class 'reactor.core.publisher.Hooks' (OnClassCondition)

   RedisAutoConfiguration:
      Did not match:
         - @ConditionalOnClass did not find required class 'org.springframework.data.redis.core.RedisOperations' (OnClassCondition)

   RedisCacheConfiguration:
      Did not match:
         - @ConditionalOnClass did not find required class 'org.springframework.data.redis.connection.RedisConnectionFactory' (OnClassCondition)

   RedisReactiveAutoConfiguration:
      Did not match:
         - @ConditionalOnClass did not find required class 'reactor.core.publisher.Flux' (OnClassCondition)

   RedisRepositoriesAutoConfiguration:
      Did not match:
         - @ConditionalOnClass did not find required class 'org.springframework.data.redis.repository.configuration.EnableRedisRepositories' (OnClassCondition)

   RemoteDevToolsAutoConfiguration:
      Did not match:
         - @ConditionalOnProperty (spring.devtools.remote.secret) did not find property 'secret' (OnPropertyCondition)
      Matched:
         - @ConditionalOnClass found required classes 'jakarta.servlet.Filter', 'org.springframework.http.server.ServerHttpRequest' (OnClassCondition)

   RepositoryRestMvcAutoConfiguration:
      Did not match:
         - @ConditionalOnClass did not find required class 'org.springframework.data.rest.webmvc.config.RepositoryRestMvcConfiguration' (OnClassCondition)

   Saml2RelyingPartyAutoConfiguration:
      Did not match:
         - @ConditionalOnClass did not find required class 'org.springframework.security.saml2.provider.service.registration.RelyingPartyRegistrationRepository' (OnClassCondition)

   SecurityAutoConfiguration:
      Did not match:
         - @ConditionalOnClass did not find required class 'org.springframework.security.authentication.DefaultAuthenticationEventPublisher' (OnClassCondition)

   SecurityFilterAutoConfiguration:
      Did not match:
         - @ConditionalOnClass did not find required class 'org.springframework.security.config.http.SessionCreationPolicy' (OnClassCondition)

   SendGridAutoConfiguration:
      Did not match:
         - @ConditionalOnClass did not find required class 'com.sendgrid.SendGrid' (OnClassCondition)

   ServletWebServerFactoryAutoConfiguration.ForwardedHeaderFilterConfiguration:
      Did not match:
         - @ConditionalOnProperty (server.forward-headers-strategy=framework) did not find property 'server.forward-headers-strategy' (OnPropertyCondition)

   ServletWebServerFactoryConfiguration.EmbeddedJetty:
      Did not match:
         - @ConditionalOnClass did not find required classes 'org.eclipse.jetty.server.Server', 'org.eclipse.jetty.util.Loader', 'org.eclipse.jetty.ee10.webapp.WebAppContext' (OnClassCondition)

   ServletWebServerFactoryConfiguration.EmbeddedUndertow:
      Did not match:
         - @ConditionalOnClass did not find required classes 'io.undertow.Undertow', 'org.xnio.SslClientAuthMode' (OnClassCondition)

   SessionAutoConfiguration:
      Did not match:
         - @ConditionalOnClass did not find required class 'org.springframework.session.Session' (OnClassCondition)

   SpringApplicationAdminJmxAutoConfiguration:
      Did not match:
         - @ConditionalOnProperty (spring.application.admin.enabled=true) did not find property 'enabled' (OnPropertyCondition)

   TaskExecutorConfigurations.SimpleAsyncTaskExecutorBuilderConfiguration#simpleAsyncTaskExecutorBuilderVirtualThreads:
      Did not match:
         - @ConditionalOnMissingBean (types: org.springframework.boot.task.SimpleAsyncTaskExecutorBuilder; SearchStrategy: all) found beans of type 'org.springframework.boot.task.SimpleAsyncTaskExecutorBuilder' simpleAsyncTaskExecutorBuilder (OnBeanCondition)

   TaskExecutorConfigurations.TaskExecutorConfiguration#applicationTaskExecutorVirtualThreads:
      Did not match:
         - @ConditionalOnThreading did not find VIRTUAL (OnThreadingCondition)

   TaskSchedulingAutoConfiguration#scheduledBeanLazyInitializationExcludeFilter:
      Did not match:
         - @ConditionalOnBean (names: org.springframework.context.annotation.internalScheduledAnnotationProcessor; SearchStrategy: all) did not find any beans named org.springframework.context.annotation.internalScheduledAnnotationProcessor (OnBeanCondition)

   TaskSchedulingConfigurations.SimpleAsyncTaskSchedulerBuilderConfiguration#simpleAsyncTaskSchedulerBuilderVirtualThreads:
      Did not match:
         - @ConditionalOnMissingBean (types: org.springframework.boot.task.SimpleAsyncTaskSchedulerBuilder; SearchStrategy: all) found beans of type 'org.springframework.boot.task.SimpleAsyncTaskSchedulerBuilder' simpleAsyncTaskSchedulerBuilder (OnBeanCondition)

   TaskSchedulingConfigurations.TaskSchedulerConfiguration:
      Did not match:
         - @ConditionalOnBean (names: org.springframework.context.annotation.internalScheduledAnnotationProcessor; SearchStrategy: all) did not find any beans named org.springframework.context.annotation.internalScheduledAnnotationProcessor (OnBeanCondition)

   ThymeleafAutoConfiguration:
      Did not match:
         - @ConditionalOnClass did not find required class 'org.thymeleaf.spring6.SpringTemplateEngine' (OnClassCondition)

   TransactionAutoConfiguration#transactionalOperator:
      Did not match:
         - @ConditionalOnSingleCandidate (types: org.springframework.transaction.ReactiveTransactionManager; SearchStrategy: all) did not find any beans (OnBeanCondition)

   TransactionAutoConfiguration.AspectJTransactionManagementConfiguration:
      Did not match:
         - @ConditionalOnBean (types: org.springframework.transaction.aspectj.AbstractTransactionAspect; SearchStrategy: all) did not find any beans of type org.springframework.transaction.aspectj.AbstractTransactionAspect (OnBeanCondition)

   TransactionAutoConfiguration.EnableTransactionManagementConfiguration.JdkDynamicAutoProxyConfiguration:
      Did not match:
         - @ConditionalOnProperty (spring.aop.proxy-target-class=false) did not find property 'proxy-target-class' (OnPropertyCondition)

   UserDetailsServiceAutoConfiguration:
      Did not match:
         - @ConditionalOnClass did not find required class 'org.springframework.security.authentication.AuthenticationManager' (OnClassCondition)

   ValidationAutoConfiguration:
      Did not match:
         - @ConditionalOnClass did not find required class 'jakarta.validation.executable.ExecutableValidator' (OnClassCondition)

   WebClientAutoConfiguration:
      Did not match:
         - @ConditionalOnClass did not find required class 'org.springframework.web.reactive.function.client.WebClient' (OnClassCondition)

   WebFluxAutoConfiguration:
      Did not match:
         - @ConditionalOnClass did not find required class 'org.springframework.web.reactive.config.WebFluxConfigurer' (OnClassCondition)

   WebMvcAutoConfiguration#hiddenHttpMethodFilter:
      Did not match:
         - @ConditionalOnProperty (spring.mvc.hiddenmethod.filter.enabled) did not find property 'enabled' (OnPropertyCondition)

   WebMvcAutoConfiguration.ProblemDetailsErrorHandlingConfiguration:
      Did not match:
         - @ConditionalOnProperty (spring.mvc.problemdetails.enabled=true) did not find property 'enabled' (OnPropertyCondition)

   WebMvcAutoConfiguration.ResourceChainCustomizerConfiguration:
      Did not match:
         - @ConditionalOnEnabledResourceChain did not find class org.webjars.WebJarAssetLocator (OnEnabledResourceChainCondition)

   WebMvcAutoConfiguration.WebMvcAutoConfigurationAdapter#beanNameViewResolver:
      Did not match:
         - @ConditionalOnMissingBean (types: org.springframework.web.servlet.view.BeanNameViewResolver; SearchStrategy: all) found beans of type 'org.springframework.web.servlet.view.BeanNameViewResolver' beanNameViewResolver (OnBeanCondition)

   WebServiceTemplateAutoConfiguration:
      Did not match:
         - @ConditionalOnClass did not find required class 'org.springframework.oxm.Marshaller' (OnClassCondition)

   WebServicesAutoConfiguration:
      Did not match:
         - @ConditionalOnClass did not find required class 'org.springframework.ws.transport.http.MessageDispatcherServlet' (OnClassCondition)

   WebSessionIdResolverAutoConfiguration:
      Did not match:
         - @ConditionalOnClass did not find required class 'reactor.core.publisher.Mono' (OnClassCondition)

   WebSocketMessagingAutoConfiguration:
      Did not match:
         - @ConditionalOnClass did not find required class 'org.springframework.web.socket.config.annotation.WebSocketMessageBrokerConfigurer' (OnClassCondition)

   WebSocketReactiveAutoConfiguration:
      Did not match:
         - @ConditionalOnWebApplication did not find reactive web application classes (OnWebApplicationCondition)

   WebSocketServletAutoConfiguration.JettyWebSocketConfiguration:
      Did not match:
         - @ConditionalOnClass did not find required class 'org.eclipse.jetty.ee10.websocket.jakarta.server.config.JakartaWebSocketServletContainerInitializer' (OnClassCondition)

   WebSocketServletAutoConfiguration.UndertowWebSocketConfiguration:
      Did not match:
         - @ConditionalOnClass did not find required class 'io.undertow.websockets.jsr.Bootstrap' (OnClassCondition)

   XADataSourceAutoConfiguration:
      Did not match:
         - @ConditionalOnBean (types: org.springframework.boot.jdbc.XADataSourceWrapper; SearchStrategy: all) did not find any beans of type org.springframework.boot.jdbc.XADataSourceWrapper (OnBeanCondition)
      Matched:
         - @ConditionalOnClass found required classes 'javax.sql.DataSource', 'jakarta.transaction.TransactionManager', 'org.springframework.jdbc.datasource.embedded.EmbeddedDatabaseType' (OnClassCondition)


Exclusions:
-----------

    None


Unconditional classes:
----------------------

    org.springframework.boot.autoconfigure.context.ConfigurationPropertiesAutoConfiguration

    org.springframework.boot.autoconfigure.ssl.SslAutoConfiguration

    org.springframework.boot.autoconfigure.context.LifecycleAutoConfiguration

    org.springframework.boot.autoconfigure.context.PropertyPlaceholderAutoConfiguration

    org.springframework.boot.autoconfigure.availability.ApplicationAvailabilityAutoConfiguration

    org.springframework.boot.autoconfigure.info.ProjectInfoAutoConfiguration



2024-05-01T22:51:10.979-04:00  INFO 181167 --- [salessrv] [           main] c.e.salessrv.SalessrvApplicationTests    : Started SalessrvApplicationTests in 6.409 seconds (process running for 22.504)
2024-05-01T22:51:10.980-04:00 DEBUG 181167 --- [salessrv] [           main] o.s.b.a.ApplicationAvailabilityBean      : Application availability state LivenessState changed to CORRECT
2024-05-01T22:51:10.981-04:00 DEBUG 181167 --- [salessrv] [           main] o.s.b.a.ApplicationAvailabilityBean      : Application availability state ReadinessState changed to ACCEPTING_TRAFFIC
2024-05-01T22:51:10.982-04:00 DEBUG 181167 --- [salessrv] [           main] org.springframework.test.context.cache   : Spring test ApplicationContext cache statistics: [DefaultContextCache@701c413 size = 2, maxSize = 32, parentContextCount = 0, hitCount = 12, missCount = 2, failureCount = 0]
2024-05-01T22:51:10.982-04:00 DEBUG 181167 --- [salessrv] [           main] o.s.t.c.w.ServletTestExecutionListener   : Setting up MockHttpServletRequest, MockHttpServletResponse, ServletWebRequest, and RequestContextHolder for test class com.example.salessrv.SalessrvApplicationTests
2024-05-01T22:51:11.007-04:00 DEBUG 181167 --- [salessrv] [           main] DependencyInjectionTestExecutionListener : Performing dependency injection for test class com.example.salessrv.SalessrvApplicationTests
2024-05-01T22:51:11.008-04:00 DEBUG 181167 --- [salessrv] [           main] org.springframework.test.context.cache   : Spring test ApplicationContext cache statistics: [DefaultContextCache@701c413 size = 2, maxSize = 32, parentContextCount = 0, hitCount = 13, missCount = 2, failureCount = 0]
2024-05-01T22:51:11.008-04:00 DEBUG 181167 --- [salessrv] [           main] org.springframework.test.context.cache   : Spring test ApplicationContext cache statistics: [DefaultContextCache@701c413 size = 2, maxSize = 32, parentContextCount = 0, hitCount = 14, missCount = 2, failureCount = 0]
2024-05-01T22:51:11.011-04:00 DEBUG 181167 --- [salessrv] [           main] sContextBeforeModesTestExecutionListener : Before test method: class [SalessrvApplicationTests], method [contextLoads], class annotated with @DirtiesContext [false] with mode [null], method annotated with @DirtiesContext [false] with mode [null]
2024-05-01T22:51:11.012-04:00 DEBUG 181167 --- [salessrv] [           main] org.springframework.test.context.cache   : Spring test ApplicationContext cache statistics: [DefaultContextCache@701c413 size = 2, maxSize = 32, parentContextCount = 0, hitCount = 15, missCount = 2, failureCount = 0]
2024-05-01T22:51:11.012-04:00 DEBUG 181167 --- [salessrv] [           main] org.springframework.test.context.cache   : Spring test ApplicationContext cache statistics: [DefaultContextCache@701c413 size = 2, maxSize = 32, parentContextCount = 0, hitCount = 16, missCount = 2, failureCount = 0]
2024-05-01T22:51:11.017-04:00 DEBUG 181167 --- [salessrv] [           main] org.springframework.test.context.cache   : Spring test ApplicationContext cache statistics: [DefaultContextCache@701c413 size = 2, maxSize = 32, parentContextCount = 0, hitCount = 17, missCount = 2, failureCount = 0]
2024-05-01T22:51:11.018-04:00 DEBUG 181167 --- [salessrv] [           main] org.springframework.test.context.cache   : Spring test ApplicationContext cache statistics: [DefaultContextCache@701c413 size = 2, maxSize = 32, parentContextCount = 0, hitCount = 18, missCount = 2, failureCount = 0]
2024-05-01T22:51:11.019-04:00 DEBUG 181167 --- [salessrv] [           main] org.springframework.test.context.cache   : Spring test ApplicationContext cache statistics: [DefaultContextCache@701c413 size = 2, maxSize = 32, parentContextCount = 0, hitCount = 19, missCount = 2, failureCount = 0]
2024-05-01T22:51:11.019-04:00 DEBUG 181167 --- [salessrv] [           main] org.springframework.test.context.cache   : Spring test ApplicationContext cache statistics: [DefaultContextCache@701c413 size = 2, maxSize = 32, parentContextCount = 0, hitCount = 20, missCount = 2, failureCount = 0]
2024-05-01T22:51:11.019-04:00 DEBUG 181167 --- [salessrv] [           main] org.springframework.test.context.cache   : Spring test ApplicationContext cache statistics: [DefaultContextCache@701c413 size = 2, maxSize = 32, parentContextCount = 0, hitCount = 21, missCount = 2, failureCount = 0]
2024-05-01T22:51:11.021-04:00 DEBUG 181167 --- [salessrv] [           main] org.springframework.test.context.cache   : Spring test ApplicationContext cache statistics: [DefaultContextCache@701c413 size = 2, maxSize = 32, parentContextCount = 0, hitCount = 22, missCount = 2, failureCount = 0]
2024-05-01T22:51:11.024-04:00 DEBUG 181167 --- [salessrv] [           main] org.springframework.test.context.cache   : Spring test ApplicationContext cache statistics: [DefaultContextCache@701c413 size = 2, maxSize = 32, parentContextCount = 0, hitCount = 23, missCount = 2, failureCount = 0]
2024-05-01T22:51:11.024-04:00 DEBUG 181167 --- [salessrv] [           main] .c.s.DirtiesContextTestExecutionListener : After test method: class [SalessrvApplicationTests], method [contextLoads], class annotated with @DirtiesContext [false] with mode [null], method annotated with @DirtiesContext [false] with mode [null]
2024-05-01T22:51:11.024-04:00 DEBUG 181167 --- [salessrv] [           main] o.s.t.c.w.ServletTestExecutionListener   : Resetting RequestContextHolder for test class com.example.salessrv.SalessrvApplicationTests
]]></system-out>
  </testcase>
</testsuite>