<?xml version="1.0" encoding="UTF-8"?>
<testsuite xmlns:xsi="http://www.w3.org/2001/XMLSchema-instance" xsi:noNamespaceSchemaLocation="https://maven.apache.org/surefire/maven-surefire-plugin/xsd/surefire-test-report-3.0.xsd" version="3.0" name="com.example.salessrv.repository.SaleRepositoryTest" time="13.049" tests="1" errors="0" skipped="0" failures="0">
  <properties>
    <property name="java.specification.version" value="17"/>
    <property name="sun.jnu.encoding" value="UTF-8"/>
    <property name="java.class.path" value="/home/romero-developments/Documentos/Ingeniería en desarrollo de software/DESARROLLO FULLSTACK I/Semana 9/salessrv/target/test-classes:/home/romero-developments/Documentos/Ingeniería en desarrollo de software/DESARROLLO FULLSTACK I/Semana 9/salessrv/target/classes:/home/romero-developments/.m2/repository/org/springframework/boot/spring-boot-starter-web/3.2.5/spring-boot-starter-web-3.2.5.jar:/home/romero-developments/.m2/repository/org/springframework/boot/spring-boot-starter/3.2.5/spring-boot-starter-3.2.5.jar:/home/romero-developments/.m2/repository/org/springframework/boot/spring-boot-starter-logging/3.2.5/spring-boot-starter-logging-3.2.5.jar:/home/romero-developments/.m2/repository/ch/qos/logback/logback-classic/1.4.14/logback-classic-1.4.14.jar:/home/romero-developments/.m2/repository/ch/qos/logback/logback-core/1.4.14/logback-core-1.4.14.jar:/home/romero-developments/.m2/repository/org/apache/logging/log4j/log4j-to-slf4j/2.21.1/log4j-to-slf4j-2.21.1.jar:/home/romero-developments/.m2/repository/org/apache/logging/log4j/log4j-api/2.21.1/log4j-api-2.21.1.jar:/home/romero-developments/.m2/repository/org/slf4j/jul-to-slf4j/2.0.13/jul-to-slf4j-2.0.13.jar:/home/romero-developments/.m2/repository/jakarta/annotation/jakarta.annotation-api/2.1.1/jakarta.annotation-api-2.1.1.jar:/home/romero-developments/.m2/repository/org/yaml/snakeyaml/2.2/snakeyaml-2.2.jar:/home/romero-developments/.m2/repository/org/springframework/boot/spring-boot-starter-json/3.2.5/spring-boot-starter-json-3.2.5.jar:/home/romero-developments/.m2/repository/com/fasterxml/jackson/core/jackson-databind/2.15.4/jackson-databind-2.15.4.jar:/home/romero-developments/.m2/repository/com/fasterxml/jackson/core/jackson-annotations/2.15.4/jackson-annotations-2.15.4.jar:/home/romero-developments/.m2/repository/com/fasterxml/jackson/core/jackson-core/2.15.4/jackson-core-2.15.4.jar:/home/romero-developments/.m2/repository/com/fasterxml/jackson/datatype/jackson-datatype-jdk8/2.15.4/jackson-datatype-jdk8-2.15.4.jar:/home/romero-developments/.m2/repository/com/fasterxml/jackson/datatype/jackson-datatype-jsr310/2.15.4/jackson-datatype-jsr310-2.15.4.jar:/home/romero-developments/.m2/repository/com/fasterxml/jackson/module/jackson-module-parameter-names/2.15.4/jackson-module-parameter-names-2.15.4.jar:/home/romero-developments/.m2/repository/org/springframework/boot/spring-boot-starter-tomcat/3.2.5/spring-boot-starter-tomcat-3.2.5.jar:/home/romero-developments/.m2/repository/org/apache/tomcat/embed/tomcat-embed-core/10.1.20/tomcat-embed-core-10.1.20.jar:/home/romero-developments/.m2/repository/org/apache/tomcat/embed/tomcat-embed-el/10.1.20/tomcat-embed-el-10.1.20.jar:/home/romero-developments/.m2/repository/org/apache/tomcat/embed/tomcat-embed-websocket/10.1.20/tomcat-embed-websocket-10.1.20.jar:/home/romero-developments/.m2/repository/org/springframework/spring-web/6.1.6/spring-web-6.1.6.jar:/home/romero-developments/.m2/repository/org/springframework/spring-beans/6.1.6/spring-beans-6.1.6.jar:/home/romero-developments/.m2/repository/io/micrometer/micrometer-observation/1.12.5/micrometer-observation-1.12.5.jar:/home/romero-developments/.m2/repository/io/micrometer/micrometer-commons/1.12.5/micrometer-commons-1.12.5.jar:/home/romero-developments/.m2/repository/org/springframework/spring-webmvc/6.1.6/spring-webmvc-6.1.6.jar:/home/romero-developments/.m2/repository/org/springframework/spring-aop/6.1.6/spring-aop-6.1.6.jar:/home/romero-developments/.m2/repository/org/springframework/spring-context/6.1.6/spring-context-6.1.6.jar:/home/romero-developments/.m2/repository/org/springframework/spring-expression/6.1.6/spring-expression-6.1.6.jar:/home/romero-developments/.m2/repository/org/springframework/boot/spring-boot-devtools/3.2.5/spring-boot-devtools-3.2.5.jar:/home/romero-developments/.m2/repository/org/springframework/boot/spring-boot/3.2.5/spring-boot-3.2.5.jar:/home/romero-developments/.m2/repository/org/springframework/boot/spring-boot-autoconfigure/3.2.5/spring-boot-autoconfigure-3.2.5.jar:/home/romero-developments/.m2/repository/com/oracle/database/jdbc/ojdbc11/21.9.0.0/ojdbc11-21.9.0.0.jar:/home/romero-developments/.m2/repository/com/oracle/database/security/oraclepki/21.5.0.0/oraclepki-21.5.0.0.jar:/home/romero-developments/.m2/repository/com/oracle/database/security/osdt_cert/21.5.0.0/osdt_cert-21.5.0.0.jar:/home/romero-developments/.m2/repository/com/oracle/database/security/osdt_core/21.5.0.0/osdt_core-21.5.0.0.jar:/home/romero-developments/.m2/repository/org/projectlombok/lombok/1.18.32/lombok-1.18.32.jar:/home/romero-developments/.m2/repository/org/springframework/boot/spring-boot-starter-test/3.2.5/spring-boot-starter-test-3.2.5.jar:/home/romero-developments/.m2/repository/org/springframework/boot/spring-boot-test/3.2.5/spring-boot-test-3.2.5.jar:/home/romero-developments/.m2/repository/org/springframework/boot/spring-boot-test-autoconfigure/3.2.5/spring-boot-test-autoconfigure-3.2.5.jar:/home/romero-developments/.m2/repository/com/jayway/jsonpath/json-path/2.9.0/json-path-2.9.0.jar:/home/romero-developments/.m2/repository/org/slf4j/slf4j-api/2.0.13/slf4j-api-2.0.13.jar:/home/romero-developments/.m2/repository/jakarta/xml/bind/jakarta.xml.bind-api/4.0.2/jakarta.xml.bind-api-4.0.2.jar:/home/romero-developments/.m2/repository/jakarta/activation/jakarta.activation-api/2.1.3/jakarta.activation-api-2.1.3.jar:/home/romero-developments/.m2/repository/net/minidev/json-smart/2.5.1/json-smart-2.5.1.jar:/home/romero-developments/.m2/repository/net/minidev/accessors-smart/2.5.1/accessors-smart-2.5.1.jar:/home/romero-developments/.m2/repository/org/ow2/asm/asm/9.6/asm-9.6.jar:/home/romero-developments/.m2/repository/org/assertj/assertj-core/3.24.2/assertj-core-3.24.2.jar:/home/romero-developments/.m2/repository/net/bytebuddy/byte-buddy/1.14.13/byte-buddy-1.14.13.jar:/home/romero-developments/.m2/repository/org/awaitility/awaitility/4.2.1/awaitility-4.2.1.jar:/home/romero-developments/.m2/repository/org/hamcrest/hamcrest/2.2/hamcrest-2.2.jar:/home/romero-developments/.m2/repository/org/junit/jupiter/junit-jupiter/5.10.2/junit-jupiter-5.10.2.jar:/home/romero-developments/.m2/repository/org/junit/jupiter/junit-jupiter-api/5.10.2/junit-jupiter-api-5.10.2.jar:/home/romero-developments/.m2/repository/org/opentest4j/opentest4j/1.3.0/opentest4j-1.3.0.jar:/home/romero-developments/.m2/repository/org/junit/platform/junit-platform-commons/1.10.2/junit-platform-commons-1.10.2.jar:/home/romero-developments/.m2/repository/org/apiguardian/apiguardian-api/1.1.2/apiguardian-api-1.1.2.jar:/home/romero-developments/.m2/repository/org/junit/jupiter/junit-jupiter-params/5.10.2/junit-jupiter-params-5.10.2.jar:/home/romero-developments/.m2/repository/org/junit/jupiter/junit-jupiter-engine/5.10.2/junit-jupiter-engine-5.10.2.jar:/home/romero-developments/.m2/repository/org/junit/platform/junit-platform-engine/1.10.2/junit-platform-engine-1.10.2.jar:/home/romero-developments/.m2/repository/org/mockito/mockito-core/5.7.0/mockito-core-5.7.0.jar:/home/romero-developments/.m2/repository/net/bytebuddy/byte-buddy-agent/1.14.13/byte-buddy-agent-1.14.13.jar:/home/romero-developments/.m2/repository/org/objenesis/objenesis/3.3/objenesis-3.3.jar:/home/romero-developments/.m2/repository/org/mockito/mockito-junit-jupiter/5.7.0/mockito-junit-jupiter-5.7.0.jar:/home/romero-developments/.m2/repository/org/skyscreamer/jsonassert/1.5.1/jsonassert-1.5.1.jar:/home/romero-developments/.m2/repository/com/vaadin/external/google/android-json/0.0.20131108.vaadin1/android-json-0.0.20131108.vaadin1.jar:/home/romero-developments/.m2/repository/org/springframework/spring-core/6.1.6/spring-core-6.1.6.jar:/home/romero-developments/.m2/repository/org/springframework/spring-jcl/6.1.6/spring-jcl-6.1.6.jar:/home/romero-developments/.m2/repository/org/springframework/spring-test/6.1.6/spring-test-6.1.6.jar:/home/romero-developments/.m2/repository/org/xmlunit/xmlunit-core/2.9.1/xmlunit-core-2.9.1.jar:/home/romero-developments/.m2/repository/org/springframework/boot/spring-boot-starter-data-jpa/3.2.5/spring-boot-starter-data-jpa-3.2.5.jar:/home/romero-developments/.m2/repository/org/springframework/boot/spring-boot-starter-aop/3.2.5/spring-boot-starter-aop-3.2.5.jar:/home/romero-developments/.m2/repository/org/aspectj/aspectjweaver/1.9.22/aspectjweaver-1.9.22.jar:/home/romero-developments/.m2/repository/org/springframework/boot/spring-boot-starter-jdbc/3.2.5/spring-boot-starter-jdbc-3.2.5.jar:/home/romero-developments/.m2/repository/com/zaxxer/HikariCP/5.0.1/HikariCP-5.0.1.jar:/home/romero-developments/.m2/repository/org/springframework/spring-jdbc/6.1.6/spring-jdbc-6.1.6.jar:/home/romero-developments/.m2/repository/org/hibernate/orm/hibernate-core/6.4.4.Final/hibernate-core-6.4.4.Final.jar:/home/romero-developments/.m2/repository/jakarta/persistence/jakarta.persistence-api/3.1.0/jakarta.persistence-api-3.1.0.jar:/home/romero-developments/.m2/repository/jakarta/transaction/jakarta.transaction-api/2.0.1/jakarta.transaction-api-2.0.1.jar:/home/romero-developments/.m2/repository/org/jboss/logging/jboss-logging/3.5.3.Final/jboss-logging-3.5.3.Final.jar:/home/romero-developments/.m2/repository/org/hibernate/common/hibernate-commons-annotations/6.0.6.Final/hibernate-commons-annotations-6.0.6.Final.jar:/home/romero-developments/.m2/repository/io/smallrye/jandex/3.1.2/jandex-3.1.2.jar:/home/romero-developments/.m2/repository/com/fasterxml/classmate/1.6.0/classmate-1.6.0.jar:/home/romero-developments/.m2/repository/org/glassfish/jaxb/jaxb-runtime/4.0.5/jaxb-runtime-4.0.5.jar:/home/romero-developments/.m2/repository/org/glassfish/jaxb/jaxb-core/4.0.5/jaxb-core-4.0.5.jar:/home/romero-developments/.m2/repository/org/eclipse/angus/angus-activation/2.0.2/angus-activation-2.0.2.jar:/home/romero-developments/.m2/repository/org/glassfish/jaxb/txw2/4.0.5/txw2-4.0.5.jar:/home/romero-developments/.m2/repository/com/sun/istack/istack-commons-runtime/4.1.2/istack-commons-runtime-4.1.2.jar:/home/romero-developments/.m2/repository/jakarta/inject/jakarta.inject-api/2.0.1/jakarta.inject-api-2.0.1.jar:/home/romero-developments/.m2/repository/org/antlr/antlr4-runtime/4.13.0/antlr4-runtime-4.13.0.jar:/home/romero-developments/.m2/repository/org/springframework/data/spring-data-jpa/3.2.5/spring-data-jpa-3.2.5.jar:/home/romero-developments/.m2/repository/org/springframework/data/spring-data-commons/3.2.5/spring-data-commons-3.2.5.jar:/home/romero-developments/.m2/repository/org/springframework/spring-orm/6.1.6/spring-orm-6.1.6.jar:/home/romero-developments/.m2/repository/org/springframework/spring-tx/6.1.6/spring-tx-6.1.6.jar:/home/romero-developments/.m2/repository/org/springframework/spring-aspects/6.1.6/spring-aspects-6.1.6.jar:/home/romero-developments/.m2/repository/org/springframework/boot/spring-boot-starter-data-jdbc/3.2.5/spring-boot-starter-data-jdbc-3.2.5.jar:/home/romero-developments/.m2/repository/org/springframework/data/spring-data-jdbc/3.2.5/spring-data-jdbc-3.2.5.jar:/home/romero-developments/.m2/repository/org/springframework/data/spring-data-relational/3.2.5/spring-data-relational-3.2.5.jar:/home/romero-developments/.m2/repository/com/github/jsqlparser/jsqlparser/4.6/jsqlparser-4.6.jar:/home/romero-developments/.m2/repository/org/springframework/boot/spring-boot-starter-hateoas/3.2.5/spring-boot-starter-hateoas-3.2.5.jar:/home/romero-developments/.m2/repository/org/springframework/hateoas/spring-hateoas/2.2.2/spring-hateoas-2.2.2.jar:/home/romero-developments/.m2/repository/org/springframework/plugin/spring-plugin-core/3.0.0/spring-plugin-core-3.0.0.jar:"/>
    <property name="java.vm.vendor" value="Oracle Corporation"/>
    <property name="sun.arch.data.model" value="64"/>
    <property name="java.vendor.url" value="https://java.oracle.com/"/>
    <property name="user.timezone" value="America/Santiago"/>
    <property name="org.jboss.logging.provider" value="slf4j"/>
    <property name="os.name" value="Linux"/>
    <property name="java.vm.specification.version" value="17"/>
    <property name="sun.java.launcher" value="SUN_STANDARD"/>
    <property name="user.country" value="CL"/>
    <property name="sun.boot.library.path" value="/usr/lib/jvm/jdk-17-oracle-x64/lib"/>
    <property name="sun.java.command" value="/home/romero-developments/Documentos/Ingeniería en desarrollo de software/DESARROLLO FULLSTACK I/Semana 9/salessrv/target/surefire/surefirebooter-20240501225048303_3.jar /home/romero-developments/Documentos/Ingeniería en desarrollo de software/DESARROLLO FULLSTACK I/Semana 9/salessrv/target/surefire 2024-05-01T22-50-48_129-jvmRun1 surefire-20240501225048303_1tmp surefire_0-20240501225048303_2tmp"/>
    <property name="jdk.debug" value="release"/>
    <property name="surefire.test.class.path" value="/home/romero-developments/Documentos/Ingeniería en desarrollo de software/DESARROLLO FULLSTACK I/Semana 9/salessrv/target/test-classes:/home/romero-developments/Documentos/Ingeniería en desarrollo de software/DESARROLLO FULLSTACK I/Semana 9/salessrv/target/classes:/home/romero-developments/.m2/repository/org/springframework/boot/spring-boot-starter-web/3.2.5/spring-boot-starter-web-3.2.5.jar:/home/romero-developments/.m2/repository/org/springframework/boot/spring-boot-starter/3.2.5/spring-boot-starter-3.2.5.jar:/home/romero-developments/.m2/repository/org/springframework/boot/spring-boot-starter-logging/3.2.5/spring-boot-starter-logging-3.2.5.jar:/home/romero-developments/.m2/repository/ch/qos/logback/logback-classic/1.4.14/logback-classic-1.4.14.jar:/home/romero-developments/.m2/repository/ch/qos/logback/logback-core/1.4.14/logback-core-1.4.14.jar:/home/romero-developments/.m2/repository/org/apache/logging/log4j/log4j-to-slf4j/2.21.1/log4j-to-slf4j-2.21.1.jar:/home/romero-developments/.m2/repository/org/apache/logging/log4j/log4j-api/2.21.1/log4j-api-2.21.1.jar:/home/romero-developments/.m2/repository/org/slf4j/jul-to-slf4j/2.0.13/jul-to-slf4j-2.0.13.jar:/home/romero-developments/.m2/repository/jakarta/annotation/jakarta.annotation-api/2.1.1/jakarta.annotation-api-2.1.1.jar:/home/romero-developments/.m2/repository/org/yaml/snakeyaml/2.2/snakeyaml-2.2.jar:/home/romero-developments/.m2/repository/org/springframework/boot/spring-boot-starter-json/3.2.5/spring-boot-starter-json-3.2.5.jar:/home/romero-developments/.m2/repository/com/fasterxml/jackson/core/jackson-databind/2.15.4/jackson-databind-2.15.4.jar:/home/romero-developments/.m2/repository/com/fasterxml/jackson/core/jackson-annotations/2.15.4/jackson-annotations-2.15.4.jar:/home/romero-developments/.m2/repository/com/fasterxml/jackson/core/jackson-core/2.15.4/jackson-core-2.15.4.jar:/home/romero-developments/.m2/repository/com/fasterxml/jackson/datatype/jackson-datatype-jdk8/2.15.4/jackson-datatype-jdk8-2.15.4.jar:/home/romero-developments/.m2/repository/com/fasterxml/jackson/datatype/jackson-datatype-jsr310/2.15.4/jackson-datatype-jsr310-2.15.4.jar:/home/romero-developments/.m2/repository/com/fasterxml/jackson/module/jackson-module-parameter-names/2.15.4/jackson-module-parameter-names-2.15.4.jar:/home/romero-developments/.m2/repository/org/springframework/boot/spring-boot-starter-tomcat/3.2.5/spring-boot-starter-tomcat-3.2.5.jar:/home/romero-developments/.m2/repository/org/apache/tomcat/embed/tomcat-embed-core/10.1.20/tomcat-embed-core-10.1.20.jar:/home/romero-developments/.m2/repository/org/apache/tomcat/embed/tomcat-embed-el/10.1.20/tomcat-embed-el-10.1.20.jar:/home/romero-developments/.m2/repository/org/apache/tomcat/embed/tomcat-embed-websocket/10.1.20/tomcat-embed-websocket-10.1.20.jar:/home/romero-developments/.m2/repository/org/springframework/spring-web/6.1.6/spring-web-6.1.6.jar:/home/romero-developments/.m2/repository/org/springframework/spring-beans/6.1.6/spring-beans-6.1.6.jar:/home/romero-developments/.m2/repository/io/micrometer/micrometer-observation/1.12.5/micrometer-observation-1.12.5.jar:/home/romero-developments/.m2/repository/io/micrometer/micrometer-commons/1.12.5/micrometer-commons-1.12.5.jar:/home/romero-developments/.m2/repository/org/springframework/spring-webmvc/6.1.6/spring-webmvc-6.1.6.jar:/home/romero-developments/.m2/repository/org/springframework/spring-aop/6.1.6/spring-aop-6.1.6.jar:/home/romero-developments/.m2/repository/org/springframework/spring-context/6.1.6/spring-context-6.1.6.jar:/home/romero-developments/.m2/repository/org/springframework/spring-expression/6.1.6/spring-expression-6.1.6.jar:/home/romero-developments/.m2/repository/org/springframework/boot/spring-boot-devtools/3.2.5/spring-boot-devtools-3.2.5.jar:/home/romero-developments/.m2/repository/org/springframework/boot/spring-boot/3.2.5/spring-boot-3.2.5.jar:/home/romero-developments/.m2/repository/org/springframework/boot/spring-boot-autoconfigure/3.2.5/spring-boot-autoconfigure-3.2.5.jar:/home/romero-developments/.m2/repository/com/oracle/database/jdbc/ojdbc11/21.9.0.0/ojdbc11-21.9.0.0.jar:/home/romero-developments/.m2/repository/com/oracle/database/security/oraclepki/21.5.0.0/oraclepki-21.5.0.0.jar:/home/romero-developments/.m2/repository/com/oracle/database/security/osdt_cert/21.5.0.0/osdt_cert-21.5.0.0.jar:/home/romero-developments/.m2/repository/com/oracle/database/security/osdt_core/21.5.0.0/osdt_core-21.5.0.0.jar:/home/romero-developments/.m2/repository/org/projectlombok/lombok/1.18.32/lombok-1.18.32.jar:/home/romero-developments/.m2/repository/org/springframework/boot/spring-boot-starter-test/3.2.5/spring-boot-starter-test-3.2.5.jar:/home/romero-developments/.m2/repository/org/springframework/boot/spring-boot-test/3.2.5/spring-boot-test-3.2.5.jar:/home/romero-developments/.m2/repository/org/springframework/boot/spring-boot-test-autoconfigure/3.2.5/spring-boot-test-autoconfigure-3.2.5.jar:/home/romero-developments/.m2/repository/com/jayway/jsonpath/json-path/2.9.0/json-path-2.9.0.jar:/home/romero-developments/.m2/repository/org/slf4j/slf4j-api/2.0.13/slf4j-api-2.0.13.jar:/home/romero-developments/.m2/repository/jakarta/xml/bind/jakarta.xml.bind-api/4.0.2/jakarta.xml.bind-api-4.0.2.jar:/home/romero-developments/.m2/repository/jakarta/activation/jakarta.activation-api/2.1.3/jakarta.activation-api-2.1.3.jar:/home/romero-developments/.m2/repository/net/minidev/json-smart/2.5.1/json-smart-2.5.1.jar:/home/romero-developments/.m2/repository/net/minidev/accessors-smart/2.5.1/accessors-smart-2.5.1.jar:/home/romero-developments/.m2/repository/org/ow2/asm/asm/9.6/asm-9.6.jar:/home/romero-developments/.m2/repository/org/assertj/assertj-core/3.24.2/assertj-core-3.24.2.jar:/home/romero-developments/.m2/repository/net/bytebuddy/byte-buddy/1.14.13/byte-buddy-1.14.13.jar:/home/romero-developments/.m2/repository/org/awaitility/awaitility/4.2.1/awaitility-4.2.1.jar:/home/romero-developments/.m2/repository/org/hamcrest/hamcrest/2.2/hamcrest-2.2.jar:/home/romero-developments/.m2/repository/org/junit/jupiter/junit-jupiter/5.10.2/junit-jupiter-5.10.2.jar:/home/romero-developments/.m2/repository/org/junit/jupiter/junit-jupiter-api/5.10.2/junit-jupiter-api-5.10.2.jar:/home/romero-developments/.m2/repository/org/opentest4j/opentest4j/1.3.0/opentest4j-1.3.0.jar:/home/romero-developments/.m2/repository/org/junit/platform/junit-platform-commons/1.10.2/junit-platform-commons-1.10.2.jar:/home/romero-developments/.m2/repository/org/apiguardian/apiguardian-api/1.1.2/apiguardian-api-1.1.2.jar:/home/romero-developments/.m2/repository/org/junit/jupiter/junit-jupiter-params/5.10.2/junit-jupiter-params-5.10.2.jar:/home/romero-developments/.m2/repository/org/junit/jupiter/junit-jupiter-engine/5.10.2/junit-jupiter-engine-5.10.2.jar:/home/romero-developments/.m2/repository/org/junit/platform/junit-platform-engine/1.10.2/junit-platform-engine-1.10.2.jar:/home/romero-developments/.m2/repository/org/mockito/mockito-core/5.7.0/mockito-core-5.7.0.jar:/home/romero-developments/.m2/repository/net/bytebuddy/byte-buddy-agent/1.14.13/byte-buddy-agent-1.14.13.jar:/home/romero-developments/.m2/repository/org/objenesis/objenesis/3.3/objenesis-3.3.jar:/home/romero-developments/.m2/repository/org/mockito/mockito-junit-jupiter/5.7.0/mockito-junit-jupiter-5.7.0.jar:/home/romero-developments/.m2/repository/org/skyscreamer/jsonassert/1.5.1/jsonassert-1.5.1.jar:/home/romero-developments/.m2/repository/com/vaadin/external/google/android-json/0.0.20131108.vaadin1/android-json-0.0.20131108.vaadin1.jar:/home/romero-developments/.m2/repository/org/springframework/spring-core/6.1.6/spring-core-6.1.6.jar:/home/romero-developments/.m2/repository/org/springframework/spring-jcl/6.1.6/spring-jcl-6.1.6.jar:/home/romero-developments/.m2/repository/org/springframework/spring-test/6.1.6/spring-test-6.1.6.jar:/home/romero-developments/.m2/repository/org/xmlunit/xmlunit-core/2.9.1/xmlunit-core-2.9.1.jar:/home/romero-developments/.m2/repository/org/springframework/boot/spring-boot-starter-data-jpa/3.2.5/spring-boot-starter-data-jpa-3.2.5.jar:/home/romero-developments/.m2/repository/org/springframework/boot/spring-boot-starter-aop/3.2.5/spring-boot-starter-aop-3.2.5.jar:/home/romero-developments/.m2/repository/org/aspectj/aspectjweaver/1.9.22/aspectjweaver-1.9.22.jar:/home/romero-developments/.m2/repository/org/springframework/boot/spring-boot-starter-jdbc/3.2.5/spring-boot-starter-jdbc-3.2.5.jar:/home/romero-developments/.m2/repository/com/zaxxer/HikariCP/5.0.1/HikariCP-5.0.1.jar:/home/romero-developments/.m2/repository/org/springframework/spring-jdbc/6.1.6/spring-jdbc-6.1.6.jar:/home/romero-developments/.m2/repository/org/hibernate/orm/hibernate-core/6.4.4.Final/hibernate-core-6.4.4.Final.jar:/home/romero-developments/.m2/repository/jakarta/persistence/jakarta.persistence-api/3.1.0/jakarta.persistence-api-3.1.0.jar:/home/romero-developments/.m2/repository/jakarta/transaction/jakarta.transaction-api/2.0.1/jakarta.transaction-api-2.0.1.jar:/home/romero-developments/.m2/repository/org/jboss/logging/jboss-logging/3.5.3.Final/jboss-logging-3.5.3.Final.jar:/home/romero-developments/.m2/repository/org/hibernate/common/hibernate-commons-annotations/6.0.6.Final/hibernate-commons-annotations-6.0.6.Final.jar:/home/romero-developments/.m2/repository/io/smallrye/jandex/3.1.2/jandex-3.1.2.jar:/home/romero-developments/.m2/repository/com/fasterxml/classmate/1.6.0/classmate-1.6.0.jar:/home/romero-developments/.m2/repository/org/glassfish/jaxb/jaxb-runtime/4.0.5/jaxb-runtime-4.0.5.jar:/home/romero-developments/.m2/repository/org/glassfish/jaxb/jaxb-core/4.0.5/jaxb-core-4.0.5.jar:/home/romero-developments/.m2/repository/org/eclipse/angus/angus-activation/2.0.2/angus-activation-2.0.2.jar:/home/romero-developments/.m2/repository/org/glassfish/jaxb/txw2/4.0.5/txw2-4.0.5.jar:/home/romero-developments/.m2/repository/com/sun/istack/istack-commons-runtime/4.1.2/istack-commons-runtime-4.1.2.jar:/home/romero-developments/.m2/repository/jakarta/inject/jakarta.inject-api/2.0.1/jakarta.inject-api-2.0.1.jar:/home/romero-developments/.m2/repository/org/antlr/antlr4-runtime/4.13.0/antlr4-runtime-4.13.0.jar:/home/romero-developments/.m2/repository/org/springframework/data/spring-data-jpa/3.2.5/spring-data-jpa-3.2.5.jar:/home/romero-developments/.m2/repository/org/springframework/data/spring-data-commons/3.2.5/spring-data-commons-3.2.5.jar:/home/romero-developments/.m2/repository/org/springframework/spring-orm/6.1.6/spring-orm-6.1.6.jar:/home/romero-developments/.m2/repository/org/springframework/spring-tx/6.1.6/spring-tx-6.1.6.jar:/home/romero-developments/.m2/repository/org/springframework/spring-aspects/6.1.6/spring-aspects-6.1.6.jar:/home/romero-developments/.m2/repository/org/springframework/boot/spring-boot-starter-data-jdbc/3.2.5/spring-boot-starter-data-jdbc-3.2.5.jar:/home/romero-developments/.m2/repository/org/springframework/data/spring-data-jdbc/3.2.5/spring-data-jdbc-3.2.5.jar:/home/romero-developments/.m2/repository/org/springframework/data/spring-data-relational/3.2.5/spring-data-relational-3.2.5.jar:/home/romero-developments/.m2/repository/com/github/jsqlparser/jsqlparser/4.6/jsqlparser-4.6.jar:/home/romero-developments/.m2/repository/org/springframework/boot/spring-boot-starter-hateoas/3.2.5/spring-boot-starter-hateoas-3.2.5.jar:/home/romero-developments/.m2/repository/org/springframework/hateoas/spring-hateoas/2.2.2/spring-hateoas-2.2.2.jar:/home/romero-developments/.m2/repository/org/springframework/plugin/spring-plugin-core/3.0.0/spring-plugin-core-3.0.0.jar:"/>
    <property name="sun.cpu.endian" value="little"/>
    <property name="user.home" value="/home/romero-developments"/>
    <property name="user.language" value="es"/>
    <property name="java.specification.vendor" value="Oracle Corporation"/>
    <property name="java.version.date" value="2024-01-16"/>
    <property name="java.home" value="/usr/lib/jvm/jdk-17-oracle-x64"/>
    <property name="file.separator" value="/"/>
    <property name="basedir" value="/home/romero-developments/Documentos/Ingeniería en desarrollo de software/DESARROLLO FULLSTACK I/Semana 9/salessrv"/>
    <property name="java.vm.compressedOopsMode" value="32-bit"/>
    <property name="line.separator" value="&#10;"/>
    <property name="java.vm.specification.vendor" value="Oracle Corporation"/>
    <property name="java.specification.name" value="Java Platform API Specification"/>
    <property name="FILE_LOG_CHARSET" value="UTF-8"/>
    <property name="java.awt.headless" value="true"/>
    <property name="surefire.real.class.path" value="/home/romero-developments/Documentos/Ingeniería en desarrollo de software/DESARROLLO FULLSTACK I/Semana 9/salessrv/target/surefire/surefirebooter-20240501225048303_3.jar"/>
    <property name="sun.management.compiler" value="HotSpot 64-Bit Tiered Compilers"/>
    <property name="java.runtime.version" value="17.0.10+11-LTS-240"/>
    <property name="user.name" value="romero-developments"/>
    <property name="path.separator" value=":"/>
    <property name="os.version" value="6.5.0-28-generic"/>
    <property name="java.runtime.name" value="Java(TM) SE Runtime Environment"/>
    <property name="file.encoding" value="UTF-8"/>
    <property name="java.vm.name" value="Java HotSpot(TM) 64-Bit Server VM"/>
    <property name="localRepository" value="/home/romero-developments/.m2/repository"/>
    <property name="java.vendor.url.bug" value="https://bugreport.java.com/bugreport/"/>
    <property name="java.io.tmpdir" value="/tmp"/>
    <property name="com.zaxxer.hikari.pool_number" value="1"/>
    <property name="java.version" value="17.0.10"/>
    <property name="user.dir" value="/home/romero-developments/Documentos/Ingeniería en desarrollo de software/DESARROLLO FULLSTACK I/Semana 9/salessrv"/>
    <property name="os.arch" value="amd64"/>
    <property name="java.vm.specification.name" value="Java Virtual Machine Specification"/>
    <property name="PID" value="181167"/>
    <property name="CONSOLE_LOG_CHARSET" value="UTF-8"/>
    <property name="native.encoding" value="UTF-8"/>
    <property name="java.library.path" value="/usr/java/packages/lib:/usr/lib64:/lib64:/lib:/usr/lib"/>
    <property name="java.vm.info" value="mixed mode, sharing"/>
    <property name="java.vendor" value="Oracle Corporation"/>
    <property name="java.vm.version" value="17.0.10+11-LTS-240"/>
    <property name="sun.io.unicode.encoding" value="UnicodeLittle"/>
    <property name="java.class.version" value="61.0"/>
    <property name="LOGGED_APPLICATION_NAME" value="[salessrv] "/>
  </properties>
  <testcase name="saveSaleTest" classname="com.example.salessrv.repository.SaleRepositoryTest" time="0.396">
    <system-out><![CDATA[22:50:51.975 [main] INFO org.springframework.boot.devtools.restart.RestartApplicationListener -- Restart disabled due to context in which it is running

  .   ____          _            __ _ _
 /\\ / ___'_ __ _ _(_)_ __  __ _ \ \ \ \
( ( )\___ | '_ | '_| | '_ \/ _` | \ \ \ \
 \\/  ___)| |_)| | | | | || (_| |  ) ) ) )
  '  |____| .__|_| |_|_| |_\__, | / / / /
 =========|_|==============|___/=/_/_/_/
 :: Spring Boot ::                (v3.2.5)

2024-05-01T22:50:52.582-04:00  INFO 181167 --- [salessrv] [           main] c.e.s.repository.SaleRepositoryTest      : Starting SaleRepositoryTest using Java 17.0.10 with PID 181167 (started by romero-developments in /home/romero-developments/Documentos/Ingeniería en desarrollo de software/DESARROLLO FULLSTACK I/Semana 9/salessrv)
2024-05-01T22:50:52.589-04:00  INFO 181167 --- [salessrv] [           main] c.e.s.repository.SaleRepositoryTest      : No active profile set, falling back to 1 default profile: "default"
2024-05-01T22:50:52.590-04:00 DEBUG 181167 --- [salessrv] [           main] o.s.boot.SpringApplication               : Loading source class com.example.salessrv.SalessrvApplication
2024-05-01T22:50:52.628-04:00 DEBUG 181167 --- [salessrv] [           main] s.c.a.AnnotationConfigApplicationContext : Refreshing org.springframework.context.annotation.AnnotationConfigApplicationContext@34332b8d
2024-05-01T22:50:52.693-04:00 DEBUG 181167 --- [salessrv] [           main] o.s.b.f.s.DefaultListableBeanFactory     : Creating shared instance of singleton bean 'org.springframework.context.annotation.internalConfigurationAnnotationProcessor'
2024-05-01T22:50:52.763-04:00 DEBUG 181167 --- [salessrv] [           main] o.s.b.f.s.DefaultListableBeanFactory     : Creating shared instance of singleton bean 'org.springframework.boot.autoconfigure.internalCachingMetadataReaderFactory'
2024-05-01T22:50:53.303-04:00  INFO 181167 --- [salessrv] [           main] .s.d.r.c.RepositoryConfigurationDelegate : Multiple Spring Data modules found, entering strict repository configuration mode
2024-05-01T22:50:53.305-04:00  INFO 181167 --- [salessrv] [           main] .s.d.r.c.RepositoryConfigurationDelegate : Bootstrapping Spring Data JPA repositories in DEFAULT mode.
2024-05-01T22:50:53.314-04:00 DEBUG 181167 --- [salessrv] [           main] o.s.b.f.s.DefaultListableBeanFactory     : Creating shared instance of singleton bean 'org.springframework.boot.autoconfigure.AutoConfigurationPackages'
2024-05-01T22:50:53.323-04:00 DEBUG 181167 --- [salessrv] [           main] o.s.b.a.AutoConfigurationPackages        : @EnableAutoConfiguration was declared on a class in the package 'com.example.salessrv'. Automatic @Repository and @Entity scanning is enabled.
2024-05-01T22:50:53.324-04:00 DEBUG 181167 --- [salessrv] [           main] .s.d.r.c.RepositoryConfigurationDelegate : Scanning for JPA repositories in packages com.example.salessrv.
2024-05-01T22:50:53.345-04:00 DEBUG 181167 --- [salessrv] [           main] o.s.d.r.c.RepositoryComponentProvider    : Identified candidate component class: file [/home/romero-developments/Documentos/Ingeniería en desarrollo de software/DESARROLLO FULLSTACK I/Semana 9/salessrv/target/classes/com/example/salessrv/repository/ProductRepository.class]
2024-05-01T22:50:53.346-04:00 DEBUG 181167 --- [salessrv] [           main] o.s.d.r.c.RepositoryComponentProvider    : Identified candidate component class: file [/home/romero-developments/Documentos/Ingeniería en desarrollo de software/DESARROLLO FULLSTACK I/Semana 9/salessrv/target/classes/com/example/salessrv/repository/SaleRepository.class]
2024-05-01T22:50:53.397-04:00 DEBUG 181167 --- [salessrv] [           main] ssPathScanningCandidateComponentProvider : Identified candidate component class: file [/home/romero-developments/Documentos/Ingeniería en desarrollo de software/DESARROLLO FULLSTACK I/Semana 9/salessrv/target/classes/com/example/salessrv/service/SaleServiceImpl.class]
2024-05-01T22:50:53.429-04:00  INFO 181167 --- [salessrv] [           main] .s.d.r.c.RepositoryConfigurationDelegate : Finished Spring Data repository scanning in 102 ms. Found 2 JPA repository interfaces.
2024-05-01T22:50:53.564-04:00 DEBUG 181167 --- [salessrv] [           main] o.s.b.f.s.DefaultListableBeanFactory     : Creating shared instance of singleton bean 'org.springframework.boot.test.context.ImportsContextCustomizer$ImportsCleanupPostProcessor'
2024-05-01T22:50:53.708-04:00 DEBUG 181167 --- [salessrv] [           main] o.s.b.f.s.DefaultListableBeanFactory     : Creating shared instance of singleton bean 'org.springframework.boot.test.mock.mockito.MockitoPostProcessor'
2024-05-01T22:50:53.711-04:00 DEBUG 181167 --- [salessrv] [           main] o.s.b.f.s.DefaultListableBeanFactory     : Creating shared instance of singleton bean 'emBeanDefinitionRegistrarPostProcessor'
2024-05-01T22:50:53.712-04:00 DEBUG 181167 --- [salessrv] [           main] o.s.b.f.s.DefaultListableBeanFactory     : Creating shared instance of singleton bean 'org.springframework.boot.sql.init.dependency.DatabaseInitializationDependencyConfigurer$DependsOnDatabaseInitializationPostProcessor'
2024-05-01T22:50:53.775-04:00 DEBUG 181167 --- [salessrv] [           main] o.s.b.f.s.DefaultListableBeanFactory     : Creating shared instance of singleton bean 'org.springframework.context.event.internalEventListenerProcessor'
2024-05-01T22:50:53.778-04:00 DEBUG 181167 --- [salessrv] [           main] o.s.b.f.s.DefaultListableBeanFactory     : Creating shared instance of singleton bean 'org.springframework.context.event.internalEventListenerFactory'
2024-05-01T22:50:53.778-04:00 DEBUG 181167 --- [salessrv] [           main] o.s.b.f.s.DefaultListableBeanFactory     : Creating shared instance of singleton bean 'org.springframework.transaction.config.internalTransactionalEventListenerFactory'
2024-05-01T22:50:53.784-04:00 DEBUG 181167 --- [salessrv] [           main] o.s.b.f.s.DefaultListableBeanFactory     : Creating shared instance of singleton bean 'org.springframework.context.annotation.internalAutowiredAnnotationProcessor'
2024-05-01T22:50:53.792-04:00 DEBUG 181167 --- [salessrv] [           main] o.s.b.f.s.DefaultListableBeanFactory     : Creating shared instance of singleton bean 'org.springframework.context.annotation.internalCommonAnnotationProcessor'
2024-05-01T22:50:53.797-04:00 DEBUG 181167 --- [salessrv] [           main] o.s.b.f.s.DefaultListableBeanFactory     : Creating shared instance of singleton bean 'org.springframework.context.annotation.internalPersistenceAnnotationProcessor'
2024-05-01T22:50:53.798-04:00 DEBUG 181167 --- [salessrv] [           main] o.s.b.f.s.DefaultListableBeanFactory     : Creating shared instance of singleton bean 'org.springframework.boot.test.mock.mockito.MockitoPostProcessor$SpyPostProcessor'
2024-05-01T22:50:53.800-04:00 DEBUG 181167 --- [salessrv] [           main] o.s.b.f.s.DefaultListableBeanFactory     : Creating shared instance of singleton bean 'jdbcConnectionDetailsHikariBeanPostProcessor'
2024-05-01T22:50:53.808-04:00 DEBUG 181167 --- [salessrv] [           main] o.s.b.f.s.DefaultListableBeanFactory     : Creating shared instance of singleton bean 'org.springframework.boot.context.properties.ConfigurationPropertiesBindingPostProcessor'
2024-05-01T22:50:53.811-04:00 DEBUG 181167 --- [salessrv] [           main] o.s.b.f.s.DefaultListableBeanFactory     : Creating shared instance of singleton bean 'org.springframework.boot.context.internalConfigurationPropertiesBinder'
2024-05-01T22:50:53.817-04:00 DEBUG 181167 --- [salessrv] [           main] o.s.b.f.s.DefaultListableBeanFactory     : Creating shared instance of singleton bean 'org.springframework.aop.config.internalAutoProxyCreator'
2024-05-01T22:50:53.850-04:00 DEBUG 181167 --- [salessrv] [           main] o.s.b.f.s.DefaultListableBeanFactory     : Creating shared instance of singleton bean 'dataSourceScriptDatabaseInitializer'
2024-05-01T22:50:53.852-04:00 DEBUG 181167 --- [salessrv] [           main] o.s.b.f.s.DefaultListableBeanFactory     : Creating shared instance of singleton bean 'org.springframework.boot.autoconfigure.sql.init.DataSourceInitializationConfiguration'
2024-05-01T22:50:53.856-04:00 DEBUG 181167 --- [salessrv] [           main] o.s.b.f.s.DefaultListableBeanFactory     : Creating shared instance of singleton bean 'org.springframework.transaction.config.internalTransactionAdvisor'
2024-05-01T22:50:53.857-04:00 DEBUG 181167 --- [salessrv] [           main] o.s.b.f.s.DefaultListableBeanFactory     : Creating shared instance of singleton bean 'org.springframework.transaction.annotation.ProxyTransactionManagementConfiguration'
2024-05-01T22:50:53.924-04:00 DEBUG 181167 --- [salessrv] [           main] o.s.b.f.s.DefaultListableBeanFactory     : Creating shared instance of singleton bean 'transactionAttributeSource'
2024-05-01T22:50:53.928-04:00 DEBUG 181167 --- [salessrv] [           main] o.s.b.f.s.DefaultListableBeanFactory     : Creating shared instance of singleton bean 'transactionInterceptor'
2024-05-01T22:50:53.929-04:00 DEBUG 181167 --- [salessrv] [           main] o.s.b.f.s.DefaultListableBeanFactory     : Autowiring by type from bean name 'transactionInterceptor' via factory method to bean named 'transactionAttributeSource'
2024-05-01T22:50:53.950-04:00 DEBUG 181167 --- [salessrv] [           main] o.s.b.f.s.DefaultListableBeanFactory     : Autowiring by type from bean name 'org.springframework.transaction.config.internalTransactionAdvisor' via factory method to bean named 'transactionAttributeSource'
2024-05-01T22:50:53.951-04:00 DEBUG 181167 --- [salessrv] [           main] o.s.b.f.s.DefaultListableBeanFactory     : Autowiring by type from bean name 'org.springframework.transaction.config.internalTransactionAdvisor' via factory method to bean named 'transactionInterceptor'
2024-05-01T22:50:53.961-04:00 DEBUG 181167 --- [salessrv] [           main] o.s.b.f.s.DefaultListableBeanFactory     : Creating shared instance of singleton bean 'dataSource'
2024-05-01T22:50:53.962-04:00 DEBUG 181167 --- [salessrv] [           main] o.s.b.f.s.DefaultListableBeanFactory     : Creating shared instance of singleton bean 'org.springframework.boot.autoconfigure.jdbc.DataSourceConfiguration$Hikari'
2024-05-01T22:50:53.965-04:00 DEBUG 181167 --- [salessrv] [           main] o.s.b.f.s.DefaultListableBeanFactory     : Creating shared instance of singleton bean 'spring.datasource-org.springframework.boot.autoconfigure.jdbc.DataSourceProperties'
2024-05-01T22:50:53.969-04:00 DEBUG 181167 --- [salessrv] [           main] o.s.b.f.s.DefaultListableBeanFactory     : Creating shared instance of singleton bean 'org.springframework.boot.context.properties.BoundConfigurationProperties'
2024-05-01T22:50:54.029-04:00 DEBUG 181167 --- [salessrv] [           main] o.s.b.f.s.DefaultListableBeanFactory     : Creating shared instance of singleton bean 'jdbcConnectionDetails'
2024-05-01T22:50:54.030-04:00 DEBUG 181167 --- [salessrv] [           main] o.s.b.f.s.DefaultListableBeanFactory     : Creating shared instance of singleton bean 'org.springframework.boot.autoconfigure.jdbc.DataSourceAutoConfiguration$PooledDataSourceConfiguration'
2024-05-01T22:50:54.033-04:00 DEBUG 181167 --- [salessrv] [           main] o.s.b.f.s.DefaultListableBeanFactory     : Autowiring by type from bean name 'jdbcConnectionDetails' via factory method to bean named 'spring.datasource-org.springframework.boot.autoconfigure.jdbc.DataSourceProperties'
2024-05-01T22:50:54.037-04:00 DEBUG 181167 --- [salessrv] [           main] o.s.b.f.s.DefaultListableBeanFactory     : Autowiring by type from bean name 'dataSource' via factory method to bean named 'spring.datasource-org.springframework.boot.autoconfigure.jdbc.DataSourceProperties'
2024-05-01T22:50:54.037-04:00 DEBUG 181167 --- [salessrv] [           main] o.s.b.f.s.DefaultListableBeanFactory     : Autowiring by type from bean name 'dataSource' via factory method to bean named 'jdbcConnectionDetails'
2024-05-01T22:50:54.316-04:00 DEBUG 181167 --- [salessrv] [           main] o.s.b.f.s.DefaultListableBeanFactory     : Creating shared instance of singleton bean 'spring.sql.init-org.springframework.boot.autoconfigure.sql.init.SqlInitializationProperties'
2024-05-01T22:50:54.325-04:00 DEBUG 181167 --- [salessrv] [           main] o.s.b.f.s.DefaultListableBeanFactory     : Autowiring by type from bean name 'dataSourceScriptDatabaseInitializer' via factory method to bean named 'dataSource'
2024-05-01T22:50:54.325-04:00 DEBUG 181167 --- [salessrv] [           main] o.s.b.f.s.DefaultListableBeanFactory     : Autowiring by type from bean name 'dataSourceScriptDatabaseInitializer' via factory method to bean named 'spring.sql.init-org.springframework.boot.autoconfigure.sql.init.SqlInitializationProperties'
2024-05-01T22:50:54.333-04:00 DEBUG 181167 --- [salessrv] [           main] o.s.b.f.s.DefaultListableBeanFactory     : Creating shared instance of singleton bean 'entityManagerFactory'
2024-05-01T22:50:54.333-04:00 DEBUG 181167 --- [salessrv] [           main] o.s.b.f.s.DefaultListableBeanFactory     : Creating shared instance of singleton bean 'org.springframework.boot.autoconfigure.orm.jpa.HibernateJpaConfiguration'
2024-05-01T22:50:54.335-04:00 DEBUG 181167 --- [salessrv] [           main] o.s.b.f.s.DefaultListableBeanFactory     : Creating shared instance of singleton bean 'spring.jpa-org.springframework.boot.autoconfigure.orm.jpa.JpaProperties'
2024-05-01T22:50:54.344-04:00 DEBUG 181167 --- [salessrv] [           main] o.s.b.f.s.DefaultListableBeanFactory     : Creating shared instance of singleton bean 'spring.jpa.hibernate-org.springframework.boot.autoconfigure.orm.jpa.HibernateProperties'
2024-05-01T22:50:54.347-04:00 DEBUG 181167 --- [salessrv] [           main] o.s.b.f.s.DefaultListableBeanFactory     : Autowiring by type from bean name 'org.springframework.boot.autoconfigure.orm.jpa.HibernateJpaConfiguration' via constructor to bean named 'dataSource'
2024-05-01T22:50:54.348-04:00 DEBUG 181167 --- [salessrv] [           main] o.s.b.f.s.DefaultListableBeanFactory     : Autowiring by type from bean name 'org.springframework.boot.autoconfigure.orm.jpa.HibernateJpaConfiguration' via constructor to bean named 'spring.jpa-org.springframework.boot.autoconfigure.orm.jpa.JpaProperties'
2024-05-01T22:50:54.348-04:00 DEBUG 181167 --- [salessrv] [           main] o.s.b.f.s.DefaultListableBeanFactory     : Autowiring by type from bean name 'org.springframework.boot.autoconfigure.orm.jpa.HibernateJpaConfiguration' via constructor to bean named 'org.springframework.beans.factory.support.DefaultListableBeanFactory@4d9754a8'
2024-05-01T22:50:54.348-04:00 DEBUG 181167 --- [salessrv] [           main] o.s.b.f.s.DefaultListableBeanFactory     : Autowiring by type from bean name 'org.springframework.boot.autoconfigure.orm.jpa.HibernateJpaConfiguration' via constructor to bean named 'spring.jpa.hibernate-org.springframework.boot.autoconfigure.orm.jpa.HibernateProperties'
2024-05-01T22:50:54.351-04:00 DEBUG 181167 --- [salessrv] [           main] o.s.b.f.s.DefaultListableBeanFactory     : Creating shared instance of singleton bean 'hikariPoolDataSourceMetadataProvider'
2024-05-01T22:50:54.352-04:00 DEBUG 181167 --- [salessrv] [           main] o.s.b.f.s.DefaultListableBeanFactory     : Creating shared instance of singleton bean 'org.springframework.boot.autoconfigure.jdbc.metadata.DataSourcePoolMetadataProvidersConfiguration$HikariPoolDataSourceMetadataProviderConfiguration'
2024-05-01T22:50:54.363-04:00 DEBUG 181167 --- [salessrv] [           main] o.s.b.f.s.DefaultListableBeanFactory     : Creating shared instance of singleton bean 'entityManagerFactoryBuilder'
2024-05-01T22:50:54.365-04:00 DEBUG 181167 --- [salessrv] [           main] o.s.b.f.s.DefaultListableBeanFactory     : Creating shared instance of singleton bean 'jpaVendorAdapter'
2024-05-01T22:50:54.413-04:00 DEBUG 181167 --- [salessrv] [           main] o.s.b.f.s.DefaultListableBeanFactory     : Autowiring by type from bean name 'entityManagerFactoryBuilder' via factory method to bean named 'jpaVendorAdapter'
2024-05-01T22:50:54.421-04:00 DEBUG 181167 --- [salessrv] [           main] o.s.b.f.s.DefaultListableBeanFactory     : Creating shared instance of singleton bean 'persistenceManagedTypes'
2024-05-01T22:50:54.427-04:00 DEBUG 181167 --- [salessrv] [           main] o.s.b.f.s.DefaultListableBeanFactory     : Autowiring by type from bean name 'persistenceManagedTypes' via factory method to bean named 'org.springframework.beans.factory.support.DefaultListableBeanFactory@4d9754a8'
2024-05-01T22:50:54.429-04:00 DEBUG 181167 --- [salessrv] [           main] o.s.b.f.s.DefaultListableBeanFactory     : Autowiring by type from bean name 'persistenceManagedTypes' via factory method to bean named 'org.springframework.context.annotation.AnnotationConfigApplicationContext@34332b8d'
2024-05-01T22:50:54.467-04:00 DEBUG 181167 --- [salessrv] [           main] o.s.b.f.s.DefaultListableBeanFactory     : Autowiring by type from bean name 'entityManagerFactory' via factory method to bean named 'entityManagerFactoryBuilder'
2024-05-01T22:50:54.468-04:00 DEBUG 181167 --- [salessrv] [           main] o.s.b.f.s.DefaultListableBeanFactory     : Autowiring by type from bean name 'entityManagerFactory' via factory method to bean named 'persistenceManagedTypes'
2024-05-01T22:50:54.530-04:00 DEBUG 181167 --- [salessrv] [           main] j.LocalContainerEntityManagerFactoryBean : Building JPA container EntityManagerFactory for persistence unit 'default'
2024-05-01T22:50:54.576-04:00 DEBUG 181167 --- [salessrv] [           main] o.hibernate.jpa.internal.util.LogHelper  : PersistenceUnitInfo [
	name: default
	persistence provider classname: null
	classloader: jdk.internal.loader.ClassLoaders$AppClassLoader@46fbb2c1
	excludeUnlistedClasses: true
	JTA datasource: null
	Non JTA datasource: HikariDataSource (null)
	Transaction type: RESOURCE_LOCAL
	PU root URL: file:/home/romero-developments/Documentos/Ingenier%c3%ada%20en%20desarrollo%20de%20software/DESARROLLO%20FULLSTACK%20I/Semana%209/salessrv/target/test-classes/
	Shared Cache Mode: UNSPECIFIED
	Validation Mode: AUTO
	Jar files URLs []
	Managed classes names [
		com.example.salessrv.Product
		com.example.salessrv.model.Sale]
	Mapping files names []
	Properties []
2024-05-01T22:50:54.609-04:00 DEBUG 181167 --- [salessrv] [           main] o.h.i.internal.IntegratorServiceImpl     : Adding Integrator [org.hibernate.boot.beanvalidation.BeanValidationIntegrator].
2024-05-01T22:50:54.612-04:00 DEBUG 181167 --- [salessrv] [           main] o.h.i.internal.IntegratorServiceImpl     : Adding Integrator [org.hibernate.cache.internal.CollectionCacheInvalidator].
2024-05-01T22:50:54.733-04:00  INFO 181167 --- [salessrv] [           main] org.hibernate.Version                    : HHH000412: Hibernate ORM core version 6.4.4.Final
2024-05-01T22:50:54.737-04:00 DEBUG 181167 --- [salessrv] [           main] org.hibernate.cfg.Environment            : HHH000206: 'hibernate.properties' not found
2024-05-01T22:50:54.796-04:00 DEBUG 181167 --- [salessrv] [           main] org.hibernate.orm.idgen.factory          : Registering IdentifierGenerator strategy [uuid2] -> [org.hibernate.id.UUIDGenerator]
2024-05-01T22:50:54.798-04:00 DEBUG 181167 --- [salessrv] [           main] org.hibernate.orm.idgen.factory          : Registering IdentifierGenerator strategy [guid] -> [org.hibernate.id.GUIDGenerator]
2024-05-01T22:50:54.799-04:00 DEBUG 181167 --- [salessrv] [           main] org.hibernate.orm.idgen.factory          : Registering IdentifierGenerator strategy [uuid] -> [org.hibernate.id.UUIDHexGenerator]
2024-05-01T22:50:54.800-04:00 DEBUG 181167 --- [salessrv] [           main] org.hibernate.orm.idgen.factory          : Registering IdentifierGenerator strategy [uuid.hex] -> [org.hibernate.id.UUIDHexGenerator]
2024-05-01T22:50:54.800-04:00 DEBUG 181167 --- [salessrv] [           main] org.hibernate.orm.idgen.factory          : Registering IdentifierGenerator strategy [assigned] -> [org.hibernate.id.Assigned]
2024-05-01T22:50:54.804-04:00 DEBUG 181167 --- [salessrv] [           main] org.hibernate.orm.idgen.factory          : Registering IdentifierGenerator strategy [identity] -> [org.hibernate.id.IdentityGenerator]
2024-05-01T22:50:54.805-04:00 DEBUG 181167 --- [salessrv] [           main] org.hibernate.orm.idgen.factory          : Registering IdentifierGenerator strategy [select] -> [org.hibernate.id.SelectGenerator]
2024-05-01T22:50:54.808-04:00 DEBUG 181167 --- [salessrv] [           main] org.hibernate.orm.idgen.factory          : Registering IdentifierGenerator strategy [sequence] -> [org.hibernate.id.enhanced.SequenceStyleGenerator]
2024-05-01T22:50:54.810-04:00 DEBUG 181167 --- [salessrv] [           main] org.hibernate.orm.idgen.factory          : Registering IdentifierGenerator strategy [increment] -> [org.hibernate.id.IncrementGenerator]
2024-05-01T22:50:54.811-04:00 DEBUG 181167 --- [salessrv] [           main] org.hibernate.orm.idgen.factory          : Registering IdentifierGenerator strategy [foreign] -> [org.hibernate.id.ForeignGenerator]
2024-05-01T22:50:54.813-04:00 DEBUG 181167 --- [salessrv] [           main] org.hibernate.orm.idgen.factory          : Registering IdentifierGenerator strategy [enhanced-sequence] -> [org.hibernate.id.enhanced.SequenceStyleGenerator]
2024-05-01T22:50:54.815-04:00 DEBUG 181167 --- [salessrv] [           main] org.hibernate.orm.idgen.factory          : Registering IdentifierGenerator strategy [enhanced-table] -> [org.hibernate.id.enhanced.TableGenerator]
2024-05-01T22:50:54.830-04:00 DEBUG 181167 --- [salessrv] [           main] o.h.c.internal.RegionFactoryInitiator    : Cannot default RegionFactory based on registered strategies as `[]` RegionFactory strategies were registered
2024-05-01T22:50:54.831-04:00  INFO 181167 --- [salessrv] [           main] o.h.c.internal.RegionFactoryInitiator    : HHH000026: Second-level cache disabled
2024-05-01T22:50:55.015-04:00 DEBUG 181167 --- [salessrv] [           main] org.hibernate.type.BasicTypeRegistry     : Adding type registration boolean -> org.hibernate.type.BasicTypeReference@2913ca3e
2024-05-01T22:50:55.016-04:00 DEBUG 181167 --- [salessrv] [           main] org.hibernate.type.BasicTypeRegistry     : Adding type registration boolean -> org.hibernate.type.BasicTypeReference@2913ca3e
2024-05-01T22:50:55.016-04:00 DEBUG 181167 --- [salessrv] [           main] org.hibernate.type.BasicTypeRegistry     : Adding type registration java.lang.Boolean -> org.hibernate.type.BasicTypeReference@2913ca3e
2024-05-01T22:50:55.016-04:00 DEBUG 181167 --- [salessrv] [           main] org.hibernate.type.BasicTypeRegistry     : Adding type registration numeric_boolean -> org.hibernate.type.BasicTypeReference@636dbfe7
2024-05-01T22:50:55.016-04:00 DEBUG 181167 --- [salessrv] [           main] org.hibernate.type.BasicTypeRegistry     : Adding type registration org.hibernate.type.NumericBooleanConverter -> org.hibernate.type.BasicTypeReference@636dbfe7
2024-05-01T22:50:55.016-04:00 DEBUG 181167 --- [salessrv] [           main] org.hibernate.type.BasicTypeRegistry     : Adding type registration true_false -> org.hibernate.type.BasicTypeReference@42ecc554
2024-05-01T22:50:55.016-04:00 DEBUG 181167 --- [salessrv] [           main] org.hibernate.type.BasicTypeRegistry     : Adding type registration org.hibernate.type.TrueFalseConverter -> org.hibernate.type.BasicTypeReference@42ecc554
2024-05-01T22:50:55.017-04:00 DEBUG 181167 --- [salessrv] [           main] org.hibernate.type.BasicTypeRegistry     : Adding type registration yes_no -> org.hibernate.type.BasicTypeReference@443af394
2024-05-01T22:50:55.017-04:00 DEBUG 181167 --- [salessrv] [           main] org.hibernate.type.BasicTypeRegistry     : Adding type registration org.hibernate.type.YesNoConverter -> org.hibernate.type.BasicTypeReference@443af394
2024-05-01T22:50:55.017-04:00 DEBUG 181167 --- [salessrv] [           main] org.hibernate.type.BasicTypeRegistry     : Adding type registration byte -> org.hibernate.type.BasicTypeReference@734f8317
2024-05-01T22:50:55.017-04:00 DEBUG 181167 --- [salessrv] [           main] org.hibernate.type.BasicTypeRegistry     : Adding type registration byte -> org.hibernate.type.BasicTypeReference@734f8317
2024-05-01T22:50:55.017-04:00 DEBUG 181167 --- [salessrv] [           main] org.hibernate.type.BasicTypeRegistry     : Adding type registration java.lang.Byte -> org.hibernate.type.BasicTypeReference@734f8317
2024-05-01T22:50:55.018-04:00 DEBUG 181167 --- [salessrv] [           main] org.hibernate.type.BasicTypeRegistry     : Adding type registration binary -> org.hibernate.type.BasicTypeReference@7dd3981e
2024-05-01T22:50:55.018-04:00 DEBUG 181167 --- [salessrv] [           main] org.hibernate.type.BasicTypeRegistry     : Adding type registration byte[] -> org.hibernate.type.BasicTypeReference@7dd3981e
2024-05-01T22:50:55.018-04:00 DEBUG 181167 --- [salessrv] [           main] org.hibernate.type.BasicTypeRegistry     : Adding type registration [B -> org.hibernate.type.BasicTypeReference@7dd3981e
2024-05-01T22:50:55.018-04:00 DEBUG 181167 --- [salessrv] [           main] org.hibernate.type.BasicTypeRegistry     : Adding type registration binary_wrapper -> org.hibernate.type.BasicTypeReference@59313495
2024-05-01T22:50:55.018-04:00 DEBUG 181167 --- [salessrv] [           main] org.hibernate.type.BasicTypeRegistry     : Adding type registration wrapper-binary -> org.hibernate.type.BasicTypeReference@59313495
2024-05-01T22:50:55.019-04:00 DEBUG 181167 --- [salessrv] [           main] org.hibernate.type.BasicTypeRegistry     : Adding type registration image -> org.hibernate.type.BasicTypeReference@4a04ca74
2024-05-01T22:50:55.019-04:00 DEBUG 181167 --- [salessrv] [           main] org.hibernate.type.BasicTypeRegistry     : Adding type registration blob -> org.hibernate.type.BasicTypeReference@455cbf18
2024-05-01T22:50:55.019-04:00 DEBUG 181167 --- [salessrv] [           main] org.hibernate.type.BasicTypeRegistry     : Adding type registration java.sql.Blob -> org.hibernate.type.BasicTypeReference@455cbf18
2024-05-01T22:50:55.019-04:00 DEBUG 181167 --- [salessrv] [           main] org.hibernate.type.BasicTypeRegistry     : Adding type registration materialized_blob -> org.hibernate.type.BasicTypeReference@24aedcc5
2024-05-01T22:50:55.019-04:00 DEBUG 181167 --- [salessrv] [           main] org.hibernate.type.BasicTypeRegistry     : Adding type registration materialized_blob_wrapper -> org.hibernate.type.BasicTypeReference@74ebd159
2024-05-01T22:50:55.020-04:00 DEBUG 181167 --- [salessrv] [           main] org.hibernate.type.BasicTypeRegistry     : Adding type registration short -> org.hibernate.type.BasicTypeReference@1850f2da
2024-05-01T22:50:55.020-04:00 DEBUG 181167 --- [salessrv] [           main] org.hibernate.type.BasicTypeRegistry     : Adding type registration short -> org.hibernate.type.BasicTypeReference@1850f2da
2024-05-01T22:50:55.020-04:00 DEBUG 181167 --- [salessrv] [           main] org.hibernate.type.BasicTypeRegistry     : Adding type registration java.lang.Short -> org.hibernate.type.BasicTypeReference@1850f2da
2024-05-01T22:50:55.020-04:00 DEBUG 181167 --- [salessrv] [           main] org.hibernate.type.BasicTypeRegistry     : Adding type registration integer -> org.hibernate.type.BasicTypeReference@38d42ab7
2024-05-01T22:50:55.021-04:00 DEBUG 181167 --- [salessrv] [           main] org.hibernate.type.BasicTypeRegistry     : Adding type registration int -> org.hibernate.type.BasicTypeReference@38d42ab7
2024-05-01T22:50:55.021-04:00 DEBUG 181167 --- [salessrv] [           main] org.hibernate.type.BasicTypeRegistry     : Adding type registration java.lang.Integer -> org.hibernate.type.BasicTypeReference@38d42ab7
2024-05-01T22:50:55.021-04:00 DEBUG 181167 --- [salessrv] [           main] org.hibernate.type.BasicTypeRegistry     : Adding type registration long -> org.hibernate.type.BasicTypeReference@6ace919c
2024-05-01T22:50:55.021-04:00 DEBUG 181167 --- [salessrv] [           main] org.hibernate.type.BasicTypeRegistry     : Adding type registration long -> org.hibernate.type.BasicTypeReference@6ace919c
2024-05-01T22:50:55.021-04:00 DEBUG 181167 --- [salessrv] [           main] org.hibernate.type.BasicTypeRegistry     : Adding type registration java.lang.Long -> org.hibernate.type.BasicTypeReference@6ace919c
2024-05-01T22:50:55.022-04:00 DEBUG 181167 --- [salessrv] [           main] org.hibernate.type.BasicTypeRegistry     : Adding type registration float -> org.hibernate.type.BasicTypeReference@4005e485
2024-05-01T22:50:55.022-04:00 DEBUG 181167 --- [salessrv] [           main] org.hibernate.type.BasicTypeRegistry     : Adding type registration float -> org.hibernate.type.BasicTypeReference@4005e485
2024-05-01T22:50:55.022-04:00 DEBUG 181167 --- [salessrv] [           main] org.hibernate.type.BasicTypeRegistry     : Adding type registration java.lang.Float -> org.hibernate.type.BasicTypeReference@4005e485
2024-05-01T22:50:55.022-04:00 DEBUG 181167 --- [salessrv] [           main] org.hibernate.type.BasicTypeRegistry     : Adding type registration double -> org.hibernate.type.BasicTypeReference@5f5c187d
2024-05-01T22:50:55.022-04:00 DEBUG 181167 --- [salessrv] [           main] org.hibernate.type.BasicTypeRegistry     : Adding type registration double -> org.hibernate.type.BasicTypeReference@5f5c187d
2024-05-01T22:50:55.023-04:00 DEBUG 181167 --- [salessrv] [           main] org.hibernate.type.BasicTypeRegistry     : Adding type registration java.lang.Double -> org.hibernate.type.BasicTypeReference@5f5c187d
2024-05-01T22:50:55.023-04:00 DEBUG 181167 --- [salessrv] [           main] org.hibernate.type.BasicTypeRegistry     : Adding type registration big_integer -> org.hibernate.type.BasicTypeReference@464400b3
2024-05-01T22:50:55.023-04:00 DEBUG 181167 --- [salessrv] [           main] org.hibernate.type.BasicTypeRegistry     : Adding type registration java.math.BigInteger -> org.hibernate.type.BasicTypeReference@464400b3
2024-05-01T22:50:55.023-04:00 DEBUG 181167 --- [salessrv] [           main] org.hibernate.type.BasicTypeRegistry     : Adding type registration big_decimal -> org.hibernate.type.BasicTypeReference@58182b96
2024-05-01T22:50:55.024-04:00 DEBUG 181167 --- [salessrv] [           main] org.hibernate.type.BasicTypeRegistry     : Adding type registration java.math.BigDecimal -> org.hibernate.type.BasicTypeReference@58182b96
2024-05-01T22:50:55.024-04:00 DEBUG 181167 --- [salessrv] [           main] org.hibernate.type.BasicTypeRegistry     : Adding type registration character -> org.hibernate.type.BasicTypeReference@37d6dddc
2024-05-01T22:50:55.024-04:00 DEBUG 181167 --- [salessrv] [           main] org.hibernate.type.BasicTypeRegistry     : Adding type registration char -> org.hibernate.type.BasicTypeReference@37d6dddc
2024-05-01T22:50:55.024-04:00 DEBUG 181167 --- [salessrv] [           main] org.hibernate.type.BasicTypeRegistry     : Adding type registration java.lang.Character -> org.hibernate.type.BasicTypeReference@37d6dddc
2024-05-01T22:50:55.024-04:00 DEBUG 181167 --- [salessrv] [           main] org.hibernate.type.BasicTypeRegistry     : Adding type registration character_nchar -> org.hibernate.type.BasicTypeReference@8f6b4ab
2024-05-01T22:50:55.024-04:00 DEBUG 181167 --- [salessrv] [           main] org.hibernate.type.BasicTypeRegistry     : Adding type registration string -> org.hibernate.type.BasicTypeReference@6e517c9e
2024-05-01T22:50:55.025-04:00 DEBUG 181167 --- [salessrv] [           main] org.hibernate.type.BasicTypeRegistry     : Adding type registration java.lang.String -> org.hibernate.type.BasicTypeReference@6e517c9e
2024-05-01T22:50:55.025-04:00 DEBUG 181167 --- [salessrv] [           main] org.hibernate.type.BasicTypeRegistry     : Adding type registration nstring -> org.hibernate.type.BasicTypeReference@770cae59
2024-05-01T22:50:55.025-04:00 DEBUG 181167 --- [salessrv] [           main] org.hibernate.type.BasicTypeRegistry     : Adding type registration characters -> org.hibernate.type.BasicTypeReference@76b5a559
2024-05-01T22:50:55.025-04:00 DEBUG 181167 --- [salessrv] [           main] org.hibernate.type.BasicTypeRegistry     : Adding type registration char[] -> org.hibernate.type.BasicTypeReference@76b5a559
2024-05-01T22:50:55.025-04:00 DEBUG 181167 --- [salessrv] [           main] org.hibernate.type.BasicTypeRegistry     : Adding type registration [C -> org.hibernate.type.BasicTypeReference@76b5a559
2024-05-01T22:50:55.025-04:00 DEBUG 181167 --- [salessrv] [           main] org.hibernate.type.BasicTypeRegistry     : Adding type registration wrapper-characters -> org.hibernate.type.BasicTypeReference@4bdb04c8
2024-05-01T22:50:55.026-04:00 DEBUG 181167 --- [salessrv] [           main] org.hibernate.type.BasicTypeRegistry     : Adding type registration text -> org.hibernate.type.BasicTypeReference@2e8b24a1
2024-05-01T22:50:55.026-04:00 DEBUG 181167 --- [salessrv] [           main] org.hibernate.type.BasicTypeRegistry     : Adding type registration ntext -> org.hibernate.type.BasicTypeReference@3ce7394f
2024-05-01T22:50:55.026-04:00 DEBUG 181167 --- [salessrv] [           main] org.hibernate.type.BasicTypeRegistry     : Adding type registration clob -> org.hibernate.type.BasicTypeReference@6723cce7
2024-05-01T22:50:55.026-04:00 DEBUG 181167 --- [salessrv] [           main] org.hibernate.type.BasicTypeRegistry     : Adding type registration java.sql.Clob -> org.hibernate.type.BasicTypeReference@6723cce7
2024-05-01T22:50:55.026-04:00 DEBUG 181167 --- [salessrv] [           main] org.hibernate.type.BasicTypeRegistry     : Adding type registration nclob -> org.hibernate.type.BasicTypeReference@74cd798f
2024-05-01T22:50:55.027-04:00 DEBUG 181167 --- [salessrv] [           main] org.hibernate.type.BasicTypeRegistry     : Adding type registration java.sql.NClob -> org.hibernate.type.BasicTypeReference@74cd798f
2024-05-01T22:50:55.027-04:00 DEBUG 181167 --- [salessrv] [           main] org.hibernate.type.BasicTypeRegistry     : Adding type registration materialized_clob -> org.hibernate.type.BasicTypeReference@314f59b
2024-05-01T22:50:55.027-04:00 DEBUG 181167 --- [salessrv] [           main] org.hibernate.type.BasicTypeRegistry     : Adding type registration materialized_clob_char_array -> org.hibernate.type.BasicTypeReference@63c99f7
2024-05-01T22:50:55.027-04:00 DEBUG 181167 --- [salessrv] [           main] org.hibernate.type.BasicTypeRegistry     : Adding type registration materialized_clob_character_array -> org.hibernate.type.BasicTypeReference@7f012923
2024-05-01T22:50:55.027-04:00 DEBUG 181167 --- [salessrv] [           main] org.hibernate.type.BasicTypeRegistry     : Adding type registration materialized_nclob -> org.hibernate.type.BasicTypeReference@601f264d
2024-05-01T22:50:55.028-04:00 DEBUG 181167 --- [salessrv] [           main] org.hibernate.type.BasicTypeRegistry     : Adding type registration materialized_nclob_character_array -> org.hibernate.type.BasicTypeReference@4403bff8
2024-05-01T22:50:55.028-04:00 DEBUG 181167 --- [salessrv] [           main] org.hibernate.type.BasicTypeRegistry     : Adding type registration materialized_nclob_char_array -> org.hibernate.type.BasicTypeReference@261275ae
2024-05-01T22:50:55.028-04:00 DEBUG 181167 --- [salessrv] [           main] org.hibernate.type.BasicTypeRegistry     : Adding type registration Duration -> org.hibernate.type.BasicTypeReference@502c087e
2024-05-01T22:50:55.028-04:00 DEBUG 181167 --- [salessrv] [           main] org.hibernate.type.BasicTypeRegistry     : Adding type registration java.time.Duration -> org.hibernate.type.BasicTypeReference@502c087e
2024-05-01T22:50:55.028-04:00 DEBUG 181167 --- [salessrv] [           main] org.hibernate.type.BasicTypeRegistry     : Adding type registration LocalDateTime -> org.hibernate.type.BasicTypeReference@49986178
2024-05-01T22:50:55.029-04:00 DEBUG 181167 --- [salessrv] [           main] org.hibernate.type.BasicTypeRegistry     : Adding type registration java.time.LocalDateTime -> org.hibernate.type.BasicTypeReference@49986178
2024-05-01T22:50:55.029-04:00 DEBUG 181167 --- [salessrv] [           main] org.hibernate.type.BasicTypeRegistry     : Adding type registration LocalDate -> org.hibernate.type.BasicTypeReference@10bdfbcc
2024-05-01T22:50:55.029-04:00 DEBUG 181167 --- [salessrv] [           main] org.hibernate.type.BasicTypeRegistry     : Adding type registration java.time.LocalDate -> org.hibernate.type.BasicTypeReference@10bdfbcc
2024-05-01T22:50:55.029-04:00 DEBUG 181167 --- [salessrv] [           main] org.hibernate.type.BasicTypeRegistry     : Adding type registration LocalTime -> org.hibernate.type.BasicTypeReference@25b74370
2024-05-01T22:50:55.029-04:00 DEBUG 181167 --- [salessrv] [           main] org.hibernate.type.BasicTypeRegistry     : Adding type registration java.time.LocalTime -> org.hibernate.type.BasicTypeReference@25b74370
2024-05-01T22:50:55.030-04:00 DEBUG 181167 --- [salessrv] [           main] org.hibernate.type.BasicTypeRegistry     : Adding type registration OffsetDateTime -> org.hibernate.type.BasicTypeReference@15e8c040
2024-05-01T22:50:55.030-04:00 DEBUG 181167 --- [salessrv] [           main] org.hibernate.type.BasicTypeRegistry     : Adding type registration java.time.OffsetDateTime -> org.hibernate.type.BasicTypeReference@15e8c040
2024-05-01T22:50:55.030-04:00 DEBUG 181167 --- [salessrv] [           main] org.hibernate.type.BasicTypeRegistry     : Adding type registration OffsetDateTimeWithTimezone -> org.hibernate.type.BasicTypeReference@1f71e024
2024-05-01T22:50:55.030-04:00 DEBUG 181167 --- [salessrv] [           main] org.hibernate.type.BasicTypeRegistry     : Adding type registration OffsetDateTimeWithoutTimezone -> org.hibernate.type.BasicTypeReference@60ed0b9d
2024-05-01T22:50:55.030-04:00 DEBUG 181167 --- [salessrv] [           main] org.hibernate.type.BasicTypeRegistry     : Adding type registration OffsetTime -> org.hibernate.type.BasicTypeReference@7f5e6833
2024-05-01T22:50:55.030-04:00 DEBUG 181167 --- [salessrv] [           main] org.hibernate.type.BasicTypeRegistry     : Adding type registration java.time.OffsetTime -> org.hibernate.type.BasicTypeReference@7f5e6833
2024-05-01T22:50:55.030-04:00 DEBUG 181167 --- [salessrv] [           main] org.hibernate.type.BasicTypeRegistry     : Adding type registration OffsetTimeUtc -> org.hibernate.type.BasicTypeReference@2c674d58
2024-05-01T22:50:55.030-04:00 DEBUG 181167 --- [salessrv] [           main] org.hibernate.type.BasicTypeRegistry     : Adding type registration OffsetTimeWithTimezone -> org.hibernate.type.BasicTypeReference@3c07e830
2024-05-01T22:50:55.031-04:00 DEBUG 181167 --- [salessrv] [           main] org.hibernate.type.BasicTypeRegistry     : Adding type registration OffsetTimeWithoutTimezone -> org.hibernate.type.BasicTypeReference@34beadce
2024-05-01T22:50:55.031-04:00 DEBUG 181167 --- [salessrv] [           main] org.hibernate.type.BasicTypeRegistry     : Adding type registration ZonedDateTime -> org.hibernate.type.BasicTypeReference@382d549a
2024-05-01T22:50:55.031-04:00 DEBUG 181167 --- [salessrv] [           main] org.hibernate.type.BasicTypeRegistry     : Adding type registration java.time.ZonedDateTime -> org.hibernate.type.BasicTypeReference@382d549a
2024-05-01T22:50:55.031-04:00 DEBUG 181167 --- [salessrv] [           main] org.hibernate.type.BasicTypeRegistry     : Adding type registration ZonedDateTimeWithTimezone -> org.hibernate.type.BasicTypeReference@2eb6d34a
2024-05-01T22:50:55.031-04:00 DEBUG 181167 --- [salessrv] [           main] org.hibernate.type.BasicTypeRegistry     : Adding type registration ZonedDateTimeWithoutTimezone -> org.hibernate.type.BasicTypeReference@2d73e8c4
2024-05-01T22:50:55.031-04:00 DEBUG 181167 --- [salessrv] [           main] org.hibernate.type.BasicTypeRegistry     : Adding type registration date -> org.hibernate.type.BasicTypeReference@6ce2e079
2024-05-01T22:50:55.031-04:00 DEBUG 181167 --- [salessrv] [           main] org.hibernate.type.BasicTypeRegistry     : Adding type registration java.sql.Date -> org.hibernate.type.BasicTypeReference@6ce2e079
2024-05-01T22:50:55.032-04:00 DEBUG 181167 --- [salessrv] [           main] org.hibernate.type.BasicTypeRegistry     : Adding type registration time -> org.hibernate.type.BasicTypeReference@3e39e0fb
2024-05-01T22:50:55.032-04:00 DEBUG 181167 --- [salessrv] [           main] org.hibernate.type.BasicTypeRegistry     : Adding type registration java.sql.Time -> org.hibernate.type.BasicTypeReference@3e39e0fb
2024-05-01T22:50:55.032-04:00 DEBUG 181167 --- [salessrv] [           main] org.hibernate.type.BasicTypeRegistry     : Adding type registration timestamp -> org.hibernate.type.BasicTypeReference@260d48f5
2024-05-01T22:50:55.032-04:00 DEBUG 181167 --- [salessrv] [           main] org.hibernate.type.BasicTypeRegistry     : Adding type registration java.sql.Timestamp -> org.hibernate.type.BasicTypeReference@260d48f5
2024-05-01T22:50:55.032-04:00 DEBUG 181167 --- [salessrv] [           main] org.hibernate.type.BasicTypeRegistry     : Adding type registration java.util.Date -> org.hibernate.type.BasicTypeReference@260d48f5
2024-05-01T22:50:55.032-04:00 DEBUG 181167 --- [salessrv] [           main] org.hibernate.type.BasicTypeRegistry     : Adding type registration calendar -> org.hibernate.type.BasicTypeReference@148ab138
2024-05-01T22:50:55.032-04:00 DEBUG 181167 --- [salessrv] [           main] org.hibernate.type.BasicTypeRegistry     : Adding type registration java.util.Calendar -> org.hibernate.type.BasicTypeReference@148ab138
2024-05-01T22:50:55.033-04:00 DEBUG 181167 --- [salessrv] [           main] org.hibernate.type.BasicTypeRegistry     : Adding type registration java.util.GregorianCalendar -> org.hibernate.type.BasicTypeReference@148ab138
2024-05-01T22:50:55.033-04:00 DEBUG 181167 --- [salessrv] [           main] org.hibernate.type.BasicTypeRegistry     : Adding type registration calendar_date -> org.hibernate.type.BasicTypeReference@6f106af8
2024-05-01T22:50:55.033-04:00 DEBUG 181167 --- [salessrv] [           main] org.hibernate.type.BasicTypeRegistry     : Adding type registration calendar_time -> org.hibernate.type.BasicTypeReference@1edf71d9
2024-05-01T22:50:55.033-04:00 DEBUG 181167 --- [salessrv] [           main] org.hibernate.type.BasicTypeRegistry     : Adding type registration instant -> org.hibernate.type.BasicTypeReference@52d9d817
2024-05-01T22:50:55.033-04:00 DEBUG 181167 --- [salessrv] [           main] org.hibernate.type.BasicTypeRegistry     : Adding type registration java.time.Instant -> org.hibernate.type.BasicTypeReference@52d9d817
2024-05-01T22:50:55.033-04:00 DEBUG 181167 --- [salessrv] [           main] org.hibernate.type.BasicTypeRegistry     : Adding type registration uuid -> org.hibernate.type.BasicTypeReference@131ba005
2024-05-01T22:50:55.034-04:00 DEBUG 181167 --- [salessrv] [           main] org.hibernate.type.BasicTypeRegistry     : Adding type registration java.util.UUID -> org.hibernate.type.BasicTypeReference@131ba005
2024-05-01T22:50:55.034-04:00 DEBUG 181167 --- [salessrv] [           main] org.hibernate.type.BasicTypeRegistry     : Adding type registration pg-uuid -> org.hibernate.type.BasicTypeReference@131ba005
2024-05-01T22:50:55.034-04:00 DEBUG 181167 --- [salessrv] [           main] org.hibernate.type.BasicTypeRegistry     : Adding type registration uuid-binary -> org.hibernate.type.BasicTypeReference@7f305f34
2024-05-01T22:50:55.034-04:00 DEBUG 181167 --- [salessrv] [           main] org.hibernate.type.BasicTypeRegistry     : Adding type registration uuid-char -> org.hibernate.type.BasicTypeReference@1a84a8b2
2024-05-01T22:50:55.034-04:00 DEBUG 181167 --- [salessrv] [           main] org.hibernate.type.BasicTypeRegistry     : Adding type registration class -> org.hibernate.type.BasicTypeReference@601d295
2024-05-01T22:50:55.034-04:00 DEBUG 181167 --- [salessrv] [           main] org.hibernate.type.BasicTypeRegistry     : Adding type registration java.lang.Class -> org.hibernate.type.BasicTypeReference@601d295
2024-05-01T22:50:55.035-04:00 DEBUG 181167 --- [salessrv] [           main] org.hibernate.type.BasicTypeRegistry     : Adding type registration currency -> org.hibernate.type.BasicTypeReference@485451d8
2024-05-01T22:50:55.035-04:00 DEBUG 181167 --- [salessrv] [           main] org.hibernate.type.BasicTypeRegistry     : Adding type registration Currency -> org.hibernate.type.BasicTypeReference@485451d8
2024-05-01T22:50:55.035-04:00 DEBUG 181167 --- [salessrv] [           main] org.hibernate.type.BasicTypeRegistry     : Adding type registration java.util.Currency -> org.hibernate.type.BasicTypeReference@485451d8
2024-05-01T22:50:55.035-04:00 DEBUG 181167 --- [salessrv] [           main] org.hibernate.type.BasicTypeRegistry     : Adding type registration locale -> org.hibernate.type.BasicTypeReference@35e07e19
2024-05-01T22:50:55.035-04:00 DEBUG 181167 --- [salessrv] [           main] org.hibernate.type.BasicTypeRegistry     : Adding type registration java.util.Locale -> org.hibernate.type.BasicTypeReference@35e07e19
2024-05-01T22:50:55.035-04:00 DEBUG 181167 --- [salessrv] [           main] org.hibernate.type.BasicTypeRegistry     : Adding type registration serializable -> org.hibernate.type.BasicTypeReference@a1e912f
2024-05-01T22:50:55.036-04:00 DEBUG 181167 --- [salessrv] [           main] org.hibernate.type.BasicTypeRegistry     : Adding type registration java.io.Serializable -> org.hibernate.type.BasicTypeReference@a1e912f
2024-05-01T22:50:55.036-04:00 DEBUG 181167 --- [salessrv] [           main] org.hibernate.type.BasicTypeRegistry     : Adding type registration timezone -> org.hibernate.type.BasicTypeReference@2036f83
2024-05-01T22:50:55.036-04:00 DEBUG 181167 --- [salessrv] [           main] org.hibernate.type.BasicTypeRegistry     : Adding type registration java.util.TimeZone -> org.hibernate.type.BasicTypeReference@2036f83
2024-05-01T22:50:55.036-04:00 DEBUG 181167 --- [salessrv] [           main] org.hibernate.type.BasicTypeRegistry     : Adding type registration ZoneOffset -> org.hibernate.type.BasicTypeReference@68b3248a
2024-05-01T22:50:55.036-04:00 DEBUG 181167 --- [salessrv] [           main] org.hibernate.type.BasicTypeRegistry     : Adding type registration java.time.ZoneOffset -> org.hibernate.type.BasicTypeReference@68b3248a
2024-05-01T22:50:55.037-04:00 DEBUG 181167 --- [salessrv] [           main] org.hibernate.type.BasicTypeRegistry     : Adding type registration url -> org.hibernate.type.BasicTypeReference@5e158f33
2024-05-01T22:50:55.037-04:00 DEBUG 181167 --- [salessrv] [           main] org.hibernate.type.BasicTypeRegistry     : Adding type registration java.net.URL -> org.hibernate.type.BasicTypeReference@5e158f33
2024-05-01T22:50:55.037-04:00 DEBUG 181167 --- [salessrv] [           main] org.hibernate.type.BasicTypeRegistry     : Adding type registration vector -> org.hibernate.type.BasicTypeReference@20fcea37
2024-05-01T22:50:55.037-04:00 DEBUG 181167 --- [salessrv] [           main] org.hibernate.type.BasicTypeRegistry     : Adding type registration row_version -> org.hibernate.type.BasicTypeReference@399af6dc
2024-05-01T22:50:55.042-04:00 DEBUG 181167 --- [salessrv] [           main] org.hibernate.type.BasicTypeRegistry     : Adding type registration object -> org.hibernate.type.JavaObjectType@42ff9a77
2024-05-01T22:50:55.043-04:00 DEBUG 181167 --- [salessrv] [           main] org.hibernate.type.BasicTypeRegistry     : Adding type registration java.lang.Object -> org.hibernate.type.JavaObjectType@42ff9a77
2024-05-01T22:50:55.044-04:00 DEBUG 181167 --- [salessrv] [           main] org.hibernate.type.BasicTypeRegistry     : Adding type registration null -> org.hibernate.type.NullType@47fa3671
2024-05-01T22:50:55.045-04:00 DEBUG 181167 --- [salessrv] [           main] org.hibernate.type.BasicTypeRegistry     : Adding type registration imm_date -> org.hibernate.type.BasicTypeReference@60f662bd
2024-05-01T22:50:55.045-04:00 DEBUG 181167 --- [salessrv] [           main] org.hibernate.type.BasicTypeRegistry     : Adding type registration imm_time -> org.hibernate.type.BasicTypeReference@5df2023c
2024-05-01T22:50:55.045-04:00 DEBUG 181167 --- [salessrv] [           main] org.hibernate.type.BasicTypeRegistry     : Adding type registration imm_timestamp -> org.hibernate.type.BasicTypeReference@23bd047f
2024-05-01T22:50:55.045-04:00 DEBUG 181167 --- [salessrv] [           main] org.hibernate.type.BasicTypeRegistry     : Adding type registration imm_calendar -> org.hibernate.type.BasicTypeReference@3562e7c7
2024-05-01T22:50:55.045-04:00 DEBUG 181167 --- [salessrv] [           main] org.hibernate.type.BasicTypeRegistry     : Adding type registration imm_calendar_date -> org.hibernate.type.BasicTypeReference@66d2885c
2024-05-01T22:50:55.045-04:00 DEBUG 181167 --- [salessrv] [           main] org.hibernate.type.BasicTypeRegistry     : Adding type registration imm_calendar_time -> org.hibernate.type.BasicTypeReference@2bfc8558
2024-05-01T22:50:55.046-04:00 DEBUG 181167 --- [salessrv] [           main] org.hibernate.type.BasicTypeRegistry     : Adding type registration imm_binary -> org.hibernate.type.BasicTypeReference@6029f2a4
2024-05-01T22:50:55.046-04:00 DEBUG 181167 --- [salessrv] [           main] org.hibernate.type.BasicTypeRegistry     : Adding type registration imm_serializable -> org.hibernate.type.BasicTypeReference@42576db9
2024-05-01T22:50:55.054-04:00 DEBUG 181167 --- [salessrv] [           main] o.h.boot.internal.BootstrapContextImpl   : Injecting JPA temp ClassLoader [org.springframework.instrument.classloading.SimpleThrowawayClassLoader@41167ded] into BootstrapContext; was [null]
2024-05-01T22:50:55.055-04:00 DEBUG 181167 --- [salessrv] [           main] o.h.boot.internal.ClassLoaderAccessImpl  : ClassLoaderAccessImpl#injectTempClassLoader(org.springframework.instrument.classloading.SimpleThrowawayClassLoader@41167ded) [was null]
2024-05-01T22:50:55.055-04:00 DEBUG 181167 --- [salessrv] [           main] o.h.boot.internal.BootstrapContextImpl   : Injecting ScanEnvironment [org.hibernate.jpa.boot.internal.StandardJpaScanEnvironmentImpl@5d2e6f62] into BootstrapContext; was [null]
2024-05-01T22:50:55.055-04:00 DEBUG 181167 --- [salessrv] [           main] o.h.boot.internal.BootstrapContextImpl   : Injecting ScanOptions [org.hibernate.boot.archive.scan.internal.StandardScanOptions@77ff14ce] into BootstrapContext; was [org.hibernate.boot.archive.scan.internal.StandardScanOptions@733fae8]
2024-05-01T22:50:55.090-04:00  INFO 181167 --- [salessrv] [           main] o.s.o.j.p.SpringPersistenceUnitInfo      : No LoadTimeWeaver setup: ignoring JPA class transformer
2024-05-01T22:50:55.090-04:00 DEBUG 181167 --- [salessrv] [           main] o.h.boot.internal.BootstrapContextImpl   : Injecting JPA temp ClassLoader [null] into BootstrapContext; was [org.springframework.instrument.classloading.SimpleThrowawayClassLoader@41167ded]
2024-05-01T22:50:55.090-04:00 DEBUG 181167 --- [salessrv] [           main] o.h.boot.internal.ClassLoaderAccessImpl  : ClassLoaderAccessImpl#injectTempClassLoader(null) [was org.springframework.instrument.classloading.SimpleThrowawayClassLoader@41167ded]
2024-05-01T22:50:55.126-04:00  INFO 181167 --- [salessrv] [           main] com.zaxxer.hikari.HikariDataSource       : HikariPool-1 - Starting...
2024-05-01T22:50:55.132-04:00  WARN 181167 --- [salessrv] [           main] c.zaxxer.hikari.util.DriverDataSource    : Registered driver with driverClassName=oracle.jdbc.driver.OracleDriver was not found, trying direct instantiation.
2024-05-01T22:50:59.519-04:00  INFO 181167 --- [salessrv] [           main] com.zaxxer.hikari.pool.HikariPool        : HikariPool-1 - Added connection oracle.jdbc.driver.T4CConnection@32b95de
2024-05-01T22:50:59.521-04:00  INFO 181167 --- [salessrv] [           main] com.zaxxer.hikari.HikariDataSource       : HikariPool-1 - Start completed.
2024-05-01T22:50:59.527-04:00 DEBUG 181167 --- [salessrv] [           main] o.h.e.j.e.i.JdbcEnvironmentInitiator     : Database ->
       name : Oracle
    version : Oracle Database 19c Enterprise Edition Release 19.0.0.0.0 - Production
Version 19.23.0.1.0
      major : 19
      minor : 0
2024-05-01T22:50:59.527-04:00 DEBUG 181167 --- [salessrv] [           main] o.h.e.j.e.i.JdbcEnvironmentInitiator     : Driver ->
       name : Oracle JDBC driver
    version : 21.9.0.0.0
      major : 21
      minor : 9
2024-05-01T22:50:59.528-04:00 DEBUG 181167 --- [salessrv] [           main] o.h.e.j.e.i.JdbcEnvironmentInitiator     : JDBC version : 4.3
2024-05-01T22:50:59.790-04:00  WARN 181167 --- [salessrv] [           main] org.hibernate.orm.deprecation            : HHH90000025: OracleDialect does not need to be specified explicitly using 'hibernate.dialect' (remove the property setting and it will be selected by default)
2024-05-01T22:50:59.792-04:00 DEBUG 181167 --- [salessrv] [           main] org.hibernate.orm.dialect                : HHH035001: Using dialect: org.hibernate.dialect.OracleDialect, version: 19.0
2024-05-01T22:50:59.911-04:00 DEBUG 181167 --- [salessrv] [           main] o.h.t.d.jdbc.spi.JdbcTypeRegistry        : addDescriptor(NCharTypeDescriptor) replaced previous registration(CharTypeDescriptor)
2024-05-01T22:50:59.911-04:00 DEBUG 181167 --- [salessrv] [           main] o.h.t.d.jdbc.spi.JdbcTypeRegistry        : addDescriptor(NVarcharTypeDescriptor) replaced previous registration(VarcharTypeDescriptor)
2024-05-01T22:50:59.912-04:00 DEBUG 181167 --- [salessrv] [           main] o.h.t.d.jdbc.spi.JdbcTypeRegistry        : addDescriptor(LongNVarcharTypeDescriptor) replaced previous registration(LongVarcharTypeDescriptor)
2024-05-01T22:50:59.922-04:00 DEBUG 181167 --- [salessrv] [           main] o.h.t.d.jdbc.spi.JdbcTypeRegistry        : addDescriptor(NClobTypeDescriptor(DEFAULT)) replaced previous registration(ClobTypeDescriptor(DEFAULT))
2024-05-01T22:50:59.927-04:00 DEBUG 181167 --- [salessrv] [           main] o.h.t.d.jdbc.spi.JdbcTypeRegistry        : addDescriptor(2005, ClobTypeDescriptor(STREAM_BINDING)) replaced previous registration(ClobTypeDescriptor(DEFAULT))
2024-05-01T22:50:59.929-04:00 DEBUG 181167 --- [salessrv] [           main] o.h.t.d.jdbc.spi.JdbcTypeRegistry        : addDescriptor(BooleanTypeDescriptor) replaced previous registration(BooleanTypeDescriptor)
2024-05-01T22:50:59.945-04:00 DEBUG 181167 --- [salessrv] [           main] org.hibernate.type.BasicTypeRegistry     : Adding type registration null -> org.hibernate.type.NullType@7097d921
2024-05-01T22:50:59.945-04:00 DEBUG 181167 --- [salessrv] [           main] org.hibernate.type.BasicTypeRegistry     : Type registration key [null] overrode previous entry : `org.hibernate.type.NullType@47fa3671`
2024-05-01T22:50:59.949-04:00 DEBUG 181167 --- [salessrv] [           main] org.hibernate.type.BasicTypeRegistry     : Adding type registration JAVA_OBJECT -> org.hibernate.type.JavaObjectType@38caad07
2024-05-01T22:50:59.950-04:00 DEBUG 181167 --- [salessrv] [           main] org.hibernate.type.BasicTypeRegistry     : Adding type registration java.lang.Object -> org.hibernate.type.JavaObjectType@38caad07
2024-05-01T22:50:59.950-04:00 DEBUG 181167 --- [salessrv] [           main] org.hibernate.type.BasicTypeRegistry     : Type registration key [java.lang.Object] overrode previous entry : `org.hibernate.type.JavaObjectType@42ff9a77`
2024-05-01T22:50:59.956-04:00 DEBUG 181167 --- [salessrv] [           main] org.hibernate.type.BasicTypeRegistry     : Adding type registration org.hibernate.type.DurationType -> basicType@1(java.time.Duration,3015)
2024-05-01T22:50:59.956-04:00 DEBUG 181167 --- [salessrv] [           main] org.hibernate.type.BasicTypeRegistry     : Adding type registration Duration -> basicType@1(java.time.Duration,3015)
2024-05-01T22:50:59.956-04:00 DEBUG 181167 --- [salessrv] [           main] org.hibernate.type.BasicTypeRegistry     : Adding type registration java.time.Duration -> basicType@1(java.time.Duration,3015)
2024-05-01T22:50:59.960-04:00 DEBUG 181167 --- [salessrv] [           main] o.h.type.spi.TypeConfiguration$Scope     : Scoping TypeConfiguration [org.hibernate.type.spi.TypeConfiguration@40c0437f] to MetadataBuildingContext [org.hibernate.boot.internal.MetadataBuildingContextRootImpl@78b8f818]
2024-05-01T22:51:00.137-04:00 DEBUG 181167 --- [salessrv] [           main] o.h.boot.model.relational.Namespace      : Created database namespace [logicalName=Name{catalog=null, schema=null}, physicalName=Name{catalog=null, schema=null}]
2024-05-01T22:51:00.300-04:00 DEBUG 181167 --- [salessrv] [           main] o.h.boot.model.internal.EntityBinder     : Binding entity from annotated class: com.example.salessrv.Product
2024-05-01T22:51:00.318-04:00 DEBUG 181167 --- [salessrv] [           main] o.h.boot.model.internal.EntityBinder     : Import with entity name Product
2024-05-01T22:51:00.347-04:00 DEBUG 181167 --- [salessrv] [           main] o.h.boot.model.internal.EntityBinder     : Bind entity com.example.salessrv.Product on table product
2024-05-01T22:51:00.380-04:00 DEBUG 181167 --- [salessrv] [           main] o.h.boot.model.internal.AnnotatedColumn  : Binding column: AnnotatedDiscriminatorColumn(column='DTYPE')
2024-05-01T22:51:00.424-04:00 DEBUG 181167 --- [salessrv] [           main] o.h.boot.model.internal.AnnotatedColumn  : Binding column: AnnotatedColumn(column='id')
2024-05-01T22:51:00.427-04:00 DEBUG 181167 --- [salessrv] [           main] o.h.boot.internal.ClassLoaderAccessImpl  : Not known whether passed class name [com.example.salessrv.Product] is safe
2024-05-01T22:51:00.428-04:00 DEBUG 181167 --- [salessrv] [           main] o.h.boot.internal.ClassLoaderAccessImpl  : No temp ClassLoader provided; using live ClassLoader for loading potentially unsafe class : com.example.salessrv.Product
2024-05-01T22:51:00.440-04:00 DEBUG 181167 --- [salessrv] [           main] o.h.boot.model.internal.PropertyBinder   : MetadataSourceProcessor property id with lazy=false
2024-05-01T22:51:00.445-04:00 DEBUG 181167 --- [salessrv] [           main] o.h.b.m.internal.AbstractPropertyHolder  : Attempting to locate auto-apply AttributeConverter for property [com.example.salessrv.Product:id]
2024-05-01T22:51:00.454-04:00 DEBUG 181167 --- [salessrv] [           main] o.h.b.model.internal.BasicValueBinder    : building BasicValue for id
2024-05-01T22:51:00.458-04:00 DEBUG 181167 --- [salessrv] [           main] org.hibernate.mapping.BasicValue         : Skipping column re-registration: product.id
2024-05-01T22:51:00.459-04:00 DEBUG 181167 --- [salessrv] [           main] o.h.boot.model.internal.PropertyBinder   : Building property id
2024-05-01T22:51:00.472-04:00 DEBUG 181167 --- [salessrv] [           main] o.h.boot.model.internal.BinderHelper     : #makeIdGenerator(BasicValue([Column(id)]), id, identity, , ...)
2024-05-01T22:51:00.480-04:00 DEBUG 181167 --- [salessrv] [           main] o.h.boot.model.internal.AnnotatedColumn  : Binding column: AnnotatedColumn(column='name')
2024-05-01T22:51:00.482-04:00 DEBUG 181167 --- [salessrv] [           main] o.h.boot.model.internal.PropertyBinder   : MetadataSourceProcessor property name with lazy=false
2024-05-01T22:51:00.482-04:00 DEBUG 181167 --- [salessrv] [           main] o.h.b.m.internal.AbstractPropertyHolder  : Attempting to locate auto-apply AttributeConverter for property [com.example.salessrv.Product:name]
2024-05-01T22:51:00.482-04:00 DEBUG 181167 --- [salessrv] [           main] o.h.b.model.internal.BasicValueBinder    : building BasicValue for name
2024-05-01T22:51:00.484-04:00 DEBUG 181167 --- [salessrv] [           main] org.hibernate.mapping.BasicValue         : Skipping column re-registration: product.name
2024-05-01T22:51:00.484-04:00 DEBUG 181167 --- [salessrv] [           main] o.h.boot.model.internal.PropertyBinder   : Building property name
2024-05-01T22:51:00.486-04:00 DEBUG 181167 --- [salessrv] [           main] o.h.boot.model.internal.AnnotatedColumn  : Binding column: AnnotatedColumn(column='price')
2024-05-01T22:51:00.486-04:00 DEBUG 181167 --- [salessrv] [           main] o.h.boot.model.internal.PropertyBinder   : MetadataSourceProcessor property price with lazy=false
2024-05-01T22:51:00.486-04:00 DEBUG 181167 --- [salessrv] [           main] o.h.b.m.internal.AbstractPropertyHolder  : Attempting to locate auto-apply AttributeConverter for property [com.example.salessrv.Product:price]
2024-05-01T22:51:00.486-04:00 DEBUG 181167 --- [salessrv] [           main] o.h.b.model.internal.BasicValueBinder    : building BasicValue for price
2024-05-01T22:51:00.486-04:00 DEBUG 181167 --- [salessrv] [           main] org.hibernate.mapping.BasicValue         : Skipping column re-registration: product.price
2024-05-01T22:51:00.486-04:00 DEBUG 181167 --- [salessrv] [           main] o.h.boot.model.internal.PropertyBinder   : Building property price
2024-05-01T22:51:00.487-04:00 DEBUG 181167 --- [salessrv] [           main] o.h.boot.model.internal.AnnotatedColumn  : Binding column: AnnotatedColumn(column='quantity')
2024-05-01T22:51:00.487-04:00 DEBUG 181167 --- [salessrv] [           main] o.h.boot.model.internal.PropertyBinder   : MetadataSourceProcessor property quantity with lazy=false
2024-05-01T22:51:00.488-04:00 DEBUG 181167 --- [salessrv] [           main] o.h.b.m.internal.AbstractPropertyHolder  : Attempting to locate auto-apply AttributeConverter for property [com.example.salessrv.Product:quantity]
2024-05-01T22:51:00.488-04:00 DEBUG 181167 --- [salessrv] [           main] o.h.b.model.internal.BasicValueBinder    : building BasicValue for quantity
2024-05-01T22:51:00.488-04:00 DEBUG 181167 --- [salessrv] [           main] org.hibernate.mapping.BasicValue         : Skipping column re-registration: product.quantity
2024-05-01T22:51:00.488-04:00 DEBUG 181167 --- [salessrv] [           main] o.h.boot.model.internal.PropertyBinder   : Building property quantity
2024-05-01T22:51:00.493-04:00 DEBUG 181167 --- [salessrv] [           main] o.h.boot.model.internal.AnnotatedColumn  : Binding column: AnnotatedJoinColumn(column='sale_id')
2024-05-01T22:51:00.498-04:00 DEBUG 181167 --- [salessrv] [           main] o.h.boot.model.internal.AnnotatedColumn  : Binding column: AnnotatedColumn()
2024-05-01T22:51:00.509-04:00 DEBUG 181167 --- [salessrv] [           main] o.h.boot.model.internal.PropertyBinder   : Building property sale
2024-05-01T22:51:00.512-04:00 DEBUG 181167 --- [salessrv] [           main] o.h.b.r.c.i.ClassLoaderServiceImpl       : HHH000194: Package not found or wo package-info.java: com.example.salessrv
2024-05-01T22:51:00.525-04:00 DEBUG 181167 --- [salessrv] [           main] o.h.boot.model.internal.EntityBinder     : Binding entity from annotated class: com.example.salessrv.model.Sale
2024-05-01T22:51:00.527-04:00 DEBUG 181167 --- [salessrv] [           main] o.h.boot.model.internal.EntityBinder     : Import with entity name Sale
2024-05-01T22:51:00.527-04:00 DEBUG 181167 --- [salessrv] [           main] o.h.boot.model.internal.EntityBinder     : Bind entity com.example.salessrv.model.Sale on table sale
2024-05-01T22:51:00.528-04:00 DEBUG 181167 --- [salessrv] [           main] o.h.boot.model.internal.AnnotatedColumn  : Binding column: AnnotatedDiscriminatorColumn(column='DTYPE')
2024-05-01T22:51:00.540-04:00 DEBUG 181167 --- [salessrv] [           main] o.h.boot.model.internal.AnnotatedColumn  : Binding column: AnnotatedColumn(column='id')
2024-05-01T22:51:00.540-04:00 DEBUG 181167 --- [salessrv] [           main] o.h.boot.internal.ClassLoaderAccessImpl  : Not known whether passed class name [com.example.salessrv.model.Sale] is safe
2024-05-01T22:51:00.541-04:00 DEBUG 181167 --- [salessrv] [           main] o.h.boot.internal.ClassLoaderAccessImpl  : No temp ClassLoader provided; using live ClassLoader for loading potentially unsafe class : com.example.salessrv.model.Sale
2024-05-01T22:51:00.541-04:00 DEBUG 181167 --- [salessrv] [           main] o.h.boot.model.internal.PropertyBinder   : MetadataSourceProcessor property id with lazy=false
2024-05-01T22:51:00.541-04:00 DEBUG 181167 --- [salessrv] [           main] o.h.b.m.internal.AbstractPropertyHolder  : Attempting to locate auto-apply AttributeConverter for property [com.example.salessrv.model.Sale:id]
2024-05-01T22:51:00.541-04:00 DEBUG 181167 --- [salessrv] [           main] o.h.b.model.internal.BasicValueBinder    : building BasicValue for id
2024-05-01T22:51:00.541-04:00 DEBUG 181167 --- [salessrv] [           main] org.hibernate.mapping.BasicValue         : Skipping column re-registration: sale.id
2024-05-01T22:51:00.541-04:00 DEBUG 181167 --- [salessrv] [           main] o.h.boot.model.internal.PropertyBinder   : Building property id
2024-05-01T22:51:00.541-04:00 DEBUG 181167 --- [salessrv] [           main] o.h.boot.model.internal.BinderHelper     : #makeIdGenerator(BasicValue([Column(id)]), id, identity, , ...)
2024-05-01T22:51:00.542-04:00 DEBUG 181167 --- [salessrv] [           main] o.h.boot.model.internal.AnnotatedColumn  : Binding column: AnnotatedJoinColumn()
2024-05-01T22:51:00.543-04:00 DEBUG 181167 --- [salessrv] [           main] o.h.boot.model.internal.AnnotatedColumn  : Binding column: AnnotatedColumn()
2024-05-01T22:51:00.564-04:00 DEBUG 181167 --- [salessrv] [           main] o.h.boot.model.internal.AnnotatedColumn  : Binding column: IndexColumn(column='products_ORDER')
2024-05-01T22:51:00.573-04:00 DEBUG 181167 --- [salessrv] [           main] o.h.boot.model.internal.AnnotatedColumn  : Binding column: AnnotatedColumn()
2024-05-01T22:51:00.575-04:00 DEBUG 181167 --- [salessrv] [           main] o.h.boot.model.internal.AnnotatedColumn  : Binding column: AnnotatedColumn(column='products_KEY')
2024-05-01T22:51:00.578-04:00 DEBUG 181167 --- [salessrv] [           main] o.h.boot.model.internal.AnnotatedColumn  : Binding column: AnnotatedJoinColumn(column='products_KEY')
2024-05-01T22:51:00.579-04:00 DEBUG 181167 --- [salessrv] [           main] o.h.boot.model.internal.AnnotatedColumn  : Binding column: AnnotatedJoinColumn()
2024-05-01T22:51:00.579-04:00 DEBUG 181167 --- [salessrv] [           main] o.h.boot.model.internal.AnnotatedColumn  : Binding column: AnnotatedJoinColumn()
2024-05-01T22:51:00.585-04:00 DEBUG 181167 --- [salessrv] [           main] o.h.b.model.internal.CollectionBinder    : Collection role: com.example.salessrv.model.Sale.products
2024-05-01T22:51:00.589-04:00 DEBUG 181167 --- [salessrv] [           main] o.h.boot.model.internal.PropertyBinder   : Building property products
2024-05-01T22:51:00.591-04:00 DEBUG 181167 --- [salessrv] [           main] o.h.boot.model.internal.AnnotatedColumn  : Binding column: AnnotatedColumn(column='sale_date')
2024-05-01T22:51:00.592-04:00 DEBUG 181167 --- [salessrv] [           main] o.h.boot.model.internal.PropertyBinder   : MetadataSourceProcessor property saleDate with lazy=false
2024-05-01T22:51:00.593-04:00 DEBUG 181167 --- [salessrv] [           main] o.h.b.m.internal.AbstractPropertyHolder  : Attempting to locate auto-apply AttributeConverter for property [com.example.salessrv.model.Sale:saleDate]
2024-05-01T22:51:00.593-04:00 DEBUG 181167 --- [salessrv] [           main] o.h.b.model.internal.BasicValueBinder    : building BasicValue for saleDate
2024-05-01T22:51:00.594-04:00 DEBUG 181167 --- [salessrv] [           main] org.hibernate.mapping.BasicValue         : Skipping column re-registration: sale.sale_date
2024-05-01T22:51:00.595-04:00 DEBUG 181167 --- [salessrv] [           main] o.h.boot.model.internal.PropertyBinder   : Building property saleDate
2024-05-01T22:51:00.600-04:00 DEBUG 181167 --- [salessrv] [           main] o.h.b.r.c.i.ClassLoaderServiceImpl       : HHH000194: Package not found or wo package-info.java: com.example.salessrv.model
2024-05-01T22:51:00.610-04:00 DEBUG 181167 --- [salessrv] [           main] o.h.b.model.internal.BasicValueBinder    : Starting `BasicValueBinder#fillSimpleValue` for id
2024-05-01T22:51:00.612-04:00 DEBUG 181167 --- [salessrv] [           main] o.h.b.model.internal.BasicValueBinder    : Starting `BasicValueBinder#fillSimpleValue` for name
2024-05-01T22:51:00.613-04:00 DEBUG 181167 --- [salessrv] [           main] o.h.b.model.internal.BasicValueBinder    : Starting `BasicValueBinder#fillSimpleValue` for price
2024-05-01T22:51:00.613-04:00 DEBUG 181167 --- [salessrv] [           main] o.h.b.model.internal.BasicValueBinder    : Starting `BasicValueBinder#fillSimpleValue` for quantity
2024-05-01T22:51:00.613-04:00 DEBUG 181167 --- [salessrv] [           main] o.h.b.model.internal.BasicValueBinder    : Starting `BasicValueBinder#fillSimpleValue` for id
2024-05-01T22:51:00.613-04:00 DEBUG 181167 --- [salessrv] [           main] o.h.b.model.internal.BasicValueBinder    : Starting `BasicValueBinder#fillSimpleValue` for saleDate
2024-05-01T22:51:00.621-04:00 DEBUG 181167 --- [salessrv] [           main] org.hibernate.mapping.PrimaryKey         : Forcing column [id] to be non-null as it is part of the primary key for table [product]
2024-05-01T22:51:00.621-04:00 DEBUG 181167 --- [salessrv] [           main] org.hibernate.mapping.PrimaryKey         : Forcing column [id] to be non-null as it is part of the primary key for table [sale]
2024-05-01T22:51:00.623-04:00 DEBUG 181167 --- [salessrv] [           main] o.h.b.m.internal.CollectionSecondPass    : Second pass for collection: com.example.salessrv.model.Sale.products
2024-05-01T22:51:00.624-04:00 DEBUG 181167 --- [salessrv] [           main] o.h.b.model.internal.CollectionBinder    : Binding a OneToMany: com.example.salessrv.model.Sale.products through a foreign key
2024-05-01T22:51:00.629-04:00 DEBUG 181167 --- [salessrv] [           main] o.h.b.model.internal.CollectionBinder    : Mapping collection: com.example.salessrv.model.Sale.products -> product
2024-05-01T22:51:00.634-04:00 DEBUG 181167 --- [salessrv] [           main] o.h.boot.model.internal.TableBinder      : Retrieving property com.example.salessrv.Product.sale
2024-05-01T22:51:00.636-04:00 DEBUG 181167 --- [salessrv] [           main] o.h.b.m.internal.CollectionSecondPass    : Mapped collection key: sale_id, one-to-many: com.example.salessrv.Product
2024-05-01T22:51:00.636-04:00 DEBUG 181167 --- [salessrv] [           main] o.h.b.i.InFlightMetadataCollectorImpl    : Resolving reference to class: com.example.salessrv.model.Sale
2024-05-01T22:51:00.662-04:00 DEBUG 181167 --- [salessrv] [           main] o.h.b.i.InFlightMetadataCollectorImpl    : Resolving reference to class: com.example.salessrv.model.Sale
2024-05-01T22:51:00.784-04:00 DEBUG 181167 --- [salessrv] [           main] o.hibernate.internal.SessionFactoryImpl  : Building session factory
2024-05-01T22:51:00.852-04:00 DEBUG 181167 --- [salessrv] [           main] .h.s.i.SessionFactoryServiceRegistryImpl : EventListenerRegistry access via ServiceRegistry is deprecated.  Use `sessionFactory.getEventEngine().getListenerRegistry()` instead
2024-05-01T22:51:00.853-04:00 DEBUG 181167 --- [salessrv] [           main] o.hibernate.internal.SessionFactoryImpl  : Instantiating SessionFactory with settings: {java.specification.version=17, hibernate.resource.beans.container=org.springframework.orm.hibernate5.SpringBeanContainer@1ea19c97, hibernate.connection.handling_mode=DELAYED_ACQUISITION_AND_HOLD, sun.jnu.encoding=UTF-8, hibernate.dialect=org.hibernate.dialect.OracleDialect, hibernate.implicit_naming_strategy=org.springframework.boot.orm.jpa.hibernate.SpringImplicitNamingStrategy, java.class.path=/home/romero-developments/Documentos/Ingeniería en desarrollo de software/DESARROLLO FULLSTACK I/Semana 9/salessrv/target/test-classes:/home/romero-developments/Documentos/Ingeniería en desarrollo de software/DESARROLLO FULLSTACK I/Semana 9/salessrv/target/classes:/home/romero-developments/.m2/repository/org/springframework/boot/spring-boot-starter-web/3.2.5/spring-boot-starter-web-3.2.5.jar:/home/romero-developments/.m2/repository/org/springframework/boot/spring-boot-starter/3.2.5/spring-boot-starter-3.2.5.jar:/home/romero-developments/.m2/repository/org/springframework/boot/spring-boot-starter-logging/3.2.5/spring-boot-starter-logging-3.2.5.jar:/home/romero-developments/.m2/repository/ch/qos/logback/logback-classic/1.4.14/logback-classic-1.4.14.jar:/home/romero-developments/.m2/repository/ch/qos/logback/logback-core/1.4.14/logback-core-1.4.14.jar:/home/romero-developments/.m2/repository/org/apache/logging/log4j/log4j-to-slf4j/2.21.1/log4j-to-slf4j-2.21.1.jar:/home/romero-developments/.m2/repository/org/apache/logging/log4j/log4j-api/2.21.1/log4j-api-2.21.1.jar:/home/romero-developments/.m2/repository/org/slf4j/jul-to-slf4j/2.0.13/jul-to-slf4j-2.0.13.jar:/home/romero-developments/.m2/repository/jakarta/annotation/jakarta.annotation-api/2.1.1/jakarta.annotation-api-2.1.1.jar:/home/romero-developments/.m2/repository/org/yaml/snakeyaml/2.2/snakeyaml-2.2.jar:/home/romero-developments/.m2/repository/org/springframework/boot/spring-boot-starter-json/3.2.5/spring-boot-starter-json-3.2.5.jar:/home/romero-developments/.m2/repository/com/fasterxml/jackson/core/jackson-databind/2.15.4/jackson-databind-2.15.4.jar:/home/romero-developments/.m2/repository/com/fasterxml/jackson/core/jackson-annotations/2.15.4/jackson-annotations-2.15.4.jar:/home/romero-developments/.m2/repository/com/fasterxml/jackson/core/jackson-core/2.15.4/jackson-core-2.15.4.jar:/home/romero-developments/.m2/repository/com/fasterxml/jackson/datatype/jackson-datatype-jdk8/2.15.4/jackson-datatype-jdk8-2.15.4.jar:/home/romero-developments/.m2/repository/com/fasterxml/jackson/datatype/jackson-datatype-jsr310/2.15.4/jackson-datatype-jsr310-2.15.4.jar:/home/romero-developments/.m2/repository/com/fasterxml/jackson/module/jackson-module-parameter-names/2.15.4/jackson-module-parameter-names-2.15.4.jar:/home/romero-developments/.m2/repository/org/springframework/boot/spring-boot-starter-tomcat/3.2.5/spring-boot-starter-tomcat-3.2.5.jar:/home/romero-developments/.m2/repository/org/apache/tomcat/embed/tomcat-embed-core/10.1.20/tomcat-embed-core-10.1.20.jar:/home/romero-developments/.m2/repository/org/apache/tomcat/embed/tomcat-embed-el/10.1.20/tomcat-embed-el-10.1.20.jar:/home/romero-developments/.m2/repository/org/apache/tomcat/embed/tomcat-embed-websocket/10.1.20/tomcat-embed-websocket-10.1.20.jar:/home/romero-developments/.m2/repository/org/springframework/spring-web/6.1.6/spring-web-6.1.6.jar:/home/romero-developments/.m2/repository/org/springframework/spring-beans/6.1.6/spring-beans-6.1.6.jar:/home/romero-developments/.m2/repository/io/micrometer/micrometer-observation/1.12.5/micrometer-observation-1.12.5.jar:/home/romero-developments/.m2/repository/io/micrometer/micrometer-commons/1.12.5/micrometer-commons-1.12.5.jar:/home/romero-developments/.m2/repository/org/springframework/spring-webmvc/6.1.6/spring-webmvc-6.1.6.jar:/home/romero-developments/.m2/repository/org/springframework/spring-aop/6.1.6/spring-aop-6.1.6.jar:/home/romero-developments/.m2/repository/org/springframework/spring-context/6.1.6/spring-context-6.1.6.jar:/home/romero-developments/.m2/repository/org/springframework/spring-expression/6.1.6/spring-expression-6.1.6.jar:/home/romero-developments/.m2/repository/org/springframework/boot/spring-boot-devtools/3.2.5/spring-boot-devtools-3.2.5.jar:/home/romero-developments/.m2/repository/org/springframework/boot/spring-boot/3.2.5/spring-boot-3.2.5.jar:/home/romero-developments/.m2/repository/org/springframework/boot/spring-boot-autoconfigure/3.2.5/spring-boot-autoconfigure-3.2.5.jar:/home/romero-developments/.m2/repository/com/oracle/database/jdbc/ojdbc11/21.9.0.0/ojdbc11-21.9.0.0.jar:/home/romero-developments/.m2/repository/com/oracle/database/security/oraclepki/21.5.0.0/oraclepki-21.5.0.0.jar:/home/romero-developments/.m2/repository/com/oracle/database/security/osdt_cert/21.5.0.0/osdt_cert-21.5.0.0.jar:/home/romero-developments/.m2/repository/com/oracle/database/security/osdt_core/21.5.0.0/osdt_core-21.5.0.0.jar:/home/romero-developments/.m2/repository/org/projectlombok/lombok/1.18.32/lombok-1.18.32.jar:/home/romero-developments/.m2/repository/org/springframework/boot/spring-boot-starter-test/3.2.5/spring-boot-starter-test-3.2.5.jar:/home/romero-developments/.m2/repository/org/springframework/boot/spring-boot-test/3.2.5/spring-boot-test-3.2.5.jar:/home/romero-developments/.m2/repository/org/springframework/boot/spring-boot-test-autoconfigure/3.2.5/spring-boot-test-autoconfigure-3.2.5.jar:/home/romero-developments/.m2/repository/com/jayway/jsonpath/json-path/2.9.0/json-path-2.9.0.jar:/home/romero-developments/.m2/repository/org/slf4j/slf4j-api/2.0.13/slf4j-api-2.0.13.jar:/home/romero-developments/.m2/repository/jakarta/xml/bind/jakarta.xml.bind-api/4.0.2/jakarta.xml.bind-api-4.0.2.jar:/home/romero-developments/.m2/repository/jakarta/activation/jakarta.activation-api/2.1.3/jakarta.activation-api-2.1.3.jar:/home/romero-developments/.m2/repository/net/minidev/json-smart/2.5.1/json-smart-2.5.1.jar:/home/romero-developments/.m2/repository/net/minidev/accessors-smart/2.5.1/accessors-smart-2.5.1.jar:/home/romero-developments/.m2/repository/org/ow2/asm/asm/9.6/asm-9.6.jar:/home/romero-developments/.m2/repository/org/assertj/assertj-core/3.24.2/assertj-core-3.24.2.jar:/home/romero-developments/.m2/repository/net/bytebuddy/byte-buddy/1.14.13/byte-buddy-1.14.13.jar:/home/romero-developments/.m2/repository/org/awaitility/awaitility/4.2.1/awaitility-4.2.1.jar:/home/romero-developments/.m2/repository/org/hamcrest/hamcrest/2.2/hamcrest-2.2.jar:/home/romero-developments/.m2/repository/org/junit/jupiter/junit-jupiter/5.10.2/junit-jupiter-5.10.2.jar:/home/romero-developments/.m2/repository/org/junit/jupiter/junit-jupiter-api/5.10.2/junit-jupiter-api-5.10.2.jar:/home/romero-developments/.m2/repository/org/opentest4j/opentest4j/1.3.0/opentest4j-1.3.0.jar:/home/romero-developments/.m2/repository/org/junit/platform/junit-platform-commons/1.10.2/junit-platform-commons-1.10.2.jar:/home/romero-developments/.m2/repository/org/apiguardian/apiguardian-api/1.1.2/apiguardian-api-1.1.2.jar:/home/romero-developments/.m2/repository/org/junit/jupiter/junit-jupiter-params/5.10.2/junit-jupiter-params-5.10.2.jar:/home/romero-developments/.m2/repository/org/junit/jupiter/junit-jupiter-engine/5.10.2/junit-jupiter-engine-5.10.2.jar:/home/romero-developments/.m2/repository/org/junit/platform/junit-platform-engine/1.10.2/junit-platform-engine-1.10.2.jar:/home/romero-developments/.m2/repository/org/mockito/mockito-core/5.7.0/mockito-core-5.7.0.jar:/home/romero-developments/.m2/repository/net/bytebuddy/byte-buddy-agent/1.14.13/byte-buddy-agent-1.14.13.jar:/home/romero-developments/.m2/repository/org/objenesis/objenesis/3.3/objenesis-3.3.jar:/home/romero-developments/.m2/repository/org/mockito/mockito-junit-jupiter/5.7.0/mockito-junit-jupiter-5.7.0.jar:/home/romero-developments/.m2/repository/org/skyscreamer/jsonassert/1.5.1/jsonassert-1.5.1.jar:/home/romero-developments/.m2/repository/com/vaadin/external/google/android-json/0.0.20131108.vaadin1/android-json-0.0.20131108.vaadin1.jar:/home/romero-developments/.m2/repository/org/springframework/spring-core/6.1.6/spring-core-6.1.6.jar:/home/romero-developments/.m2/repository/org/springframework/spring-jcl/6.1.6/spring-jcl-6.1.6.jar:/home/romero-developments/.m2/repository/org/springframework/spring-test/6.1.6/spring-test-6.1.6.jar:/home/romero-developments/.m2/repository/org/xmlunit/xmlunit-core/2.9.1/xmlunit-core-2.9.1.jar:/home/romero-developments/.m2/repository/org/springframework/boot/spring-boot-starter-data-jpa/3.2.5/spring-boot-starter-data-jpa-3.2.5.jar:/home/romero-developments/.m2/repository/org/springframework/boot/spring-boot-starter-aop/3.2.5/spring-boot-starter-aop-3.2.5.jar:/home/romero-developments/.m2/repository/org/aspectj/aspectjweaver/1.9.22/aspectjweaver-1.9.22.jar:/home/romero-developments/.m2/repository/org/springframework/boot/spring-boot-starter-jdbc/3.2.5/spring-boot-starter-jdbc-3.2.5.jar:/home/romero-developments/.m2/repository/com/zaxxer/HikariCP/5.0.1/HikariCP-5.0.1.jar:/home/romero-developments/.m2/repository/org/springframework/spring-jdbc/6.1.6/spring-jdbc-6.1.6.jar:/home/romero-developments/.m2/repository/org/hibernate/orm/hibernate-core/6.4.4.Final/hibernate-core-6.4.4.Final.jar:/home/romero-developments/.m2/repository/jakarta/persistence/jakarta.persistence-api/3.1.0/jakarta.persistence-api-3.1.0.jar:/home/romero-developments/.m2/repository/jakarta/transaction/jakarta.transaction-api/2.0.1/jakarta.transaction-api-2.0.1.jar:/home/romero-developments/.m2/repository/org/jboss/logging/jboss-logging/3.5.3.Final/jboss-logging-3.5.3.Final.jar:/home/romero-developments/.m2/repository/org/hibernate/common/hibernate-commons-annotations/6.0.6.Final/hibernate-commons-annotations-6.0.6.Final.jar:/home/romero-developments/.m2/repository/io/smallrye/jandex/3.1.2/jandex-3.1.2.jar:/home/romero-developments/.m2/repository/com/fasterxml/classmate/1.6.0/classmate-1.6.0.jar:/home/romero-developments/.m2/repository/org/glassfish/jaxb/jaxb-runtime/4.0.5/jaxb-runtime-4.0.5.jar:/home/romero-developments/.m2/repository/org/glassfish/jaxb/jaxb-core/4.0.5/jaxb-core-4.0.5.jar:/home/romero-developments/.m2/repository/org/eclipse/angus/angus-activation/2.0.2/angus-activation-2.0.2.jar:/home/romero-developments/.m2/repository/org/glassfish/jaxb/txw2/4.0.5/txw2-4.0.5.jar:/home/romero-developments/.m2/repository/com/sun/istack/istack-commons-runtime/4.1.2/istack-commons-runtime-4.1.2.jar:/home/romero-developments/.m2/repository/jakarta/inject/jakarta.inject-api/2.0.1/jakarta.inject-api-2.0.1.jar:/home/romero-developments/.m2/repository/org/antlr/antlr4-runtime/4.13.0/antlr4-runtime-4.13.0.jar:/home/romero-developments/.m2/repository/org/springframework/data/spring-data-jpa/3.2.5/spring-data-jpa-3.2.5.jar:/home/romero-developments/.m2/repository/org/springframework/data/spring-data-commons/3.2.5/spring-data-commons-3.2.5.jar:/home/romero-developments/.m2/repository/org/springframework/spring-orm/6.1.6/spring-orm-6.1.6.jar:/home/romero-developments/.m2/repository/org/springframework/spring-tx/6.1.6/spring-tx-6.1.6.jar:/home/romero-developments/.m2/repository/org/springframework/spring-aspects/6.1.6/spring-aspects-6.1.6.jar:/home/romero-developments/.m2/repository/org/springframework/boot/spring-boot-starter-data-jdbc/3.2.5/spring-boot-starter-data-jdbc-3.2.5.jar:/home/romero-developments/.m2/repository/org/springframework/data/spring-data-jdbc/3.2.5/spring-data-jdbc-3.2.5.jar:/home/romero-developments/.m2/repository/org/springframework/data/spring-data-relational/3.2.5/spring-data-relational-3.2.5.jar:/home/romero-developments/.m2/repository/com/github/jsqlparser/jsqlparser/4.6/jsqlparser-4.6.jar:/home/romero-developments/.m2/repository/org/springframework/boot/spring-boot-starter-hateoas/3.2.5/spring-boot-starter-hateoas-3.2.5.jar:/home/romero-developments/.m2/repository/org/springframework/hateoas/spring-hateoas/2.2.2/spring-hateoas-2.2.2.jar:/home/romero-developments/.m2/repository/org/springframework/plugin/spring-plugin-core/3.0.0/spring-plugin-core-3.0.0.jar:, java.vm.vendor=Oracle Corporation, sun.arch.data.model=64, java.vendor.url=https://java.oracle.com/, user.timezone=America/Santiago, jakarta.persistence.sharedCache.mode=UNSPECIFIED, org.jboss.logging.provider=slf4j, java.vm.specification.version=17, os.name=Linux, jakarta.persistence.nonJtaDataSource=HikariDataSource (HikariPool-1), sun.java.launcher=SUN_STANDARD, user.country=CL, sun.boot.library.path=/usr/lib/jvm/jdk-17-oracle-x64/lib, sun.java.command=/home/romero-developments/Documentos/Ingeniería en desarrollo de software/DESARROLLO FULLSTACK I/Semana 9/salessrv/target/surefire/surefirebooter-20240501225048303_3.jar /home/romero-developments/Documentos/Ingeniería en desarrollo de software/DESARROLLO FULLSTACK I/Semana 9/salessrv/target/surefire 2024-05-01T22-50-48_129-jvmRun1 surefire-20240501225048303_1tmp surefire_0-20240501225048303_2tmp, javax.persistence.nonJtaDataSource=HikariDataSource (HikariPool-1), hibernate.transaction.jta.platform=org.hibernate.engine.transaction.jta.platform.internal.NoJtaPlatform@525b9df4, jdk.debug=release, surefire.test.class.path=/home/romero-developments/Documentos/Ingeniería en desarrollo de software/DESARROLLO FULLSTACK I/Semana 9/salessrv/target/test-classes:/home/romero-developments/Documentos/Ingeniería en desarrollo de software/DESARROLLO FULLSTACK I/Semana 9/salessrv/target/classes:/home/romero-developments/.m2/repository/org/springframework/boot/spring-boot-starter-web/3.2.5/spring-boot-starter-web-3.2.5.jar:/home/romero-developments/.m2/repository/org/springframework/boot/spring-boot-starter/3.2.5/spring-boot-starter-3.2.5.jar:/home/romero-developments/.m2/repository/org/springframework/boot/spring-boot-starter-logging/3.2.5/spring-boot-starter-logging-3.2.5.jar:/home/romero-developments/.m2/repository/ch/qos/logback/logback-classic/1.4.14/logback-classic-1.4.14.jar:/home/romero-developments/.m2/repository/ch/qos/logback/logback-core/1.4.14/logback-core-1.4.14.jar:/home/romero-developments/.m2/repository/org/apache/logging/log4j/log4j-to-slf4j/2.21.1/log4j-to-slf4j-2.21.1.jar:/home/romero-developments/.m2/repository/org/apache/logging/log4j/log4j-api/2.21.1/log4j-api-2.21.1.jar:/home/romero-developments/.m2/repository/org/slf4j/jul-to-slf4j/2.0.13/jul-to-slf4j-2.0.13.jar:/home/romero-developments/.m2/repository/jakarta/annotation/jakarta.annotation-api/2.1.1/jakarta.annotation-api-2.1.1.jar:/home/romero-developments/.m2/repository/org/yaml/snakeyaml/2.2/snakeyaml-2.2.jar:/home/romero-developments/.m2/repository/org/springframework/boot/spring-boot-starter-json/3.2.5/spring-boot-starter-json-3.2.5.jar:/home/romero-developments/.m2/repository/com/fasterxml/jackson/core/jackson-databind/2.15.4/jackson-databind-2.15.4.jar:/home/romero-developments/.m2/repository/com/fasterxml/jackson/core/jackson-annotations/2.15.4/jackson-annotations-2.15.4.jar:/home/romero-developments/.m2/repository/com/fasterxml/jackson/core/jackson-core/2.15.4/jackson-core-2.15.4.jar:/home/romero-developments/.m2/repository/com/fasterxml/jackson/datatype/jackson-datatype-jdk8/2.15.4/jackson-datatype-jdk8-2.15.4.jar:/home/romero-developments/.m2/repository/com/fasterxml/jackson/datatype/jackson-datatype-jsr310/2.15.4/jackson-datatype-jsr310-2.15.4.jar:/home/romero-developments/.m2/repository/com/fasterxml/jackson/module/jackson-module-parameter-names/2.15.4/jackson-module-parameter-names-2.15.4.jar:/home/romero-developments/.m2/repository/org/springframework/boot/spring-boot-starter-tomcat/3.2.5/spring-boot-starter-tomcat-3.2.5.jar:/home/romero-developments/.m2/repository/org/apache/tomcat/embed/tomcat-embed-core/10.1.20/tomcat-embed-core-10.1.20.jar:/home/romero-developments/.m2/repository/org/apache/tomcat/embed/tomcat-embed-el/10.1.20/tomcat-embed-el-10.1.20.jar:/home/romero-developments/.m2/repository/org/apache/tomcat/embed/tomcat-embed-websocket/10.1.20/tomcat-embed-websocket-10.1.20.jar:/home/romero-developments/.m2/repository/org/springframework/spring-web/6.1.6/spring-web-6.1.6.jar:/home/romero-developments/.m2/repository/org/springframework/spring-beans/6.1.6/spring-beans-6.1.6.jar:/home/romero-developments/.m2/repository/io/micrometer/micrometer-observation/1.12.5/micrometer-observation-1.12.5.jar:/home/romero-developments/.m2/repository/io/micrometer/micrometer-commons/1.12.5/micrometer-commons-1.12.5.jar:/home/romero-developments/.m2/repository/org/springframework/spring-webmvc/6.1.6/spring-webmvc-6.1.6.jar:/home/romero-developments/.m2/repository/org/springframework/spring-aop/6.1.6/spring-aop-6.1.6.jar:/home/romero-developments/.m2/repository/org/springframework/spring-context/6.1.6/spring-context-6.1.6.jar:/home/romero-developments/.m2/repository/org/springframework/spring-expression/6.1.6/spring-expression-6.1.6.jar:/home/romero-developments/.m2/repository/org/springframework/boot/spring-boot-devtools/3.2.5/spring-boot-devtools-3.2.5.jar:/home/romero-developments/.m2/repository/org/springframework/boot/spring-boot/3.2.5/spring-boot-3.2.5.jar:/home/romero-developments/.m2/repository/org/springframework/boot/spring-boot-autoconfigure/3.2.5/spring-boot-autoconfigure-3.2.5.jar:/home/romero-developments/.m2/repository/com/oracle/database/jdbc/ojdbc11/21.9.0.0/ojdbc11-21.9.0.0.jar:/home/romero-developments/.m2/repository/com/oracle/database/security/oraclepki/21.5.0.0/oraclepki-21.5.0.0.jar:/home/romero-developments/.m2/repository/com/oracle/database/security/osdt_cert/21.5.0.0/osdt_cert-21.5.0.0.jar:/home/romero-developments/.m2/repository/com/oracle/database/security/osdt_core/21.5.0.0/osdt_core-21.5.0.0.jar:/home/romero-developments/.m2/repository/org/projectlombok/lombok/1.18.32/lombok-1.18.32.jar:/home/romero-developments/.m2/repository/org/springframework/boot/spring-boot-starter-test/3.2.5/spring-boot-starter-test-3.2.5.jar:/home/romero-developments/.m2/repository/org/springframework/boot/spring-boot-test/3.2.5/spring-boot-test-3.2.5.jar:/home/romero-developments/.m2/repository/org/springframework/boot/spring-boot-test-autoconfigure/3.2.5/spring-boot-test-autoconfigure-3.2.5.jar:/home/romero-developments/.m2/repository/com/jayway/jsonpath/json-path/2.9.0/json-path-2.9.0.jar:/home/romero-developments/.m2/repository/org/slf4j/slf4j-api/2.0.13/slf4j-api-2.0.13.jar:/home/romero-developments/.m2/repository/jakarta/xml/bind/jakarta.xml.bind-api/4.0.2/jakarta.xml.bind-api-4.0.2.jar:/home/romero-developments/.m2/repository/jakarta/activation/jakarta.activation-api/2.1.3/jakarta.activation-api-2.1.3.jar:/home/romero-developments/.m2/repository/net/minidev/json-smart/2.5.1/json-smart-2.5.1.jar:/home/romero-developments/.m2/repository/net/minidev/accessors-smart/2.5.1/accessors-smart-2.5.1.jar:/home/romero-developments/.m2/repository/org/ow2/asm/asm/9.6/asm-9.6.jar:/home/romero-developments/.m2/repository/org/assertj/assertj-core/3.24.2/assertj-core-3.24.2.jar:/home/romero-developments/.m2/repository/net/bytebuddy/byte-buddy/1.14.13/byte-buddy-1.14.13.jar:/home/romero-developments/.m2/repository/org/awaitility/awaitility/4.2.1/awaitility-4.2.1.jar:/home/romero-developments/.m2/repository/org/hamcrest/hamcrest/2.2/hamcrest-2.2.jar:/home/romero-developments/.m2/repository/org/junit/jupiter/junit-jupiter/5.10.2/junit-jupiter-5.10.2.jar:/home/romero-developments/.m2/repository/org/junit/jupiter/junit-jupiter-api/5.10.2/junit-jupiter-api-5.10.2.jar:/home/romero-developments/.m2/repository/org/opentest4j/opentest4j/1.3.0/opentest4j-1.3.0.jar:/home/romero-developments/.m2/repository/org/junit/platform/junit-platform-commons/1.10.2/junit-platform-commons-1.10.2.jar:/home/romero-developments/.m2/repository/org/apiguardian/apiguardian-api/1.1.2/apiguardian-api-1.1.2.jar:/home/romero-developments/.m2/repository/org/junit/jupiter/junit-jupiter-params/5.10.2/junit-jupiter-params-5.10.2.jar:/home/romero-developments/.m2/repository/org/junit/jupiter/junit-jupiter-engine/5.10.2/junit-jupiter-engine-5.10.2.jar:/home/romero-developments/.m2/repository/org/junit/platform/junit-platform-engine/1.10.2/junit-platform-engine-1.10.2.jar:/home/romero-developments/.m2/repository/org/mockito/mockito-core/5.7.0/mockito-core-5.7.0.jar:/home/romero-developments/.m2/repository/net/bytebuddy/byte-buddy-agent/1.14.13/byte-buddy-agent-1.14.13.jar:/home/romero-developments/.m2/repository/org/objenesis/objenesis/3.3/objenesis-3.3.jar:/home/romero-developments/.m2/repository/org/mockito/mockito-junit-jupiter/5.7.0/mockito-junit-jupiter-5.7.0.jar:/home/romero-developments/.m2/repository/org/skyscreamer/jsonassert/1.5.1/jsonassert-1.5.1.jar:/home/romero-developments/.m2/repository/com/vaadin/external/google/android-json/0.0.20131108.vaadin1/android-json-0.0.20131108.vaadin1.jar:/home/romero-developments/.m2/repository/org/springframework/spring-core/6.1.6/spring-core-6.1.6.jar:/home/romero-developments/.m2/repository/org/springframework/spring-jcl/6.1.6/spring-jcl-6.1.6.jar:/home/romero-developments/.m2/repository/org/springframework/spring-test/6.1.6/spring-test-6.1.6.jar:/home/romero-developments/.m2/repository/org/xmlunit/xmlunit-core/2.9.1/xmlunit-core-2.9.1.jar:/home/romero-developments/.m2/repository/org/springframework/boot/spring-boot-starter-data-jpa/3.2.5/spring-boot-starter-data-jpa-3.2.5.jar:/home/romero-developments/.m2/repository/org/springframework/boot/spring-boot-starter-aop/3.2.5/spring-boot-starter-aop-3.2.5.jar:/home/romero-developments/.m2/repository/org/aspectj/aspectjweaver/1.9.22/aspectjweaver-1.9.22.jar:/home/romero-developments/.m2/repository/org/springframework/boot/spring-boot-starter-jdbc/3.2.5/spring-boot-starter-jdbc-3.2.5.jar:/home/romero-developments/.m2/repository/com/zaxxer/HikariCP/5.0.1/HikariCP-5.0.1.jar:/home/romero-developments/.m2/repository/org/springframework/spring-jdbc/6.1.6/spring-jdbc-6.1.6.jar:/home/romero-developments/.m2/repository/org/hibernate/orm/hibernate-core/6.4.4.Final/hibernate-core-6.4.4.Final.jar:/home/romero-developments/.m2/repository/jakarta/persistence/jakarta.persistence-api/3.1.0/jakarta.persistence-api-3.1.0.jar:/home/romero-developments/.m2/repository/jakarta/transaction/jakarta.transaction-api/2.0.1/jakarta.transaction-api-2.0.1.jar:/home/romero-developments/.m2/repository/org/jboss/logging/jboss-logging/3.5.3.Final/jboss-logging-3.5.3.Final.jar:/home/romero-developments/.m2/repository/org/hibernate/common/hibernate-commons-annotations/6.0.6.Final/hibernate-commons-annotations-6.0.6.Final.jar:/home/romero-developments/.m2/repository/io/smallrye/jandex/3.1.2/jandex-3.1.2.jar:/home/romero-developments/.m2/repository/com/fasterxml/classmate/1.6.0/classmate-1.6.0.jar:/home/romero-developments/.m2/repository/org/glassfish/jaxb/jaxb-runtime/4.0.5/jaxb-runtime-4.0.5.jar:/home/romero-developments/.m2/repository/org/glassfish/jaxb/jaxb-core/4.0.5/jaxb-core-4.0.5.jar:/home/romero-developments/.m2/repository/org/eclipse/angus/angus-activation/2.0.2/angus-activation-2.0.2.jar:/home/romero-developments/.m2/repository/org/glassfish/jaxb/txw2/4.0.5/txw2-4.0.5.jar:/home/romero-developments/.m2/repository/com/sun/istack/istack-commons-runtime/4.1.2/istack-commons-runtime-4.1.2.jar:/home/romero-developments/.m2/repository/jakarta/inject/jakarta.inject-api/2.0.1/jakarta.inject-api-2.0.1.jar:/home/romero-developments/.m2/repository/org/antlr/antlr4-runtime/4.13.0/antlr4-runtime-4.13.0.jar:/home/romero-developments/.m2/repository/org/springframework/data/spring-data-jpa/3.2.5/spring-data-jpa-3.2.5.jar:/home/romero-developments/.m2/repository/org/springframework/data/spring-data-commons/3.2.5/spring-data-commons-3.2.5.jar:/home/romero-developments/.m2/repository/org/springframework/spring-orm/6.1.6/spring-orm-6.1.6.jar:/home/romero-developments/.m2/repository/org/springframework/spring-tx/6.1.6/spring-tx-6.1.6.jar:/home/romero-developments/.m2/repository/org/springframework/spring-aspects/6.1.6/spring-aspects-6.1.6.jar:/home/romero-developments/.m2/repository/org/springframework/boot/spring-boot-starter-data-jdbc/3.2.5/spring-boot-starter-data-jdbc-3.2.5.jar:/home/romero-developments/.m2/repository/org/springframework/data/spring-data-jdbc/3.2.5/spring-data-jdbc-3.2.5.jar:/home/romero-developments/.m2/repository/org/springframework/data/spring-data-relational/3.2.5/spring-data-relational-3.2.5.jar:/home/romero-developments/.m2/repository/com/github/jsqlparser/jsqlparser/4.6/jsqlparser-4.6.jar:/home/romero-developments/.m2/repository/org/springframework/boot/spring-boot-starter-hateoas/3.2.5/spring-boot-starter-hateoas-3.2.5.jar:/home/romero-developments/.m2/repository/org/springframework/hateoas/spring-hateoas/2.2.2/spring-hateoas-2.2.2.jar:/home/romero-developments/.m2/repository/org/springframework/plugin/spring-plugin-core/3.0.0/spring-plugin-core-3.0.0.jar:, sun.cpu.endian=little, hibernate.cdi.extensions=true, user.home=/home/romero-developments, user.language=es, java.specification.vendor=Oracle Corporation, java.version.date=2024-01-16, java.home=/usr/lib/jvm/jdk-17-oracle-x64, file.separator=/, basedir=/home/romero-developments/Documentos/Ingeniería en desarrollo de software/DESARROLLO FULLSTACK I/Semana 9/salessrv, java.vm.compressedOopsMode=32-bit, line.separator=
, hibernate.persistenceUnitName=default, java.specification.name=Java Platform API Specification, java.vm.specification.vendor=Oracle Corporation, FILE_LOG_CHARSET=UTF-8, hibernate.transaction.coordinator_class=class org.hibernate.resource.transaction.backend.jdbc.internal.JdbcResourceLocalTransactionCoordinatorBuilderImpl, java.awt.headless=true, surefire.real.class.path=/home/romero-developments/Documentos/Ingeniería en desarrollo de software/DESARROLLO FULLSTACK I/Semana 9/salessrv/target/surefire/surefirebooter-20240501225048303_3.jar, jakarta.persistence.validation.mode=AUTO, hibernate.hbm2ddl.auto=create, sun.management.compiler=HotSpot 64-Bit Tiered Compilers, java.runtime.version=17.0.10+11-LTS-240, user.name=romero-developments, path.separator=:, os.version=6.5.0-28-generic, java.runtime.name=Java(TM) SE Runtime Environment, file.encoding=UTF-8, java.vm.name=Java HotSpot(TM) 64-Bit Server VM, hibernate.show_sql=true, localRepository=/home/romero-developments/.m2/repository, java.vendor.url.bug=https://bugreport.java.com/bugreport/, java.io.tmpdir=/tmp, java.version=17.0.10, hibernate.physical_naming_strategy=org.hibernate.boot.model.naming.CamelCaseToUnderscoresNamingStrategy, user.dir=/home/romero-developments/Documentos/Ingeniería en desarrollo de software/DESARROLLO FULLSTACK I/Semana 9/salessrv, os.arch=amd64, java.vm.specification.name=Java Virtual Machine Specification, PID=181167, CONSOLE_LOG_CHARSET=UTF-8, hibernate.boot.CfgXmlAccessService.key=org.hibernate.boot.registry.StandardServiceRegistryBuilder$1@52dd1be2, native.encoding=UTF-8, java.library.path=/usr/java/packages/lib:/usr/lib64:/lib64:/lib:/usr/lib, java.vendor=Oracle Corporation, java.vm.info=mixed mode, sharing, java.vm.version=17.0.10+11-LTS-240, sun.io.unicode.encoding=UnicodeLittle, hibernate.archive.scanner=org.hibernate.boot.archive.scan.internal.DisabledScanner, hibernate.connection.datasource=HikariDataSource (HikariPool-1), java.class.version=61.0, LOGGED_APPLICATION_NAME=[salessrv] }
2024-05-01T22:51:00.862-04:00 DEBUG 181167 --- [salessrv] [           main] o.hibernate.internal.SessionFactoryImpl  : Session factory constructed with filter configurations : {}
2024-05-01T22:51:00.928-04:00 DEBUG 181167 --- [salessrv] [           main] o.h.q.sqm.function.SqmFunctionRegistry   : Registered SqmFunctionTemplate [NamedSqmFunctionTemplate(max)] under max; prior registration was null
2024-05-01T22:51:00.929-04:00 DEBUG 181167 --- [salessrv] [           main] o.h.q.sqm.function.SqmFunctionRegistry   : Registered SqmFunctionTemplate [NamedSqmFunctionTemplate(min)] under min; prior registration was null
2024-05-01T22:51:00.930-04:00 DEBUG 181167 --- [salessrv] [           main] o.h.q.sqm.function.SqmFunctionRegistry   : Registered SqmFunctionTemplate [NamedSqmFunctionTemplate(sum)] under sum; prior registration was null
2024-05-01T22:51:00.931-04:00 DEBUG 181167 --- [salessrv] [           main] o.h.q.sqm.function.SqmFunctionRegistry   : Registered SqmFunctionTemplate [NamedSqmFunctionTemplate(avg)] under avg; prior registration was null
2024-05-01T22:51:00.933-04:00 DEBUG 181167 --- [salessrv] [           main] o.h.q.sqm.function.SqmFunctionRegistry   : Registered SqmFunctionTemplate [org.hibernate.dialect.function.CountFunction@5e66733b] under count; prior registration was null
2024-05-01T22:51:00.935-04:00 DEBUG 181167 --- [salessrv] [           main] o.h.q.sqm.function.SqmFunctionRegistry   : Registered SqmFunctionTemplate [org.hibernate.dialect.function.EveryAnyEmulation@19d13d04] under every; prior registration was null
2024-05-01T22:51:00.935-04:00 DEBUG 181167 --- [salessrv] [           main] o.h.q.sqm.function.SqmFunctionRegistry   : Registered SqmFunctionTemplate [org.hibernate.dialect.function.EveryAnyEmulation@30d5fc1b] under any; prior registration was null
2024-05-01T22:51:00.936-04:00 DEBUG 181167 --- [salessrv] [           main] o.h.q.sqm.function.SqmFunctionRegistry   : Registered SqmFunctionTemplate [NamedSqmFunctionTemplate(floor)] under floor; prior registration was null
2024-05-01T22:51:00.936-04:00 DEBUG 181167 --- [salessrv] [           main] o.h.q.sqm.function.SqmFunctionRegistry   : Registered SqmFunctionTemplate [NamedSqmFunctionTemplate(ceiling)] under ceiling; prior registration was null
2024-05-01T22:51:00.936-04:00 DEBUG 181167 --- [salessrv] [           main] o.h.q.sqm.function.SqmFunctionRegistry   : Registered SqmFunctionTemplate [NamedSqmFunctionTemplate(mod)] under mod; prior registration was null
2024-05-01T22:51:00.936-04:00 DEBUG 181167 --- [salessrv] [           main] o.h.q.sqm.function.SqmFunctionRegistry   : Registered SqmFunctionTemplate [NamedSqmFunctionTemplate(abs)] under abs; prior registration was null
2024-05-01T22:51:00.936-04:00 DEBUG 181167 --- [salessrv] [           main] o.h.q.sqm.function.SqmFunctionRegistry   : Registered SqmFunctionTemplate [NamedSqmFunctionTemplate(sign)] under sign; prior registration was null
2024-05-01T22:51:00.936-04:00 DEBUG 181167 --- [salessrv] [           main] o.h.q.sqm.function.SqmFunctionRegistry   : Registered SqmFunctionTemplate [NamedSqmFunctionTemplate(sqrt)] under sqrt; prior registration was null
2024-05-01T22:51:00.936-04:00 DEBUG 181167 --- [salessrv] [           main] o.h.q.sqm.function.SqmFunctionRegistry   : Registered SqmFunctionTemplate [NamedSqmFunctionTemplate(ln)] under ln; prior registration was null
2024-05-01T22:51:00.936-04:00 DEBUG 181167 --- [salessrv] [           main] o.h.q.sqm.function.SqmFunctionRegistry   : Registered SqmFunctionTemplate [NamedSqmFunctionTemplate(exp)] under exp; prior registration was null
2024-05-01T22:51:00.936-04:00 DEBUG 181167 --- [salessrv] [           main] o.h.q.sqm.function.SqmFunctionRegistry   : Registered SqmFunctionTemplate [NamedSqmFunctionTemplate(power)] under power; prior registration was null
2024-05-01T22:51:00.937-04:00 DEBUG 181167 --- [salessrv] [           main] o.h.q.sqm.function.SqmFunctionRegistry   : Registered SqmFunctionTemplate [NamedSqmFunctionTemplate(round)] under round; prior registration was null
2024-05-01T22:51:00.937-04:00 DEBUG 181167 --- [salessrv] [           main] o.h.q.sqm.function.SqmFunctionRegistry   : Registered SqmFunctionTemplate [NamedSqmFunctionTemplate(sin)] under sin; prior registration was null
2024-05-01T22:51:00.937-04:00 DEBUG 181167 --- [salessrv] [           main] o.h.q.sqm.function.SqmFunctionRegistry   : Registered SqmFunctionTemplate [NamedSqmFunctionTemplate(cos)] under cos; prior registration was null
2024-05-01T22:51:00.938-04:00 DEBUG 181167 --- [salessrv] [           main] o.h.q.sqm.function.SqmFunctionRegistry   : Registered SqmFunctionTemplate [NamedSqmFunctionTemplate(tan)] under tan; prior registration was null
2024-05-01T22:51:00.938-04:00 DEBUG 181167 --- [salessrv] [           main] o.h.q.sqm.function.SqmFunctionRegistry   : Registered SqmFunctionTemplate [NamedSqmFunctionTemplate(asin)] under asin; prior registration was null
2024-05-01T22:51:00.938-04:00 DEBUG 181167 --- [salessrv] [           main] o.h.q.sqm.function.SqmFunctionRegistry   : Registered SqmFunctionTemplate [NamedSqmFunctionTemplate(acos)] under acos; prior registration was null
2024-05-01T22:51:00.938-04:00 DEBUG 181167 --- [salessrv] [           main] o.h.q.sqm.function.SqmFunctionRegistry   : Registered SqmFunctionTemplate [NamedSqmFunctionTemplate(atan)] under atan; prior registration was null
2024-05-01T22:51:00.938-04:00 DEBUG 181167 --- [salessrv] [           main] o.h.q.sqm.function.SqmFunctionRegistry   : Registered SqmFunctionTemplate [NamedSqmFunctionTemplate(atan2)] under atan2; prior registration was null
2024-05-01T22:51:00.940-04:00 DEBUG 181167 --- [salessrv] [           main] o.h.q.sqm.function.SqmFunctionRegistry   : Registered SqmFunctionTemplate [org.hibernate.query.sqm.function.PatternBasedSqmFunctionDescriptor@1b5623b4] under sinh; prior registration was null
2024-05-01T22:51:00.941-04:00 DEBUG 181167 --- [salessrv] [           main] o.h.q.sqm.function.SqmFunctionRegistry   : Registered SqmFunctionTemplate [org.hibernate.query.sqm.function.PatternBasedSqmFunctionDescriptor@8c34631] under cosh; prior registration was null
2024-05-01T22:51:00.941-04:00 DEBUG 181167 --- [salessrv] [           main] o.h.q.sqm.function.SqmFunctionRegistry   : Registered SqmFunctionTemplate [org.hibernate.query.sqm.function.PatternBasedSqmFunctionDescriptor@33563147] under tanh; prior registration was null
2024-05-01T22:51:00.941-04:00 DEBUG 181167 --- [salessrv] [           main] o.h.q.sqm.function.SqmFunctionRegistry   : Registered SqmFunctionTemplate [org.hibernate.query.sqm.function.PatternBasedSqmFunctionDescriptor@33239d72] under pi; prior registration was null
2024-05-01T22:51:00.941-04:00 DEBUG 181167 --- [salessrv] [           main] o.h.q.sqm.function.SqmFunctionRegistry   : Registered SqmFunctionTemplate [org.hibernate.query.sqm.function.PatternBasedSqmFunctionDescriptor@19c24321] under log; prior registration was null
2024-05-01T22:51:00.942-04:00 DEBUG 181167 --- [salessrv] [           main] o.h.q.sqm.function.SqmFunctionRegistry   : Registered SqmFunctionTemplate [NamedSqmFunctionTemplate(coalesce)] under coalesce; prior registration was null
2024-05-01T22:51:00.942-04:00 DEBUG 181167 --- [salessrv] [           main] o.h.q.sqm.function.SqmFunctionRegistry   : Registered SqmFunctionTemplate [NamedSqmFunctionTemplate(nullif)] under nullif; prior registration was null
2024-05-01T22:51:00.942-04:00 DEBUG 181167 --- [salessrv] [           main] o.h.q.sqm.function.SqmFunctionRegistry   : Registered SqmFunctionTemplate [NamedSqmFunctionTemplate(left)] under left; prior registration was null
2024-05-01T22:51:00.942-04:00 DEBUG 181167 --- [salessrv] [           main] o.h.q.sqm.function.SqmFunctionRegistry   : Registered SqmFunctionTemplate [NamedSqmFunctionTemplate(right)] under right; prior registration was null
2024-05-01T22:51:00.942-04:00 DEBUG 181167 --- [salessrv] [           main] o.h.q.sqm.function.SqmFunctionRegistry   : Registered SqmFunctionTemplate [NamedSqmFunctionTemplate(replace)] under replace; prior registration was null
2024-05-01T22:51:00.943-04:00 DEBUG 181167 --- [salessrv] [           main] o.h.q.sqm.function.SqmFunctionRegistry   : Registered SqmFunctionTemplate [NamedSqmFunctionTemplate(concat)] under concat; prior registration was null
2024-05-01T22:51:00.943-04:00 DEBUG 181167 --- [salessrv] [           main] o.h.q.sqm.function.SqmFunctionRegistry   : Registered SqmFunctionTemplate [NamedSqmFunctionTemplate(lower)] under lower; prior registration was null
2024-05-01T22:51:00.943-04:00 DEBUG 181167 --- [salessrv] [           main] o.h.q.sqm.function.SqmFunctionRegistry   : Registered SqmFunctionTemplate [NamedSqmFunctionTemplate(upper)] under upper; prior registration was null
2024-05-01T22:51:00.943-04:00 DEBUG 181167 --- [salessrv] [           main] o.h.q.sqm.function.SqmFunctionRegistry   : Registered SqmFunctionTemplate [NamedSqmFunctionTemplate(substring)] under substring; prior registration was null
2024-05-01T22:51:00.943-04:00 DEBUG 181167 --- [salessrv] [           main] o.h.q.sqm.function.SqmFunctionRegistry   : Registered SqmFunctionTemplate [NamedSqmFunctionTemplate(locate)] under locate; prior registration was null
2024-05-01T22:51:00.943-04:00 DEBUG 181167 --- [salessrv] [           main] o.h.q.sqm.function.SqmFunctionRegistry   : Registered SqmFunctionTemplate [NamedSqmFunctionTemplate(character_length)] under character_length; prior registration was null
2024-05-01T22:51:00.943-04:00 DEBUG 181167 --- [salessrv] [           main] o.h.q.sqm.function.SqmFunctionRegistry   : Registering alternate key : length -> character_length
2024-05-01T22:51:00.944-04:00 DEBUG 181167 --- [salessrv] [           main] o.h.q.sqm.function.SqmFunctionRegistry   : Registered SqmFunctionTemplate [org.hibernate.dialect.function.LocatePositionEmulation@d960561] under position; prior registration was null
2024-05-01T22:51:00.948-04:00 DEBUG 181167 --- [salessrv] [           main] o.h.q.sqm.function.SqmFunctionRegistry   : Registered SqmFunctionTemplate [org.hibernate.dialect.function.InsertSubstringOverlayEmulation@45a9cf78] under overlay; prior registration was null
2024-05-01T22:51:00.949-04:00 DEBUG 181167 --- [salessrv] [           main] o.h.q.sqm.function.SqmFunctionRegistry   : Registered SqmFunctionTemplate [org.hibernate.dialect.function.TrimFunction@30adae45] under trim; prior registration was null
2024-05-01T22:51:00.950-04:00 DEBUG 181167 --- [salessrv] [           main] o.h.q.sqm.function.SqmFunctionRegistry   : Registered SqmFunctionTemplate [org.hibernate.dialect.function.CastFunction@43094e0c] under cast; prior registration was null
2024-05-01T22:51:00.950-04:00 DEBUG 181167 --- [salessrv] [           main] o.h.q.sqm.function.SqmFunctionRegistry   : Registered SqmFunctionTemplate [org.hibernate.query.sqm.function.PatternBasedSqmFunctionDescriptor@35efd12c] under collate; prior registration was null
2024-05-01T22:51:00.960-04:00 DEBUG 181167 --- [salessrv] [           main] o.h.q.sqm.function.SqmFunctionRegistry   : Registered SqmFunctionTemplate [org.hibernate.dialect.function.ExtractFunction@5c4516ec] under extract; prior registration was null
2024-05-01T22:51:00.960-04:00 DEBUG 181167 --- [salessrv] [           main] o.h.q.sqm.function.SqmFunctionRegistry   : Registered SqmFunctionTemplate [NamedSqmFunctionTemplate(least)] under least; prior registration was null
2024-05-01T22:51:00.960-04:00 DEBUG 181167 --- [salessrv] [           main] o.h.q.sqm.function.SqmFunctionRegistry   : Registered SqmFunctionTemplate [NamedSqmFunctionTemplate(greatest)] under greatest; prior registration was null
2024-05-01T22:51:00.961-04:00 DEBUG 181167 --- [salessrv] [           main] o.h.q.sqm.function.SqmFunctionRegistry   : Registered SqmFunctionTemplate [org.hibernate.dialect.function.CoalesceIfnullEmulation@68303c3e] under ifnull; prior registration was null
2024-05-01T22:51:00.962-04:00 DEBUG 181167 --- [salessrv] [           main] o.h.q.sqm.function.SqmFunctionRegistry   : Registered SqmFunctionTemplate [NamedSqmFunctionTemplate(lpad)] under lpad; prior registration was null
2024-05-01T22:51:00.962-04:00 DEBUG 181167 --- [salessrv] [           main] o.h.q.sqm.function.SqmFunctionRegistry   : Registered SqmFunctionTemplate [NamedSqmFunctionTemplate(rpad)] under rpad; prior registration was null
2024-05-01T22:51:00.963-04:00 DEBUG 181167 --- [salessrv] [           main] o.h.q.sqm.function.SqmFunctionRegistry   : Registered SqmFunctionTemplate [org.hibernate.dialect.function.LpadRpadPadEmulation@3c5044fa] under pad; prior registration was null
2024-05-01T22:51:00.964-04:00 DEBUG 181167 --- [salessrv] [           main] o.h.q.sqm.function.SqmFunctionRegistry   : Registered SqmFunctionTemplate [org.hibernate.dialect.function.CastStrEmulation@2213854b] under str; prior registration was null
2024-05-01T22:51:00.966-04:00 DEBUG 181167 --- [salessrv] [           main] o.h.q.sqm.function.SqmFunctionRegistry   : Registered SqmFunctionTemplate [org.hibernate.dialect.function.FormatFunction@fc21ff4] under format; prior registration was null
2024-05-01T22:51:00.967-04:00 DEBUG 181167 --- [salessrv] [           main] o.h.q.sqm.function.SqmFunctionRegistry   : Registered SqmFunctionTemplate [org.hibernate.dialect.function.TimestampaddFunction@764a3867] under timestampadd; prior registration was null
2024-05-01T22:51:00.968-04:00 DEBUG 181167 --- [salessrv] [           main] o.h.q.sqm.function.SqmFunctionRegistry   : Registered SqmFunctionTemplate [org.hibernate.dialect.function.TimestampdiffFunction@603faaad] under timestampdiff; prior registration was null
2024-05-01T22:51:00.969-04:00 DEBUG 181167 --- [salessrv] [           main] o.h.q.sqm.function.SqmFunctionRegistry   : Registering alternate key : dateadd -> timestampadd
2024-05-01T22:51:00.969-04:00 DEBUG 181167 --- [salessrv] [           main] o.h.q.sqm.function.SqmFunctionRegistry   : Registering alternate key : datediff -> timestampdiff
2024-05-01T22:51:00.969-04:00 DEBUG 181167 --- [salessrv] [           main] o.h.q.sqm.function.SqmFunctionRegistry   : Registered SqmFunctionTemplate [org.hibernate.dialect.function.CurrentFunction@45648e75] under current_date; prior registration was null
2024-05-01T22:51:00.970-04:00 DEBUG 181167 --- [salessrv] [           main] o.h.q.sqm.function.SqmFunctionRegistry   : Registered SqmFunctionTemplate [org.hibernate.dialect.function.CurrentFunction@e344f14] under current_time; prior registration was null
2024-05-01T22:51:00.970-04:00 DEBUG 181167 --- [salessrv] [           main] o.h.q.sqm.function.SqmFunctionRegistry   : Registered SqmFunctionTemplate [org.hibernate.dialect.function.CurrentFunction@2d117280] under current_timestamp; prior registration was null
2024-05-01T22:51:00.970-04:00 DEBUG 181167 --- [salessrv] [           main] o.h.q.sqm.function.SqmFunctionRegistry   : Registering alternate key : current date -> current_date
2024-05-01T22:51:00.970-04:00 DEBUG 181167 --- [salessrv] [           main] o.h.q.sqm.function.SqmFunctionRegistry   : Registering alternate key : current time -> current_time
2024-05-01T22:51:00.970-04:00 DEBUG 181167 --- [salessrv] [           main] o.h.q.sqm.function.SqmFunctionRegistry   : Registering alternate key : current timestamp -> current_timestamp
2024-05-01T22:51:00.970-04:00 DEBUG 181167 --- [salessrv] [           main] o.h.q.sqm.function.SqmFunctionRegistry   : Registered SqmFunctionTemplate [org.hibernate.dialect.function.CurrentFunction@6c2be147] under local_date; prior registration was null
2024-05-01T22:51:00.971-04:00 DEBUG 181167 --- [salessrv] [           main] o.h.q.sqm.function.SqmFunctionRegistry   : Registered SqmFunctionTemplate [org.hibernate.dialect.function.CurrentFunction@dddcd91] under local_time; prior registration was null
2024-05-01T22:51:00.972-04:00 DEBUG 181167 --- [salessrv] [           main] o.h.q.sqm.function.SqmFunctionRegistry   : Registered SqmFunctionTemplate [org.hibernate.dialect.function.CurrentFunction@21bd6fd1] under local_datetime; prior registration was null
2024-05-01T22:51:00.972-04:00 DEBUG 181167 --- [salessrv] [           main] o.h.q.sqm.function.SqmFunctionRegistry   : Registered SqmFunctionTemplate [org.hibernate.dialect.function.CurrentFunction@79e9c14] under offset_datetime; prior registration was null
2024-05-01T22:51:00.972-04:00 DEBUG 181167 --- [salessrv] [           main] o.h.q.sqm.function.SqmFunctionRegistry   : Registering alternate key : local date -> local_date
2024-05-01T22:51:00.972-04:00 DEBUG 181167 --- [salessrv] [           main] o.h.q.sqm.function.SqmFunctionRegistry   : Registering alternate key : local time -> local_time
2024-05-01T22:51:00.972-04:00 DEBUG 181167 --- [salessrv] [           main] o.h.q.sqm.function.SqmFunctionRegistry   : Registering alternate key : local datetime -> local_datetime
2024-05-01T22:51:00.972-04:00 DEBUG 181167 --- [salessrv] [           main] o.h.q.sqm.function.SqmFunctionRegistry   : Registering alternate key : offset datetime -> offset_datetime
2024-05-01T22:51:00.972-04:00 DEBUG 181167 --- [salessrv] [           main] o.h.q.sqm.function.SqmFunctionRegistry   : Registered SqmFunctionTemplate [org.hibernate.dialect.function.CurrentFunction@340c7479] under instant; prior registration was null
2024-05-01T22:51:00.972-04:00 DEBUG 181167 --- [salessrv] [           main] o.h.q.sqm.function.SqmFunctionRegistry   : Registering alternate key : current_instant -> instant
2024-05-01T22:51:00.973-04:00 DEBUG 181167 --- [salessrv] [           main] o.h.q.sqm.function.SqmFunctionRegistry   : Registered SqmFunctionTemplate [org.hibernate.dialect.function.SqlFunction@39a2e77d] under sql; prior registration was null
2024-05-01T22:51:00.973-04:00 DEBUG 181167 --- [salessrv] [           main] o.h.q.sqm.function.SqmFunctionRegistry   : Registered SqmFunctionTemplate [NamedSqmFunctionTemplate(ascii)] under ascii; prior registration was null
2024-05-01T22:51:00.973-04:00 DEBUG 181167 --- [salessrv] [           main] o.h.q.sqm.function.SqmFunctionRegistry   : Registered SqmFunctionTemplate [NamedSqmFunctionTemplate(chr)] under chr; prior registration was null
2024-05-01T22:51:00.973-04:00 DEBUG 181167 --- [salessrv] [           main] o.h.q.sqm.function.SqmFunctionRegistry   : Registering alternate key : char -> chr
2024-05-01T22:51:00.974-04:00 DEBUG 181167 --- [salessrv] [           main] o.h.q.sqm.function.SqmFunctionRegistry   : Registered SqmFunctionTemplate [NamedSqmFunctionTemplate(cosh)] under cosh; prior registration was org.hibernate.query.sqm.function.PatternBasedSqmFunctionDescriptor@8c34631
2024-05-01T22:51:00.974-04:00 DEBUG 181167 --- [salessrv] [           main] o.h.q.sqm.function.SqmFunctionRegistry   : Registered SqmFunctionTemplate [NamedSqmFunctionTemplate(sinh)] under sinh; prior registration was org.hibernate.query.sqm.function.PatternBasedSqmFunctionDescriptor@1b5623b4
2024-05-01T22:51:00.974-04:00 DEBUG 181167 --- [salessrv] [           main] o.h.q.sqm.function.SqmFunctionRegistry   : Registered SqmFunctionTemplate [NamedSqmFunctionTemplate(tanh)] under tanh; prior registration was org.hibernate.query.sqm.function.PatternBasedSqmFunctionDescriptor@33563147
2024-05-01T22:51:00.974-04:00 DEBUG 181167 --- [salessrv] [           main] o.h.q.sqm.function.SqmFunctionRegistry   : Registered SqmFunctionTemplate [NamedSqmFunctionTemplate(log)] under log; prior registration was org.hibernate.query.sqm.function.PatternBasedSqmFunctionDescriptor@19c24321
2024-05-01T22:51:00.974-04:00 DEBUG 181167 --- [salessrv] [           main] o.h.q.sqm.function.SqmFunctionRegistry   : Registered SqmFunctionTemplate [org.hibernate.query.sqm.function.PatternBasedSqmFunctionDescriptor@1aee6983] under log10; prior registration was null
2024-05-01T22:51:00.974-04:00 DEBUG 181167 --- [salessrv] [           main] o.h.q.sqm.function.SqmFunctionRegistry   : Registered SqmFunctionTemplate [NamedSqmFunctionTemplate(soundex)] under soundex; prior registration was null
2024-05-01T22:51:00.975-04:00 DEBUG 181167 --- [salessrv] [           main] o.h.q.sqm.function.SqmFunctionRegistry   : Registered SqmFunctionTemplate [NamedSqmFunctionTemplate(ltrim)] under ltrim; prior registration was null
2024-05-01T22:51:00.975-04:00 DEBUG 181167 --- [salessrv] [           main] o.h.q.sqm.function.SqmFunctionRegistry   : Registered SqmFunctionTemplate [NamedSqmFunctionTemplate(rtrim)] under rtrim; prior registration was null
2024-05-01T22:51:00.976-04:00 DEBUG 181167 --- [salessrv] [           main] o.h.q.sqm.function.SqmFunctionRegistry   : Registered SqmFunctionTemplate [NamedSqmFunctionTemplate(initcap)] under initcap; prior registration was null
2024-05-01T22:51:00.976-04:00 DEBUG 181167 --- [salessrv] [           main] o.h.q.sqm.function.SqmFunctionRegistry   : Registered SqmFunctionTemplate [NamedSqmFunctionTemplate(instr)] under instr; prior registration was null
2024-05-01T22:51:00.976-04:00 DEBUG 181167 --- [salessrv] [           main] o.h.q.sqm.function.SqmFunctionRegistry   : Registered SqmFunctionTemplate [NamedSqmFunctionTemplate(substr)] under substr; prior registration was null
2024-05-01T22:51:00.976-04:00 DEBUG 181167 --- [salessrv] [           main] o.h.q.sqm.function.SqmFunctionRegistry   : Registered SqmFunctionTemplate [NamedSqmFunctionTemplate(substr)] under substring; prior registration was NamedSqmFunctionTemplate(substring)
2024-05-01T22:51:00.976-04:00 DEBUG 181167 --- [salessrv] [           main] o.h.q.sqm.function.SqmFunctionRegistry   : Registered SqmFunctionTemplate [org.hibernate.query.sqm.function.PatternBasedSqmFunctionDescriptor@3adeca1f] under left; prior registration was NamedSqmFunctionTemplate(left)
2024-05-01T22:51:00.977-04:00 DEBUG 181167 --- [salessrv] [           main] o.h.q.sqm.function.SqmFunctionRegistry   : Registered SqmFunctionTemplate [org.hibernate.query.sqm.function.PatternBasedSqmFunctionDescriptor@3f62d56] under right; prior registration was NamedSqmFunctionTemplate(right)
2024-05-01T22:51:00.979-04:00 DEBUG 181167 --- [salessrv] [           main] o.h.q.sqm.function.SqmFunctionRegistry   : Registered SqmFunctionTemplate [NamedSqmFunctionTemplate(translate)] under translate; prior registration was null
2024-05-01T22:51:00.980-04:00 DEBUG 181167 --- [salessrv] [           main] o.h.q.sqm.function.SqmFunctionRegistry   : Registered SqmFunctionTemplate [NamedSqmFunctionTemplate(bitand)] under bitand; prior registration was null
2024-05-01T22:51:00.980-04:00 DEBUG 181167 --- [salessrv] [           main] o.h.q.sqm.function.SqmFunctionRegistry   : Registered SqmFunctionTemplate [NamedSqmFunctionTemplate(last_day)] under last_day; prior registration was null
2024-05-01T22:51:00.980-04:00 DEBUG 181167 --- [salessrv] [           main] o.h.q.sqm.function.SqmFunctionRegistry   : Registered SqmFunctionTemplate [NamedSqmFunctionTemplate(to_number)] under to_number; prior registration was null
2024-05-01T22:51:00.980-04:00 DEBUG 181167 --- [salessrv] [           main] o.h.q.sqm.function.SqmFunctionRegistry   : Registered SqmFunctionTemplate [NamedSqmFunctionTemplate(to_char)] under to_char; prior registration was null
2024-05-01T22:51:00.980-04:00 DEBUG 181167 --- [salessrv] [           main] o.h.q.sqm.function.SqmFunctionRegistry   : Registered SqmFunctionTemplate [NamedSqmFunctionTemplate(to_date)] under to_date; prior registration was null
2024-05-01T22:51:00.982-04:00 DEBUG 181167 --- [salessrv] [           main] o.h.q.sqm.function.SqmFunctionRegistry   : Registered SqmFunctionTemplate [NamedSqmFunctionTemplate(to_timestamp)] under to_timestamp; prior registration was null
2024-05-01T22:51:00.982-04:00 DEBUG 181167 --- [salessrv] [           main] o.h.q.sqm.function.SqmFunctionRegistry   : Registered SqmFunctionTemplate [NamedSqmFunctionTemplate(ceil)] under ceil; prior registration was null
2024-05-01T22:51:00.982-04:00 DEBUG 181167 --- [salessrv] [           main] o.h.q.sqm.function.SqmFunctionRegistry   : Registering alternate key : ceiling -> ceil
2024-05-01T22:51:00.982-04:00 DEBUG 181167 --- [salessrv] [           main] o.h.q.sqm.function.SqmFunctionRegistry   : Registered SqmFunctionTemplate [org.hibernate.query.sqm.function.PatternBasedSqmFunctionDescriptor@2d41bb5a] under concat; prior registration was NamedSqmFunctionTemplate(concat)
2024-05-01T22:51:00.983-04:00 DEBUG 181167 --- [salessrv] [           main] o.h.q.sqm.function.SqmFunctionRegistry   : Registered SqmFunctionTemplate [NamedSqmFunctionTemplate(rowid)] under rowid; prior registration was null
2024-05-01T22:51:00.984-04:00 DEBUG 181167 --- [salessrv] [           main] o.h.q.sqm.function.SqmFunctionRegistry   : Registered SqmFunctionTemplate [NamedSqmFunctionTemplate(rownum)] under rownum; prior registration was null
2024-05-01T22:51:00.984-04:00 DEBUG 181167 --- [salessrv] [           main] o.h.q.sqm.function.SqmFunctionRegistry   : Registered SqmFunctionTemplate [NamedSqmFunctionTemplate(sysdate)] under sysdate; prior registration was null
2024-05-01T22:51:00.984-04:00 DEBUG 181167 --- [salessrv] [           main] o.h.q.sqm.function.SqmFunctionRegistry   : Registered SqmFunctionTemplate [NamedSqmFunctionTemplate(systimestamp)] under systimestamp; prior registration was null
2024-05-01T22:51:00.984-04:00 DEBUG 181167 --- [salessrv] [           main] o.h.q.sqm.function.SqmFunctionRegistry   : Registered SqmFunctionTemplate [NamedSqmFunctionTemplate(add_months)] under add_months; prior registration was null
2024-05-01T22:51:00.984-04:00 DEBUG 181167 --- [salessrv] [           main] o.h.q.sqm.function.SqmFunctionRegistry   : Registered SqmFunctionTemplate [NamedSqmFunctionTemplate(months_between)] under months_between; prior registration was null
2024-05-01T22:51:00.985-04:00 DEBUG 181167 --- [salessrv] [           main] o.h.q.sqm.function.SqmFunctionRegistry   : Registered SqmFunctionTemplate [org.hibernate.dialect.function.MinMaxCaseEveryAnyEmulation@1add3e03] under every; prior registration was org.hibernate.dialect.function.EveryAnyEmulation@19d13d04
2024-05-01T22:51:00.985-04:00 DEBUG 181167 --- [salessrv] [           main] o.h.q.sqm.function.SqmFunctionRegistry   : Registered SqmFunctionTemplate [org.hibernate.dialect.function.MinMaxCaseEveryAnyEmulation@d28a235] under any; prior registration was org.hibernate.dialect.function.EveryAnyEmulation@30d5fc1b
2024-05-01T22:51:00.985-04:00 DEBUG 181167 --- [salessrv] [           main] o.h.q.sqm.function.SqmFunctionRegistry   : Registered SqmFunctionTemplate [org.hibernate.query.sqm.function.PatternBasedSqmFunctionDescriptor@43e30f15] under repeat; prior registration was null
2024-05-01T22:51:00.986-04:00 DEBUG 181167 --- [salessrv] [           main] o.h.q.sqm.function.SqmFunctionRegistry   : Registered SqmFunctionTemplate [org.hibernate.query.sqm.function.PatternBasedSqmFunctionDescriptor@4fc2933e] under radians; prior registration was null
2024-05-01T22:51:00.986-04:00 DEBUG 181167 --- [salessrv] [           main] o.h.q.sqm.function.SqmFunctionRegistry   : Registered SqmFunctionTemplate [org.hibernate.query.sqm.function.PatternBasedSqmFunctionDescriptor@3c9c91e3] under degrees; prior registration was null
2024-05-01T22:51:00.986-04:00 DEBUG 181167 --- [salessrv] [           main] o.h.q.sqm.function.SqmFunctionRegistry   : Registered SqmFunctionTemplate [NamedSqmFunctionTemplate(median)] under median; prior registration was null
2024-05-01T22:51:00.986-04:00 DEBUG 181167 --- [salessrv] [           main] o.h.q.sqm.function.SqmFunctionRegistry   : Registered SqmFunctionTemplate [NamedSqmFunctionTemplate(stddev)] under stddev; prior registration was null
2024-05-01T22:51:00.986-04:00 DEBUG 181167 --- [salessrv] [           main] o.h.q.sqm.function.SqmFunctionRegistry   : Registered SqmFunctionTemplate [NamedSqmFunctionTemplate(stddev_pop)] under stddev_pop; prior registration was null
2024-05-01T22:51:00.986-04:00 DEBUG 181167 --- [salessrv] [           main] o.h.q.sqm.function.SqmFunctionRegistry   : Registered SqmFunctionTemplate [NamedSqmFunctionTemplate(stddev_samp)] under stddev_samp; prior registration was null
2024-05-01T22:51:00.986-04:00 DEBUG 181167 --- [salessrv] [           main] o.h.q.sqm.function.SqmFunctionRegistry   : Registered SqmFunctionTemplate [NamedSqmFunctionTemplate(variance)] under variance; prior registration was null
2024-05-01T22:51:00.986-04:00 DEBUG 181167 --- [salessrv] [           main] o.h.q.sqm.function.SqmFunctionRegistry   : Registered SqmFunctionTemplate [NamedSqmFunctionTemplate(var_pop)] under var_pop; prior registration was null
2024-05-01T22:51:00.987-04:00 DEBUG 181167 --- [salessrv] [           main] o.h.q.sqm.function.SqmFunctionRegistry   : Registered SqmFunctionTemplate [NamedSqmFunctionTemplate(var_samp)] under var_samp; prior registration was null
2024-05-01T22:51:00.987-04:00 DEBUG 181167 --- [salessrv] [           main] o.h.q.sqm.function.SqmFunctionRegistry   : Registered SqmFunctionTemplate [NamedSqmFunctionTemplate(covar_pop)] under covar_pop; prior registration was null
2024-05-01T22:51:00.987-04:00 DEBUG 181167 --- [salessrv] [           main] o.h.q.sqm.function.SqmFunctionRegistry   : Registered SqmFunctionTemplate [NamedSqmFunctionTemplate(covar_samp)] under covar_samp; prior registration was null
2024-05-01T22:51:00.987-04:00 DEBUG 181167 --- [salessrv] [           main] o.h.q.sqm.function.SqmFunctionRegistry   : Registered SqmFunctionTemplate [NamedSqmFunctionTemplate(corr)] under corr; prior registration was null
2024-05-01T22:51:00.988-04:00 DEBUG 181167 --- [salessrv] [           main] o.h.q.sqm.function.SqmFunctionRegistry   : Registered SqmFunctionTemplate [NamedSqmFunctionTemplate(regr_avgx)] under regr_avgx; prior registration was null
2024-05-01T22:51:00.989-04:00 DEBUG 181167 --- [salessrv] [           main] o.h.q.sqm.function.SqmFunctionRegistry   : Registered SqmFunctionTemplate [NamedSqmFunctionTemplate(regr_avgy)] under regr_avgy; prior registration was null
2024-05-01T22:51:00.989-04:00 DEBUG 181167 --- [salessrv] [           main] o.h.q.sqm.function.SqmFunctionRegistry   : Registered SqmFunctionTemplate [NamedSqmFunctionTemplate(regr_count)] under regr_count; prior registration was null
2024-05-01T22:51:00.989-04:00 DEBUG 181167 --- [salessrv] [           main] o.h.q.sqm.function.SqmFunctionRegistry   : Registered SqmFunctionTemplate [NamedSqmFunctionTemplate(regr_intercept)] under regr_intercept; prior registration was null
2024-05-01T22:51:00.990-04:00 DEBUG 181167 --- [salessrv] [           main] o.h.q.sqm.function.SqmFunctionRegistry   : Registered SqmFunctionTemplate [NamedSqmFunctionTemplate(regr_r2)] under regr_r2; prior registration was null
2024-05-01T22:51:00.990-04:00 DEBUG 181167 --- [salessrv] [           main] o.h.q.sqm.function.SqmFunctionRegistry   : Registered SqmFunctionTemplate [NamedSqmFunctionTemplate(regr_slope)] under regr_slope; prior registration was null
2024-05-01T22:51:00.990-04:00 DEBUG 181167 --- [salessrv] [           main] o.h.q.sqm.function.SqmFunctionRegistry   : Registered SqmFunctionTemplate [NamedSqmFunctionTemplate(regr_sxx)] under regr_sxx; prior registration was null
2024-05-01T22:51:00.991-04:00 DEBUG 181167 --- [salessrv] [           main] o.h.q.sqm.function.SqmFunctionRegistry   : Registered SqmFunctionTemplate [NamedSqmFunctionTemplate(regr_sxy)] under regr_sxy; prior registration was null
2024-05-01T22:51:00.991-04:00 DEBUG 181167 --- [salessrv] [           main] o.h.q.sqm.function.SqmFunctionRegistry   : Registered SqmFunctionTemplate [NamedSqmFunctionTemplate(regr_syy)] under regr_syy; prior registration was null
2024-05-01T22:51:00.993-04:00 DEBUG 181167 --- [salessrv] [           main] o.h.q.sqm.function.SqmFunctionRegistry   : Registered SqmFunctionTemplate [org.hibernate.dialect.function.LengthFunction@3538a129] under length; prior registration was null
2024-05-01T22:51:00.993-04:00 DEBUG 181167 --- [salessrv] [           main] o.h.q.sqm.function.SqmFunctionRegistry   : Registering alternate key : character_length -> length
2024-05-01T22:51:00.994-04:00 DEBUG 181167 --- [salessrv] [           main] o.h.q.sqm.function.SqmFunctionRegistry   : Registered SqmFunctionTemplate [org.hibernate.dialect.function.LengthFunction@766db6f9] under octet_length; prior registration was null
2024-05-01T22:51:00.995-04:00 DEBUG 181167 --- [salessrv] [           main] o.h.q.sqm.function.SqmFunctionRegistry   : Registered SqmFunctionTemplate [org.hibernate.dialect.function.LengthFunction@6f8fb906] under bit_length; prior registration was null
2024-05-01T22:51:00.995-04:00 DEBUG 181167 --- [salessrv] [           main] o.h.q.sqm.function.SqmFunctionRegistry   : Registered SqmFunctionTemplate [NamedSqmFunctionTemplate(coalesce)] under coalesce; prior registration was NamedSqmFunctionTemplate(coalesce)
2024-05-01T22:51:00.998-04:00 DEBUG 181167 --- [salessrv] [           main] o.h.q.sqm.function.SqmFunctionRegistry   : Registered SqmFunctionTemplate [org.hibernate.query.sqm.function.MultipatternSqmFunctionDescriptor@bd09a26] under locate; prior registration was NamedSqmFunctionTemplate(locate)
2024-05-01T22:51:01.003-04:00 DEBUG 181167 --- [salessrv] [           main] o.h.q.sqm.function.SqmFunctionRegistry   : Registered SqmFunctionTemplate [org.hibernate.dialect.function.ListaggFunction@495f3965] under listagg; prior registration was null
2024-05-01T22:51:01.003-04:00 DEBUG 181167 --- [salessrv] [           main] o.h.q.sqm.function.SqmFunctionRegistry   : Registered SqmFunctionTemplate [NamedSqmFunctionTemplate(row_number)] under row_number; prior registration was null
2024-05-01T22:51:01.010-04:00 DEBUG 181167 --- [salessrv] [           main] o.h.q.sqm.function.SqmFunctionRegistry   : Registered SqmFunctionTemplate [NamedSqmFunctionTemplate(lag)] under lag; prior registration was null
2024-05-01T22:51:01.014-04:00 DEBUG 181167 --- [salessrv] [           main] o.h.q.sqm.function.SqmFunctionRegistry   : Registered SqmFunctionTemplate [NamedSqmFunctionTemplate(lead)] under lead; prior registration was null
2024-05-01T22:51:01.014-04:00 DEBUG 181167 --- [salessrv] [           main] o.h.q.sqm.function.SqmFunctionRegistry   : Registered SqmFunctionTemplate [NamedSqmFunctionTemplate(first_value)] under first_value; prior registration was null
2024-05-01T22:51:01.014-04:00 DEBUG 181167 --- [salessrv] [           main] o.h.q.sqm.function.SqmFunctionRegistry   : Registered SqmFunctionTemplate [NamedSqmFunctionTemplate(last_value)] under last_value; prior registration was null
2024-05-01T22:51:01.014-04:00 DEBUG 181167 --- [salessrv] [           main] o.h.q.sqm.function.SqmFunctionRegistry   : Registered SqmFunctionTemplate [NamedSqmFunctionTemplate(nth_value)] under nth_value; prior registration was null
2024-05-01T22:51:01.015-04:00 DEBUG 181167 --- [salessrv] [           main] o.h.q.sqm.function.SqmFunctionRegistry   : Registered SqmFunctionTemplate [org.hibernate.dialect.function.HypotheticalSetFunction@7f5f7731] under rank; prior registration was null
2024-05-01T22:51:01.020-04:00 DEBUG 181167 --- [salessrv] [           main] o.h.q.sqm.function.SqmFunctionRegistry   : Registered SqmFunctionTemplate [org.hibernate.dialect.function.HypotheticalSetFunction@6a4f7c17] under dense_rank; prior registration was null
2024-05-01T22:51:01.020-04:00 DEBUG 181167 --- [salessrv] [           main] o.h.q.sqm.function.SqmFunctionRegistry   : Registered SqmFunctionTemplate [org.hibernate.dialect.function.HypotheticalSetFunction@584fb03d] under percent_rank; prior registration was null
2024-05-01T22:51:01.021-04:00 DEBUG 181167 --- [salessrv] [           main] o.h.q.sqm.function.SqmFunctionRegistry   : Registered SqmFunctionTemplate [org.hibernate.dialect.function.HypotheticalSetFunction@563392e5] under cume_dist; prior registration was null
2024-05-01T22:51:01.032-04:00 DEBUG 181167 --- [salessrv] [           main] o.h.q.sqm.function.SqmFunctionRegistry   : Registered SqmFunctionTemplate [org.hibernate.dialect.function.InverseDistributionFunction@4e3a6c83] under mode; prior registration was null
2024-05-01T22:51:01.033-04:00 DEBUG 181167 --- [salessrv] [           main] o.h.q.sqm.function.SqmFunctionRegistry   : Registered SqmFunctionTemplate [org.hibernate.dialect.function.InverseDistributionFunction@b889cb6] under percentile_cont; prior registration was null
2024-05-01T22:51:01.034-04:00 DEBUG 181167 --- [salessrv] [           main] o.h.q.sqm.function.SqmFunctionRegistry   : Registered SqmFunctionTemplate [org.hibernate.dialect.function.InverseDistributionFunction@74faf450] under percentile_disc; prior registration was null
2024-05-01T22:51:01.037-04:00 DEBUG 181167 --- [salessrv] [           main] o.h.q.sqm.function.SqmFunctionRegistry   : Registered SqmFunctionTemplate [org.hibernate.dialect.function.ModeStatsModeEmulation@25d9298e] under mode; prior registration was org.hibernate.dialect.function.InverseDistributionFunction@4e3a6c83
2024-05-01T22:51:01.073-04:00 DEBUG 181167 --- [salessrv] [           main] o.h.q.sqm.function.SqmFunctionRegistry   : Registered SqmFunctionTemplate [org.hibernate.dialect.function.OracleTruncFunction@7f31937b] under trunc; prior registration was null
2024-05-01T22:51:01.074-04:00 DEBUG 181167 --- [salessrv] [           main] o.h.q.sqm.function.SqmFunctionRegistry   : Registering alternate key : truncate -> trunc
2024-05-01T22:51:01.092-04:00 DEBUG 181167 --- [salessrv] [           main] o.h.q.sqm.function.SqmFunctionRegistry   : Registered SqmFunctionTemplate [org.hibernate.dialect.function.array.OracleArrayConstructorFunction@35277c6c] under array; prior registration was null
2024-05-01T22:51:01.094-04:00 DEBUG 181167 --- [salessrv] [           main] o.h.q.sqm.function.SqmFunctionRegistry   : Registered SqmFunctionTemplate [org.hibernate.dialect.function.array.OracleArrayConstructorFunction@7a364e1c] under array_list; prior registration was null
2024-05-01T22:51:01.104-04:00 DEBUG 181167 --- [salessrv] [           main] o.h.q.sqm.function.SqmFunctionRegistry   : Registered SqmFunctionTemplate [org.hibernate.dialect.function.array.OracleArrayAggEmulation@4902c584] under array_agg; prior registration was null
2024-05-01T22:51:01.120-04:00 DEBUG 181167 --- [salessrv] [           main] o.h.q.sqm.function.SqmFunctionRegistry   : Registered SqmFunctionTemplate [org.hibernate.dialect.function.array.OracleArrayPositionFunction@59aba3c3] under array_position; prior registration was null
2024-05-01T22:51:01.135-04:00 DEBUG 181167 --- [salessrv] [           main] o.h.q.sqm.function.SqmFunctionRegistry   : Registered SqmFunctionTemplate [org.hibernate.dialect.function.array.OracleArrayPositionsFunction@6f2a1ff0] under array_positions; prior registration was null
2024-05-01T22:51:01.139-04:00 DEBUG 181167 --- [salessrv] [           main] o.h.q.sqm.function.SqmFunctionRegistry   : Registered SqmFunctionTemplate [org.hibernate.dialect.function.array.OracleArrayPositionsFunction@5cf1bbd3] under array_positions_list; prior registration was null
2024-05-01T22:51:01.140-04:00 DEBUG 181167 --- [salessrv] [           main] o.h.q.sqm.function.SqmFunctionRegistry   : Registered SqmFunctionTemplate [org.hibernate.dialect.function.array.OracleArrayLengthFunction@4a68cbc5] under array_length; prior registration was null
2024-05-01T22:51:01.142-04:00 DEBUG 181167 --- [salessrv] [           main] o.h.q.sqm.function.SqmFunctionRegistry   : Registered SqmFunctionTemplate [org.hibernate.dialect.function.array.OracleArrayConcatFunction@25a52a60] under array_concat; prior registration was null
2024-05-01T22:51:01.146-04:00 DEBUG 181167 --- [salessrv] [           main] o.h.q.sqm.function.SqmFunctionRegistry   : Registered SqmFunctionTemplate [org.hibernate.dialect.function.array.OracleArrayConcatElementFunction@2ebcbf9d] under array_prepend; prior registration was null
2024-05-01T22:51:01.146-04:00 DEBUG 181167 --- [salessrv] [           main] o.h.q.sqm.function.SqmFunctionRegistry   : Registered SqmFunctionTemplate [org.hibernate.dialect.function.array.OracleArrayConcatElementFunction@7bfc36d5] under array_append; prior registration was null
2024-05-01T22:51:01.150-04:00 DEBUG 181167 --- [salessrv] [           main] o.h.q.sqm.function.SqmFunctionRegistry   : Registered SqmFunctionTemplate [org.hibernate.dialect.function.array.OracleArrayContainsFunction@591ba330] under array_contains; prior registration was null
2024-05-01T22:51:01.150-04:00 DEBUG 181167 --- [salessrv] [           main] o.h.q.sqm.function.SqmFunctionRegistry   : Registered SqmFunctionTemplate [org.hibernate.dialect.function.array.OracleArrayContainsFunction@14b4ce6f] under array_contains_nullable; prior registration was null
2024-05-01T22:51:01.177-04:00 DEBUG 181167 --- [salessrv] [           main] o.h.q.sqm.function.SqmFunctionRegistry   : Registered SqmFunctionTemplate [org.hibernate.dialect.function.array.OracleArrayOverlapsFunction@6f651ac] under array_overlaps; prior registration was null
2024-05-01T22:51:01.177-04:00 DEBUG 181167 --- [salessrv] [           main] o.h.q.sqm.function.SqmFunctionRegistry   : Registered SqmFunctionTemplate [org.hibernate.dialect.function.array.OracleArrayOverlapsFunction@4a29a1e6] under array_overlaps_nullable; prior registration was null
2024-05-01T22:51:01.180-04:00 DEBUG 181167 --- [salessrv] [           main] o.h.q.sqm.function.SqmFunctionRegistry   : Registered SqmFunctionTemplate [org.hibernate.dialect.function.array.OracleArrayGetFunction@483fe83a] under array_get; prior registration was null
2024-05-01T22:51:01.182-04:00 DEBUG 181167 --- [salessrv] [           main] o.h.q.sqm.function.SqmFunctionRegistry   : Registered SqmFunctionTemplate [org.hibernate.dialect.function.array.OracleArraySetFunction@7282f7b1] under array_set; prior registration was null
2024-05-01T22:51:01.184-04:00 DEBUG 181167 --- [salessrv] [           main] o.h.q.sqm.function.SqmFunctionRegistry   : Registered SqmFunctionTemplate [org.hibernate.dialect.function.array.OracleArrayRemoveFunction@8aa1562] under array_remove; prior registration was null
2024-05-01T22:51:01.185-04:00 DEBUG 181167 --- [salessrv] [           main] o.h.q.sqm.function.SqmFunctionRegistry   : Registered SqmFunctionTemplate [org.hibernate.dialect.function.array.OracleArrayRemoveIndexFunction@c8531b9] under array_remove_index; prior registration was null
2024-05-01T22:51:01.187-04:00 DEBUG 181167 --- [salessrv] [           main] o.h.q.sqm.function.SqmFunctionRegistry   : Registered SqmFunctionTemplate [org.hibernate.dialect.function.array.OracleArraySliceFunction@2093bb6c] under array_slice; prior registration was null
2024-05-01T22:51:01.190-04:00 DEBUG 181167 --- [salessrv] [           main] o.h.q.sqm.function.SqmFunctionRegistry   : Registered SqmFunctionTemplate [org.hibernate.dialect.function.array.OracleArrayReplaceFunction@7eb774c3] under array_replace; prior registration was null
2024-05-01T22:51:01.194-04:00 DEBUG 181167 --- [salessrv] [           main] o.h.q.sqm.function.SqmFunctionRegistry   : Registered SqmFunctionTemplate [org.hibernate.dialect.function.array.OracleArrayTrimFunction@35e357b] under array_trim; prior registration was null
2024-05-01T22:51:01.201-04:00 DEBUG 181167 --- [salessrv] [           main] o.h.q.sqm.function.SqmFunctionRegistry   : Registered SqmFunctionTemplate [org.hibernate.dialect.function.array.OracleArrayFillFunction@6fbfd28b] under array_fill; prior registration was null
2024-05-01T22:51:01.201-04:00 DEBUG 181167 --- [salessrv] [           main] o.h.q.sqm.function.SqmFunctionRegistry   : Registered SqmFunctionTemplate [org.hibernate.dialect.function.array.OracleArrayFillFunction@3fa50a24] under array_fill_list; prior registration was null
2024-05-01T22:51:01.205-04:00 DEBUG 181167 --- [salessrv] [           main] o.h.q.sqm.function.SqmFunctionRegistry   : Registered SqmFunctionTemplate [org.hibernate.dialect.function.array.OracleArrayToStringFunction@624be1d4] under array_to_string; prior registration was null
2024-05-01T22:51:01.218-04:00 DEBUG 181167 --- [salessrv] [           main] org.hibernate.HQL_FUNCTIONS              : abs(NUMERIC arg)
2024-05-01T22:51:01.219-04:00 DEBUG 181167 --- [salessrv] [           main] org.hibernate.HQL_FUNCTIONS              : Double acos(NUMERIC arg)
2024-05-01T22:51:01.219-04:00 DEBUG 181167 --- [salessrv] [           main] org.hibernate.HQL_FUNCTIONS              : add_months(DATE datetime, INTEGER months)
2024-05-01T22:51:01.219-04:00 DEBUG 181167 --- [salessrv] [           main] org.hibernate.HQL_FUNCTIONS              : Boolean any(BOOLEAN arg)
2024-05-01T22:51:01.219-04:00 DEBUG 181167 --- [salessrv] [           main] org.hibernate.HQL_FUNCTIONS              : array( ... )
2024-05-01T22:51:01.219-04:00 DEBUG 181167 --- [salessrv] [           main] org.hibernate.HQL_FUNCTIONS              : array_agg(arg)
2024-05-01T22:51:01.219-04:00 DEBUG 181167 --- [salessrv] [           main] org.hibernate.HQL_FUNCTIONS              : array_append( ... )
2024-05-01T22:51:01.219-04:00 DEBUG 181167 --- [salessrv] [           main] org.hibernate.HQL_FUNCTIONS              : array_concat( ... )
2024-05-01T22:51:01.219-04:00 DEBUG 181167 --- [salessrv] [           main] org.hibernate.HQL_FUNCTIONS              : Boolean array_contains(ARRAY haystackArray, OBJECT needleElementOrArray)
2024-05-01T22:51:01.219-04:00 DEBUG 181167 --- [salessrv] [           main] org.hibernate.HQL_FUNCTIONS              : Boolean array_contains_nullable(ARRAY haystackArray, OBJECT needleElementOrArray)
2024-05-01T22:51:01.219-04:00 DEBUG 181167 --- [salessrv] [           main] org.hibernate.HQL_FUNCTIONS              : array_fill(OBJECT element, INTEGER elementCount)
2024-05-01T22:51:01.219-04:00 DEBUG 181167 --- [salessrv] [           main] org.hibernate.HQL_FUNCTIONS              : array_fill_list(OBJECT element, INTEGER elementCount)
2024-05-01T22:51:01.220-04:00 DEBUG 181167 --- [salessrv] [           main] org.hibernate.HQL_FUNCTIONS              : array_get( ... )
2024-05-01T22:51:01.220-04:00 DEBUG 181167 --- [salessrv] [           main] org.hibernate.HQL_FUNCTIONS              : Integer array_length(ARRAY array)
2024-05-01T22:51:01.220-04:00 DEBUG 181167 --- [salessrv] [           main] org.hibernate.HQL_FUNCTIONS              : array_list( ... )
2024-05-01T22:51:01.220-04:00 DEBUG 181167 --- [salessrv] [           main] org.hibernate.HQL_FUNCTIONS              : Boolean array_overlaps(ARRAY array0, OBJECT array1)
2024-05-01T22:51:01.220-04:00 DEBUG 181167 --- [salessrv] [           main] org.hibernate.HQL_FUNCTIONS              : Boolean array_overlaps_nullable(ARRAY array0, OBJECT array1)
2024-05-01T22:51:01.220-04:00 DEBUG 181167 --- [salessrv] [           main] org.hibernate.HQL_FUNCTIONS              : Integer array_position(ARRAY array, OBJECT element[, INTEGER startPosition])
2024-05-01T22:51:01.221-04:00 DEBUG 181167 --- [salessrv] [           main] org.hibernate.HQL_FUNCTIONS              : int[] array_positions(ARRAY array, OBJECT element)
2024-05-01T22:51:01.221-04:00 DEBUG 181167 --- [salessrv] [           main] org.hibernate.HQL_FUNCTIONS              : List array_positions_list(ARRAY array, OBJECT element)
2024-05-01T22:51:01.221-04:00 DEBUG 181167 --- [salessrv] [           main] org.hibernate.HQL_FUNCTIONS              : array_prepend( ... )
2024-05-01T22:51:01.221-04:00 DEBUG 181167 --- [salessrv] [           main] org.hibernate.HQL_FUNCTIONS              : array_remove( ... )
2024-05-01T22:51:01.221-04:00 DEBUG 181167 --- [salessrv] [           main] org.hibernate.HQL_FUNCTIONS              : array_remove_index( ... )
2024-05-01T22:51:01.221-04:00 DEBUG 181167 --- [salessrv] [           main] org.hibernate.HQL_FUNCTIONS              : array_replace( ... )
2024-05-01T22:51:01.221-04:00 DEBUG 181167 --- [salessrv] [           main] org.hibernate.HQL_FUNCTIONS              : array_set( ... )
2024-05-01T22:51:01.221-04:00 DEBUG 181167 --- [salessrv] [           main] org.hibernate.HQL_FUNCTIONS              : array_slice( ... )
2024-05-01T22:51:01.221-04:00 DEBUG 181167 --- [salessrv] [           main] org.hibernate.HQL_FUNCTIONS              : String array_to_string( ... )
2024-05-01T22:51:01.221-04:00 DEBUG 181167 --- [salessrv] [           main] org.hibernate.HQL_FUNCTIONS              : array_trim( ... )
2024-05-01T22:51:01.221-04:00 DEBUG 181167 --- [salessrv] [           main] org.hibernate.HQL_FUNCTIONS              : Integer ascii(STRING arg)
2024-05-01T22:51:01.221-04:00 DEBUG 181167 --- [salessrv] [           main] org.hibernate.HQL_FUNCTIONS              : Double asin(NUMERIC arg)
2024-05-01T22:51:01.221-04:00 DEBUG 181167 --- [salessrv] [           main] org.hibernate.HQL_FUNCTIONS              : Double atan(NUMERIC arg)
2024-05-01T22:51:01.222-04:00 DEBUG 181167 --- [salessrv] [           main] org.hibernate.HQL_FUNCTIONS              : Double atan2(NUMERIC arg0, NUMERIC arg1)
2024-05-01T22:51:01.222-04:00 DEBUG 181167 --- [salessrv] [           main] org.hibernate.HQL_FUNCTIONS              : avg(arg)
2024-05-01T22:51:01.222-04:00 DEBUG 181167 --- [salessrv] [           main] org.hibernate.HQL_FUNCTIONS              : Integer bit_length(STRING_OR_CLOB arg)
2024-05-01T22:51:01.222-04:00 DEBUG 181167 --- [salessrv] [           main] org.hibernate.HQL_FUNCTIONS              : bitand(arg0, arg1)
2024-05-01T22:51:01.222-04:00 DEBUG 181167 --- [salessrv] [           main] org.hibernate.HQL_FUNCTIONS              : cast(arg as Type)
2024-05-01T22:51:01.222-04:00 DEBUG 181167 --- [salessrv] [           main] org.hibernate.HQL_FUNCTIONS              : ceil(NUMERIC arg)
2024-05-01T22:51:01.222-04:00 DEBUG 181167 --- [salessrv] [           main] org.hibernate.HQL_FUNCTIONS              : ceiling(NUMERIC arg)
2024-05-01T22:51:01.222-04:00 DEBUG 181167 --- [salessrv] [           main] org.hibernate.HQL_FUNCTIONS              : Character char(INTEGER arg)
2024-05-01T22:51:01.222-04:00 DEBUG 181167 --- [salessrv] [           main] org.hibernate.HQL_FUNCTIONS              : Integer character_length(STRING_OR_CLOB arg)
2024-05-01T22:51:01.222-04:00 DEBUG 181167 --- [salessrv] [           main] org.hibernate.HQL_FUNCTIONS              : Character chr(INTEGER arg)
2024-05-01T22:51:01.222-04:00 DEBUG 181167 --- [salessrv] [           main] org.hibernate.HQL_FUNCTIONS              : coalesce(arg0[, arg1[, ...]])
2024-05-01T22:51:01.222-04:00 DEBUG 181167 --- [salessrv] [           main] org.hibernate.HQL_FUNCTIONS              : String collate(STRING string as COLLATION collation)
2024-05-01T22:51:01.222-04:00 DEBUG 181167 --- [salessrv] [           main] org.hibernate.HQL_FUNCTIONS              : String concat(STRING string0[, STRING string1[, ...]])
2024-05-01T22:51:01.222-04:00 DEBUG 181167 --- [salessrv] [           main] org.hibernate.HQL_FUNCTIONS              : Double corr(NUMERIC arg0, NUMERIC arg1)
2024-05-01T22:51:01.222-04:00 DEBUG 181167 --- [salessrv] [           main] org.hibernate.HQL_FUNCTIONS              : Double cos(NUMERIC arg)
2024-05-01T22:51:01.222-04:00 DEBUG 181167 --- [salessrv] [           main] org.hibernate.HQL_FUNCTIONS              : Double cosh(NUMERIC arg)
2024-05-01T22:51:01.222-04:00 DEBUG 181167 --- [salessrv] [           main] org.hibernate.HQL_FUNCTIONS              : Long count([distinct ]{arg|*})
2024-05-01T22:51:01.223-04:00 DEBUG 181167 --- [salessrv] [           main] org.hibernate.HQL_FUNCTIONS              : Double covar_pop(NUMERIC arg0, NUMERIC arg1)
2024-05-01T22:51:01.223-04:00 DEBUG 181167 --- [salessrv] [           main] org.hibernate.HQL_FUNCTIONS              : Double covar_samp(NUMERIC arg0, NUMERIC arg1)
2024-05-01T22:51:01.223-04:00 DEBUG 181167 --- [salessrv] [           main] org.hibernate.HQL_FUNCTIONS              : Double cume_dist([arg0[, ...]])
2024-05-01T22:51:01.223-04:00 DEBUG 181167 --- [salessrv] [           main] org.hibernate.HQL_FUNCTIONS              : Date current date
2024-05-01T22:51:01.223-04:00 DEBUG 181167 --- [salessrv] [           main] org.hibernate.HQL_FUNCTIONS              : Time current time
2024-05-01T22:51:01.223-04:00 DEBUG 181167 --- [salessrv] [           main] org.hibernate.HQL_FUNCTIONS              : Timestamp current timestamp
2024-05-01T22:51:01.223-04:00 DEBUG 181167 --- [salessrv] [           main] org.hibernate.HQL_FUNCTIONS              : Date current_date
2024-05-01T22:51:01.223-04:00 DEBUG 181167 --- [salessrv] [           main] org.hibernate.HQL_FUNCTIONS              : Instant current_instant
2024-05-01T22:51:01.223-04:00 DEBUG 181167 --- [salessrv] [           main] org.hibernate.HQL_FUNCTIONS              : Time current_time
2024-05-01T22:51:01.223-04:00 DEBUG 181167 --- [salessrv] [           main] org.hibernate.HQL_FUNCTIONS              : Timestamp current_timestamp
2024-05-01T22:51:01.228-04:00 DEBUG 181167 --- [salessrv] [           main] org.hibernate.HQL_FUNCTIONS              : dateadd(TEMPORAL_UNIT field, INTEGER magnitude, TEMPORAL datetime)
2024-05-01T22:51:01.229-04:00 DEBUG 181167 --- [salessrv] [           main] org.hibernate.HQL_FUNCTIONS              : basicType@2(java.lang.Long,-5)|basicType@15(java.lang.Double,8) datediff(TEMPORAL_UNIT field, TEMPORAL start, TEMPORAL end)
2024-05-01T22:51:01.229-04:00 DEBUG 181167 --- [salessrv] [           main] org.hibernate.HQL_FUNCTIONS              : Double degrees(NUMERIC arg)
2024-05-01T22:51:01.229-04:00 DEBUG 181167 --- [salessrv] [           main] org.hibernate.HQL_FUNCTIONS              : Long dense_rank([arg0[, ...]])
2024-05-01T22:51:01.231-04:00 DEBUG 181167 --- [salessrv] [           main] org.hibernate.HQL_FUNCTIONS              : Boolean every(BOOLEAN arg)
2024-05-01T22:51:01.232-04:00 DEBUG 181167 --- [salessrv] [           main] org.hibernate.HQL_FUNCTIONS              : Double exp(NUMERIC arg)
2024-05-01T22:51:01.236-04:00 DEBUG 181167 --- [salessrv] [           main] org.hibernate.HQL_FUNCTIONS              : extract(TEMPORAL_UNIT field from TEMPORAL arg)
2024-05-01T22:51:01.237-04:00 DEBUG 181167 --- [salessrv] [           main] org.hibernate.HQL_FUNCTIONS              : first_valueANY value
2024-05-01T22:51:01.237-04:00 DEBUG 181167 --- [salessrv] [           main] org.hibernate.HQL_FUNCTIONS              : floor(NUMERIC arg)
2024-05-01T22:51:01.237-04:00 DEBUG 181167 --- [salessrv] [           main] org.hibernate.HQL_FUNCTIONS              : String format(TEMPORAL datetime as STRING pattern)
2024-05-01T22:51:01.237-04:00 DEBUG 181167 --- [salessrv] [           main] org.hibernate.HQL_FUNCTIONS              : greatest(COMPARABLE arg0, COMPARABLE arg1[, arg2[, ...]])
2024-05-01T22:51:01.237-04:00 DEBUG 181167 --- [salessrv] [           main] org.hibernate.HQL_FUNCTIONS              : ifnull(arg0, arg1)
2024-05-01T22:51:01.237-04:00 DEBUG 181167 --- [salessrv] [           main] org.hibernate.HQL_FUNCTIONS              : String initcap(arg)
2024-05-01T22:51:01.237-04:00 DEBUG 181167 --- [salessrv] [           main] org.hibernate.HQL_FUNCTIONS              : Instant instant
2024-05-01T22:51:01.237-04:00 DEBUG 181167 --- [salessrv] [           main] org.hibernate.HQL_FUNCTIONS              : Integer instr(STRING string, STRING pattern[, INTEGER start[, INTEGER occurrence]])
2024-05-01T22:51:01.237-04:00 DEBUG 181167 --- [salessrv] [           main] org.hibernate.HQL_FUNCTIONS              : lagANY value[, INTEGER offset[, ANY default]]
2024-05-01T22:51:01.237-04:00 DEBUG 181167 --- [salessrv] [           main] org.hibernate.HQL_FUNCTIONS              : Date last_day(DATE arg)
2024-05-01T22:51:01.237-04:00 DEBUG 181167 --- [salessrv] [           main] org.hibernate.HQL_FUNCTIONS              : last_valueANY value
2024-05-01T22:51:01.237-04:00 DEBUG 181167 --- [salessrv] [           main] org.hibernate.HQL_FUNCTIONS              : leadANY value[, INTEGER offset[, ANY default]]
2024-05-01T22:51:01.237-04:00 DEBUG 181167 --- [salessrv] [           main] org.hibernate.HQL_FUNCTIONS              : least(COMPARABLE arg0, COMPARABLE arg1[, arg2[, ...]])
2024-05-01T22:51:01.237-04:00 DEBUG 181167 --- [salessrv] [           main] org.hibernate.HQL_FUNCTIONS              : String left(STRING string, INTEGER length)
2024-05-01T22:51:01.237-04:00 DEBUG 181167 --- [salessrv] [           main] org.hibernate.HQL_FUNCTIONS              : Integer length(STRING_OR_CLOB arg)
2024-05-01T22:51:01.238-04:00 DEBUG 181167 --- [salessrv] [           main] org.hibernate.HQL_FUNCTIONS              : String listagg(STRING arg0, STRING arg1)
2024-05-01T22:51:01.238-04:00 DEBUG 181167 --- [salessrv] [           main] org.hibernate.HQL_FUNCTIONS              : Double ln(NUMERIC arg)
2024-05-01T22:51:01.238-04:00 DEBUG 181167 --- [salessrv] [           main] org.hibernate.HQL_FUNCTIONS              : LocalDate local date
2024-05-01T22:51:01.238-04:00 DEBUG 181167 --- [salessrv] [           main] org.hibernate.HQL_FUNCTIONS              : LocalDateTime local datetime
2024-05-01T22:51:01.238-04:00 DEBUG 181167 --- [salessrv] [           main] org.hibernate.HQL_FUNCTIONS              : LocalTime local time
2024-05-01T22:51:01.238-04:00 DEBUG 181167 --- [salessrv] [           main] org.hibernate.HQL_FUNCTIONS              : LocalDate local_date
2024-05-01T22:51:01.238-04:00 DEBUG 181167 --- [salessrv] [           main] org.hibernate.HQL_FUNCTIONS              : LocalDateTime local_datetime
2024-05-01T22:51:01.238-04:00 DEBUG 181167 --- [salessrv] [           main] org.hibernate.HQL_FUNCTIONS              : LocalTime local_time
2024-05-01T22:51:01.238-04:00 DEBUG 181167 --- [salessrv] [           main] org.hibernate.HQL_FUNCTIONS              : Integer locate(pattern, string[, start])
2024-05-01T22:51:01.239-04:00 DEBUG 181167 --- [salessrv] [           main] org.hibernate.HQL_FUNCTIONS              : Double log(NUMERIC arg0[, NUMERIC arg1])
2024-05-01T22:51:01.242-04:00 DEBUG 181167 --- [salessrv] [           main] org.hibernate.HQL_FUNCTIONS              : Double log10(NUMERIC arg)
2024-05-01T22:51:01.242-04:00 DEBUG 181167 --- [salessrv] [           main] org.hibernate.HQL_FUNCTIONS              : String lower(STRING string)
2024-05-01T22:51:01.242-04:00 DEBUG 181167 --- [salessrv] [           main] org.hibernate.HQL_FUNCTIONS              : String lpad(STRING string, INTEGER length[, STRING padding])
2024-05-01T22:51:01.242-04:00 DEBUG 181167 --- [salessrv] [           main] org.hibernate.HQL_FUNCTIONS              : String ltrim(STRING string[, STRING characters])
2024-05-01T22:51:01.242-04:00 DEBUG 181167 --- [salessrv] [           main] org.hibernate.HQL_FUNCTIONS              : max(COMPARABLE arg)
2024-05-01T22:51:01.242-04:00 DEBUG 181167 --- [salessrv] [           main] org.hibernate.HQL_FUNCTIONS              : Double median(NUMERIC arg)
2024-05-01T22:51:01.242-04:00 DEBUG 181167 --- [salessrv] [           main] org.hibernate.HQL_FUNCTIONS              : min(COMPARABLE arg)
2024-05-01T22:51:01.242-04:00 DEBUG 181167 --- [salessrv] [           main] org.hibernate.HQL_FUNCTIONS              : Integer mod(INTEGER arg0, INTEGER arg1)
2024-05-01T22:51:01.242-04:00 DEBUG 181167 --- [salessrv] [           main] org.hibernate.HQL_FUNCTIONS              : mode()
2024-05-01T22:51:01.243-04:00 DEBUG 181167 --- [salessrv] [           main] org.hibernate.HQL_FUNCTIONS              : Integer months_between(DATE end, DATE start)
2024-05-01T22:51:01.243-04:00 DEBUG 181167 --- [salessrv] [           main] org.hibernate.HQL_FUNCTIONS              : nth_valueANY value, INTEGER nth
2024-05-01T22:51:01.243-04:00 DEBUG 181167 --- [salessrv] [           main] org.hibernate.HQL_FUNCTIONS              : nullif(arg0, arg1)
2024-05-01T22:51:01.243-04:00 DEBUG 181167 --- [salessrv] [           main] org.hibernate.HQL_FUNCTIONS              : Integer octet_length(STRING_OR_CLOB arg)
2024-05-01T22:51:01.243-04:00 DEBUG 181167 --- [salessrv] [           main] org.hibernate.HQL_FUNCTIONS              : OffsetDateTime offset datetime
2024-05-01T22:51:01.243-04:00 DEBUG 181167 --- [salessrv] [           main] org.hibernate.HQL_FUNCTIONS              : OffsetDateTime offset_datetime
2024-05-01T22:51:01.243-04:00 DEBUG 181167 --- [salessrv] [           main] org.hibernate.HQL_FUNCTIONS              : String overlay(STRING string placing STRING replacement from INTEGER start[ for INTEGER length])
2024-05-01T22:51:01.243-04:00 DEBUG 181167 --- [salessrv] [           main] org.hibernate.HQL_FUNCTIONS              : String pad(STRING string with INTEGER length {leading|trailing}[ STRING character])
2024-05-01T22:51:01.243-04:00 DEBUG 181167 --- [salessrv] [           main] org.hibernate.HQL_FUNCTIONS              : Double percent_rank([arg0[, ...]])
2024-05-01T22:51:01.243-04:00 DEBUG 181167 --- [salessrv] [           main] org.hibernate.HQL_FUNCTIONS              : percentile_cont(NUMERIC arg)
2024-05-01T22:51:01.243-04:00 DEBUG 181167 --- [salessrv] [           main] org.hibernate.HQL_FUNCTIONS              : percentile_disc(NUMERIC arg)
2024-05-01T22:51:01.243-04:00 DEBUG 181167 --- [salessrv] [           main] org.hibernate.HQL_FUNCTIONS              : Double pi
2024-05-01T22:51:01.243-04:00 DEBUG 181167 --- [salessrv] [           main] org.hibernate.HQL_FUNCTIONS              : Integer position(STRING pattern in STRING string)
2024-05-01T22:51:01.243-04:00 DEBUG 181167 --- [salessrv] [           main] org.hibernate.HQL_FUNCTIONS              : Double power(NUMERIC arg0, NUMERIC arg1)
2024-05-01T22:51:01.243-04:00 DEBUG 181167 --- [salessrv] [           main] org.hibernate.HQL_FUNCTIONS              : Double radians(NUMERIC arg)
2024-05-01T22:51:01.243-04:00 DEBUG 181167 --- [salessrv] [           main] org.hibernate.HQL_FUNCTIONS              : Long rank([arg0[, ...]])
2024-05-01T22:51:01.243-04:00 DEBUG 181167 --- [salessrv] [           main] org.hibernate.HQL_FUNCTIONS              : Double regr_avgx(NUMERIC arg0, NUMERIC arg1)
2024-05-01T22:51:01.244-04:00 DEBUG 181167 --- [salessrv] [           main] org.hibernate.HQL_FUNCTIONS              : Double regr_avgy(NUMERIC arg0, NUMERIC arg1)
2024-05-01T22:51:01.244-04:00 DEBUG 181167 --- [salessrv] [           main] org.hibernate.HQL_FUNCTIONS              : Double regr_count(NUMERIC arg0, NUMERIC arg1)
2024-05-01T22:51:01.244-04:00 DEBUG 181167 --- [salessrv] [           main] org.hibernate.HQL_FUNCTIONS              : Double regr_intercept(NUMERIC arg0, NUMERIC arg1)
2024-05-01T22:51:01.244-04:00 DEBUG 181167 --- [salessrv] [           main] org.hibernate.HQL_FUNCTIONS              : Double regr_r2(NUMERIC arg0, NUMERIC arg1)
2024-05-01T22:51:01.244-04:00 DEBUG 181167 --- [salessrv] [           main] org.hibernate.HQL_FUNCTIONS              : Double regr_slope(NUMERIC arg0, NUMERIC arg1)
2024-05-01T22:51:01.244-04:00 DEBUG 181167 --- [salessrv] [           main] org.hibernate.HQL_FUNCTIONS              : Double regr_sxx(NUMERIC arg0, NUMERIC arg1)
2024-05-01T22:51:01.244-04:00 DEBUG 181167 --- [salessrv] [           main] org.hibernate.HQL_FUNCTIONS              : Double regr_sxy(NUMERIC arg0, NUMERIC arg1)
2024-05-01T22:51:01.244-04:00 DEBUG 181167 --- [salessrv] [           main] org.hibernate.HQL_FUNCTIONS              : Double regr_syy(NUMERIC arg0, NUMERIC arg1)
2024-05-01T22:51:01.244-04:00 DEBUG 181167 --- [salessrv] [           main] org.hibernate.HQL_FUNCTIONS              : String repeat(STRING string, INTEGER times)
2024-05-01T22:51:01.244-04:00 DEBUG 181167 --- [salessrv] [           main] org.hibernate.HQL_FUNCTIONS              : String replace(STRING string, STRING pattern, STRING replacement)
2024-05-01T22:51:01.244-04:00 DEBUG 181167 --- [salessrv] [           main] org.hibernate.HQL_FUNCTIONS              : String right(STRING string, INTEGER length)
2024-05-01T22:51:01.245-04:00 DEBUG 181167 --- [salessrv] [           main] org.hibernate.HQL_FUNCTIONS              : round(NUMERIC number[, INTEGER places])
2024-05-01T22:51:01.245-04:00 DEBUG 181167 --- [salessrv] [           main] org.hibernate.HQL_FUNCTIONS              : Long row_number()
2024-05-01T22:51:01.245-04:00 DEBUG 181167 --- [salessrv] [           main] org.hibernate.HQL_FUNCTIONS              : Long rowid
2024-05-01T22:51:01.246-04:00 DEBUG 181167 --- [salessrv] [           main] org.hibernate.HQL_FUNCTIONS              : Long rownum
2024-05-01T22:51:01.246-04:00 DEBUG 181167 --- [salessrv] [           main] org.hibernate.HQL_FUNCTIONS              : String rpad(STRING string, INTEGER length[, STRING padding])
2024-05-01T22:51:01.246-04:00 DEBUG 181167 --- [salessrv] [           main] org.hibernate.HQL_FUNCTIONS              : String rtrim(STRING string[, STRING characters])
2024-05-01T22:51:01.246-04:00 DEBUG 181167 --- [salessrv] [           main] org.hibernate.HQL_FUNCTIONS              : Integer sign(NUMERIC arg)
2024-05-01T22:51:01.246-04:00 DEBUG 181167 --- [salessrv] [           main] org.hibernate.HQL_FUNCTIONS              : Double sin(NUMERIC arg)
2024-05-01T22:51:01.246-04:00 DEBUG 181167 --- [salessrv] [           main] org.hibernate.HQL_FUNCTIONS              : Double sinh(NUMERIC arg)
2024-05-01T22:51:01.246-04:00 DEBUG 181167 --- [salessrv] [           main] org.hibernate.HQL_FUNCTIONS              : String soundex(arg)
2024-05-01T22:51:01.246-04:00 DEBUG 181167 --- [salessrv] [           main] org.hibernate.HQL_FUNCTIONS              : Object sql
2024-05-01T22:51:01.246-04:00 DEBUG 181167 --- [salessrv] [           main] org.hibernate.HQL_FUNCTIONS              : Double sqrt(NUMERIC arg)
2024-05-01T22:51:01.246-04:00 DEBUG 181167 --- [salessrv] [           main] org.hibernate.HQL_FUNCTIONS              : Double stddev(NUMERIC arg)
2024-05-01T22:51:01.247-04:00 DEBUG 181167 --- [salessrv] [           main] org.hibernate.HQL_FUNCTIONS              : Double stddev_pop(NUMERIC arg)
2024-05-01T22:51:01.248-04:00 DEBUG 181167 --- [salessrv] [           main] org.hibernate.HQL_FUNCTIONS              : Double stddev_samp(NUMERIC arg)
2024-05-01T22:51:01.248-04:00 DEBUG 181167 --- [salessrv] [           main] org.hibernate.HQL_FUNCTIONS              : String str(arg)
2024-05-01T22:51:01.248-04:00 DEBUG 181167 --- [salessrv] [           main] org.hibernate.HQL_FUNCTIONS              : String substr(STRING string, INTEGER start[, INTEGER length])
2024-05-01T22:51:01.248-04:00 DEBUG 181167 --- [salessrv] [           main] org.hibernate.HQL_FUNCTIONS              : String substring(STRING string{ from|,} INTEGER start[{ for|,} INTEGER length])
2024-05-01T22:51:01.248-04:00 DEBUG 181167 --- [salessrv] [           main] org.hibernate.HQL_FUNCTIONS              : sum(arg)
2024-05-01T22:51:01.248-04:00 DEBUG 181167 --- [salessrv] [           main] org.hibernate.HQL_FUNCTIONS              : Timestamp sysdate
2024-05-01T22:51:01.248-04:00 DEBUG 181167 --- [salessrv] [           main] org.hibernate.HQL_FUNCTIONS              : Timestamp systimestamp
2024-05-01T22:51:01.248-04:00 DEBUG 181167 --- [salessrv] [           main] org.hibernate.HQL_FUNCTIONS              : Double tan(NUMERIC arg)
2024-05-01T22:51:01.248-04:00 DEBUG 181167 --- [salessrv] [           main] org.hibernate.HQL_FUNCTIONS              : Double tanh(NUMERIC arg)
2024-05-01T22:51:01.248-04:00 DEBUG 181167 --- [salessrv] [           main] org.hibernate.HQL_FUNCTIONS              : timestampadd(TEMPORAL_UNIT field, INTEGER magnitude, TEMPORAL datetime)
2024-05-01T22:51:01.248-04:00 DEBUG 181167 --- [salessrv] [           main] org.hibernate.HQL_FUNCTIONS              : basicType@2(java.lang.Long,-5)|basicType@15(java.lang.Double,8) timestampdiff(TEMPORAL_UNIT field, TEMPORAL start, TEMPORAL end)
2024-05-01T22:51:01.250-04:00 DEBUG 181167 --- [salessrv] [           main] org.hibernate.HQL_FUNCTIONS              : String to_char(ANY arg0[, STRING arg1, STRING arg2])
2024-05-01T22:51:01.250-04:00 DEBUG 181167 --- [salessrv] [           main] org.hibernate.HQL_FUNCTIONS              : Date to_date(STRING arg0[, STRING arg1, STRING arg2])
2024-05-01T22:51:01.250-04:00 DEBUG 181167 --- [salessrv] [           main] org.hibernate.HQL_FUNCTIONS              : Double to_number(STRING arg0[, STRING arg1, STRING arg2])
2024-05-01T22:51:01.251-04:00 DEBUG 181167 --- [salessrv] [           main] org.hibernate.HQL_FUNCTIONS              : Timestamp to_timestamp(STRING arg0[, STRING arg1, STRING arg2])
2024-05-01T22:51:01.254-04:00 DEBUG 181167 --- [salessrv] [           main] org.hibernate.HQL_FUNCTIONS              : String translate(STRING arg0, STRING arg1, STRING arg2)
2024-05-01T22:51:01.254-04:00 DEBUG 181167 --- [salessrv] [           main] org.hibernate.HQL_FUNCTIONS              : String trim([[{leading|trailing|both} ][STRING arg0 ]from] STRING arg1)
2024-05-01T22:51:01.254-04:00 DEBUG 181167 --- [salessrv] [           main] org.hibernate.HQL_FUNCTIONS              : trunc( ... )
2024-05-01T22:51:01.254-04:00 DEBUG 181167 --- [salessrv] [           main] org.hibernate.HQL_FUNCTIONS              : truncate( ... )
2024-05-01T22:51:01.254-04:00 DEBUG 181167 --- [salessrv] [           main] org.hibernate.HQL_FUNCTIONS              : String upper(STRING string)
2024-05-01T22:51:01.254-04:00 DEBUG 181167 --- [salessrv] [           main] org.hibernate.HQL_FUNCTIONS              : Double var_pop(NUMERIC arg)
2024-05-01T22:51:01.254-04:00 DEBUG 181167 --- [salessrv] [           main] org.hibernate.HQL_FUNCTIONS              : Double var_samp(NUMERIC arg)
2024-05-01T22:51:01.254-04:00 DEBUG 181167 --- [salessrv] [           main] org.hibernate.HQL_FUNCTIONS              : Double variance(NUMERIC arg)
2024-05-01T22:51:01.264-04:00 DEBUG 181167 --- [salessrv] [           main] org.hibernate.orm.query.plan.cache       : Starting QueryInterpretationCache(2048)
2024-05-01T22:51:01.770-04:00 DEBUG 181167 --- [salessrv] [           main] .h.s.i.SessionFactoryServiceRegistryImpl : EventListenerRegistry access via ServiceRegistry is deprecated.  Use `sessionFactory.getEventEngine().getListenerRegistry()` instead
2024-05-01T22:51:01.786-04:00 DEBUG 181167 --- [salessrv] [           main] h.e.i.EntityCopyObserverFactoryInitiator : Configured EntityCopyObserver strategy: disallow
2024-05-01T22:51:02.153-04:00 DEBUG 181167 --- [salessrv] [           main] o.h.boot.internal.ClassLoaderAccessImpl  : Not known whether passed class name [com.example.salessrv.model.Sale] is safe
2024-05-01T22:51:02.153-04:00 DEBUG 181167 --- [salessrv] [           main] o.h.boot.internal.ClassLoaderAccessImpl  : No temp ClassLoader provided; using live ClassLoader for loading potentially unsafe class : com.example.salessrv.model.Sale
2024-05-01T22:51:02.455-04:00 DEBUG 181167 --- [salessrv] [           main] o.h.b.i.bytebuddy.BytecodeProviderImpl   : HHH000513: Unable to create the ReflectionOptimizer for [com.example.salessrv.model.Sale]: private accessor [products]
2024-05-01T22:51:02.530-04:00 DEBUG 181167 --- [salessrv] [           main] org.hibernate.ormbytecode.interceptor    : To-one property `com.example.salessrv.Product#sale` was mapped with LAZY + NO_PROXY but the class was not enhanced
2024-05-01T22:51:02.530-04:00 DEBUG 181167 --- [salessrv] [           main] org.hibernate.ormbytecode.interceptor    : To-one property `com.example.salessrv.Product#sale` was mapped with LAZY + NO_PROXY but the class was not enhanced
2024-05-01T22:51:02.530-04:00 DEBUG 181167 --- [salessrv] [           main] o.h.boot.internal.ClassLoaderAccessImpl  : Not known whether passed class name [com.example.salessrv.Product] is safe
2024-05-01T22:51:02.530-04:00 DEBUG 181167 --- [salessrv] [           main] o.h.boot.internal.ClassLoaderAccessImpl  : No temp ClassLoader provided; using live ClassLoader for loading potentially unsafe class : com.example.salessrv.Product
2024-05-01T22:51:02.559-04:00 DEBUG 181167 --- [salessrv] [           main] o.h.b.i.bytebuddy.BytecodeProviderImpl   : HHH000513: Unable to create the ReflectionOptimizer for [com.example.salessrv.Product]: private accessor [name]
2024-05-01T22:51:02.559-04:00 DEBUG 181167 --- [salessrv] [           main] org.hibernate.ormbytecode.interceptor    : To-one property `com.example.salessrv.Product#sale` was mapped with LAZY + NO_PROXY but the class was not enhanced
2024-05-01T22:51:02.587-04:00 DEBUG 181167 --- [salessrv] [           main] org.hibernate.orm.jdbc.mutation          : Skipping collection (re)creation - com.example.salessrv.model.Sale.products
2024-05-01T22:51:02.589-04:00 DEBUG 181167 --- [salessrv] [           main] org.hibernate.orm.jdbc.mutation          : Skipping collection row deletions - com.example.salessrv.model.Sale.products
2024-05-01T22:51:02.590-04:00 DEBUG 181167 --- [salessrv] [           main] org.hibernate.orm.jdbc.mutation          : Skipping collection removals - com.example.salessrv.model.Sale.products
2024-05-01T22:51:02.650-04:00 DEBUG 181167 --- [salessrv] [           main] o.hibernate.orm.model.mapping.creation   : Starting post-init callbacks
2024-05-01T22:51:02.650-04:00 DEBUG 181167 --- [salessrv] [           main] o.hibernate.orm.model.mapping.creation   : Starting PostInitCallbackEntry : PluralAttributeMapping( NavigableRole[com.example.salessrv.model.Sale.products#{element}]) - element descriptor
2024-05-01T22:51:02.650-04:00 DEBUG 181167 --- [salessrv] [           main] o.hibernate.orm.model.mapping.creation   : Starting PostInitCallbackEntry : PluralAttributeMapping(com.example.salessrv.model.Sale.products)#finishInitialization
2024-05-01T22:51:02.650-04:00 DEBUG 181167 --- [salessrv] [           main] o.hibernate.orm.model.mapping.creation   : Starting PostInitCallbackEntry : PluralAttributeMapping(com.example.salessrv.model.Sale.products) - key descriptor
2024-05-01T22:51:02.658-04:00 DEBUG 181167 --- [salessrv] [           main] o.hibernate.orm.model.mapping.creation   : Starting PostInitCallbackEntry : Entity(com.example.salessrv.model.Sale) `staticFetchableList` generator
2024-05-01T22:51:02.660-04:00 DEBUG 181167 --- [salessrv] [           main] o.hibernate.orm.model.mapping.creation   : Starting PostInitCallbackEntry : To-one key - NavigableRole[com.example.salessrv.Product.sale]
2024-05-01T22:51:02.660-04:00 DEBUG 181167 --- [salessrv] [           main] o.hibernate.orm.model.mapping.creation   : Starting PostInitCallbackEntry : Entity(com.example.salessrv.Product) `staticFetchableList` generator
2024-05-01T22:51:02.660-04:00 DEBUG 181167 --- [salessrv] [           main] o.hibernate.orm.model.mapping.creation   : Starting PostInitCallbackEntry : PluralAttributeMapping( NavigableRole[com.example.salessrv.model.Sale.products#{element}]) - element descriptor
2024-05-01T22:51:02.819-04:00 DEBUG 181167 --- [salessrv] [           main] org.hibernate.orm.sql.ast.create         : Created new SQL alias : s1_0
2024-05-01T22:51:02.823-04:00 DEBUG 181167 --- [salessrv] [           main] org.hibernate.orm.sql.ast.create         : Registration of TableGroup [StandardTableGroup(com.example.salessrv.model.Sale)] with identifierForTableGroup [com.example.salessrv.model.Sale] for NavigablePath [com.example.salessrv.model.Sale] 
2024-05-01T22:51:02.846-04:00 DEBUG 181167 --- [salessrv] [           main] org.hibernate.orm.results.graph.AST      : DomainResult Graph:
 \-EntityResultImpl [com.example.salessrv.model.Sale]
 |  +-DelayedCollectionFetch [com.example.salessrv.model.Sale.products]
 |  \-BasicFetch [com.example.salessrv.model.Sale.saleDate]

2024-05-01T22:51:02.850-04:00 DEBUG 181167 --- [salessrv] [           main] org.hibernate.orm.sql.ast.tree           : SQL AST Tree:
    SelectStatement {
      FromClause {
        StandardTableGroup (s1 : com.example.salessrv.model.Sale) {
          primaryTableReference : sale as s1_0
        }
      }
    }

2024-05-01T22:51:02.859-04:00 DEBUG 181167 --- [salessrv] [           main] o.h.p.entity.AbstractEntityPersister     : Static SQL for entity: com.example.salessrv.model.Sale
2024-05-01T22:51:02.859-04:00 DEBUG 181167 --- [salessrv] [           main] o.h.p.entity.AbstractEntityPersister     :  Version select: select id from sale where id=?
2024-05-01T22:51:02.859-04:00 DEBUG 181167 --- [salessrv] [           main] o.h.p.entity.AbstractEntityPersister     :  Insert (0): insert into sale (sale_date,id) values (?,default)
2024-05-01T22:51:02.859-04:00 DEBUG 181167 --- [salessrv] [           main] o.h.p.entity.AbstractEntityPersister     :  Update (0): update sale set sale_date=? where id=?
2024-05-01T22:51:02.859-04:00 DEBUG 181167 --- [salessrv] [           main] o.h.p.entity.AbstractEntityPersister     :  Delete (0): delete from sale where id=?
2024-05-01T22:51:02.859-04:00 DEBUG 181167 --- [salessrv] [           main] org.hibernate.orm.sql.ast.create         : Created new SQL alias : p1_0
2024-05-01T22:51:02.859-04:00 DEBUG 181167 --- [salessrv] [           main] org.hibernate.orm.sql.ast.create         : Registration of TableGroup [StandardTableGroup(com.example.salessrv.Product)] with identifierForTableGroup [com.example.salessrv.Product] for NavigablePath [com.example.salessrv.Product] 
2024-05-01T22:51:02.865-04:00 DEBUG 181167 --- [salessrv] [           main] org.hibernate.orm.sql.ast.create         : Registration of TableGroup [org.hibernate.sql.ast.tree.from.LazyTableGroup@690e7b89] with identifierForTableGroup [com.example.salessrv.Product.sale] for NavigablePath [com.example.salessrv.Product.sale] 
2024-05-01T22:51:02.867-04:00 DEBUG 181167 --- [salessrv] [           main] org.hibernate.orm.sql.ast.create         : Created new SQL alias : s1_0
2024-05-01T22:51:02.869-04:00 DEBUG 181167 --- [salessrv] [           main] org.hibernate.orm.results.graph.AST      : DomainResult Graph:
 \-EntityResultImpl [com.example.salessrv.Product]
 |  +-BasicFetch [com.example.salessrv.Product.name]
 |  +-BasicFetch [com.example.salessrv.Product.price]
 |  +-BasicFetch [com.example.salessrv.Product.quantity]
 |  \-EntityFetchJoinedImpl [com.example.salessrv.Product.sale]

2024-05-01T22:51:02.870-04:00 DEBUG 181167 --- [salessrv] [           main] org.hibernate.orm.sql.ast.tree           : SQL AST Tree:
    SelectStatement {
      FromClause {
        StandardTableGroup (p1 : com.example.salessrv.Product) {
          primaryTableReference : product as p1_0
          TableGroupJoins {
            left  join LazyTableGroup (s1 : com.example.salessrv.Product.sale) {
              primaryTableReference : sale as s1_0
            }
          }
        }
      }
    }

2024-05-01T22:51:02.870-04:00 DEBUG 181167 --- [salessrv] [           main] o.h.p.entity.AbstractEntityPersister     : Static SQL for entity: com.example.salessrv.Product
2024-05-01T22:51:02.870-04:00 DEBUG 181167 --- [salessrv] [           main] o.h.p.entity.AbstractEntityPersister     :  Version select: select id from product where id=?
2024-05-01T22:51:02.870-04:00 DEBUG 181167 --- [salessrv] [           main] o.h.p.entity.AbstractEntityPersister     :  Insert (0): insert into product (name,price,quantity,sale_id,id) values (?,?,?,?,default)
2024-05-01T22:51:02.870-04:00 DEBUG 181167 --- [salessrv] [           main] o.h.p.entity.AbstractEntityPersister     :  Update (0): update product set name=?,price=?,quantity=?,sale_id=? where id=?
2024-05-01T22:51:02.870-04:00 DEBUG 181167 --- [salessrv] [           main] o.h.p.entity.AbstractEntityPersister     :  Delete (0): delete from product where id=?
2024-05-01T22:51:02.872-04:00 DEBUG 181167 --- [salessrv] [           main] org.hibernate.orm.sql.ast.create         : Created new SQL alias : p1_0
2024-05-01T22:51:02.873-04:00 DEBUG 181167 --- [salessrv] [           main] org.hibernate.orm.sql.ast.create         : Registration of TableGroup [org.hibernate.sql.ast.tree.from.OneToManyTableGroup@7ca7bddd] with identifierForTableGroup [com.example.salessrv.model.Sale.products] for NavigablePath [com.example.salessrv.model.Sale.products] 
2024-05-01T22:51:02.873-04:00 DEBUG 181167 --- [salessrv] [           main] org.hibernate.orm.sql.ast.create         : Registration of TableGroup [StandardTableGroup(com.example.salessrv.model.Sale.products.{element})] with identifierForTableGroup [com.example.salessrv.model.Sale.products.{element}] for NavigablePath [com.example.salessrv.model.Sale.products.{element}] 
2024-05-01T22:51:02.881-04:00 DEBUG 181167 --- [salessrv] [           main] org.hibernate.orm.sql.ast.create         : Registration of TableGroup [org.hibernate.sql.ast.tree.from.LazyTableGroup@712213ed] with identifierForTableGroup [com.example.salessrv.model.Sale.products.{element}.sale] for NavigablePath [com.example.salessrv.model.Sale.products.{element}.sale] 
2024-05-01T22:51:02.884-04:00 DEBUG 181167 --- [salessrv] [           main] org.hibernate.orm.results.graph.AST      : DomainResult Graph:
 \-CollectionDomainResult [com.example.salessrv.model.Sale.products]

2024-05-01T22:51:02.884-04:00 DEBUG 181167 --- [salessrv] [           main] org.hibernate.orm.sql.ast.tree           : SQL AST Tree:
    SelectStatement {
      FromClause {
        OneToManyTableGroup (p1 : com.example.salessrv.model.Sale.products) {
          primaryTableReference : product as p1_0
          TableGroupJoins {
            left  join LazyTableGroup (s1 : com.example.salessrv.model.Sale.products.{element}.sale) {
            }
          }
        }
      }
    }

2024-05-01T22:51:02.884-04:00 DEBUG 181167 --- [salessrv] [           main] org.hibernate.orm.jdbc.mutation          : Static SQL for collection: com.example.salessrv.model.Sale.products
2024-05-01T22:51:02.936-04:00  INFO 181167 --- [salessrv] [           main] o.h.e.t.j.p.i.JtaPlatformInitiator       : HHH000489: No JTA platform available (set 'hibernate.transaction.jta.platform' to enable JTA platform integration)
2024-05-01T22:51:02.937-04:00 DEBUG 181167 --- [salessrv] [           main] o.h.type.spi.TypeConfiguration$Scope     : Scoping TypeConfiguration [org.hibernate.type.spi.TypeConfiguration@40c0437f] to SessionFactoryImplementor [org.hibernate.internal.SessionFactoryImpl@610d0067]
2024-05-01T22:51:02.939-04:00 DEBUG 181167 --- [salessrv] [           main] o.h.query.named.NamedObjectRepository    : Checking 0 named HQL queries
2024-05-01T22:51:02.939-04:00 DEBUG 181167 --- [salessrv] [           main] o.h.query.named.NamedObjectRepository    : Checking 0 named SQL queries
2024-05-01T22:51:02.971-04:00 DEBUG 181167 --- [salessrv] [           main] org.hibernate.SQL                        : drop table product cascade constraints
Hibernate: drop table product cascade constraints
2024-05-01T22:51:03.032-04:00 DEBUG 181167 --- [salessrv] [           main] org.hibernate.SQL                        : drop table sale cascade constraints
Hibernate: drop table sale cascade constraints
2024-05-01T22:51:03.075-04:00 DEBUG 181167 --- [salessrv] [           main] org.hibernate.SQL                        : create table product (price number(10,0), quantity number(10,0), id number(19,0) generated as identity, sale_id number(19,0), name varchar2(255 char), primary key (id))
Hibernate: create table product (price number(10,0), quantity number(10,0), id number(19,0) generated as identity, sale_id number(19,0), name varchar2(255 char), primary key (id))
2024-05-01T22:51:03.101-04:00 DEBUG 181167 --- [salessrv] [           main] org.hibernate.SQL                        : create table sale (sale_date date, id number(19,0) generated as identity, primary key (id))
Hibernate: create table sale (sale_date date, id number(19,0) generated as identity, primary key (id))
2024-05-01T22:51:03.124-04:00 DEBUG 181167 --- [salessrv] [           main] org.hibernate.SQL                        : alter table product add constraint FKtgpfnkn7etmfumakc3iq75e95 foreign key (sale_id) references sale
Hibernate: alter table product add constraint FKtgpfnkn7etmfumakc3iq75e95 foreign key (sale_id) references sale
2024-05-01T22:51:03.168-04:00 DEBUG 181167 --- [salessrv] [           main] o.h.internal.SessionFactoryRegistry      : Initializing SessionFactoryRegistry : org.hibernate.internal.SessionFactoryRegistry@3ec52163
2024-05-01T22:51:03.168-04:00 DEBUG 181167 --- [salessrv] [           main] o.h.internal.SessionFactoryRegistry      : Registering SessionFactory: d5951965-bd27-4929-b4db-377e187e5e1c (<unnamed>)
2024-05-01T22:51:03.168-04:00 DEBUG 181167 --- [salessrv] [           main] o.h.internal.SessionFactoryRegistry      : Not binding SessionFactory to JNDI, no JNDI name configured
2024-05-01T22:51:03.168-04:00 DEBUG 181167 --- [salessrv] [           main] o.hibernate.internal.SessionFactoryImpl  : Instantiated SessionFactory
2024-05-01T22:51:03.169-04:00  INFO 181167 --- [salessrv] [           main] j.LocalContainerEntityManagerFactoryBean : Initialized JPA EntityManagerFactory for persistence unit 'default'
2024-05-01T22:51:03.176-04:00 DEBUG 181167 --- [salessrv] [           main] o.s.b.f.s.DefaultListableBeanFactory     : Creating shared instance of singleton bean 'salessrvApplication'
2024-05-01T22:51:03.178-04:00 DEBUG 181167 --- [salessrv] [           main] o.s.b.f.s.DefaultListableBeanFactory     : Creating shared instance of singleton bean 'org.springframework.boot.test.autoconfigure.jdbc.TestDatabaseAutoConfiguration'
2024-05-01T22:51:03.180-04:00 DEBUG 181167 --- [salessrv] [           main] o.s.b.f.s.DefaultListableBeanFactory     : Creating shared instance of singleton bean 'org.springframework.boot.autoconfigure.jdbc.metadata.DataSourcePoolMetadataProvidersConfiguration'
2024-05-01T22:51:03.181-04:00 DEBUG 181167 --- [salessrv] [           main] o.s.b.f.s.DefaultListableBeanFactory     : Creating shared instance of singleton bean 'org.springframework.boot.autoconfigure.jdbc.DataSourceAutoConfiguration'
2024-05-01T22:51:03.182-04:00 DEBUG 181167 --- [salessrv] [           main] o.s.b.f.s.DefaultListableBeanFactory     : Creating shared instance of singleton bean 'org.springframework.boot.context.properties.EnableConfigurationPropertiesRegistrar.methodValidationExcludeFilter'
2024-05-01T22:51:03.198-04:00 DEBUG 181167 --- [salessrv] [           main] o.s.b.f.s.DefaultListableBeanFactory     : Creating shared instance of singleton bean 'org.springframework.boot.autoconfigure.orm.jpa.JpaBaseConfiguration$PersistenceManagedTypesConfiguration'
2024-05-01T22:51:03.199-04:00 DEBUG 181167 --- [salessrv] [           main] o.s.b.f.s.DefaultListableBeanFactory     : Creating shared instance of singleton bean 'transactionManager'
2024-05-01T22:51:03.254-04:00 DEBUG 181167 --- [salessrv] [           main] o.s.b.f.s.DefaultListableBeanFactory     : Creating shared instance of singleton bean 'org.springframework.boot.autoconfigure.orm.jpa.HibernateJpaAutoConfiguration'
2024-05-01T22:51:03.256-04:00 DEBUG 181167 --- [salessrv] [           main] o.s.b.f.s.DefaultListableBeanFactory     : Creating shared instance of singleton bean 'org.springframework.boot.autoconfigure.data.jpa.JpaRepositoriesAutoConfiguration'
2024-05-01T22:51:03.258-04:00 DEBUG 181167 --- [salessrv] [           main] o.s.b.f.s.DefaultListableBeanFactory     : Creating shared instance of singleton bean 'jpaSharedEM_entityManagerFactory'
2024-05-01T22:51:03.342-04:00 DEBUG 181167 --- [salessrv] [           main] o.s.b.f.s.DefaultListableBeanFactory     : Creating shared instance of singleton bean 'org.springframework.data.jpa.util.JpaMetamodelCacheCleanup'
2024-05-01T22:51:03.344-04:00 DEBUG 181167 --- [salessrv] [           main] o.s.b.f.s.DefaultListableBeanFactory     : Creating shared instance of singleton bean 'org.springframework.data.jpa.repository.support.JpaEvaluationContextExtension'
2024-05-01T22:51:03.348-04:00 DEBUG 181167 --- [salessrv] [           main] o.s.b.f.s.DefaultListableBeanFactory     : Creating shared instance of singleton bean 'jpa.named-queries#0'
2024-05-01T22:51:03.352-04:00 DEBUG 181167 --- [salessrv] [           main] o.s.b.f.s.DefaultListableBeanFactory     : Creating shared instance of singleton bean 'jpa.SaleRepository.fragments#0'
2024-05-01T22:51:03.354-04:00 DEBUG 181167 --- [salessrv] [           main] o.s.b.f.s.DefaultListableBeanFactory     : Creating shared instance of singleton bean 'saleRepository'
2024-05-01T22:51:03.381-04:00 DEBUG 181167 --- [salessrv] [           main] o.s.b.f.s.DefaultListableBeanFactory     : Creating shared instance of singleton bean 'jpaMappingContext'
2024-05-01T22:51:03.381-04:00 DEBUG 181167 --- [salessrv] [           main] .c.JpaMetamodelMappingContextFactoryBean : Initializing JpaMetamodelMappingContext…
2024-05-01T22:51:03.418-04:00 DEBUG 181167 --- [salessrv] [           main] .c.JpaMetamodelMappingContextFactoryBean : Finished initializing JpaMetamodelMappingContext
2024-05-01T22:51:03.485-04:00 DEBUG 181167 --- [salessrv] [           main] tor$SharedEntityManagerInvocationHandler : Creating new EntityManager for shared EntityManager invocation
2024-05-01T22:51:03.538-04:00 DEBUG 181167 --- [salessrv] [           main] o.h.stat.internal.StatisticsInitiator    : Statistics initialized [enabled=false]
2024-05-01T22:51:03.544-04:00 DEBUG 181167 --- [salessrv] [           main] tor$SharedEntityManagerInvocationHandler : Creating new EntityManager for shared EntityManager invocation
2024-05-01T22:51:03.630-04:00 DEBUG 181167 --- [salessrv] [           main] o.s.d.r.c.s.RepositoryFactorySupport     : Initializing repository instance for com.example.salessrv.repository.SaleRepository…
2024-05-01T22:51:03.664-04:00 DEBUG 181167 --- [salessrv] [           main] tor$SharedEntityManagerInvocationHandler : Creating new EntityManager for shared EntityManager invocation
2024-05-01T22:51:03.740-04:00 DEBUG 181167 --- [salessrv] [           main] o.s.d.r.c.s.RepositoryFactorySupport     : Finished creation of repository instance for com.example.salessrv.repository.SaleRepository.
2024-05-01T22:51:03.745-04:00 DEBUG 181167 --- [salessrv] [           main] o.s.b.f.s.DefaultListableBeanFactory     : Creating shared instance of singleton bean 'jpa.named-queries#1'
2024-05-01T22:51:03.746-04:00 DEBUG 181167 --- [salessrv] [           main] o.s.b.f.s.DefaultListableBeanFactory     : Creating shared instance of singleton bean 'jpa.ProductRepository.fragments#0'
2024-05-01T22:51:03.747-04:00 DEBUG 181167 --- [salessrv] [           main] o.s.b.f.s.DefaultListableBeanFactory     : Creating shared instance of singleton bean 'productRepository'
2024-05-01T22:51:03.750-04:00 DEBUG 181167 --- [salessrv] [           main] tor$SharedEntityManagerInvocationHandler : Creating new EntityManager for shared EntityManager invocation
2024-05-01T22:51:03.751-04:00 DEBUG 181167 --- [salessrv] [           main] o.s.d.r.c.s.RepositoryFactorySupport     : Initializing repository instance for com.example.salessrv.repository.ProductRepository…
2024-05-01T22:51:03.752-04:00 DEBUG 181167 --- [salessrv] [           main] tor$SharedEntityManagerInvocationHandler : Creating new EntityManager for shared EntityManager invocation
2024-05-01T22:51:03.763-04:00 DEBUG 181167 --- [salessrv] [           main] o.s.d.r.c.s.RepositoryFactorySupport     : Finished creation of repository instance for com.example.salessrv.repository.ProductRepository.
2024-05-01T22:51:03.763-04:00 DEBUG 181167 --- [salessrv] [           main] o.s.b.f.s.DefaultListableBeanFactory     : Creating shared instance of singleton bean 'data-jpa.repository-aot-processor#0'
2024-05-01T22:51:03.770-04:00 DEBUG 181167 --- [salessrv] [           main] o.s.b.f.s.DefaultListableBeanFactory     : Creating shared instance of singleton bean 'org.springframework.boot.autoconfigure.jdbc.JdbcTemplateConfiguration'
2024-05-01T22:51:03.771-04:00 DEBUG 181167 --- [salessrv] [           main] o.s.b.f.s.DefaultListableBeanFactory     : Creating shared instance of singleton bean 'jdbcTemplate'
2024-05-01T22:51:03.772-04:00 DEBUG 181167 --- [salessrv] [           main] o.s.b.f.s.DefaultListableBeanFactory     : Creating shared instance of singleton bean 'spring.jdbc-org.springframework.boot.autoconfigure.jdbc.JdbcProperties'
2024-05-01T22:51:03.775-04:00 DEBUG 181167 --- [salessrv] [           main] o.s.b.f.s.DefaultListableBeanFactory     : Autowiring by type from bean name 'jdbcTemplate' via factory method to bean named 'dataSource'
2024-05-01T22:51:03.775-04:00 DEBUG 181167 --- [salessrv] [           main] o.s.b.f.s.DefaultListableBeanFactory     : Autowiring by type from bean name 'jdbcTemplate' via factory method to bean named 'spring.jdbc-org.springframework.boot.autoconfigure.jdbc.JdbcProperties'
2024-05-01T22:51:03.819-04:00 DEBUG 181167 --- [salessrv] [           main] o.s.b.f.s.DefaultListableBeanFactory     : Creating shared instance of singleton bean 'org.springframework.boot.autoconfigure.jdbc.NamedParameterJdbcTemplateConfiguration'
2024-05-01T22:51:03.821-04:00 DEBUG 181167 --- [salessrv] [           main] o.s.b.f.s.DefaultListableBeanFactory     : Creating shared instance of singleton bean 'namedParameterJdbcTemplate'
2024-05-01T22:51:03.822-04:00 DEBUG 181167 --- [salessrv] [           main] o.s.b.f.s.DefaultListableBeanFactory     : Autowiring by type from bean name 'namedParameterJdbcTemplate' via factory method to bean named 'jdbcTemplate'
2024-05-01T22:51:03.835-04:00 DEBUG 181167 --- [salessrv] [           main] o.s.b.f.s.DefaultListableBeanFactory     : Creating shared instance of singleton bean 'org.springframework.boot.autoconfigure.jdbc.JdbcTemplateAutoConfiguration'
2024-05-01T22:51:03.836-04:00 DEBUG 181167 --- [salessrv] [           main] o.s.b.f.s.DefaultListableBeanFactory     : Creating shared instance of singleton bean 'org.springframework.boot.autoconfigure.jdbc.JdbcClientAutoConfiguration'
2024-05-01T22:51:03.837-04:00 DEBUG 181167 --- [salessrv] [           main] o.s.b.f.s.DefaultListableBeanFactory     : Creating shared instance of singleton bean 'jdbcClient'
2024-05-01T22:51:03.837-04:00 DEBUG 181167 --- [salessrv] [           main] o.s.b.f.s.DefaultListableBeanFactory     : Autowiring by type from bean name 'jdbcClient' via factory method to bean named 'namedParameterJdbcTemplate'
2024-05-01T22:51:03.840-04:00 DEBUG 181167 --- [salessrv] [           main] o.s.b.f.s.DefaultListableBeanFactory     : Creating shared instance of singleton bean 'org.springframework.boot.autoconfigure.sql.init.SqlInitializationAutoConfiguration'
2024-05-01T22:51:03.841-04:00 DEBUG 181167 --- [salessrv] [           main] o.s.b.f.s.DefaultListableBeanFactory     : Creating shared instance of singleton bean 'org.springframework.boot.autoconfigure.jdbc.DataSourceTransactionManagerAutoConfiguration$JdbcTransactionManagerConfiguration'
2024-05-01T22:51:03.843-04:00 DEBUG 181167 --- [salessrv] [           main] o.s.b.f.s.DefaultListableBeanFactory     : Creating shared instance of singleton bean 'org.springframework.boot.autoconfigure.jdbc.DataSourceTransactionManagerAutoConfiguration'
2024-05-01T22:51:03.849-04:00 DEBUG 181167 --- [salessrv] [           main] o.s.b.f.s.DefaultListableBeanFactory     : Creating shared instance of singleton bean 'org.springframework.boot.autoconfigure.transaction.TransactionAutoConfiguration$EnableTransactionManagementConfiguration$CglibAutoProxyConfiguration'
2024-05-01T22:51:03.850-04:00 DEBUG 181167 --- [salessrv] [           main] o.s.b.f.s.DefaultListableBeanFactory     : Creating shared instance of singleton bean 'org.springframework.boot.autoconfigure.transaction.TransactionAutoConfiguration$EnableTransactionManagementConfiguration'
2024-05-01T22:51:03.851-04:00 DEBUG 181167 --- [salessrv] [           main] o.s.b.f.s.DefaultListableBeanFactory     : Creating shared instance of singleton bean 'org.springframework.boot.autoconfigure.transaction.TransactionAutoConfiguration$TransactionTemplateConfiguration'
2024-05-01T22:51:03.853-04:00 DEBUG 181167 --- [salessrv] [           main] o.s.b.f.s.DefaultListableBeanFactory     : Creating shared instance of singleton bean 'transactionTemplate'
2024-05-01T22:51:03.854-04:00 DEBUG 181167 --- [salessrv] [           main] o.s.b.f.s.DefaultListableBeanFactory     : Autowiring by type from bean name 'transactionTemplate' via factory method to bean named 'transactionManager'
2024-05-01T22:51:03.860-04:00 DEBUG 181167 --- [salessrv] [           main] o.s.b.f.s.DefaultListableBeanFactory     : Creating shared instance of singleton bean 'org.springframework.boot.autoconfigure.transaction.TransactionAutoConfiguration'
2024-05-01T22:51:03.869-04:00 DEBUG 181167 --- [salessrv] [           main] o.s.b.f.s.DefaultListableBeanFactory     : Creating shared instance of singleton bean 'org.springframework.boot.test.autoconfigure.orm.jpa.TestEntityManagerAutoConfiguration'
2024-05-01T22:51:03.871-04:00 DEBUG 181167 --- [salessrv] [           main] o.s.b.f.s.DefaultListableBeanFactory     : Creating shared instance of singleton bean 'testEntityManager'
2024-05-01T22:51:03.871-04:00 DEBUG 181167 --- [salessrv] [           main] o.s.b.f.s.DefaultListableBeanFactory     : Autowiring by type from bean name 'testEntityManager' via factory method to bean named 'entityManagerFactory'
2024-05-01T22:51:03.934-04:00 DEBUG 181167 --- [salessrv] [           main] o.s.c.support.DefaultLifecycleProcessor  : Starting beans in phase -2147483647
2024-05-01T22:51:03.935-04:00 DEBUG 181167 --- [salessrv] [           main] o.s.c.support.DefaultLifecycleProcessor  : Successfully started bean 'springBootLoggingLifecycle'
2024-05-01T22:51:03.956-04:00 DEBUG 181167 --- [salessrv] [           main] .s.b.a.l.ConditionEvaluationReportLogger : 


============================
CONDITIONS EVALUATION REPORT
============================


Positive matches:
-----------------

   DataSourceAutoConfiguration matched:
      - @ConditionalOnClass found required classes 'javax.sql.DataSource', 'org.springframework.jdbc.datasource.embedded.EmbeddedDatabaseType' (OnClassCondition)
      - @ConditionalOnMissingBean (types: io.r2dbc.spi.ConnectionFactory; SearchStrategy: all) did not find any beans (OnBeanCondition)

   DataSourceAutoConfiguration.PooledDataSourceConfiguration matched:
      - AnyNestedCondition 1 matched 1 did not; NestedCondition on DataSourceAutoConfiguration.PooledDataSourceCondition.PooledDataSourceAvailable PooledDataSource found supported DataSource; NestedCondition on DataSourceAutoConfiguration.PooledDataSourceCondition.ExplicitType @ConditionalOnProperty (spring.datasource.type) did not find property 'type' (DataSourceAutoConfiguration.PooledDataSourceCondition)
      - @ConditionalOnMissingBean (types: javax.sql.DataSource,javax.sql.XADataSource; SearchStrategy: all) did not find any beans (OnBeanCondition)

   DataSourceAutoConfiguration.PooledDataSourceConfiguration#jdbcConnectionDetails matched:
      - @ConditionalOnMissingBean (types: org.springframework.boot.autoconfigure.jdbc.JdbcConnectionDetails; SearchStrategy: all) did not find any beans (OnBeanCondition)

   DataSourceConfiguration.Hikari matched:
      - @ConditionalOnClass found required class 'com.zaxxer.hikari.HikariDataSource' (OnClassCondition)
      - @ConditionalOnProperty (spring.datasource.type=com.zaxxer.hikari.HikariDataSource) matched (OnPropertyCondition)
      - @ConditionalOnMissingBean (types: javax.sql.DataSource; SearchStrategy: all) did not find any beans (OnBeanCondition)

   DataSourceInitializationConfiguration matched:
      - @ConditionalOnClass found required class 'org.springframework.jdbc.datasource.init.DatabasePopulator' (OnClassCondition)
      - @ConditionalOnSingleCandidate (types: javax.sql.DataSource; SearchStrategy: all) found a single bean 'dataSource'; @ConditionalOnMissingBean (types: org.springframework.boot.autoconfigure.sql.init.SqlDataSourceScriptDatabaseInitializer,org.springframework.boot.autoconfigure.sql.init.SqlR2dbcScriptDatabaseInitializer; SearchStrategy: all) did not find any beans (OnBeanCondition)

   DataSourcePoolMetadataProvidersConfiguration.HikariPoolDataSourceMetadataProviderConfiguration matched:
      - @ConditionalOnClass found required class 'com.zaxxer.hikari.HikariDataSource' (OnClassCondition)

   DataSourceTransactionManagerAutoConfiguration matched:
      - @ConditionalOnClass found required classes 'org.springframework.jdbc.core.JdbcTemplate', 'org.springframework.transaction.TransactionManager' (OnClassCondition)

   DataSourceTransactionManagerAutoConfiguration.JdbcTransactionManagerConfiguration matched:
      - @ConditionalOnSingleCandidate (types: javax.sql.DataSource; SearchStrategy: all) found a single bean 'dataSource' (OnBeanCondition)

   HibernateJpaAutoConfiguration matched:
      - @ConditionalOnClass found required classes 'org.springframework.orm.jpa.LocalContainerEntityManagerFactoryBean', 'jakarta.persistence.EntityManager', 'org.hibernate.engine.spi.SessionImplementor' (OnClassCondition)

   HibernateJpaConfiguration matched:
      - @ConditionalOnSingleCandidate (types: javax.sql.DataSource; SearchStrategy: all) found a single bean 'dataSource' (OnBeanCondition)

   JdbcClientAutoConfiguration matched:
      - @ConditionalOnSingleCandidate (types: org.springframework.jdbc.core.namedparam.NamedParameterJdbcTemplate; SearchStrategy: all) found a single bean 'namedParameterJdbcTemplate'; @ConditionalOnMissingBean (types: org.springframework.jdbc.core.simple.JdbcClient; SearchStrategy: all) did not find any beans (OnBeanCondition)

   JdbcTemplateAutoConfiguration matched:
      - @ConditionalOnClass found required classes 'javax.sql.DataSource', 'org.springframework.jdbc.core.JdbcTemplate' (OnClassCondition)
      - @ConditionalOnSingleCandidate (types: javax.sql.DataSource; SearchStrategy: all) found a single bean 'dataSource' (OnBeanCondition)

   JdbcTemplateConfiguration matched:
      - @ConditionalOnMissingBean (types: org.springframework.jdbc.core.JdbcOperations; SearchStrategy: all) did not find any beans (OnBeanCondition)

   JpaBaseConfiguration#entityManagerFactory matched:
      - @ConditionalOnMissingBean (types: org.springframework.orm.jpa.LocalContainerEntityManagerFactoryBean,jakarta.persistence.EntityManagerFactory; SearchStrategy: all) did not find any beans (OnBeanCondition)

   JpaBaseConfiguration#entityManagerFactoryBuilder matched:
      - @ConditionalOnMissingBean (types: org.springframework.boot.orm.jpa.EntityManagerFactoryBuilder; SearchStrategy: all) did not find any beans (OnBeanCondition)

   JpaBaseConfiguration#jpaVendorAdapter matched:
      - @ConditionalOnMissingBean (types: org.springframework.orm.jpa.JpaVendorAdapter; SearchStrategy: all) did not find any beans (OnBeanCondition)

   JpaBaseConfiguration#transactionManager matched:
      - @ConditionalOnMissingBean (types: org.springframework.transaction.TransactionManager; SearchStrategy: all) did not find any beans (OnBeanCondition)

   JpaBaseConfiguration.PersistenceManagedTypesConfiguration matched:
      - @ConditionalOnMissingBean (types: org.springframework.orm.jpa.LocalContainerEntityManagerFactoryBean,jakarta.persistence.EntityManagerFactory; SearchStrategy: all) did not find any beans (OnBeanCondition)

   JpaBaseConfiguration.PersistenceManagedTypesConfiguration#persistenceManagedTypes matched:
      - @ConditionalOnMissingBean (types: org.springframework.orm.jpa.persistenceunit.PersistenceManagedTypes; SearchStrategy: all) did not find any beans (OnBeanCondition)

   JpaRepositoriesAutoConfiguration matched:
      - @ConditionalOnClass found required class 'org.springframework.data.jpa.repository.JpaRepository' (OnClassCondition)
      - @ConditionalOnProperty (spring.data.jpa.repositories.enabled=true) matched (OnPropertyCondition)
      - @ConditionalOnBean (types: javax.sql.DataSource; SearchStrategy: all) found bean 'dataSource'; @ConditionalOnMissingBean (types: org.springframework.data.jpa.repository.support.JpaRepositoryFactoryBean,org.springframework.data.jpa.repository.config.JpaRepositoryConfigExtension; SearchStrategy: all) did not find any beans (OnBeanCondition)

   NamedParameterJdbcTemplateConfiguration matched:
      - @ConditionalOnSingleCandidate (types: org.springframework.jdbc.core.JdbcTemplate; SearchStrategy: all) found a single bean 'jdbcTemplate'; @ConditionalOnMissingBean (types: org.springframework.jdbc.core.namedparam.NamedParameterJdbcOperations; SearchStrategy: all) did not find any beans (OnBeanCondition)

   NoOpCacheConfiguration matched:
      - Cache org.springframework.boot.autoconfigure.cache.NoOpCacheConfiguration NONE cache type (CacheCondition)

   SqlInitializationAutoConfiguration matched:
      - @ConditionalOnProperty (spring.sql.init.enabled) matched (OnPropertyCondition)
      - NoneNestedConditions 0 matched 1 did not; NestedCondition on SqlInitializationAutoConfiguration.SqlInitializationModeCondition.ModeIsNever @ConditionalOnProperty (spring.sql.init.mode=never) did not find property 'mode' (SqlInitializationAutoConfiguration.SqlInitializationModeCondition)

   TestEntityManagerAutoConfiguration matched:
      - @ConditionalOnClass found required class 'jakarta.persistence.EntityManagerFactory' (OnClassCondition)

   TestEntityManagerAutoConfiguration#testEntityManager matched:
      - @ConditionalOnMissingBean (types: org.springframework.boot.test.autoconfigure.orm.jpa.TestEntityManager; SearchStrategy: all) did not find any beans (OnBeanCondition)

   TransactionAutoConfiguration matched:
      - @ConditionalOnClass found required class 'org.springframework.transaction.PlatformTransactionManager' (OnClassCondition)

   TransactionAutoConfiguration.EnableTransactionManagementConfiguration matched:
      - @ConditionalOnBean (types: org.springframework.transaction.TransactionManager; SearchStrategy: all) found bean 'transactionManager'; @ConditionalOnMissingBean (types: org.springframework.transaction.annotation.AbstractTransactionManagementConfiguration; SearchStrategy: all) did not find any beans (OnBeanCondition)

   TransactionAutoConfiguration.EnableTransactionManagementConfiguration.CglibAutoProxyConfiguration matched:
      - @ConditionalOnProperty (spring.aop.proxy-target-class=true) matched (OnPropertyCondition)

   TransactionAutoConfiguration.TransactionTemplateConfiguration matched:
      - @ConditionalOnSingleCandidate (types: org.springframework.transaction.PlatformTransactionManager; SearchStrategy: all) found a single bean 'transactionManager' (OnBeanCondition)

   TransactionAutoConfiguration.TransactionTemplateConfiguration#transactionTemplate matched:
      - @ConditionalOnMissingBean (types: org.springframework.transaction.support.TransactionOperations; SearchStrategy: all) did not find any beans (OnBeanCondition)


Negative matches:
-----------------

   Cache2kCacheConfiguration:
      Did not match:
         - @ConditionalOnClass did not find required class 'org.cache2k.Cache2kBuilder' (OnClassCondition)

   CacheAutoConfiguration:
      Did not match:
         - @ConditionalOnBean (types: org.springframework.cache.interceptor.CacheAspectSupport; SearchStrategy: all) did not find any beans of type org.springframework.cache.interceptor.CacheAspectSupport (OnBeanCondition)
      Matched:
         - @ConditionalOnClass found required class 'org.springframework.cache.CacheManager' (OnClassCondition)

   CacheAutoConfiguration.CacheManagerEntityManagerFactoryDependsOnPostProcessor:
      Did not match:
         - Ancestor org.springframework.boot.autoconfigure.cache.CacheAutoConfiguration did not match (ConditionEvaluationReport.AncestorsMatchedCondition)
      Matched:
         - @ConditionalOnClass found required class 'org.springframework.orm.jpa.LocalContainerEntityManagerFactoryBean' (OnClassCondition)

   CaffeineCacheConfiguration:
      Did not match:
         - @ConditionalOnClass did not find required class 'com.github.benmanes.caffeine.cache.Caffeine' (OnClassCondition)

   CouchbaseCacheConfiguration:
      Did not match:
         - @ConditionalOnClass did not find required class 'com.couchbase.client.java.Cluster' (OnClassCondition)

   DataSourceAutoConfiguration.EmbeddedDatabaseConfiguration:
      Did not match:
         - EmbeddedDataSource spring.datasource.url is set (DataSourceAutoConfiguration.EmbeddedDatabaseCondition)

   DataSourceCheckpointRestoreConfiguration:
      Did not match:
         - @ConditionalOnClass did not find required class 'org.crac.Resource' (OnClassCondition)

   DataSourceConfiguration.Dbcp2:
      Did not match:
         - @ConditionalOnClass did not find required class 'org.apache.commons.dbcp2.BasicDataSource' (OnClassCondition)

   DataSourceConfiguration.Generic:
      Did not match:
         - @ConditionalOnProperty (spring.datasource.type) did not find property 'spring.datasource.type' (OnPropertyCondition)

   DataSourceConfiguration.OracleUcp:
      Did not match:
         - @ConditionalOnClass did not find required class 'oracle.ucp.jdbc.PoolDataSourceImpl' (OnClassCondition)

   DataSourceConfiguration.Tomcat:
      Did not match:
         - @ConditionalOnClass did not find required class 'org.apache.tomcat.jdbc.pool.DataSource' (OnClassCondition)

   DataSourceJmxConfiguration:
      Did not match:
         - @ConditionalOnProperty (spring.jmx.enabled=true) found different value in property 'enabled' (OnPropertyCondition)

   DataSourcePoolMetadataProvidersConfiguration.CommonsDbcp2PoolDataSourceMetadataProviderConfiguration:
      Did not match:
         - @ConditionalOnClass did not find required class 'org.apache.commons.dbcp2.BasicDataSource' (OnClassCondition)

   DataSourcePoolMetadataProvidersConfiguration.OracleUcpPoolDataSourceMetadataProviderConfiguration:
      Did not match:
         - @ConditionalOnClass did not find required class 'oracle.ucp.jdbc.PoolDataSource' (OnClassCondition)

   DataSourcePoolMetadataProvidersConfiguration.TomcatDataSourcePoolMetadataProviderConfiguration:
      Did not match:
         - @ConditionalOnClass did not find required class 'org.apache.tomcat.jdbc.pool.DataSource' (OnClassCondition)

   DataSourceTransactionManagerAutoConfiguration.JdbcTransactionManagerConfiguration#transactionManager:
      Did not match:
         - @ConditionalOnMissingBean (types: org.springframework.transaction.TransactionManager; SearchStrategy: all) found beans of type 'org.springframework.transaction.TransactionManager' transactionManager (OnBeanCondition)

   FlywayAutoConfiguration:
      Did not match:
         - @ConditionalOnClass did not find required class 'org.flywaydb.core.Flyway' (OnClassCondition)

   GenericCacheConfiguration:
      Did not match:
         - Cache org.springframework.boot.autoconfigure.cache.GenericCacheConfiguration unknown cache type (CacheCondition)

   HazelcastCacheConfiguration:
      Did not match:
         - @ConditionalOnClass did not find required class 'com.hazelcast.core.HazelcastInstance' (OnClassCondition)

   InfinispanCacheConfiguration:
      Did not match:
         - @ConditionalOnClass did not find required class 'org.infinispan.spring.embedded.provider.SpringEmbeddedCacheManager' (OnClassCondition)

   JCacheCacheConfiguration:
      Did not match:
         - @ConditionalOnClass did not find required class 'javax.cache.Caching' (OnClassCondition)

   JpaBaseConfiguration.JpaWebConfiguration:
      Did not match:
         - not a servlet web application (OnWebApplicationCondition)
      Matched:
         - @ConditionalOnClass found required class 'org.springframework.web.servlet.config.annotation.WebMvcConfigurer' (OnClassCondition)

   JpaRepositoriesAutoConfiguration#entityManagerFactoryBootstrapExecutorCustomizer:
      Did not match:
         - AnyNestedCondition 0 matched 2 did not; NestedCondition on JpaRepositoriesAutoConfiguration.BootstrapExecutorCondition.LazyBootstrapMode @ConditionalOnProperty (spring.data.jpa.repositories.bootstrap-mode=lazy) found different value in property 'bootstrap-mode'; NestedCondition on JpaRepositoriesAutoConfiguration.BootstrapExecutorCondition.DeferredBootstrapMode @ConditionalOnProperty (spring.data.jpa.repositories.bootstrap-mode=deferred) found different value in property 'bootstrap-mode' (JpaRepositoriesAutoConfiguration.BootstrapExecutorCondition)

   LiquibaseAutoConfiguration:
      Did not match:
         - @ConditionalOnClass did not find required class 'liquibase.change.DatabaseChange' (OnClassCondition)

   R2dbcInitializationConfiguration:
      Did not match:
         - @ConditionalOnClass did not find required classes 'io.r2dbc.spi.ConnectionFactory', 'org.springframework.r2dbc.connection.init.DatabasePopulator' (OnClassCondition)

   RedisCacheConfiguration:
      Did not match:
         - @ConditionalOnClass did not find required class 'org.springframework.data.redis.connection.RedisConnectionFactory' (OnClassCondition)

   SimpleCacheConfiguration:
      Did not match:
         - Cache org.springframework.boot.autoconfigure.cache.SimpleCacheConfiguration unknown cache type (CacheCondition)

   TestDatabaseAutoConfiguration#dataSource:
      Did not match:
         - @ConditionalOnProperty (spring.test.database.replace=AUTO_CONFIGURED) found different value in property 'replace' (OnPropertyCondition)

   TestDatabaseAutoConfiguration#embeddedDataSourceBeanFactoryPostProcessor:
      Did not match:
         - @ConditionalOnProperty (spring.test.database.replace=ANY) found different value in property 'replace' (OnPropertyCondition)

   TransactionAutoConfiguration#transactionalOperator:
      Did not match:
         - @ConditionalOnSingleCandidate (types: org.springframework.transaction.ReactiveTransactionManager; SearchStrategy: all) did not find any beans (OnBeanCondition)

   TransactionAutoConfiguration.AspectJTransactionManagementConfiguration:
      Did not match:
         - @ConditionalOnBean (types: org.springframework.transaction.aspectj.AbstractTransactionAspect; SearchStrategy: all) did not find any beans of type org.springframework.transaction.aspectj.AbstractTransactionAspect (OnBeanCondition)

   TransactionAutoConfiguration.EnableTransactionManagementConfiguration.JdkDynamicAutoProxyConfiguration:
      Did not match:
         - @ConditionalOnProperty (spring.aop.proxy-target-class=false) did not find property 'proxy-target-class' (OnPropertyCondition)


Exclusions:
-----------

    None


Unconditional classes:
----------------------

    org.springframework.boot.test.autoconfigure.jdbc.TestDatabaseAutoConfiguration



2024-05-01T22:51:03.958-04:00  INFO 181167 --- [salessrv] [           main] c.e.s.repository.SaleRepositoryTest      : Started SaleRepositoryTest in 12.01 seconds (process running for 15.482)
2024-05-01T22:51:03.966-04:00 DEBUG 181167 --- [salessrv] [           main] o.s.boot.devtools.restart.Restarter      : Creating new Restarter for thread Thread[main,5,main]
2024-05-01T22:51:03.975-04:00 DEBUG 181167 --- [salessrv] [           main] org.springframework.test.context.cache   : Spring test ApplicationContext cache statistics: [DefaultContextCache@701c413 size = 1, maxSize = 32, parentContextCount = 0, hitCount = 0, missCount = 1, failureCount = 0]
2024-05-01T22:51:03.996-04:00 DEBUG 181167 --- [salessrv] [           main] org.springframework.test.context.cache   : Spring test ApplicationContext cache statistics: [DefaultContextCache@701c413 size = 1, maxSize = 32, parentContextCount = 0, hitCount = 1, missCount = 1, failureCount = 0]
2024-05-01T22:51:04.015-04:00 DEBUG 181167 --- [salessrv] [           main] sContextBeforeModesTestExecutionListener : Before test method: class [SaleRepositoryTest], method [saveSaleTest], class annotated with @DirtiesContext [false] with mode [null], method annotated with @DirtiesContext [false] with mode [null]
2024-05-01T22:51:04.041-04:00 DEBUG 181167 --- [salessrv] [           main] t.c.t.TransactionalTestExecutionListener : Explicit transaction definition [PROPAGATION_REQUIRED,ISOLATION_DEFAULT] found for test class [com.example.salessrv.repository.SaleRepositoryTest] and test method [saveSaleTest]
2024-05-01T22:51:04.043-04:00 DEBUG 181167 --- [salessrv] [           main] org.springframework.test.context.cache   : Spring test ApplicationContext cache statistics: [DefaultContextCache@701c413 size = 1, maxSize = 32, parentContextCount = 0, hitCount = 2, missCount = 1, failureCount = 0]
2024-05-01T22:51:04.049-04:00 DEBUG 181167 --- [salessrv] [           main] t.c.t.TransactionalTestExecutionListener : No method-level @Rollback override: using default rollback [true] for test method [public void com.example.salessrv.repository.SaleRepositoryTest.saveSaleTest()]
2024-05-01T22:51:04.051-04:00 DEBUG 181167 --- [salessrv] [           main] o.s.orm.jpa.JpaTransactionManager        : Creating new transaction with name [com.example.salessrv.repository.SaleRepositoryTest.saveSaleTest]: PROPAGATION_REQUIRED,ISOLATION_DEFAULT
2024-05-01T22:51:04.068-04:00 DEBUG 181167 --- [salessrv] [           main] o.s.orm.jpa.JpaTransactionManager        : Opened new EntityManager [SessionImpl(1072013188<open>)] for JPA transaction
2024-05-01T22:51:04.081-04:00 DEBUG 181167 --- [salessrv] [           main] o.h.e.t.internal.TransactionImpl         : On TransactionImpl creation, JpaCompliance#isJpaTransactionComplianceEnabled == false
2024-05-01T22:51:04.082-04:00 DEBUG 181167 --- [salessrv] [           main] o.h.e.t.internal.TransactionImpl         : begin
2024-05-01T22:51:04.115-04:00 DEBUG 181167 --- [salessrv] [           main] o.s.orm.jpa.JpaTransactionManager        : Exposing JPA transaction as JDBC [org.springframework.orm.jpa.vendor.HibernateJpaDialect$HibernateConnectionHandle@4e3bc13b]
2024-05-01T22:51:04.117-04:00 DEBUG 181167 --- [salessrv] [           main] o.s.t.c.transaction.TransactionContext   : Began transaction (1) for test class [com.example.salessrv.repository.SaleRepositoryTest]; test method [saveSaleTest]; transaction manager [org.springframework.orm.jpa.JpaTransactionManager@38326fd5]; rollback [true]
2024-05-01T22:51:04.121-04:00 DEBUG 181167 --- [salessrv] [           main] org.springframework.test.context.cache   : Spring test ApplicationContext cache statistics: [DefaultContextCache@701c413 size = 1, maxSize = 32, parentContextCount = 0, hitCount = 3, missCount = 1, failureCount = 0]
2024-05-01T22:51:04.121-04:00 DEBUG 181167 --- [salessrv] [           main] org.springframework.test.context.cache   : Spring test ApplicationContext cache statistics: [DefaultContextCache@701c413 size = 1, maxSize = 32, parentContextCount = 0, hitCount = 4, missCount = 1, failureCount = 0]
2024-05-01T22:51:04.126-04:00 DEBUG 181167 --- [salessrv] [           main] org.springframework.test.context.cache   : Spring test ApplicationContext cache statistics: [DefaultContextCache@701c413 size = 1, maxSize = 32, parentContextCount = 0, hitCount = 5, missCount = 1, failureCount = 0]
2024-05-01T22:51:04.172-04:00 DEBUG 181167 --- [salessrv] [           main] o.s.orm.jpa.JpaTransactionManager        : Found thread-bound EntityManager [SessionImpl(1072013188<open>)] for JPA transaction
2024-05-01T22:51:04.172-04:00 DEBUG 181167 --- [salessrv] [           main] o.s.orm.jpa.JpaTransactionManager        : Participating in existing transaction
2024-05-01T22:51:04.186-04:00 DEBUG 181167 --- [salessrv] [           main] o.h.j.internal.PersistenceUnitUtilImpl   : jakarta.persistence.PersistenceUnitUtil.getIdentifier is only intended to work with enhanced entities (although Hibernate also adapts this support to its proxies); however the passed entity was not enhanced (nor a proxy).. may not be able to read identifier
2024-05-01T22:51:04.229-04:00 DEBUG 181167 --- [salessrv] [           main] org.hibernate.engine.spi.ActionQueue     : Executing identity-insert immediately
2024-05-01T22:51:04.250-04:00 DEBUG 181167 --- [salessrv] [           main] org.hibernate.SQL                        : insert into sale (sale_date,id) values (?,default)
Hibernate: insert into sale (sale_date,id) values (?,default)
2024-05-01T22:51:04.366-04:00 DEBUG 181167 --- [salessrv] [           main] o.h.id.IdentifierGeneratorHelper         : Natively generated identity (com.example.salessrv.model.Sale) : 1
2024-05-01T22:51:04.371-04:00 DEBUG 181167 --- [salessrv] [           main] org.springframework.test.context.cache   : Spring test ApplicationContext cache statistics: [DefaultContextCache@701c413 size = 1, maxSize = 32, parentContextCount = 0, hitCount = 6, missCount = 1, failureCount = 0]
2024-05-01T22:51:04.372-04:00 DEBUG 181167 --- [salessrv] [           main] org.springframework.test.context.cache   : Spring test ApplicationContext cache statistics: [DefaultContextCache@701c413 size = 1, maxSize = 32, parentContextCount = 0, hitCount = 7, missCount = 1, failureCount = 0]
2024-05-01T22:51:04.372-04:00 DEBUG 181167 --- [salessrv] [           main] org.springframework.test.context.cache   : Spring test ApplicationContext cache statistics: [DefaultContextCache@701c413 size = 1, maxSize = 32, parentContextCount = 0, hitCount = 8, missCount = 1, failureCount = 0]
2024-05-01T22:51:04.373-04:00 DEBUG 181167 --- [salessrv] [           main] org.springframework.test.context.cache   : Spring test ApplicationContext cache statistics: [DefaultContextCache@701c413 size = 1, maxSize = 32, parentContextCount = 0, hitCount = 9, missCount = 1, failureCount = 0]
2024-05-01T22:51:04.374-04:00 DEBUG 181167 --- [salessrv] [           main] org.springframework.test.context.cache   : Spring test ApplicationContext cache statistics: [DefaultContextCache@701c413 size = 1, maxSize = 32, parentContextCount = 0, hitCount = 10, missCount = 1, failureCount = 0]
2024-05-01T22:51:04.377-04:00 DEBUG 181167 --- [salessrv] [           main] org.springframework.test.context.cache   : Spring test ApplicationContext cache statistics: [DefaultContextCache@701c413 size = 1, maxSize = 32, parentContextCount = 0, hitCount = 11, missCount = 1, failureCount = 0]
2024-05-01T22:51:04.378-04:00 DEBUG 181167 --- [salessrv] [           main] o.s.orm.jpa.JpaTransactionManager        : Initiating transaction rollback
2024-05-01T22:51:04.379-04:00 DEBUG 181167 --- [salessrv] [           main] o.s.orm.jpa.JpaTransactionManager        : Rolling back JPA transaction on EntityManager [SessionImpl(1072013188<open>)]
2024-05-01T22:51:04.379-04:00 DEBUG 181167 --- [salessrv] [           main] o.h.e.t.internal.TransactionImpl         : rolling back
2024-05-01T22:51:04.401-04:00 DEBUG 181167 --- [salessrv] [           main] o.s.orm.jpa.JpaTransactionManager        : Closing JPA EntityManager [SessionImpl(1072013188<open>)] after transaction
2024-05-01T22:51:04.402-04:00 DEBUG 181167 --- [salessrv] [           main] o.s.t.c.transaction.TransactionContext   : Rolled back transaction (1) for test class [com.example.salessrv.repository.SaleRepositoryTest]; test method [saveSaleTest]
2024-05-01T22:51:04.402-04:00 DEBUG 181167 --- [salessrv] [           main] .c.s.DirtiesContextTestExecutionListener : After test method: class [SaleRepositoryTest], method [saveSaleTest], class annotated with @DirtiesContext [false] with mode [null], method annotated with @DirtiesContext [false] with mode [null]
]]></system-out>
  </testcase>
</testsuite>